[2025-04-18 21:18:47,266 INFO] [knob_selection.py:select_on_system_level:58] select_on_system_level - 0th prompt: 
You are an experienced DBA and your will determine which knobs are worth tuning. You only tune knobs that have a significant impact on DBMS performance and the target DBMS is postgres. Given the following candidate knobs, score the importance for each knob between 0 and 1, with a higher value indicating that it is more likey to impact postgres performance significantly. 
Candidate knobs: ['DateStyle', 'IntervalStyle', 'TimeZone', 'allow_in_place_tablespaces', 'allow_system_table_mods', 'application_name', 'archive_cleanup_command', 'archive_command', 'archive_mode', 'archive_timeout', 'array_nulls', 'authentication_timeout', 'autovacuum', 'autovacuum_analyze_scale_factor', 'autovacuum_analyze_threshold', 'autovacuum_freeze_max_age', 'autovacuum_max_workers', 'autovacuum_multixact_freeze_max_age', 'autovacuum_naptime', 'autovacuum_vacuum_cost_delay', 'autovacuum_vacuum_cost_limit', 'autovacuum_vacuum_insert_scale_factor', 'autovacuum_vacuum_insert_threshold', 'autovacuum_vacuum_scale_factor', 'autovacuum_vacuum_threshold', 'autovacuum_work_mem', 'backend_flush_after', 'backslash_quote', 'backtrace_functions', 'bgwriter_delay']
DBMS: postgres;
Now let us think step by step and give me your scoring of all the candidate knobs in json format:
{
    "knob_name": {score}    // fill "score" with a number between 0 and 1
}
If no knobs are suggested, just fill "knob_list" with "None" and also return result in json format. 

[2025-04-18 21:18:50,623 INFO] [knob_selection.py:select_on_system_level:60] select_on_system_level - 0th response: {'DateStyle': 0.1, 'IntervalStyle': 0.1, 'TimeZone': 0.1, 'allow_in_place_tablespaces': 0.2, 'allow_system_table_mods': 0.1, 'application_name': 0.1, 'archive_cleanup_command': 0.4, 'archive_command': 0.6, 'archive_mode': 0.7, 'archive_timeout': 0.5, 'array_nulls': 0.1, 'authentication_timeout': 0.1, 'autovacuum': 0.9, 'autovacuum_analyze_scale_factor': 0.7, 'autovacuum_analyze_threshold': 0.6, 'autovacuum_freeze_max_age': 0.8, 'autovacuum_max_workers': 0.8, 'autovacuum_multixact_freeze_max_age': 0.7, 'autovacuum_naptime': 0.6, 'autovacuum_vacuum_cost_delay': 0.5, 'autovacuum_vacuum_cost_limit': 0.7, 'autovacuum_vacuum_insert_scale_factor': 0.6, 'autovacuum_vacuum_insert_threshold': 0.6, 'autovacuum_vacuum_scale_factor': 0.7, 'autovacuum_vacuum_threshold': 0.6, 'autovacuum_work_mem': 0.7, 'backend_flush_after': 0.4, 'backslash_quote': 0.1, 'backtrace_functions': 0.1, 'bgwriter_delay': 0.5}
[2025-04-18 21:18:50,947 INFO] [knob_selection.py:select_on_system_level:58] select_on_system_level - 30th prompt: 
You are an experienced DBA and your will determine which knobs are worth tuning. You only tune knobs that have a significant impact on DBMS performance and the target DBMS is postgres. Given the following candidate knobs, score the importance for each knob between 0 and 1, with a higher value indicating that it is more likey to impact postgres performance significantly. 
Candidate knobs: ['bgwriter_flush_after', 'bgwriter_lru_maxpages', 'bgwriter_lru_multiplier', 'block_size', 'bonjour', 'bonjour_name', 'bytea_output', 'check_function_bodies', 'checkpoint_completion_target', 'checkpoint_flush_after', 'checkpoint_timeout', 'checkpoint_warning', 'client_connection_check_interval', 'client_encoding', 'client_min_messages', 'cluster_name', 'commit_delay', 'commit_siblings', 'compute_query_id', 'config_file', 'constraint_exclusion', 'cpu_index_tuple_cost', 'cpu_operator_cost', 'cpu_tuple_cost', 'cursor_tuple_fraction', 'data_checksums', 'data_directory', 'data_directory_mode', 'data_sync_retry', 'db_user_namespace']
DBMS: postgres;
Now let us think step by step and give me your scoring of all the candidate knobs in json format:
{
    "knob_name": {score}    // fill "score" with a number between 0 and 1
}
If no knobs are suggested, just fill "knob_list" with "None" and also return result in json format. 

[2025-04-18 21:18:53,890 INFO] [knob_selection.py:select_on_system_level:60] select_on_system_level - 30th response: {'bgwriter_flush_after': 0.7, 'bgwriter_lru_maxpages': 0.6, 'bgwriter_lru_multiplier': 0.6, 'block_size': 0.8, 'bonjour': 0.1, 'bonjour_name': 0.1, 'bytea_output': 0.2, 'check_function_bodies': 0.1, 'checkpoint_completion_target': 0.9, 'checkpoint_flush_after': 0.7, 'checkpoint_timeout': 0.9, 'checkpoint_warning': 0.3, 'client_connection_check_interval': 0.2, 'client_encoding': 0.3, 'client_min_messages': 0.2, 'cluster_name': 0.1, 'commit_delay': 0.5, 'commit_siblings': 0.5, 'compute_query_id': 0.1, 'config_file': 0.1, 'constraint_exclusion': 0.4, 'cpu_index_tuple_cost': 0.6, 'cpu_operator_cost': 0.6, 'cpu_tuple_cost': 0.6, 'cursor_tuple_fraction': 0.5, 'data_checksums': 0.4, 'data_directory': 0.1, 'data_directory_mode': 0.1, 'data_sync_retry': 0.3, 'db_user_namespace': 0.1}
[2025-04-18 21:18:53,893 INFO] [knob_selection.py:select_on_system_level:58] select_on_system_level - 60th prompt: 
You are an experienced DBA and your will determine which knobs are worth tuning. You only tune knobs that have a significant impact on DBMS performance and the target DBMS is postgres. Given the following candidate knobs, score the importance for each knob between 0 and 1, with a higher value indicating that it is more likey to impact postgres performance significantly. 
Candidate knobs: ['deadlock_timeout', 'debug_assertions', 'debug_discard_caches', 'debug_pretty_print', 'debug_print_parse', 'debug_print_plan', 'debug_print_rewritten', 'default_statistics_target', 'default_table_access_method', 'default_tablespace', 'default_text_search_config', 'default_toast_compression', 'default_transaction_deferrable', 'default_transaction_isolation', 'default_transaction_read_only', 'dynamic_library_path', 'dynamic_shared_memory_type', 'effective_cache_size', 'effective_io_concurrency', 'enable_async_append', 'enable_bitmapscan', 'enable_gathermerge', 'enable_hashagg', 'enable_hashjoin', 'enable_incremental_sort', 'enable_indexonlyscan', 'enable_indexscan', 'enable_material', 'enable_memoize', 'enable_mergejoin']
DBMS: postgres;
Now let us think step by step and give me your scoring of all the candidate knobs in json format:
{
    "knob_name": {score}    // fill "score" with a number between 0 and 1
}
If no knobs are suggested, just fill "knob_list" with "None" and also return result in json format. 

[2025-04-18 21:18:57,003 INFO] [knob_selection.py:select_on_system_level:60] select_on_system_level - 60th response: {'deadlock_timeout': 0.3, 'debug_assertions': 0.1, 'debug_discard_caches': 0.1, 'debug_pretty_print': 0.1, 'debug_print_parse': 0.1, 'debug_print_plan': 0.1, 'debug_print_rewritten': 0.1, 'default_statistics_target': 0.7, 'default_table_access_method': 0.4, 'default_tablespace': 0.5, 'default_text_search_config': 0.2, 'default_toast_compression': 0.3, 'default_transaction_deferrable': 0.2, 'default_transaction_isolation': 0.8, 'default_transaction_read_only': 0.2, 'dynamic_library_path': 0.1, 'dynamic_shared_memory_type': 0.4, 'effective_cache_size': 0.9, 'effective_io_concurrency': 0.8, 'enable_async_append': 0.5, 'enable_bitmapscan': 0.6, 'enable_gathermerge': 0.5, 'enable_hashagg': 0.6, 'enable_hashjoin': 0.7, 'enable_incremental_sort': 0.5, 'enable_indexonlyscan': 0.7, 'enable_indexscan': 0.7, 'enable_material': 0.4, 'enable_memoize': 0.5, 'enable_mergejoin': 0.6}
[2025-04-18 21:18:57,005 INFO] [knob_selection.py:select_on_system_level:58] select_on_system_level - 90th prompt: 
You are an experienced DBA and your will determine which knobs are worth tuning. You only tune knobs that have a significant impact on DBMS performance and the target DBMS is postgres. Given the following candidate knobs, score the importance for each knob between 0 and 1, with a higher value indicating that it is more likey to impact postgres performance significantly. 
Candidate knobs: ['enable_nestloop', 'enable_parallel_append', 'enable_parallel_hash', 'enable_partition_pruning', 'enable_partitionwise_aggregate', 'enable_partitionwise_join', 'enable_seqscan', 'enable_sort', 'enable_tidscan', 'escape_string_warning', 'event_source', 'exit_on_error', 'extension_destdir', 'external_pid_file', 'extra_float_digits', 'force_parallel_mode', 'from_collapse_limit', 'fsync', 'full_page_writes', 'geqo', 'geqo_effort', 'geqo_generations', 'geqo_pool_size', 'geqo_seed', 'geqo_selection_bias', 'geqo_threshold', 'gin_fuzzy_search_limit', 'gin_pending_list_limit', 'hash_mem_multiplier', 'hba_file']
DBMS: postgres;
Now let us think step by step and give me your scoring of all the candidate knobs in json format:
{
    "knob_name": {score}    // fill "score" with a number between 0 and 1
}
If no knobs are suggested, just fill "knob_list" with "None" and also return result in json format. 

[2025-04-18 21:18:59,409 INFO] [knob_selection.py:select_on_system_level:60] select_on_system_level - 90th response: {'enable_nestloop': 0.6, 'enable_parallel_append': 0.7, 'enable_parallel_hash': 0.8, 'enable_partition_pruning': 0.7, 'enable_partitionwise_aggregate': 0.6, 'enable_partitionwise_join': 0.6, 'enable_seqscan': 0.5, 'enable_sort': 0.5, 'enable_tidscan': 0.4, 'escape_string_warning': 0.1, 'event_source': 0.1, 'exit_on_error': 0.2, 'extension_destdir': 0.1, 'external_pid_file': 0.1, 'extra_float_digits': 0.3, 'force_parallel_mode': 0.6, 'from_collapse_limit': 0.5, 'fsync': 0.9, 'full_page_writes': 0.8, 'geqo': 0.5, 'geqo_effort': 0.4, 'geqo_generations': 0.3, 'geqo_pool_size': 0.3, 'geqo_seed': 0.2, 'geqo_selection_bias': 0.3, 'geqo_threshold': 0.4, 'gin_fuzzy_search_limit': 0.4, 'gin_pending_list_limit': 0.5, 'hash_mem_multiplier': 0.7, 'hba_file': 0.2}
[2025-04-18 21:18:59,412 INFO] [knob_selection.py:select_on_system_level:58] select_on_system_level - 120th prompt: 
You are an experienced DBA and your will determine which knobs are worth tuning. You only tune knobs that have a significant impact on DBMS performance and the target DBMS is postgres. Given the following candidate knobs, score the importance for each knob between 0 and 1, with a higher value indicating that it is more likey to impact postgres performance significantly. 
Candidate knobs: ['hot_standby', 'hot_standby_feedback', 'huge_page_size', 'huge_pages', 'ident_file', 'idle_in_transaction_session_timeout', 'idle_session_timeout', 'ignore_checksum_failure', 'ignore_invalid_pages', 'ignore_system_indexes', 'in_hot_standby', 'integer_datetimes', 'jit', 'jit_above_cost', 'jit_debugging_support', 'jit_dump_bitcode', 'jit_expressions', 'jit_inline_above_cost', 'jit_optimize_above_cost', 'jit_profiling_support', 'jit_provider', 'jit_tuple_deforming', 'join_collapse_limit', 'krb_caseins_users', 'krb_server_keyfile', 'lc_collate', 'lc_ctype', 'lc_messages', 'lc_monetary', 'lc_numeric']
DBMS: postgres;
Now let us think step by step and give me your scoring of all the candidate knobs in json format:
{
    "knob_name": {score}    // fill "score" with a number between 0 and 1
}
If no knobs are suggested, just fill "knob_list" with "None" and also return result in json format. 

[2025-04-18 21:19:02,254 INFO] [knob_selection.py:select_on_system_level:60] select_on_system_level - 120th response: {'hot_standby': 0.7, 'hot_standby_feedback': 0.6, 'huge_page_size': 0.5, 'huge_pages': 0.6, 'ident_file': 0.2, 'idle_in_transaction_session_timeout': 0.4, 'idle_session_timeout': 0.3, 'ignore_checksum_failure': 0.1, 'ignore_invalid_pages': 0.1, 'ignore_system_indexes': 0.2, 'in_hot_standby': 0.5, 'integer_datetimes': 0.1, 'jit': 0.7, 'jit_above_cost': 0.6, 'jit_debugging_support': 0.2, 'jit_dump_bitcode': 0.2, 'jit_expressions': 0.5, 'jit_inline_above_cost': 0.5, 'jit_optimize_above_cost': 0.5, 'jit_profiling_support': 0.2, 'jit_provider': 0.4, 'jit_tuple_deforming': 0.5, 'join_collapse_limit': 0.7, 'krb_caseins_users': 0.1, 'krb_server_keyfile': 0.1, 'lc_collate': 0.4, 'lc_ctype': 0.4, 'lc_messages': 0.3, 'lc_monetary': 0.3, 'lc_numeric': 0.3}
[2025-04-18 21:19:02,256 INFO] [knob_selection.py:select_on_system_level:58] select_on_system_level - 150th prompt: 
You are an experienced DBA and your will determine which knobs are worth tuning. You only tune knobs that have a significant impact on DBMS performance and the target DBMS is postgres. Given the following candidate knobs, score the importance for each knob between 0 and 1, with a higher value indicating that it is more likey to impact postgres performance significantly. 
Candidate knobs: ['lc_time', 'listen_addresses', 'lo_compat_privileges', 'local_preload_libraries', 'lock_timeout', 'log_autovacuum_min_duration', 'log_checkpoints', 'log_connections', 'log_destination', 'log_directory', 'log_disconnections', 'log_duration', 'log_error_verbosity', 'log_executor_stats', 'log_file_mode', 'log_filename', 'log_hostname', 'log_line_prefix', 'log_lock_waits', 'log_min_duration_sample', 'log_min_duration_statement', 'log_min_error_statement', 'log_min_messages', 'log_parameter_max_length', 'log_parameter_max_length_on_error', 'log_parser_stats', 'log_planner_stats', 'log_recovery_conflict_waits', 'log_replication_commands', 'log_rotation_age']
DBMS: postgres;
Now let us think step by step and give me your scoring of all the candidate knobs in json format:
{
    "knob_name": {score}    // fill "score" with a number between 0 and 1
}
If no knobs are suggested, just fill "knob_list" with "None" and also return result in json format. 

[2025-04-18 21:19:04,847 INFO] [knob_selection.py:select_on_system_level:60] select_on_system_level - 150th response: {'lc_time': 0.1, 'listen_addresses': 0.4, 'lo_compat_privileges': 0.1, 'local_preload_libraries': 0.3, 'lock_timeout': 0.6, 'log_autovacuum_min_duration': 0.5, 'log_checkpoints': 0.4, 'log_connections': 0.2, 'log_destination': 0.1, 'log_directory': 0.1, 'log_disconnections': 0.2, 'log_duration': 0.3, 'log_error_verbosity': 0.2, 'log_executor_stats': 0.3, 'log_file_mode': 0.1, 'log_filename': 0.1, 'log_hostname': 0.1, 'log_line_prefix': 0.1, 'log_lock_waits': 0.5, 'log_min_duration_sample': 0.4, 'log_min_duration_statement': 0.5, 'log_min_error_statement': 0.2, 'log_min_messages': 0.2, 'log_parameter_max_length': 0.1, 'log_parameter_max_length_on_error': 0.1, 'log_parser_stats': 0.2, 'log_planner_stats': 0.3, 'log_recovery_conflict_waits': 0.3, 'log_replication_commands': 0.2, 'log_rotation_age': 0.1}
[2025-04-18 21:19:04,850 INFO] [knob_selection.py:select_on_system_level:58] select_on_system_level - 180th prompt: 
You are an experienced DBA and your will determine which knobs are worth tuning. You only tune knobs that have a significant impact on DBMS performance and the target DBMS is postgres. Given the following candidate knobs, score the importance for each knob between 0 and 1, with a higher value indicating that it is more likey to impact postgres performance significantly. 
Candidate knobs: ['log_rotation_size', 'log_statement', 'log_statement_sample_rate', 'log_statement_stats', 'log_temp_files', 'log_timezone', 'log_transaction_sample_rate', 'log_truncate_on_rotation', 'logging_collector', 'logical_decoding_work_mem', 'maintenance_io_concurrency', 'maintenance_work_mem', 'max_connections', 'max_files_per_process', 'max_function_args', 'max_identifier_length', 'max_index_keys', 'max_locks_per_transaction', 'max_logical_replication_workers', 'max_parallel_maintenance_workers', 'max_parallel_workers', 'max_parallel_workers_per_gather', 'max_pred_locks_per_page', 'max_pred_locks_per_relation', 'max_pred_locks_per_transaction', 'max_prepared_transactions', 'max_replication_slots', 'max_slot_wal_keep_size', 'max_stack_depth', 'max_standby_archive_delay']
DBMS: postgres;
Now let us think step by step and give me your scoring of all the candidate knobs in json format:
{
    "knob_name": {score}    // fill "score" with a number between 0 and 1
}
If no knobs are suggested, just fill "knob_list" with "None" and also return result in json format. 

[2025-04-18 21:19:07,817 INFO] [knob_selection.py:select_on_system_level:60] select_on_system_level - 180th response: {'log_rotation_size': 0.2, 'log_statement': 0.1, 'log_statement_sample_rate': 0.1, 'log_statement_stats': 0.1, 'log_temp_files': 0.1, 'log_timezone': 0.0, 'log_transaction_sample_rate': 0.1, 'log_truncate_on_rotation': 0.0, 'logging_collector': 0.1, 'logical_decoding_work_mem': 0.3, 'maintenance_io_concurrency': 0.5, 'maintenance_work_mem': 0.7, 'max_connections': 0.9, 'max_files_per_process': 0.2, 'max_function_args': 0.0, 'max_identifier_length': 0.0, 'max_index_keys': 0.3, 'max_locks_per_transaction': 0.6, 'max_logical_replication_workers': 0.4, 'max_parallel_maintenance_workers': 0.6, 'max_parallel_workers': 0.8, 'max_parallel_workers_per_gather': 0.8, 'max_pred_locks_per_page': 0.4, 'max_pred_locks_per_relation': 0.4, 'max_pred_locks_per_transaction': 0.4, 'max_prepared_transactions': 0.5, 'max_replication_slots': 0.5, 'max_slot_wal_keep_size': 0.4, 'max_stack_depth': 0.2, 'max_standby_archive_delay': 0.3}
[2025-04-18 21:19:07,819 INFO] [knob_selection.py:select_on_system_level:58] select_on_system_level - 210th prompt: 
You are an experienced DBA and your will determine which knobs are worth tuning. You only tune knobs that have a significant impact on DBMS performance and the target DBMS is postgres. Given the following candidate knobs, score the importance for each knob between 0 and 1, with a higher value indicating that it is more likey to impact postgres performance significantly. 
Candidate knobs: ['max_standby_streaming_delay', 'max_sync_workers_per_subscription', 'max_wal_senders', 'max_wal_size', 'max_worker_processes', 'min_dynamic_shared_memory', 'min_parallel_index_scan_size', 'min_parallel_table_scan_size', 'min_wal_size', 'old_snapshot_threshold', 'parallel_leader_participation', 'parallel_setup_cost', 'parallel_tuple_cost', 'password_encryption', 'pg_stat_statements.max', 'pg_stat_statements.save', 'pg_stat_statements.track', 'pg_stat_statements.track_planning', 'pg_stat_statements.track_utility', 'plan_cache_mode', 'port', 'post_auth_delay', 'pre_auth_delay', 'primary_conninfo', 'primary_slot_name', 'promote_trigger_file', 'quote_all_identifiers', 'random_page_cost', 'recovery_end_command', 'recovery_init_sync_method']
DBMS: postgres;
Now let us think step by step and give me your scoring of all the candidate knobs in json format:
{
    "knob_name": {score}    // fill "score" with a number between 0 and 1
}
If no knobs are suggested, just fill "knob_list" with "None" and also return result in json format. 

[2025-04-18 21:19:10,991 INFO] [knob_selection.py:select_on_system_level:60] select_on_system_level - 210th response: {'max_standby_streaming_delay': 0.6, 'max_sync_workers_per_subscription': 0.4, 'max_wal_senders': 0.7, 'max_wal_size': 0.9, 'max_worker_processes': 0.8, 'min_dynamic_shared_memory': 0.3, 'min_parallel_index_scan_size': 0.5, 'min_parallel_table_scan_size': 0.5, 'min_wal_size': 0.8, 'old_snapshot_threshold': 0.4, 'parallel_leader_participation': 0.6, 'parallel_setup_cost': 0.5, 'parallel_tuple_cost': 0.5, 'password_encryption': 0.2, 'pg_stat_statements.max': 0.3, 'pg_stat_statements.save': 0.3, 'pg_stat_statements.track': 0.3, 'pg_stat_statements.track_planning': 0.3, 'pg_stat_statements.track_utility': 0.3, 'plan_cache_mode': 0.4, 'port': 0.1, 'post_auth_delay': 0.1, 'pre_auth_delay': 0.1, 'primary_conninfo': 0.2, 'primary_slot_name': 0.2, 'promote_trigger_file': 0.2, 'quote_all_identifiers': 0.1, 'random_page_cost': 0.7, 'recovery_end_command': 0.2, 'recovery_init_sync_method': 0.3}
[2025-04-18 21:19:10,994 INFO] [knob_selection.py:select_on_system_level:58] select_on_system_level - 240th prompt: 
You are an experienced DBA and your will determine which knobs are worth tuning. You only tune knobs that have a significant impact on DBMS performance and the target DBMS is postgres. Given the following candidate knobs, score the importance for each knob between 0 and 1, with a higher value indicating that it is more likey to impact postgres performance significantly. 
Candidate knobs: ['recovery_min_apply_delay', 'recovery_target', 'recovery_target_action', 'recovery_target_inclusive', 'recovery_target_lsn', 'recovery_target_name', 'recovery_target_time', 'recovery_target_timeline', 'recovery_target_xid', 'remove_temp_files_after_crash', 'restart_after_crash', 'restore_command', 'row_security', 'search_path', 'segment_size', 'seq_page_cost', 'server_encoding', 'server_version', 'server_version_num', 'session_preload_libraries', 'session_replication_role', 'shared_buffers', 'shared_memory_type', 'shared_preload_libraries', 'ssl', 'ssl_ca_file', 'ssl_cert_file', 'ssl_ciphers', 'ssl_crl_dir', 'ssl_crl_file']
DBMS: postgres;
Now let us think step by step and give me your scoring of all the candidate knobs in json format:
{
    "knob_name": {score}    // fill "score" with a number between 0 and 1
}
If no knobs are suggested, just fill "knob_list" with "None" and also return result in json format. 

[2025-04-18 21:19:13,551 INFO] [knob_selection.py:select_on_system_level:60] select_on_system_level - 240th response: {'recovery_min_apply_delay': 0.2, 'recovery_target': 0.1, 'recovery_target_action': 0.1, 'recovery_target_inclusive': 0.1, 'recovery_target_lsn': 0.1, 'recovery_target_name': 0.1, 'recovery_target_time': 0.1, 'recovery_target_timeline': 0.1, 'recovery_target_xid': 0.1, 'remove_temp_files_after_crash': 0.2, 'restart_after_crash': 0.3, 'restore_command': 0.3, 'row_security': 0.2, 'search_path': 0.2, 'segment_size': 0.4, 'seq_page_cost': 0.5, 'server_encoding': 0.2, 'server_version': 0.1, 'server_version_num': 0.1, 'session_preload_libraries': 0.3, 'session_replication_role': 0.2, 'shared_buffers': 0.9, 'shared_memory_type': 0.2, 'shared_preload_libraries': 0.3, 'ssl': 0.2, 'ssl_ca_file': 0.1, 'ssl_cert_file': 0.1, 'ssl_ciphers': 0.2, 'ssl_crl_dir': 0.1, 'ssl_crl_file': 0.1}
[2025-04-18 21:19:13,554 INFO] [knob_selection.py:select_on_system_level:58] select_on_system_level - 270th prompt: 
You are an experienced DBA and your will determine which knobs are worth tuning. You only tune knobs that have a significant impact on DBMS performance and the target DBMS is postgres. Given the following candidate knobs, score the importance for each knob between 0 and 1, with a higher value indicating that it is more likey to impact postgres performance significantly. 
Candidate knobs: ['ssl_dh_params_file', 'ssl_ecdh_curve', 'ssl_key_file', 'ssl_library', 'ssl_max_protocol_version', 'ssl_min_protocol_version', 'ssl_passphrase_command', 'ssl_passphrase_command_supports_reload', 'ssl_prefer_server_ciphers', 'standard_conforming_strings', 'statement_timeout', 'stats_temp_directory', 'superuser_reserved_connections', 'synchronize_seqscans', 'synchronous_commit', 'synchronous_standby_names', 'syslog_facility', 'syslog_ident', 'syslog_sequence_numbers', 'syslog_split_messages', 'tcp_keepalives_count', 'tcp_keepalives_idle', 'tcp_keepalives_interval', 'tcp_user_timeout', 'temp_buffers', 'temp_file_limit', 'temp_tablespaces', 'timezone_abbreviations', 'trace_notify', 'trace_recovery_messages']
DBMS: postgres;
Now let us think step by step and give me your scoring of all the candidate knobs in json format:
{
    "knob_name": {score}    // fill "score" with a number between 0 and 1
}
If no knobs are suggested, just fill "knob_list" with "None" and also return result in json format. 

[2025-04-18 21:19:16,419 INFO] [knob_selection.py:select_on_system_level:60] select_on_system_level - 270th response: {'ssl_dh_params_file': 0.1, 'ssl_ecdh_curve': 0.1, 'ssl_key_file': 0.1, 'ssl_library': 0.1, 'ssl_max_protocol_version': 0.1, 'ssl_min_protocol_version': 0.1, 'ssl_passphrase_command': 0.1, 'ssl_passphrase_command_supports_reload': 0.1, 'ssl_prefer_server_ciphers': 0.1, 'standard_conforming_strings': 0.2, 'statement_timeout': 0.6, 'stats_temp_directory': 0.3, 'superuser_reserved_connections': 0.3, 'synchronize_seqscans': 0.3, 'synchronous_commit': 0.8, 'synchronous_standby_names': 0.5, 'syslog_facility': 0.1, 'syslog_ident': 0.1, 'syslog_sequence_numbers': 0.1, 'syslog_split_messages': 0.1, 'tcp_keepalives_count': 0.2, 'tcp_keepalives_idle': 0.2, 'tcp_keepalives_interval': 0.2, 'tcp_user_timeout': 0.2, 'temp_buffers': 0.7, 'temp_file_limit': 0.5, 'temp_tablespaces': 0.6, 'timezone_abbreviations': 0.1, 'trace_notify': 0.1, 'trace_recovery_messages': 0.2}
[2025-04-18 21:19:16,421 INFO] [knob_selection.py:select_on_system_level:58] select_on_system_level - 300th prompt: 
You are an experienced DBA and your will determine which knobs are worth tuning. You only tune knobs that have a significant impact on DBMS performance and the target DBMS is postgres. Given the following candidate knobs, score the importance for each knob between 0 and 1, with a higher value indicating that it is more likey to impact postgres performance significantly. 
Candidate knobs: ['trace_sort', 'track_activities', 'track_activity_query_size', 'track_commit_timestamp', 'track_counts', 'track_functions', 'track_io_timing', 'track_wal_io_timing', 'transaction_deferrable', 'transaction_isolation', 'transaction_read_only', 'transform_null_equals', 'unix_socket_directories', 'unix_socket_group', 'unix_socket_permissions', 'update_process_title', 'vacuum_cost_delay', 'vacuum_cost_limit', 'vacuum_cost_page_dirty', 'vacuum_cost_page_hit', 'vacuum_cost_page_miss', 'vacuum_defer_cleanup_age', 'vacuum_failsafe_age', 'vacuum_freeze_min_age', 'vacuum_freeze_table_age', 'vacuum_multixact_failsafe_age', 'vacuum_multixact_freeze_min_age', 'vacuum_multixact_freeze_table_age', 'wal_block_size', 'wal_buffers']
DBMS: postgres;
Now let us think step by step and give me your scoring of all the candidate knobs in json format:
{
    "knob_name": {score}    // fill "score" with a number between 0 and 1
}
If no knobs are suggested, just fill "knob_list" with "None" and also return result in json format. 

[2025-04-18 21:19:19,697 INFO] [knob_selection.py:select_on_system_level:60] select_on_system_level - 300th response: {'trace_sort': 0.2, 'track_activities': 0.1, 'track_activity_query_size': 0.1, 'track_commit_timestamp': 0.1, 'track_counts': 0.3, 'track_functions': 0.1, 'track_io_timing': 0.3, 'track_wal_io_timing': 0.3, 'transaction_deferrable': 0.1, 'transaction_isolation': 0.5, 'transaction_read_only': 0.1, 'transform_null_equals': 0.1, 'unix_socket_directories': 0.1, 'unix_socket_group': 0.1, 'unix_socket_permissions': 0.1, 'update_process_title': 0.1, 'vacuum_cost_delay': 0.6, 'vacuum_cost_limit': 0.6, 'vacuum_cost_page_dirty': 0.6, 'vacuum_cost_page_hit': 0.6, 'vacuum_cost_page_miss': 0.6, 'vacuum_defer_cleanup_age': 0.4, 'vacuum_failsafe_age': 0.4, 'vacuum_freeze_min_age': 0.4, 'vacuum_freeze_table_age': 0.4, 'vacuum_multixact_failsafe_age': 0.4, 'vacuum_multixact_freeze_min_age': 0.4, 'vacuum_multixact_freeze_table_age': 0.4, 'wal_block_size': 0.5, 'wal_buffers': 0.7}
[2025-04-18 21:19:19,700 INFO] [knob_selection.py:select_on_system_level:58] select_on_system_level - 330th prompt: 
You are an experienced DBA and your will determine which knobs are worth tuning. You only tune knobs that have a significant impact on DBMS performance and the target DBMS is postgres. Given the following candidate knobs, score the importance for each knob between 0 and 1, with a higher value indicating that it is more likey to impact postgres performance significantly. 
Candidate knobs: ['wal_compression', 'wal_consistency_checking', 'wal_init_zero', 'wal_keep_size', 'wal_level', 'wal_log_hints', 'wal_receiver_create_temp_slot', 'wal_receiver_status_interval', 'wal_receiver_timeout', 'wal_recycle', 'wal_retrieve_retry_interval', 'wal_segment_size', 'wal_sender_timeout', 'wal_skip_threshold', 'wal_sync_method', 'wal_writer_delay', 'wal_writer_flush_after', 'work_mem', 'xmlbinary', 'xmloption', 'zero_damaged_pages']
DBMS: postgres;
Now let us think step by step and give me your scoring of all the candidate knobs in json format:
{
    "knob_name": {score}    // fill "score" with a number between 0 and 1
}
If no knobs are suggested, just fill "knob_list" with "None" and also return result in json format. 

[2025-04-18 21:19:22,110 INFO] [knob_selection.py:select_on_system_level:60] select_on_system_level - 330th response: {'wal_compression': 0.6, 'wal_consistency_checking': 0.3, 'wal_init_zero': 0.2, 'wal_keep_size': 0.5, 'wal_level': 0.8, 'wal_log_hints': 0.4, 'wal_receiver_create_temp_slot': 0.2, 'wal_receiver_status_interval': 0.3, 'wal_receiver_timeout': 0.4, 'wal_recycle': 0.3, 'wal_retrieve_retry_interval': 0.2, 'wal_segment_size': 0.5, 'wal_sender_timeout': 0.4, 'wal_skip_threshold': 0.2, 'wal_sync_method': 0.7, 'wal_writer_delay': 0.5, 'wal_writer_flush_after': 0.6, 'work_mem': 0.9, 'xmlbinary': 0.1, 'xmloption': 0.1, 'zero_damaged_pages': 0.2}
[2025-04-18 21:19:22,113 INFO] [knob_selection.py:select_on_workload_level:83] select_on_workload_level - 0th prompt: 
You are an experienced DBA and your will determine which knobs are worth tuning. You only tune knobs that have a significant impact on DBMS performance and the target DBMS is postgres. Which knobs are important heavily depends on the workload type because different workloads result in different performance bottleneck.Given the workload type, analyze and identify the important knobs that significantly impact database performance when such workload is deployed.  Given the following candidate knobs, score the importance for each knob between 0 and 1, with a higher value indicating that it is more likey to impact postgres performance significantly. 
Candidate knobs: ['DateStyle', 'IntervalStyle', 'TimeZone', 'allow_in_place_tablespaces', 'allow_system_table_mods', 'application_name', 'archive_cleanup_command', 'archive_command', 'archive_mode', 'archive_timeout', 'array_nulls', 'authentication_timeout', 'autovacuum', 'autovacuum_analyze_scale_factor', 'autovacuum_analyze_threshold', 'autovacuum_freeze_max_age', 'autovacuum_max_workers', 'autovacuum_multixact_freeze_max_age', 'autovacuum_naptime', 'autovacuum_vacuum_cost_delay', 'autovacuum_vacuum_cost_limit', 'autovacuum_vacuum_insert_scale_factor', 'autovacuum_vacuum_insert_threshold', 'autovacuum_vacuum_scale_factor', 'autovacuum_vacuum_threshold', 'autovacuum_work_mem', 'backend_flush_after', 'backslash_quote', 'backtrace_functions', 'bgwriter_delay']
DBMS: postgres;
WORKLOAD TYPE:OLAP
Now let us think step by step and give me your scoring of all the candidate knobs in json format:
{
    "knob_name": {score}    // fill "score" with a number between 0 and 1
}
If no knobs are suggested, just fill "knob_list" with "None" and also return result in json format. 

[2025-04-18 21:19:25,328 INFO] [knob_selection.py:select_on_workload_level:85] select_on_workload_level - 0th response: {'DateStyle': 0.1, 'IntervalStyle': 0.1, 'TimeZone': 0.1, 'allow_in_place_tablespaces': 0.3, 'allow_system_table_mods': 0.1, 'application_name': 0.1, 'archive_cleanup_command': 0.3, 'archive_command': 0.3, 'archive_mode': 0.4, 'archive_timeout': 0.4, 'array_nulls': 0.1, 'authentication_timeout': 0.1, 'autovacuum': 0.7, 'autovacuum_analyze_scale_factor': 0.6, 'autovacuum_analyze_threshold': 0.6, 'autovacuum_freeze_max_age': 0.5, 'autovacuum_max_workers': 0.7, 'autovacuum_multixact_freeze_max_age': 0.5, 'autovacuum_naptime': 0.5, 'autovacuum_vacuum_cost_delay': 0.6, 'autovacuum_vacuum_cost_limit': 0.6, 'autovacuum_vacuum_insert_scale_factor': 0.6, 'autovacuum_vacuum_insert_threshold': 0.6, 'autovacuum_vacuum_scale_factor': 0.6, 'autovacuum_vacuum_threshold': 0.6, 'autovacuum_work_mem': 0.7, 'backend_flush_after': 0.5, 'backslash_quote': 0.1, 'backtrace_functions': 0.1, 'bgwriter_delay': 0.7}
[2025-04-18 21:19:25,331 INFO] [knob_selection.py:select_on_workload_level:83] select_on_workload_level - 30th prompt: 
You are an experienced DBA and your will determine which knobs are worth tuning. You only tune knobs that have a significant impact on DBMS performance and the target DBMS is postgres. Which knobs are important heavily depends on the workload type because different workloads result in different performance bottleneck.Given the workload type, analyze and identify the important knobs that significantly impact database performance when such workload is deployed.  Given the following candidate knobs, score the importance for each knob between 0 and 1, with a higher value indicating that it is more likey to impact postgres performance significantly. 
Candidate knobs: ['bgwriter_flush_after', 'bgwriter_lru_maxpages', 'bgwriter_lru_multiplier', 'block_size', 'bonjour', 'bonjour_name', 'bytea_output', 'check_function_bodies', 'checkpoint_completion_target', 'checkpoint_flush_after', 'checkpoint_timeout', 'checkpoint_warning', 'client_connection_check_interval', 'client_encoding', 'client_min_messages', 'cluster_name', 'commit_delay', 'commit_siblings', 'compute_query_id', 'config_file', 'constraint_exclusion', 'cpu_index_tuple_cost', 'cpu_operator_cost', 'cpu_tuple_cost', 'cursor_tuple_fraction', 'data_checksums', 'data_directory', 'data_directory_mode', 'data_sync_retry', 'db_user_namespace']
DBMS: postgres;
WORKLOAD TYPE:OLAP
Now let us think step by step and give me your scoring of all the candidate knobs in json format:
{
    "knob_name": {score}    // fill "score" with a number between 0 and 1
}
If no knobs are suggested, just fill "knob_list" with "None" and also return result in json format. 

[2025-04-18 21:19:28,298 INFO] [knob_selection.py:select_on_workload_level:85] select_on_workload_level - 30th response: {'bgwriter_flush_after': 0.6, 'bgwriter_lru_maxpages': 0.7, 'bgwriter_lru_multiplier': 0.7, 'block_size': 0.8, 'bonjour': 0.0, 'bonjour_name': 0.0, 'bytea_output': 0.2, 'check_function_bodies': 0.1, 'checkpoint_completion_target': 0.9, 'checkpoint_flush_after': 0.7, 'checkpoint_timeout': 0.9, 'checkpoint_warning': 0.3, 'client_connection_check_interval': 0.0, 'client_encoding': 0.1, 'client_min_messages': 0.1, 'cluster_name': 0.0, 'commit_delay': 0.2, 'commit_siblings': 0.2, 'compute_query_id': 0.1, 'config_file': 0.0, 'constraint_exclusion': 0.6, 'cpu_index_tuple_cost': 0.8, 'cpu_operator_cost': 0.8, 'cpu_tuple_cost': 0.8, 'cursor_tuple_fraction': 0.7, 'data_checksums': 0.1, 'data_directory': 0.0, 'data_directory_mode': 0.0, 'data_sync_retry': 0.1, 'db_user_namespace': 0.0}
[2025-04-18 21:19:28,300 INFO] [knob_selection.py:select_on_workload_level:83] select_on_workload_level - 60th prompt: 
You are an experienced DBA and your will determine which knobs are worth tuning. You only tune knobs that have a significant impact on DBMS performance and the target DBMS is postgres. Which knobs are important heavily depends on the workload type because different workloads result in different performance bottleneck.Given the workload type, analyze and identify the important knobs that significantly impact database performance when such workload is deployed.  Given the following candidate knobs, score the importance for each knob between 0 and 1, with a higher value indicating that it is more likey to impact postgres performance significantly. 
Candidate knobs: ['deadlock_timeout', 'debug_assertions', 'debug_discard_caches', 'debug_pretty_print', 'debug_print_parse', 'debug_print_plan', 'debug_print_rewritten', 'default_statistics_target', 'default_table_access_method', 'default_tablespace', 'default_text_search_config', 'default_toast_compression', 'default_transaction_deferrable', 'default_transaction_isolation', 'default_transaction_read_only', 'dynamic_library_path', 'dynamic_shared_memory_type', 'effective_cache_size', 'effective_io_concurrency', 'enable_async_append', 'enable_bitmapscan', 'enable_gathermerge', 'enable_hashagg', 'enable_hashjoin', 'enable_incremental_sort', 'enable_indexonlyscan', 'enable_indexscan', 'enable_material', 'enable_memoize', 'enable_mergejoin']
DBMS: postgres;
WORKLOAD TYPE:OLAP
Now let us think step by step and give me your scoring of all the candidate knobs in json format:
{
    "knob_name": {score}    // fill "score" with a number between 0 and 1
}
If no knobs are suggested, just fill "knob_list" with "None" and also return result in json format. 

[2025-04-18 21:19:30,858 INFO] [knob_selection.py:select_on_workload_level:85] select_on_workload_level - 60th response: {'deadlock_timeout': 0.2, 'debug_assertions': 0.1, 'debug_discard_caches': 0.1, 'debug_pretty_print': 0.1, 'debug_print_parse': 0.1, 'debug_print_plan': 0.1, 'debug_print_rewritten': 0.1, 'default_statistics_target': 0.7, 'default_table_access_method': 0.3, 'default_tablespace': 0.4, 'default_text_search_config': 0.1, 'default_toast_compression': 0.3, 'default_transaction_deferrable': 0.1, 'default_transaction_isolation': 0.6, 'default_transaction_read_only': 0.2, 'dynamic_library_path': 0.1, 'dynamic_shared_memory_type': 0.4, 'effective_cache_size': 0.9, 'effective_io_concurrency': 0.8, 'enable_async_append': 0.5, 'enable_bitmapscan': 0.6, 'enable_gathermerge': 0.5, 'enable_hashagg': 0.7, 'enable_hashjoin': 0.8, 'enable_incremental_sort': 0.6, 'enable_indexonlyscan': 0.7, 'enable_indexscan': 0.7, 'enable_material': 0.5, 'enable_memoize': 0.4, 'enable_mergejoin': 0.6}
[2025-04-18 21:19:30,860 INFO] [knob_selection.py:select_on_workload_level:83] select_on_workload_level - 90th prompt: 
You are an experienced DBA and your will determine which knobs are worth tuning. You only tune knobs that have a significant impact on DBMS performance and the target DBMS is postgres. Which knobs are important heavily depends on the workload type because different workloads result in different performance bottleneck.Given the workload type, analyze and identify the important knobs that significantly impact database performance when such workload is deployed.  Given the following candidate knobs, score the importance for each knob between 0 and 1, with a higher value indicating that it is more likey to impact postgres performance significantly. 
Candidate knobs: ['enable_nestloop', 'enable_parallel_append', 'enable_parallel_hash', 'enable_partition_pruning', 'enable_partitionwise_aggregate', 'enable_partitionwise_join', 'enable_seqscan', 'enable_sort', 'enable_tidscan', 'escape_string_warning', 'event_source', 'exit_on_error', 'extension_destdir', 'external_pid_file', 'extra_float_digits', 'force_parallel_mode', 'from_collapse_limit', 'fsync', 'full_page_writes', 'geqo', 'geqo_effort', 'geqo_generations', 'geqo_pool_size', 'geqo_seed', 'geqo_selection_bias', 'geqo_threshold', 'gin_fuzzy_search_limit', 'gin_pending_list_limit', 'hash_mem_multiplier', 'hba_file']
DBMS: postgres;
WORKLOAD TYPE:OLAP
Now let us think step by step and give me your scoring of all the candidate knobs in json format:
{
    "knob_name": {score}    // fill "score" with a number between 0 and 1
}
If no knobs are suggested, just fill "knob_list" with "None" and also return result in json format. 

[2025-04-18 21:19:34,033 INFO] [knob_selection.py:select_on_workload_level:85] select_on_workload_level - 90th response: {'enable_nestloop': 0.3, 'enable_parallel_append': 0.8, 'enable_parallel_hash': 0.8, 'enable_partition_pruning': 0.7, 'enable_partitionwise_aggregate': 0.9, 'enable_partitionwise_join': 0.9, 'enable_seqscan': 0.4, 'enable_sort': 0.5, 'enable_tidscan': 0.3, 'escape_string_warning': 0.1, 'event_source': 0.1, 'exit_on_error': 0.1, 'extension_destdir': 0.1, 'external_pid_file': 0.1, 'extra_float_digits': 0.2, 'force_parallel_mode': 0.6, 'from_collapse_limit': 0.4, 'fsync': 0.7, 'full_page_writes': 0.6, 'geqo': 0.2, 'geqo_effort': 0.1, 'geqo_generations': 0.1, 'geqo_pool_size': 0.1, 'geqo_seed': 0.1, 'geqo_selection_bias': 0.1, 'geqo_threshold': 0.2, 'gin_fuzzy_search_limit': 0.2, 'gin_pending_list_limit': 0.2, 'hash_mem_multiplier': 0.5, 'hba_file': 0.1}
[2025-04-18 21:19:34,035 INFO] [knob_selection.py:select_on_workload_level:83] select_on_workload_level - 120th prompt: 
You are an experienced DBA and your will determine which knobs are worth tuning. You only tune knobs that have a significant impact on DBMS performance and the target DBMS is postgres. Which knobs are important heavily depends on the workload type because different workloads result in different performance bottleneck.Given the workload type, analyze and identify the important knobs that significantly impact database performance when such workload is deployed.  Given the following candidate knobs, score the importance for each knob between 0 and 1, with a higher value indicating that it is more likey to impact postgres performance significantly. 
Candidate knobs: ['hot_standby', 'hot_standby_feedback', 'huge_page_size', 'huge_pages', 'ident_file', 'idle_in_transaction_session_timeout', 'idle_session_timeout', 'ignore_checksum_failure', 'ignore_invalid_pages', 'ignore_system_indexes', 'in_hot_standby', 'integer_datetimes', 'jit', 'jit_above_cost', 'jit_debugging_support', 'jit_dump_bitcode', 'jit_expressions', 'jit_inline_above_cost', 'jit_optimize_above_cost', 'jit_profiling_support', 'jit_provider', 'jit_tuple_deforming', 'join_collapse_limit', 'krb_caseins_users', 'krb_server_keyfile', 'lc_collate', 'lc_ctype', 'lc_messages', 'lc_monetary', 'lc_numeric']
DBMS: postgres;
WORKLOAD TYPE:OLAP
Now let us think step by step and give me your scoring of all the candidate knobs in json format:
{
    "knob_name": {score}    // fill "score" with a number between 0 and 1
}
If no knobs are suggested, just fill "knob_list" with "None" and also return result in json format. 

[2025-04-18 21:19:36,458 INFO] [knob_selection.py:select_on_workload_level:85] select_on_workload_level - 120th response: {'hot_standby': 0.2, 'hot_standby_feedback': 0.1, 'huge_page_size': 0.4, 'huge_pages': 0.5, 'ident_file': 0.0, 'idle_in_transaction_session_timeout': 0.1, 'idle_session_timeout': 0.1, 'ignore_checksum_failure': 0.0, 'ignore_invalid_pages': 0.0, 'ignore_system_indexes': 0.0, 'in_hot_standby': 0.2, 'integer_datetimes': 0.0, 'jit': 0.7, 'jit_above_cost': 0.6, 'jit_debugging_support': 0.0, 'jit_dump_bitcode': 0.0, 'jit_expressions': 0.6, 'jit_inline_above_cost': 0.6, 'jit_optimize_above_cost': 0.6, 'jit_profiling_support': 0.0, 'jit_provider': 0.6, 'jit_tuple_deforming': 0.6, 'join_collapse_limit': 0.8, 'krb_caseins_users': 0.0, 'krb_server_keyfile': 0.0, 'lc_collate': 0.0, 'lc_ctype': 0.0, 'lc_messages': 0.0, 'lc_monetary': 0.0, 'lc_numeric': 0.0}
[2025-04-18 21:19:36,460 INFO] [knob_selection.py:select_on_workload_level:83] select_on_workload_level - 150th prompt: 
You are an experienced DBA and your will determine which knobs are worth tuning. You only tune knobs that have a significant impact on DBMS performance and the target DBMS is postgres. Which knobs are important heavily depends on the workload type because different workloads result in different performance bottleneck.Given the workload type, analyze and identify the important knobs that significantly impact database performance when such workload is deployed.  Given the following candidate knobs, score the importance for each knob between 0 and 1, with a higher value indicating that it is more likey to impact postgres performance significantly. 
Candidate knobs: ['lc_time', 'listen_addresses', 'lo_compat_privileges', 'local_preload_libraries', 'lock_timeout', 'log_autovacuum_min_duration', 'log_checkpoints', 'log_connections', 'log_destination', 'log_directory', 'log_disconnections', 'log_duration', 'log_error_verbosity', 'log_executor_stats', 'log_file_mode', 'log_filename', 'log_hostname', 'log_line_prefix', 'log_lock_waits', 'log_min_duration_sample', 'log_min_duration_statement', 'log_min_error_statement', 'log_min_messages', 'log_parameter_max_length', 'log_parameter_max_length_on_error', 'log_parser_stats', 'log_planner_stats', 'log_recovery_conflict_waits', 'log_replication_commands', 'log_rotation_age']
DBMS: postgres;
WORKLOAD TYPE:OLAP
Now let us think step by step and give me your scoring of all the candidate knobs in json format:
{
    "knob_name": {score}    // fill "score" with a number between 0 and 1
}
If no knobs are suggested, just fill "knob_list" with "None" and also return result in json format. 

[2025-04-18 21:19:39,358 INFO] [knob_selection.py:select_on_workload_level:85] select_on_workload_level - 150th response: {'lc_time': 0.1, 'listen_addresses': 0.1, 'lo_compat_privileges': 0.0, 'local_preload_libraries': 0.3, 'lock_timeout': 0.4, 'log_autovacuum_min_duration': 0.2, 'log_checkpoints': 0.6, 'log_connections': 0.1, 'log_destination': 0.1, 'log_directory': 0.1, 'log_disconnections': 0.1, 'log_duration': 0.5, 'log_error_verbosity': 0.1, 'log_executor_stats': 0.7, 'log_file_mode': 0.0, 'log_filename': 0.0, 'log_hostname': 0.0, 'log_line_prefix': 0.0, 'log_lock_waits': 0.5, 'log_min_duration_sample': 0.6, 'log_min_duration_statement': 0.7, 'log_min_error_statement': 0.1, 'log_min_messages': 0.1, 'log_parameter_max_length': 0.0, 'log_parameter_max_length_on_error': 0.0, 'log_parser_stats': 0.6, 'log_planner_stats': 0.8, 'log_recovery_conflict_waits': 0.3, 'log_replication_commands': 0.0, 'log_rotation_age': 0.0}
[2025-04-18 21:19:39,361 INFO] [knob_selection.py:select_on_workload_level:83] select_on_workload_level - 180th prompt: 
You are an experienced DBA and your will determine which knobs are worth tuning. You only tune knobs that have a significant impact on DBMS performance and the target DBMS is postgres. Which knobs are important heavily depends on the workload type because different workloads result in different performance bottleneck.Given the workload type, analyze and identify the important knobs that significantly impact database performance when such workload is deployed.  Given the following candidate knobs, score the importance for each knob between 0 and 1, with a higher value indicating that it is more likey to impact postgres performance significantly. 
Candidate knobs: ['log_rotation_size', 'log_statement', 'log_statement_sample_rate', 'log_statement_stats', 'log_temp_files', 'log_timezone', 'log_transaction_sample_rate', 'log_truncate_on_rotation', 'logging_collector', 'logical_decoding_work_mem', 'maintenance_io_concurrency', 'maintenance_work_mem', 'max_connections', 'max_files_per_process', 'max_function_args', 'max_identifier_length', 'max_index_keys', 'max_locks_per_transaction', 'max_logical_replication_workers', 'max_parallel_maintenance_workers', 'max_parallel_workers', 'max_parallel_workers_per_gather', 'max_pred_locks_per_page', 'max_pred_locks_per_relation', 'max_pred_locks_per_transaction', 'max_prepared_transactions', 'max_replication_slots', 'max_slot_wal_keep_size', 'max_stack_depth', 'max_standby_archive_delay']
DBMS: postgres;
WORKLOAD TYPE:OLAP
Now let us think step by step and give me your scoring of all the candidate knobs in json format:
{
    "knob_name": {score}    // fill "score" with a number between 0 and 1
}
If no knobs are suggested, just fill "knob_list" with "None" and also return result in json format. 

[2025-04-18 21:19:42,611 INFO] [knob_selection.py:select_on_workload_level:85] select_on_workload_level - 180th response: {'log_rotation_size': 0.1, 'log_statement': 0.1, 'log_statement_sample_rate': 0.1, 'log_statement_stats': 0.1, 'log_temp_files': 0.1, 'log_timezone': 0.0, 'log_transaction_sample_rate': 0.1, 'log_truncate_on_rotation': 0.0, 'logging_collector': 0.0, 'logical_decoding_work_mem': 0.0, 'maintenance_io_concurrency': 0.5, 'maintenance_work_mem': 0.7, 'max_connections': 0.4, 'max_files_per_process': 0.0, 'max_function_args': 0.0, 'max_identifier_length': 0.0, 'max_index_keys': 0.0, 'max_locks_per_transaction': 0.3, 'max_logical_replication_workers': 0.0, 'max_parallel_maintenance_workers': 0.6, 'max_parallel_workers': 0.8, 'max_parallel_workers_per_gather': 0.8, 'max_pred_locks_per_page': 0.0, 'max_pred_locks_per_relation': 0.0, 'max_pred_locks_per_transaction': 0.0, 'max_prepared_transactions': 0.0, 'max_replication_slots': 0.0, 'max_slot_wal_keep_size': 0.0, 'max_stack_depth': 0.0, 'max_standby_archive_delay': 0.0}
[2025-04-18 21:19:42,614 INFO] [knob_selection.py:select_on_workload_level:83] select_on_workload_level - 210th prompt: 
You are an experienced DBA and your will determine which knobs are worth tuning. You only tune knobs that have a significant impact on DBMS performance and the target DBMS is postgres. Which knobs are important heavily depends on the workload type because different workloads result in different performance bottleneck.Given the workload type, analyze and identify the important knobs that significantly impact database performance when such workload is deployed.  Given the following candidate knobs, score the importance for each knob between 0 and 1, with a higher value indicating that it is more likey to impact postgres performance significantly. 
Candidate knobs: ['max_standby_streaming_delay', 'max_sync_workers_per_subscription', 'max_wal_senders', 'max_wal_size', 'max_worker_processes', 'min_dynamic_shared_memory', 'min_parallel_index_scan_size', 'min_parallel_table_scan_size', 'min_wal_size', 'old_snapshot_threshold', 'parallel_leader_participation', 'parallel_setup_cost', 'parallel_tuple_cost', 'password_encryption', 'pg_stat_statements.max', 'pg_stat_statements.save', 'pg_stat_statements.track', 'pg_stat_statements.track_planning', 'pg_stat_statements.track_utility', 'plan_cache_mode', 'port', 'post_auth_delay', 'pre_auth_delay', 'primary_conninfo', 'primary_slot_name', 'promote_trigger_file', 'quote_all_identifiers', 'random_page_cost', 'recovery_end_command', 'recovery_init_sync_method']
DBMS: postgres;
WORKLOAD TYPE:OLAP
Now let us think step by step and give me your scoring of all the candidate knobs in json format:
{
    "knob_name": {score}    // fill "score" with a number between 0 and 1
}
If no knobs are suggested, just fill "knob_list" with "None" and also return result in json format. 

[2025-04-18 21:19:46,014 INFO] [knob_selection.py:select_on_workload_level:85] select_on_workload_level - 210th response: {'max_standby_streaming_delay': 0.3, 'max_sync_workers_per_subscription': 0.2, 'max_wal_senders': 0.4, 'max_wal_size': 0.7, 'max_worker_processes': 0.8, 'min_dynamic_shared_memory': 0.4, 'min_parallel_index_scan_size': 0.9, 'min_parallel_table_scan_size': 0.9, 'min_wal_size': 0.6, 'old_snapshot_threshold': 0.3, 'parallel_leader_participation': 0.7, 'parallel_setup_cost': 0.8, 'parallel_tuple_cost': 0.8, 'password_encryption': 0.1, 'pg_stat_statements.max': 0.4, 'pg_stat_statements.save': 0.3, 'pg_stat_statements.track': 0.3, 'pg_stat_statements.track_planning': 0.3, 'pg_stat_statements.track_utility': 0.3, 'plan_cache_mode': 0.5, 'port': 0.1, 'post_auth_delay': 0.1, 'pre_auth_delay': 0.1, 'primary_conninfo': 0.2, 'primary_slot_name': 0.2, 'promote_trigger_file': 0.2, 'quote_all_identifiers': 0.1, 'random_page_cost': 0.9, 'recovery_end_command': 0.2, 'recovery_init_sync_method': 0.2}
[2025-04-18 21:19:46,017 INFO] [knob_selection.py:select_on_workload_level:83] select_on_workload_level - 240th prompt: 
You are an experienced DBA and your will determine which knobs are worth tuning. You only tune knobs that have a significant impact on DBMS performance and the target DBMS is postgres. Which knobs are important heavily depends on the workload type because different workloads result in different performance bottleneck.Given the workload type, analyze and identify the important knobs that significantly impact database performance when such workload is deployed.  Given the following candidate knobs, score the importance for each knob between 0 and 1, with a higher value indicating that it is more likey to impact postgres performance significantly. 
Candidate knobs: ['recovery_min_apply_delay', 'recovery_target', 'recovery_target_action', 'recovery_target_inclusive', 'recovery_target_lsn', 'recovery_target_name', 'recovery_target_time', 'recovery_target_timeline', 'recovery_target_xid', 'remove_temp_files_after_crash', 'restart_after_crash', 'restore_command', 'row_security', 'search_path', 'segment_size', 'seq_page_cost', 'server_encoding', 'server_version', 'server_version_num', 'session_preload_libraries', 'session_replication_role', 'shared_buffers', 'shared_memory_type', 'shared_preload_libraries', 'ssl', 'ssl_ca_file', 'ssl_cert_file', 'ssl_ciphers', 'ssl_crl_dir', 'ssl_crl_file']
DBMS: postgres;
WORKLOAD TYPE:OLAP
Now let us think step by step and give me your scoring of all the candidate knobs in json format:
{
    "knob_name": {score}    // fill "score" with a number between 0 and 1
}
If no knobs are suggested, just fill "knob_list" with "None" and also return result in json format. 

[2025-04-18 21:19:48,689 INFO] [knob_selection.py:select_on_workload_level:85] select_on_workload_level - 240th response: {'recovery_min_apply_delay': 0.1, 'recovery_target': 0.1, 'recovery_target_action': 0.1, 'recovery_target_inclusive': 0.1, 'recovery_target_lsn': 0.1, 'recovery_target_name': 0.1, 'recovery_target_time': 0.1, 'recovery_target_timeline': 0.1, 'recovery_target_xid': 0.1, 'remove_temp_files_after_crash': 0.2, 'restart_after_crash': 0.1, 'restore_command': 0.1, 'row_security': 0.1, 'search_path': 0.2, 'segment_size': 0.5, 'seq_page_cost': 0.7, 'server_encoding': 0.1, 'server_version': 0.1, 'server_version_num': 0.1, 'session_preload_libraries': 0.3, 'session_replication_role': 0.1, 'shared_buffers': 0.9, 'shared_memory_type': 0.1, 'shared_preload_libraries': 0.3, 'ssl': 0.1, 'ssl_ca_file': 0.1, 'ssl_cert_file': 0.1, 'ssl_ciphers': 0.1, 'ssl_crl_dir': 0.1, 'ssl_crl_file': 0.1}
[2025-04-18 21:19:48,692 INFO] [knob_selection.py:select_on_workload_level:83] select_on_workload_level - 270th prompt: 
You are an experienced DBA and your will determine which knobs are worth tuning. You only tune knobs that have a significant impact on DBMS performance and the target DBMS is postgres. Which knobs are important heavily depends on the workload type because different workloads result in different performance bottleneck.Given the workload type, analyze and identify the important knobs that significantly impact database performance when such workload is deployed.  Given the following candidate knobs, score the importance for each knob between 0 and 1, with a higher value indicating that it is more likey to impact postgres performance significantly. 
Candidate knobs: ['ssl_dh_params_file', 'ssl_ecdh_curve', 'ssl_key_file', 'ssl_library', 'ssl_max_protocol_version', 'ssl_min_protocol_version', 'ssl_passphrase_command', 'ssl_passphrase_command_supports_reload', 'ssl_prefer_server_ciphers', 'standard_conforming_strings', 'statement_timeout', 'stats_temp_directory', 'superuser_reserved_connections', 'synchronize_seqscans', 'synchronous_commit', 'synchronous_standby_names', 'syslog_facility', 'syslog_ident', 'syslog_sequence_numbers', 'syslog_split_messages', 'tcp_keepalives_count', 'tcp_keepalives_idle', 'tcp_keepalives_interval', 'tcp_user_timeout', 'temp_buffers', 'temp_file_limit', 'temp_tablespaces', 'timezone_abbreviations', 'trace_notify', 'trace_recovery_messages']
DBMS: postgres;
WORKLOAD TYPE:OLAP
Now let us think step by step and give me your scoring of all the candidate knobs in json format:
{
    "knob_name": {score}    // fill "score" with a number between 0 and 1
}
If no knobs are suggested, just fill "knob_list" with "None" and also return result in json format. 

[2025-04-18 21:19:51,441 INFO] [knob_selection.py:select_on_workload_level:85] select_on_workload_level - 270th response: {'ssl_dh_params_file': 0.0, 'ssl_ecdh_curve': 0.0, 'ssl_key_file': 0.0, 'ssl_library': 0.0, 'ssl_max_protocol_version': 0.0, 'ssl_min_protocol_version': 0.0, 'ssl_passphrase_command': 0.0, 'ssl_passphrase_command_supports_reload': 0.0, 'ssl_prefer_server_ciphers': 0.0, 'standard_conforming_strings': 0.0, 'statement_timeout': 0.3, 'stats_temp_directory': 0.2, 'superuser_reserved_connections': 0.1, 'synchronize_seqscans': 0.1, 'synchronous_commit': 0.5, 'synchronous_standby_names': 0.4, 'syslog_facility': 0.0, 'syslog_ident': 0.0, 'syslog_sequence_numbers': 0.0, 'syslog_split_messages': 0.0, 'tcp_keepalives_count': 0.0, 'tcp_keepalives_idle': 0.0, 'tcp_keepalives_interval': 0.0, 'tcp_user_timeout': 0.1, 'temp_buffers': 0.6, 'temp_file_limit': 0.4, 'temp_tablespaces': 0.5, 'timezone_abbreviations': 0.0, 'trace_notify': 0.0, 'trace_recovery_messages': 0.0}
[2025-04-18 21:19:51,444 INFO] [knob_selection.py:select_on_workload_level:83] select_on_workload_level - 300th prompt: 
You are an experienced DBA and your will determine which knobs are worth tuning. You only tune knobs that have a significant impact on DBMS performance and the target DBMS is postgres. Which knobs are important heavily depends on the workload type because different workloads result in different performance bottleneck.Given the workload type, analyze and identify the important knobs that significantly impact database performance when such workload is deployed.  Given the following candidate knobs, score the importance for each knob between 0 and 1, with a higher value indicating that it is more likey to impact postgres performance significantly. 
Candidate knobs: ['trace_sort', 'track_activities', 'track_activity_query_size', 'track_commit_timestamp', 'track_counts', 'track_functions', 'track_io_timing', 'track_wal_io_timing', 'transaction_deferrable', 'transaction_isolation', 'transaction_read_only', 'transform_null_equals', 'unix_socket_directories', 'unix_socket_group', 'unix_socket_permissions', 'update_process_title', 'vacuum_cost_delay', 'vacuum_cost_limit', 'vacuum_cost_page_dirty', 'vacuum_cost_page_hit', 'vacuum_cost_page_miss', 'vacuum_defer_cleanup_age', 'vacuum_failsafe_age', 'vacuum_freeze_min_age', 'vacuum_freeze_table_age', 'vacuum_multixact_failsafe_age', 'vacuum_multixact_freeze_min_age', 'vacuum_multixact_freeze_table_age', 'wal_block_size', 'wal_buffers']
DBMS: postgres;
WORKLOAD TYPE:OLAP
Now let us think step by step and give me your scoring of all the candidate knobs in json format:
{
    "knob_name": {score}    // fill "score" with a number between 0 and 1
}
If no knobs are suggested, just fill "knob_list" with "None" and also return result in json format. 

[2025-04-18 21:19:55,333 INFO] [knob_selection.py:select_on_workload_level:85] select_on_workload_level - 300th response: {'trace_sort': 0.8, 'track_activities': 0.3, 'track_activity_query_size': 0.2, 'track_commit_timestamp': 0.1, 'track_counts': 0.6, 'track_functions': 0.1, 'track_io_timing': 0.4, 'track_wal_io_timing': 0.4, 'transaction_deferrable': 0.1, 'transaction_isolation': 0.5, 'transaction_read_only': 0.2, 'transform_null_equals': 0.1, 'unix_socket_directories': 0.1, 'unix_socket_group': 0.1, 'unix_socket_permissions': 0.1, 'update_process_title': 0.1, 'vacuum_cost_delay': 0.5, 'vacuum_cost_limit': 0.5, 'vacuum_cost_page_dirty': 0.4, 'vacuum_cost_page_hit': 0.4, 'vacuum_cost_page_miss': 0.4, 'vacuum_defer_cleanup_age': 0.3, 'vacuum_failsafe_age': 0.3, 'vacuum_freeze_min_age': 0.3, 'vacuum_freeze_table_age': 0.3, 'vacuum_multixact_failsafe_age': 0.3, 'vacuum_multixact_freeze_min_age': 0.3, 'vacuum_multixact_freeze_table_age': 0.3, 'wal_block_size': 0.6, 'wal_buffers': 0.7}
[2025-04-18 21:19:55,336 INFO] [knob_selection.py:select_on_workload_level:83] select_on_workload_level - 330th prompt: 
You are an experienced DBA and your will determine which knobs are worth tuning. You only tune knobs that have a significant impact on DBMS performance and the target DBMS is postgres. Which knobs are important heavily depends on the workload type because different workloads result in different performance bottleneck.Given the workload type, analyze and identify the important knobs that significantly impact database performance when such workload is deployed.  Given the following candidate knobs, score the importance for each knob between 0 and 1, with a higher value indicating that it is more likey to impact postgres performance significantly. 
Candidate knobs: ['wal_compression', 'wal_consistency_checking', 'wal_init_zero', 'wal_keep_size', 'wal_level', 'wal_log_hints', 'wal_receiver_create_temp_slot', 'wal_receiver_status_interval', 'wal_receiver_timeout', 'wal_recycle', 'wal_retrieve_retry_interval', 'wal_segment_size', 'wal_sender_timeout', 'wal_skip_threshold', 'wal_sync_method', 'wal_writer_delay', 'wal_writer_flush_after', 'work_mem', 'xmlbinary', 'xmloption', 'zero_damaged_pages']
DBMS: postgres;
WORKLOAD TYPE:OLAP
Now let us think step by step and give me your scoring of all the candidate knobs in json format:
{
    "knob_name": {score}    // fill "score" with a number between 0 and 1
}
If no knobs are suggested, just fill "knob_list" with "None" and also return result in json format. 

[2025-04-18 21:19:57,700 INFO] [knob_selection.py:select_on_workload_level:85] select_on_workload_level - 330th response: {'wal_compression': 0.3, 'wal_consistency_checking': 0.2, 'wal_init_zero': 0.1, 'wal_keep_size': 0.2, 'wal_level': 0.4, 'wal_log_hints': 0.1, 'wal_receiver_create_temp_slot': 0.1, 'wal_receiver_status_interval': 0.1, 'wal_receiver_timeout': 0.1, 'wal_recycle': 0.1, 'wal_retrieve_retry_interval': 0.1, 'wal_segment_size': 0.3, 'wal_sender_timeout': 0.1, 'wal_skip_threshold': 0.1, 'wal_sync_method': 0.5, 'wal_writer_delay': 0.4, 'wal_writer_flush_after': 0.3, 'work_mem': 0.8, 'xmlbinary': 0.0, 'xmloption': 0.0, 'zero_damaged_pages': 0.1}
[2025-04-18 21:20:28,082 INFO] [knob_selection.py:select_on_query_level:141] select_on_query_level - 0th query, 0th prompt: 
                    You are an experienced DBA and your will determine which knobs are worth tuning. You only tune knobs that have a significant impact on DBMS performance and the target DBMS is postgres. Which knobs are important heavily depends on the query plan because different query plans result in different performance bottlenecks.Given SQL and its QUERY PLAN from 'EXPLAIN', analyze and suggest which knobs should be tuned to improve the performance of this SQL.  Given the following candidate knobs, score the importance for each knob between 0 and 1, with a higher value indicating that it is more likey to impact postgres performance significantly. 
                    Candidate knobs: ['DateStyle', 'IntervalStyle', 'TimeZone', 'allow_in_place_tablespaces', 'allow_system_table_mods', 'application_name', 'archive_cleanup_command', 'archive_command', 'archive_mode', 'archive_timeout', 'array_nulls', 'authentication_timeout', 'autovacuum', 'autovacuum_analyze_scale_factor', 'autovacuum_analyze_threshold', 'autovacuum_freeze_max_age', 'autovacuum_max_workers', 'autovacuum_multixact_freeze_max_age', 'autovacuum_naptime', 'autovacuum_vacuum_cost_delay', 'autovacuum_vacuum_cost_limit', 'autovacuum_vacuum_insert_scale_factor', 'autovacuum_vacuum_insert_threshold', 'autovacuum_vacuum_scale_factor', 'autovacuum_vacuum_threshold', 'autovacuum_work_mem', 'backend_flush_after', 'backslash_quote', 'backtrace_functions', 'bgwriter_delay']
                    DBMS: postgres;
                    SQL:select
	c_name,
	c_custkey,
	o_orderkey,
	o_orderdate,
	o_totalprice,
	sum(l_quantity)
from
	customer,
	orders,
	lineitem
where
	o_orderkey in (
		select
			l_orderkey
		from
			lineitem
		group by
			l_orderkey having
				sum(l_quantity) > 312
	)
	and c_custkey = o_custkey
	and o_orderkey = l_orderkey
group by
	c_name,
	c_custkey,
	o_orderkey,
	o_orderdate,
	o_totalprice
order by
	o_totalprice desc,
	o_orderdate
limit 100
                    QUERY PLAN:[('Limit  (cost=506482.40..506482.65 rows=100 width=71)',), ('  ->  Sort  (cost=506482.40..507807.78 rows=530155 width=71)',), ('        Sort Key: orders.o_totalprice DESC, orders.o_orderdate',), ('        ->  Finalize GroupAggregate  (cost=419210.93..486220.25 rows=530155 width=71)',), ('              Group Key: customer.c_custkey, orders.o_orderkey',), ('              ->  Gather Merge  (cost=419210.93..475175.36 rows=441796 width=71)',), ('                    Workers Planned: 2',), ('                    ->  Partial GroupAggregate  (cost=418210.91..423181.11 rows=220898 width=71)',), ('                          Group Key: customer.c_custkey, orders.o_orderkey',), ('                          ->  Sort  (cost=418210.91..418763.15 rows=220898 width=44)',), ('                                Sort Key: customer.c_custkey, orders.o_orderkey',), ('                                ->  Nested Loop  (cost=285204.42..391805.87 rows=220898 width=44)',), ('                                      ->  Parallel Hash Join  (cost=285203.99..327178.55 rows=55214 width=43)',), ('                                            Hash Cond: (orders.o_custkey = customer.c_custkey)',), ('                                            ->  Hash Join  (cost=280212.74..322042.36 rows=55214 width=24)',), ('                                                  Hash Cond: (orders.o_orderkey = lineitem_1.l_orderkey)',), ('                                                  ->  Parallel Seq Scan on orders  (cost=0.00..32345.00 rows=625000 width=20)',), ('                                                  ->  Hash  (cost=278038.32..278038.32 rows=132513 width=4)',), ('                                                        ->  GroupAggregate  (cost=0.43..276713.19 rows=132513 width=4)',), ('                                                              Group Key: lineitem_1.l_orderkey',), ("                                                              Filter: (sum(lineitem_1.l_quantity) > '312'::numeric)",), ('                                                              ->  Index Scan using l_ok on lineitem lineitem_1  (cost=0.43..240744.27 rows=6001165 width=9)',), ('                                            ->  Parallel Hash  (cost=4210.00..4210.00 rows=62500 width=23)',), ('                                                  ->  Parallel Seq Scan on customer  (cost=0.00..4210.00 rows=62500 width=23)',), ('                                      ->  Index Scan using l_ok on lineitem  (cost=0.43..1.02 rows=15 width=9)',), ('                                            Index Cond: (l_orderkey = orders.o_orderkey)',), ('JIT:',), ('  Functions: 35',), ('  Options: Inlining true, Optimization true, Expressions true, Deforming true',)]
                    Now let us think step by step and give me your scoring of all the candidate knobs in json format:
                    {
                        "knob_name": {score}    // fill "score" with a number between 0 and 1
                    }
                    If no knobs are suggested, just fill "knob_list" with "None" and also return result in json format. 

[2025-04-18 21:20:31,071 INFO] [knob_selection.py:select_on_query_level:143] select_on_query_level - 0th query, 0th response: {'DateStyle': 0, 'IntervalStyle': 0, 'TimeZone': 0, 'allow_in_place_tablespaces': 0, 'allow_system_table_mods': 0, 'application_name': 0, 'archive_cleanup_command': 0, 'archive_command': 0, 'archive_mode': 0, 'archive_timeout': 0, 'array_nulls': 0, 'authentication_timeout': 0, 'autovacuum': 0.7, 'autovacuum_analyze_scale_factor': 0.5, 'autovacuum_analyze_threshold': 0.5, 'autovacuum_freeze_max_age': 0.3, 'autovacuum_max_workers': 0.4, 'autovacuum_multixact_freeze_max_age': 0.3, 'autovacuum_naptime': 0.2, 'autovacuum_vacuum_cost_delay': 0.6, 'autovacuum_vacuum_cost_limit': 0.6, 'autovacuum_vacuum_insert_scale_factor': 0.5, 'autovacuum_vacuum_insert_threshold': 0.5, 'autovacuum_vacuum_scale_factor': 0.5, 'autovacuum_vacuum_threshold': 0.5, 'autovacuum_work_mem': 0.5, 'backend_flush_after': 0.3, 'backslash_quote': 0, 'backtrace_functions': 0, 'bgwriter_delay': 0.4}
[2025-04-18 21:20:31,076 INFO] [knob_selection.py:select_on_query_level:141] select_on_query_level - 30th query, 0th prompt: 
                    You are an experienced DBA and your will determine which knobs are worth tuning. You only tune knobs that have a significant impact on DBMS performance and the target DBMS is postgres. Which knobs are important heavily depends on the query plan because different query plans result in different performance bottlenecks.Given SQL and its QUERY PLAN from 'EXPLAIN', analyze and suggest which knobs should be tuned to improve the performance of this SQL.  Given the following candidate knobs, score the importance for each knob between 0 and 1, with a higher value indicating that it is more likey to impact postgres performance significantly. 
                    Candidate knobs: ['DateStyle', 'IntervalStyle', 'TimeZone', 'allow_in_place_tablespaces', 'allow_system_table_mods', 'application_name', 'archive_cleanup_command', 'archive_command', 'archive_mode', 'archive_timeout', 'array_nulls', 'authentication_timeout', 'autovacuum', 'autovacuum_analyze_scale_factor', 'autovacuum_analyze_threshold', 'autovacuum_freeze_max_age', 'autovacuum_max_workers', 'autovacuum_multixact_freeze_max_age', 'autovacuum_naptime', 'autovacuum_vacuum_cost_delay', 'autovacuum_vacuum_cost_limit', 'autovacuum_vacuum_insert_scale_factor', 'autovacuum_vacuum_insert_threshold', 'autovacuum_vacuum_scale_factor', 'autovacuum_vacuum_threshold', 'autovacuum_work_mem', 'backend_flush_after', 'backslash_quote', 'backtrace_functions', 'bgwriter_delay']
                    DBMS: postgres;
                    SQL:select
	c_name,
	c_custkey,
	o_orderkey,
	o_orderdate,
	o_totalprice,
	sum(l_quantity)
from
	customer,
	orders,
	lineitem
where
	o_orderkey in (
		select
			l_orderkey
		from
			lineitem
		group by
			l_orderkey having
				sum(l_quantity) > 312
	)
	and c_custkey = o_custkey
	and o_orderkey = l_orderkey
group by
	c_name,
	c_custkey,
	o_orderkey,
	o_orderdate,
	o_totalprice
order by
	o_totalprice desc,
	o_orderdate
limit 100
                    QUERY PLAN:[('Limit  (cost=506482.40..506482.65 rows=100 width=71)',), ('  ->  Sort  (cost=506482.40..507807.78 rows=530155 width=71)',), ('        Sort Key: orders.o_totalprice DESC, orders.o_orderdate',), ('        ->  Finalize GroupAggregate  (cost=419210.93..486220.25 rows=530155 width=71)',), ('              Group Key: customer.c_custkey, orders.o_orderkey',), ('              ->  Gather Merge  (cost=419210.93..475175.36 rows=441796 width=71)',), ('                    Workers Planned: 2',), ('                    ->  Partial GroupAggregate  (cost=418210.91..423181.11 rows=220898 width=71)',), ('                          Group Key: customer.c_custkey, orders.o_orderkey',), ('                          ->  Sort  (cost=418210.91..418763.15 rows=220898 width=44)',), ('                                Sort Key: customer.c_custkey, orders.o_orderkey',), ('                                ->  Nested Loop  (cost=285204.42..391805.87 rows=220898 width=44)',), ('                                      ->  Parallel Hash Join  (cost=285203.99..327178.55 rows=55214 width=43)',), ('                                            Hash Cond: (orders.o_custkey = customer.c_custkey)',), ('                                            ->  Hash Join  (cost=280212.74..322042.36 rows=55214 width=24)',), ('                                                  Hash Cond: (orders.o_orderkey = lineitem_1.l_orderkey)',), ('                                                  ->  Parallel Seq Scan on orders  (cost=0.00..32345.00 rows=625000 width=20)',), ('                                                  ->  Hash  (cost=278038.32..278038.32 rows=132513 width=4)',), ('                                                        ->  GroupAggregate  (cost=0.43..276713.19 rows=132513 width=4)',), ('                                                              Group Key: lineitem_1.l_orderkey',), ("                                                              Filter: (sum(lineitem_1.l_quantity) > '312'::numeric)",), ('                                                              ->  Index Scan using l_ok on lineitem lineitem_1  (cost=0.43..240744.27 rows=6001165 width=9)',), ('                                            ->  Parallel Hash  (cost=4210.00..4210.00 rows=62500 width=23)',), ('                                                  ->  Parallel Seq Scan on customer  (cost=0.00..4210.00 rows=62500 width=23)',), ('                                      ->  Index Scan using l_ok on lineitem  (cost=0.43..1.02 rows=15 width=9)',), ('                                            Index Cond: (l_orderkey = orders.o_orderkey)',), ('JIT:',), ('  Functions: 35',), ('  Options: Inlining true, Optimization true, Expressions true, Deforming true',)]
                    Now let us think step by step and give me your scoring of all the candidate knobs in json format:
                    {
                        "knob_name": {score}    // fill "score" with a number between 0 and 1
                    }
                    If no knobs are suggested, just fill "knob_list" with "None" and also return result in json format. 

[2025-04-18 21:20:33,836 INFO] [knob_selection.py:select_on_query_level:143] select_on_query_level - 30th query, 0th response: {'DateStyle': 0, 'IntervalStyle': 0, 'TimeZone': 0, 'allow_in_place_tablespaces': 0, 'allow_system_table_mods': 0, 'application_name': 0, 'archive_cleanup_command': 0, 'archive_command': 0, 'archive_mode': 0, 'archive_timeout': 0, 'array_nulls': 0, 'authentication_timeout': 0, 'autovacuum': 0.5, 'autovacuum_analyze_scale_factor': 0.5, 'autovacuum_analyze_threshold': 0.5, 'autovacuum_freeze_max_age': 0, 'autovacuum_max_workers': 0.5, 'autovacuum_multixact_freeze_max_age': 0, 'autovacuum_naptime': 0.5, 'autovacuum_vacuum_cost_delay': 0.5, 'autovacuum_vacuum_cost_limit': 0.5, 'autovacuum_vacuum_insert_scale_factor': 0.5, 'autovacuum_vacuum_insert_threshold': 0.5, 'autovacuum_vacuum_scale_factor': 0.5, 'autovacuum_vacuum_threshold': 0.5, 'autovacuum_work_mem': 0.5, 'backend_flush_after': 0, 'backslash_quote': 0, 'backtrace_functions': 0, 'bgwriter_delay': 0.5}
[2025-04-18 21:20:33,841 INFO] [knob_selection.py:select_on_query_level:141] select_on_query_level - 60th query, 0th prompt: 
                    You are an experienced DBA and your will determine which knobs are worth tuning. You only tune knobs that have a significant impact on DBMS performance and the target DBMS is postgres. Which knobs are important heavily depends on the query plan because different query plans result in different performance bottlenecks.Given SQL and its QUERY PLAN from 'EXPLAIN', analyze and suggest which knobs should be tuned to improve the performance of this SQL.  Given the following candidate knobs, score the importance for each knob between 0 and 1, with a higher value indicating that it is more likey to impact postgres performance significantly. 
                    Candidate knobs: ['DateStyle', 'IntervalStyle', 'TimeZone', 'allow_in_place_tablespaces', 'allow_system_table_mods', 'application_name', 'archive_cleanup_command', 'archive_command', 'archive_mode', 'archive_timeout', 'array_nulls', 'authentication_timeout', 'autovacuum', 'autovacuum_analyze_scale_factor', 'autovacuum_analyze_threshold', 'autovacuum_freeze_max_age', 'autovacuum_max_workers', 'autovacuum_multixact_freeze_max_age', 'autovacuum_naptime', 'autovacuum_vacuum_cost_delay', 'autovacuum_vacuum_cost_limit', 'autovacuum_vacuum_insert_scale_factor', 'autovacuum_vacuum_insert_threshold', 'autovacuum_vacuum_scale_factor', 'autovacuum_vacuum_threshold', 'autovacuum_work_mem', 'backend_flush_after', 'backslash_quote', 'backtrace_functions', 'bgwriter_delay']
                    DBMS: postgres;
                    SQL:select
	c_name,
	c_custkey,
	o_orderkey,
	o_orderdate,
	o_totalprice,
	sum(l_quantity)
from
	customer,
	orders,
	lineitem
where
	o_orderkey in (
		select
			l_orderkey
		from
			lineitem
		group by
			l_orderkey having
				sum(l_quantity) > 312
	)
	and c_custkey = o_custkey
	and o_orderkey = l_orderkey
group by
	c_name,
	c_custkey,
	o_orderkey,
	o_orderdate,
	o_totalprice
order by
	o_totalprice desc,
	o_orderdate
limit 100
                    QUERY PLAN:[('Limit  (cost=506482.40..506482.65 rows=100 width=71)',), ('  ->  Sort  (cost=506482.40..507807.78 rows=530155 width=71)',), ('        Sort Key: orders.o_totalprice DESC, orders.o_orderdate',), ('        ->  Finalize GroupAggregate  (cost=419210.93..486220.25 rows=530155 width=71)',), ('              Group Key: customer.c_custkey, orders.o_orderkey',), ('              ->  Gather Merge  (cost=419210.93..475175.36 rows=441796 width=71)',), ('                    Workers Planned: 2',), ('                    ->  Partial GroupAggregate  (cost=418210.91..423181.11 rows=220898 width=71)',), ('                          Group Key: customer.c_custkey, orders.o_orderkey',), ('                          ->  Sort  (cost=418210.91..418763.15 rows=220898 width=44)',), ('                                Sort Key: customer.c_custkey, orders.o_orderkey',), ('                                ->  Nested Loop  (cost=285204.42..391805.87 rows=220898 width=44)',), ('                                      ->  Parallel Hash Join  (cost=285203.99..327178.55 rows=55214 width=43)',), ('                                            Hash Cond: (orders.o_custkey = customer.c_custkey)',), ('                                            ->  Hash Join  (cost=280212.74..322042.36 rows=55214 width=24)',), ('                                                  Hash Cond: (orders.o_orderkey = lineitem_1.l_orderkey)',), ('                                                  ->  Parallel Seq Scan on orders  (cost=0.00..32345.00 rows=625000 width=20)',), ('                                                  ->  Hash  (cost=278038.32..278038.32 rows=132513 width=4)',), ('                                                        ->  GroupAggregate  (cost=0.43..276713.19 rows=132513 width=4)',), ('                                                              Group Key: lineitem_1.l_orderkey',), ("                                                              Filter: (sum(lineitem_1.l_quantity) > '312'::numeric)",), ('                                                              ->  Index Scan using l_ok on lineitem lineitem_1  (cost=0.43..240744.27 rows=6001165 width=9)',), ('                                            ->  Parallel Hash  (cost=4210.00..4210.00 rows=62500 width=23)',), ('                                                  ->  Parallel Seq Scan on customer  (cost=0.00..4210.00 rows=62500 width=23)',), ('                                      ->  Index Scan using l_ok on lineitem  (cost=0.43..1.02 rows=15 width=9)',), ('                                            Index Cond: (l_orderkey = orders.o_orderkey)',), ('JIT:',), ('  Functions: 35',), ('  Options: Inlining true, Optimization true, Expressions true, Deforming true',)]
                    Now let us think step by step and give me your scoring of all the candidate knobs in json format:
                    {
                        "knob_name": {score}    // fill "score" with a number between 0 and 1
                    }
                    If no knobs are suggested, just fill "knob_list" with "None" and also return result in json format. 

[2025-04-18 21:20:38,649 INFO] [knob_selection.py:select_on_query_level:143] select_on_query_level - 60th query, 0th response: {'DateStyle': 0, 'IntervalStyle': 0, 'TimeZone': 0, 'allow_in_place_tablespaces': 0, 'allow_system_table_mods': 0, 'application_name': 0, 'archive_cleanup_command': 0, 'archive_command': 0, 'archive_mode': 0, 'archive_timeout': 0, 'array_nulls': 0, 'authentication_timeout': 0, 'autovacuum': 0.7, 'autovacuum_analyze_scale_factor': 0.6, 'autovacuum_analyze_threshold': 0.6, 'autovacuum_freeze_max_age': 0.5, 'autovacuum_max_workers': 0.7, 'autovacuum_multixact_freeze_max_age': 0.5, 'autovacuum_naptime': 0.5, 'autovacuum_vacuum_cost_delay': 0.5, 'autovacuum_vacuum_cost_limit': 0.5, 'autovacuum_vacuum_insert_scale_factor': 0.6, 'autovacuum_vacuum_insert_threshold': 0.6, 'autovacuum_vacuum_scale_factor': 0.6, 'autovacuum_vacuum_threshold': 0.6, 'autovacuum_work_mem': 0.5, 'backend_flush_after': 0.4, 'backslash_quote': 0, 'backtrace_functions': 0, 'bgwriter_delay': 0.5}
[2025-04-18 21:20:38,654 INFO] [knob_selection.py:select_on_query_level:141] select_on_query_level - 90th query, 0th prompt: 
                    You are an experienced DBA and your will determine which knobs are worth tuning. You only tune knobs that have a significant impact on DBMS performance and the target DBMS is postgres. Which knobs are important heavily depends on the query plan because different query plans result in different performance bottlenecks.Given SQL and its QUERY PLAN from 'EXPLAIN', analyze and suggest which knobs should be tuned to improve the performance of this SQL.  Given the following candidate knobs, score the importance for each knob between 0 and 1, with a higher value indicating that it is more likey to impact postgres performance significantly. 
                    Candidate knobs: ['DateStyle', 'IntervalStyle', 'TimeZone', 'allow_in_place_tablespaces', 'allow_system_table_mods', 'application_name', 'archive_cleanup_command', 'archive_command', 'archive_mode', 'archive_timeout', 'array_nulls', 'authentication_timeout', 'autovacuum', 'autovacuum_analyze_scale_factor', 'autovacuum_analyze_threshold', 'autovacuum_freeze_max_age', 'autovacuum_max_workers', 'autovacuum_multixact_freeze_max_age', 'autovacuum_naptime', 'autovacuum_vacuum_cost_delay', 'autovacuum_vacuum_cost_limit', 'autovacuum_vacuum_insert_scale_factor', 'autovacuum_vacuum_insert_threshold', 'autovacuum_vacuum_scale_factor', 'autovacuum_vacuum_threshold', 'autovacuum_work_mem', 'backend_flush_after', 'backslash_quote', 'backtrace_functions', 'bgwriter_delay']
                    DBMS: postgres;
                    SQL:select
	c_name,
	c_custkey,
	o_orderkey,
	o_orderdate,
	o_totalprice,
	sum(l_quantity)
from
	customer,
	orders,
	lineitem
where
	o_orderkey in (
		select
			l_orderkey
		from
			lineitem
		group by
			l_orderkey having
				sum(l_quantity) > 312
	)
	and c_custkey = o_custkey
	and o_orderkey = l_orderkey
group by
	c_name,
	c_custkey,
	o_orderkey,
	o_orderdate,
	o_totalprice
order by
	o_totalprice desc,
	o_orderdate
limit 100
                    QUERY PLAN:[('Limit  (cost=506482.40..506482.65 rows=100 width=71)',), ('  ->  Sort  (cost=506482.40..507807.78 rows=530155 width=71)',), ('        Sort Key: orders.o_totalprice DESC, orders.o_orderdate',), ('        ->  Finalize GroupAggregate  (cost=419210.93..486220.25 rows=530155 width=71)',), ('              Group Key: customer.c_custkey, orders.o_orderkey',), ('              ->  Gather Merge  (cost=419210.93..475175.36 rows=441796 width=71)',), ('                    Workers Planned: 2',), ('                    ->  Partial GroupAggregate  (cost=418210.91..423181.11 rows=220898 width=71)',), ('                          Group Key: customer.c_custkey, orders.o_orderkey',), ('                          ->  Sort  (cost=418210.91..418763.15 rows=220898 width=44)',), ('                                Sort Key: customer.c_custkey, orders.o_orderkey',), ('                                ->  Nested Loop  (cost=285204.42..391805.87 rows=220898 width=44)',), ('                                      ->  Parallel Hash Join  (cost=285203.99..327178.55 rows=55214 width=43)',), ('                                            Hash Cond: (orders.o_custkey = customer.c_custkey)',), ('                                            ->  Hash Join  (cost=280212.74..322042.36 rows=55214 width=24)',), ('                                                  Hash Cond: (orders.o_orderkey = lineitem_1.l_orderkey)',), ('                                                  ->  Parallel Seq Scan on orders  (cost=0.00..32345.00 rows=625000 width=20)',), ('                                                  ->  Hash  (cost=278038.32..278038.32 rows=132513 width=4)',), ('                                                        ->  GroupAggregate  (cost=0.43..276713.19 rows=132513 width=4)',), ('                                                              Group Key: lineitem_1.l_orderkey',), ("                                                              Filter: (sum(lineitem_1.l_quantity) > '312'::numeric)",), ('                                                              ->  Index Scan using l_ok on lineitem lineitem_1  (cost=0.43..240744.27 rows=6001165 width=9)',), ('                                            ->  Parallel Hash  (cost=4210.00..4210.00 rows=62500 width=23)',), ('                                                  ->  Parallel Seq Scan on customer  (cost=0.00..4210.00 rows=62500 width=23)',), ('                                      ->  Index Scan using l_ok on lineitem  (cost=0.43..1.02 rows=15 width=9)',), ('                                            Index Cond: (l_orderkey = orders.o_orderkey)',), ('JIT:',), ('  Functions: 35',), ('  Options: Inlining true, Optimization true, Expressions true, Deforming true',)]
                    Now let us think step by step and give me your scoring of all the candidate knobs in json format:
                    {
                        "knob_name": {score}    // fill "score" with a number between 0 and 1
                    }
                    If no knobs are suggested, just fill "knob_list" with "None" and also return result in json format. 

[2025-04-18 21:20:41,669 INFO] [knob_selection.py:select_on_query_level:143] select_on_query_level - 90th query, 0th response: {'DateStyle': 0, 'IntervalStyle': 0, 'TimeZone': 0, 'allow_in_place_tablespaces': 0, 'allow_system_table_mods': 0, 'application_name': 0, 'archive_cleanup_command': 0, 'archive_command': 0, 'archive_mode': 0, 'archive_timeout': 0, 'array_nulls': 0, 'authentication_timeout': 0, 'autovacuum': 0.5, 'autovacuum_analyze_scale_factor': 0.3, 'autovacuum_analyze_threshold': 0.3, 'autovacuum_freeze_max_age': 0.2, 'autovacuum_max_workers': 0.4, 'autovacuum_multixact_freeze_max_age': 0.2, 'autovacuum_naptime': 0.3, 'autovacuum_vacuum_cost_delay': 0.3, 'autovacuum_vacuum_cost_limit': 0.3, 'autovacuum_vacuum_insert_scale_factor': 0.3, 'autovacuum_vacuum_insert_threshold': 0.3, 'autovacuum_vacuum_scale_factor': 0.3, 'autovacuum_vacuum_threshold': 0.3, 'autovacuum_work_mem': 0.4, 'backend_flush_after': 0.3, 'backslash_quote': 0, 'backtrace_functions': 0, 'bgwriter_delay': 0.4}
[2025-04-18 21:20:41,676 INFO] [knob_selection.py:select_on_query_level:141] select_on_query_level - 120th query, 0th prompt: 
                    You are an experienced DBA and your will determine which knobs are worth tuning. You only tune knobs that have a significant impact on DBMS performance and the target DBMS is postgres. Which knobs are important heavily depends on the query plan because different query plans result in different performance bottlenecks.Given SQL and its QUERY PLAN from 'EXPLAIN', analyze and suggest which knobs should be tuned to improve the performance of this SQL.  Given the following candidate knobs, score the importance for each knob between 0 and 1, with a higher value indicating that it is more likey to impact postgres performance significantly. 
                    Candidate knobs: ['DateStyle', 'IntervalStyle', 'TimeZone', 'allow_in_place_tablespaces', 'allow_system_table_mods', 'application_name', 'archive_cleanup_command', 'archive_command', 'archive_mode', 'archive_timeout', 'array_nulls', 'authentication_timeout', 'autovacuum', 'autovacuum_analyze_scale_factor', 'autovacuum_analyze_threshold', 'autovacuum_freeze_max_age', 'autovacuum_max_workers', 'autovacuum_multixact_freeze_max_age', 'autovacuum_naptime', 'autovacuum_vacuum_cost_delay', 'autovacuum_vacuum_cost_limit', 'autovacuum_vacuum_insert_scale_factor', 'autovacuum_vacuum_insert_threshold', 'autovacuum_vacuum_scale_factor', 'autovacuum_vacuum_threshold', 'autovacuum_work_mem', 'backend_flush_after', 'backslash_quote', 'backtrace_functions', 'bgwriter_delay']
                    DBMS: postgres;
                    SQL:select
	c_name,
	c_custkey,
	o_orderkey,
	o_orderdate,
	o_totalprice,
	sum(l_quantity)
from
	customer,
	orders,
	lineitem
where
	o_orderkey in (
		select
			l_orderkey
		from
			lineitem
		group by
			l_orderkey having
				sum(l_quantity) > 312
	)
	and c_custkey = o_custkey
	and o_orderkey = l_orderkey
group by
	c_name,
	c_custkey,
	o_orderkey,
	o_orderdate,
	o_totalprice
order by
	o_totalprice desc,
	o_orderdate
limit 100
                    QUERY PLAN:[('Limit  (cost=506482.40..506482.65 rows=100 width=71)',), ('  ->  Sort  (cost=506482.40..507807.78 rows=530155 width=71)',), ('        Sort Key: orders.o_totalprice DESC, orders.o_orderdate',), ('        ->  Finalize GroupAggregate  (cost=419210.93..486220.25 rows=530155 width=71)',), ('              Group Key: customer.c_custkey, orders.o_orderkey',), ('              ->  Gather Merge  (cost=419210.93..475175.36 rows=441796 width=71)',), ('                    Workers Planned: 2',), ('                    ->  Partial GroupAggregate  (cost=418210.91..423181.11 rows=220898 width=71)',), ('                          Group Key: customer.c_custkey, orders.o_orderkey',), ('                          ->  Sort  (cost=418210.91..418763.15 rows=220898 width=44)',), ('                                Sort Key: customer.c_custkey, orders.o_orderkey',), ('                                ->  Nested Loop  (cost=285204.42..391805.87 rows=220898 width=44)',), ('                                      ->  Parallel Hash Join  (cost=285203.99..327178.55 rows=55214 width=43)',), ('                                            Hash Cond: (orders.o_custkey = customer.c_custkey)',), ('                                            ->  Hash Join  (cost=280212.74..322042.36 rows=55214 width=24)',), ('                                                  Hash Cond: (orders.o_orderkey = lineitem_1.l_orderkey)',), ('                                                  ->  Parallel Seq Scan on orders  (cost=0.00..32345.00 rows=625000 width=20)',), ('                                                  ->  Hash  (cost=278038.32..278038.32 rows=132513 width=4)',), ('                                                        ->  GroupAggregate  (cost=0.43..276713.19 rows=132513 width=4)',), ('                                                              Group Key: lineitem_1.l_orderkey',), ("                                                              Filter: (sum(lineitem_1.l_quantity) > '312'::numeric)",), ('                                                              ->  Index Scan using l_ok on lineitem lineitem_1  (cost=0.43..240744.27 rows=6001165 width=9)',), ('                                            ->  Parallel Hash  (cost=4210.00..4210.00 rows=62500 width=23)',), ('                                                  ->  Parallel Seq Scan on customer  (cost=0.00..4210.00 rows=62500 width=23)',), ('                                      ->  Index Scan using l_ok on lineitem  (cost=0.43..1.02 rows=15 width=9)',), ('                                            Index Cond: (l_orderkey = orders.o_orderkey)',), ('JIT:',), ('  Functions: 35',), ('  Options: Inlining true, Optimization true, Expressions true, Deforming true',)]
                    Now let us think step by step and give me your scoring of all the candidate knobs in json format:
                    {
                        "knob_name": {score}    // fill "score" with a number between 0 and 1
                    }
                    If no knobs are suggested, just fill "knob_list" with "None" and also return result in json format. 

[2025-04-18 21:20:44,650 INFO] [knob_selection.py:select_on_query_level:143] select_on_query_level - 120th query, 0th response: {'DateStyle': 0, 'IntervalStyle': 0, 'TimeZone': 0, 'allow_in_place_tablespaces': 0, 'allow_system_table_mods': 0, 'application_name': 0, 'archive_cleanup_command': 0, 'archive_command': 0, 'archive_mode': 0, 'archive_timeout': 0, 'array_nulls': 0, 'authentication_timeout': 0, 'autovacuum': 0.2, 'autovacuum_analyze_scale_factor': 0.2, 'autovacuum_analyze_threshold': 0.2, 'autovacuum_freeze_max_age': 0, 'autovacuum_max_workers': 0.2, 'autovacuum_multixact_freeze_max_age': 0, 'autovacuum_naptime': 0.1, 'autovacuum_vacuum_cost_delay': 0.1, 'autovacuum_vacuum_cost_limit': 0.1, 'autovacuum_vacuum_insert_scale_factor': 0, 'autovacuum_vacuum_insert_threshold': 0, 'autovacuum_vacuum_scale_factor': 0.1, 'autovacuum_vacuum_threshold': 0.1, 'autovacuum_work_mem': 0.2, 'backend_flush_after': 0.1, 'backslash_quote': 0, 'backtrace_functions': 0, 'bgwriter_delay': 0.1}
[2025-04-18 21:20:44,655 INFO] [knob_selection.py:select_on_query_level:141] select_on_query_level - 150th query, 0th prompt: 
                    You are an experienced DBA and your will determine which knobs are worth tuning. You only tune knobs that have a significant impact on DBMS performance and the target DBMS is postgres. Which knobs are important heavily depends on the query plan because different query plans result in different performance bottlenecks.Given SQL and its QUERY PLAN from 'EXPLAIN', analyze and suggest which knobs should be tuned to improve the performance of this SQL.  Given the following candidate knobs, score the importance for each knob between 0 and 1, with a higher value indicating that it is more likey to impact postgres performance significantly. 
                    Candidate knobs: ['DateStyle', 'IntervalStyle', 'TimeZone', 'allow_in_place_tablespaces', 'allow_system_table_mods', 'application_name', 'archive_cleanup_command', 'archive_command', 'archive_mode', 'archive_timeout', 'array_nulls', 'authentication_timeout', 'autovacuum', 'autovacuum_analyze_scale_factor', 'autovacuum_analyze_threshold', 'autovacuum_freeze_max_age', 'autovacuum_max_workers', 'autovacuum_multixact_freeze_max_age', 'autovacuum_naptime', 'autovacuum_vacuum_cost_delay', 'autovacuum_vacuum_cost_limit', 'autovacuum_vacuum_insert_scale_factor', 'autovacuum_vacuum_insert_threshold', 'autovacuum_vacuum_scale_factor', 'autovacuum_vacuum_threshold', 'autovacuum_work_mem', 'backend_flush_after', 'backslash_quote', 'backtrace_functions', 'bgwriter_delay']
                    DBMS: postgres;
                    SQL:select
	c_name,
	c_custkey,
	o_orderkey,
	o_orderdate,
	o_totalprice,
	sum(l_quantity)
from
	customer,
	orders,
	lineitem
where
	o_orderkey in (
		select
			l_orderkey
		from
			lineitem
		group by
			l_orderkey having
				sum(l_quantity) > 312
	)
	and c_custkey = o_custkey
	and o_orderkey = l_orderkey
group by
	c_name,
	c_custkey,
	o_orderkey,
	o_orderdate,
	o_totalprice
order by
	o_totalprice desc,
	o_orderdate
limit 100
                    QUERY PLAN:[('Limit  (cost=506482.40..506482.65 rows=100 width=71)',), ('  ->  Sort  (cost=506482.40..507807.78 rows=530155 width=71)',), ('        Sort Key: orders.o_totalprice DESC, orders.o_orderdate',), ('        ->  Finalize GroupAggregate  (cost=419210.93..486220.25 rows=530155 width=71)',), ('              Group Key: customer.c_custkey, orders.o_orderkey',), ('              ->  Gather Merge  (cost=419210.93..475175.36 rows=441796 width=71)',), ('                    Workers Planned: 2',), ('                    ->  Partial GroupAggregate  (cost=418210.91..423181.11 rows=220898 width=71)',), ('                          Group Key: customer.c_custkey, orders.o_orderkey',), ('                          ->  Sort  (cost=418210.91..418763.15 rows=220898 width=44)',), ('                                Sort Key: customer.c_custkey, orders.o_orderkey',), ('                                ->  Nested Loop  (cost=285204.42..391805.87 rows=220898 width=44)',), ('                                      ->  Parallel Hash Join  (cost=285203.99..327178.55 rows=55214 width=43)',), ('                                            Hash Cond: (orders.o_custkey = customer.c_custkey)',), ('                                            ->  Hash Join  (cost=280212.74..322042.36 rows=55214 width=24)',), ('                                                  Hash Cond: (orders.o_orderkey = lineitem_1.l_orderkey)',), ('                                                  ->  Parallel Seq Scan on orders  (cost=0.00..32345.00 rows=625000 width=20)',), ('                                                  ->  Hash  (cost=278038.32..278038.32 rows=132513 width=4)',), ('                                                        ->  GroupAggregate  (cost=0.43..276713.19 rows=132513 width=4)',), ('                                                              Group Key: lineitem_1.l_orderkey',), ("                                                              Filter: (sum(lineitem_1.l_quantity) > '312'::numeric)",), ('                                                              ->  Index Scan using l_ok on lineitem lineitem_1  (cost=0.43..240744.27 rows=6001165 width=9)',), ('                                            ->  Parallel Hash  (cost=4210.00..4210.00 rows=62500 width=23)',), ('                                                  ->  Parallel Seq Scan on customer  (cost=0.00..4210.00 rows=62500 width=23)',), ('                                      ->  Index Scan using l_ok on lineitem  (cost=0.43..1.02 rows=15 width=9)',), ('                                            Index Cond: (l_orderkey = orders.o_orderkey)',), ('JIT:',), ('  Functions: 35',), ('  Options: Inlining true, Optimization true, Expressions true, Deforming true',)]
                    Now let us think step by step and give me your scoring of all the candidate knobs in json format:
                    {
                        "knob_name": {score}    // fill "score" with a number between 0 and 1
                    }
                    If no knobs are suggested, just fill "knob_list" with "None" and also return result in json format. 

[2025-04-18 21:20:47,554 INFO] [knob_selection.py:select_on_query_level:143] select_on_query_level - 150th query, 0th response: {'DateStyle': 0, 'IntervalStyle': 0, 'TimeZone': 0, 'allow_in_place_tablespaces': 0, 'allow_system_table_mods': 0, 'application_name': 0, 'archive_cleanup_command': 0, 'archive_command': 0, 'archive_mode': 0, 'archive_timeout': 0, 'array_nulls': 0, 'authentication_timeout': 0, 'autovacuum': 0.7, 'autovacuum_analyze_scale_factor': 0.3, 'autovacuum_analyze_threshold': 0.3, 'autovacuum_freeze_max_age': 0.2, 'autovacuum_max_workers': 0.5, 'autovacuum_multixact_freeze_max_age': 0.2, 'autovacuum_naptime': 0.2, 'autovacuum_vacuum_cost_delay': 0.3, 'autovacuum_vacuum_cost_limit': 0.3, 'autovacuum_vacuum_insert_scale_factor': 0.3, 'autovacuum_vacuum_insert_threshold': 0.3, 'autovacuum_vacuum_scale_factor': 0.3, 'autovacuum_vacuum_threshold': 0.3, 'autovacuum_work_mem': 0.4, 'backend_flush_after': 0.5, 'backslash_quote': 0, 'backtrace_functions': 0, 'bgwriter_delay': 0.6}
[2025-04-18 21:20:47,559 INFO] [knob_selection.py:select_on_query_level:141] select_on_query_level - 180th query, 0th prompt: 
                    You are an experienced DBA and your will determine which knobs are worth tuning. You only tune knobs that have a significant impact on DBMS performance and the target DBMS is postgres. Which knobs are important heavily depends on the query plan because different query plans result in different performance bottlenecks.Given SQL and its QUERY PLAN from 'EXPLAIN', analyze and suggest which knobs should be tuned to improve the performance of this SQL.  Given the following candidate knobs, score the importance for each knob between 0 and 1, with a higher value indicating that it is more likey to impact postgres performance significantly. 
                    Candidate knobs: ['DateStyle', 'IntervalStyle', 'TimeZone', 'allow_in_place_tablespaces', 'allow_system_table_mods', 'application_name', 'archive_cleanup_command', 'archive_command', 'archive_mode', 'archive_timeout', 'array_nulls', 'authentication_timeout', 'autovacuum', 'autovacuum_analyze_scale_factor', 'autovacuum_analyze_threshold', 'autovacuum_freeze_max_age', 'autovacuum_max_workers', 'autovacuum_multixact_freeze_max_age', 'autovacuum_naptime', 'autovacuum_vacuum_cost_delay', 'autovacuum_vacuum_cost_limit', 'autovacuum_vacuum_insert_scale_factor', 'autovacuum_vacuum_insert_threshold', 'autovacuum_vacuum_scale_factor', 'autovacuum_vacuum_threshold', 'autovacuum_work_mem', 'backend_flush_after', 'backslash_quote', 'backtrace_functions', 'bgwriter_delay']
                    DBMS: postgres;
                    SQL:select
	c_name,
	c_custkey,
	o_orderkey,
	o_orderdate,
	o_totalprice,
	sum(l_quantity)
from
	customer,
	orders,
	lineitem
where
	o_orderkey in (
		select
			l_orderkey
		from
			lineitem
		group by
			l_orderkey having
				sum(l_quantity) > 312
	)
	and c_custkey = o_custkey
	and o_orderkey = l_orderkey
group by
	c_name,
	c_custkey,
	o_orderkey,
	o_orderdate,
	o_totalprice
order by
	o_totalprice desc,
	o_orderdate
limit 100
                    QUERY PLAN:[('Limit  (cost=506482.40..506482.65 rows=100 width=71)',), ('  ->  Sort  (cost=506482.40..507807.78 rows=530155 width=71)',), ('        Sort Key: orders.o_totalprice DESC, orders.o_orderdate',), ('        ->  Finalize GroupAggregate  (cost=419210.93..486220.25 rows=530155 width=71)',), ('              Group Key: customer.c_custkey, orders.o_orderkey',), ('              ->  Gather Merge  (cost=419210.93..475175.36 rows=441796 width=71)',), ('                    Workers Planned: 2',), ('                    ->  Partial GroupAggregate  (cost=418210.91..423181.11 rows=220898 width=71)',), ('                          Group Key: customer.c_custkey, orders.o_orderkey',), ('                          ->  Sort  (cost=418210.91..418763.15 rows=220898 width=44)',), ('                                Sort Key: customer.c_custkey, orders.o_orderkey',), ('                                ->  Nested Loop  (cost=285204.42..391805.87 rows=220898 width=44)',), ('                                      ->  Parallel Hash Join  (cost=285203.99..327178.55 rows=55214 width=43)',), ('                                            Hash Cond: (orders.o_custkey = customer.c_custkey)',), ('                                            ->  Hash Join  (cost=280212.74..322042.36 rows=55214 width=24)',), ('                                                  Hash Cond: (orders.o_orderkey = lineitem_1.l_orderkey)',), ('                                                  ->  Parallel Seq Scan on orders  (cost=0.00..32345.00 rows=625000 width=20)',), ('                                                  ->  Hash  (cost=278038.32..278038.32 rows=132513 width=4)',), ('                                                        ->  GroupAggregate  (cost=0.43..276713.19 rows=132513 width=4)',), ('                                                              Group Key: lineitem_1.l_orderkey',), ("                                                              Filter: (sum(lineitem_1.l_quantity) > '312'::numeric)",), ('                                                              ->  Index Scan using l_ok on lineitem lineitem_1  (cost=0.43..240744.27 rows=6001165 width=9)',), ('                                            ->  Parallel Hash  (cost=4210.00..4210.00 rows=62500 width=23)',), ('                                                  ->  Parallel Seq Scan on customer  (cost=0.00..4210.00 rows=62500 width=23)',), ('                                      ->  Index Scan using l_ok on lineitem  (cost=0.43..1.02 rows=15 width=9)',), ('                                            Index Cond: (l_orderkey = orders.o_orderkey)',), ('JIT:',), ('  Functions: 35',), ('  Options: Inlining true, Optimization true, Expressions true, Deforming true',)]
                    Now let us think step by step and give me your scoring of all the candidate knobs in json format:
                    {
                        "knob_name": {score}    // fill "score" with a number between 0 and 1
                    }
                    If no knobs are suggested, just fill "knob_list" with "None" and also return result in json format. 

[2025-04-18 21:20:50,528 INFO] [knob_selection.py:select_on_query_level:143] select_on_query_level - 180th query, 0th response: {'DateStyle': 0, 'IntervalStyle': 0, 'TimeZone': 0, 'allow_in_place_tablespaces': 0, 'allow_system_table_mods': 0, 'application_name': 0, 'archive_cleanup_command': 0, 'archive_command': 0, 'archive_mode': 0, 'archive_timeout': 0, 'array_nulls': 0, 'authentication_timeout': 0, 'autovacuum': 0.5, 'autovacuum_analyze_scale_factor': 0.5, 'autovacuum_analyze_threshold': 0.5, 'autovacuum_freeze_max_age': 0, 'autovacuum_max_workers': 0.5, 'autovacuum_multixact_freeze_max_age': 0, 'autovacuum_naptime': 0.5, 'autovacuum_vacuum_cost_delay': 0.5, 'autovacuum_vacuum_cost_limit': 0.5, 'autovacuum_vacuum_insert_scale_factor': 0, 'autovacuum_vacuum_insert_threshold': 0, 'autovacuum_vacuum_scale_factor': 0.5, 'autovacuum_vacuum_threshold': 0.5, 'autovacuum_work_mem': 0.5, 'backend_flush_after': 0.5, 'backslash_quote': 0, 'backtrace_functions': 0, 'bgwriter_delay': 0.5}
[2025-04-18 21:20:50,535 INFO] [knob_selection.py:select_on_query_level:141] select_on_query_level - 210th query, 0th prompt: 
                    You are an experienced DBA and your will determine which knobs are worth tuning. You only tune knobs that have a significant impact on DBMS performance and the target DBMS is postgres. Which knobs are important heavily depends on the query plan because different query plans result in different performance bottlenecks.Given SQL and its QUERY PLAN from 'EXPLAIN', analyze and suggest which knobs should be tuned to improve the performance of this SQL.  Given the following candidate knobs, score the importance for each knob between 0 and 1, with a higher value indicating that it is more likey to impact postgres performance significantly. 
                    Candidate knobs: ['DateStyle', 'IntervalStyle', 'TimeZone', 'allow_in_place_tablespaces', 'allow_system_table_mods', 'application_name', 'archive_cleanup_command', 'archive_command', 'archive_mode', 'archive_timeout', 'array_nulls', 'authentication_timeout', 'autovacuum', 'autovacuum_analyze_scale_factor', 'autovacuum_analyze_threshold', 'autovacuum_freeze_max_age', 'autovacuum_max_workers', 'autovacuum_multixact_freeze_max_age', 'autovacuum_naptime', 'autovacuum_vacuum_cost_delay', 'autovacuum_vacuum_cost_limit', 'autovacuum_vacuum_insert_scale_factor', 'autovacuum_vacuum_insert_threshold', 'autovacuum_vacuum_scale_factor', 'autovacuum_vacuum_threshold', 'autovacuum_work_mem', 'backend_flush_after', 'backslash_quote', 'backtrace_functions', 'bgwriter_delay']
                    DBMS: postgres;
                    SQL:select
	c_name,
	c_custkey,
	o_orderkey,
	o_orderdate,
	o_totalprice,
	sum(l_quantity)
from
	customer,
	orders,
	lineitem
where
	o_orderkey in (
		select
			l_orderkey
		from
			lineitem
		group by
			l_orderkey having
				sum(l_quantity) > 312
	)
	and c_custkey = o_custkey
	and o_orderkey = l_orderkey
group by
	c_name,
	c_custkey,
	o_orderkey,
	o_orderdate,
	o_totalprice
order by
	o_totalprice desc,
	o_orderdate
limit 100
                    QUERY PLAN:[('Limit  (cost=506482.40..506482.65 rows=100 width=71)',), ('  ->  Sort  (cost=506482.40..507807.78 rows=530155 width=71)',), ('        Sort Key: orders.o_totalprice DESC, orders.o_orderdate',), ('        ->  Finalize GroupAggregate  (cost=419210.93..486220.25 rows=530155 width=71)',), ('              Group Key: customer.c_custkey, orders.o_orderkey',), ('              ->  Gather Merge  (cost=419210.93..475175.36 rows=441796 width=71)',), ('                    Workers Planned: 2',), ('                    ->  Partial GroupAggregate  (cost=418210.91..423181.11 rows=220898 width=71)',), ('                          Group Key: customer.c_custkey, orders.o_orderkey',), ('                          ->  Sort  (cost=418210.91..418763.15 rows=220898 width=44)',), ('                                Sort Key: customer.c_custkey, orders.o_orderkey',), ('                                ->  Nested Loop  (cost=285204.42..391805.87 rows=220898 width=44)',), ('                                      ->  Parallel Hash Join  (cost=285203.99..327178.55 rows=55214 width=43)',), ('                                            Hash Cond: (orders.o_custkey = customer.c_custkey)',), ('                                            ->  Hash Join  (cost=280212.74..322042.36 rows=55214 width=24)',), ('                                                  Hash Cond: (orders.o_orderkey = lineitem_1.l_orderkey)',), ('                                                  ->  Parallel Seq Scan on orders  (cost=0.00..32345.00 rows=625000 width=20)',), ('                                                  ->  Hash  (cost=278038.32..278038.32 rows=132513 width=4)',), ('                                                        ->  GroupAggregate  (cost=0.43..276713.19 rows=132513 width=4)',), ('                                                              Group Key: lineitem_1.l_orderkey',), ("                                                              Filter: (sum(lineitem_1.l_quantity) > '312'::numeric)",), ('                                                              ->  Index Scan using l_ok on lineitem lineitem_1  (cost=0.43..240744.27 rows=6001165 width=9)',), ('                                            ->  Parallel Hash  (cost=4210.00..4210.00 rows=62500 width=23)',), ('                                                  ->  Parallel Seq Scan on customer  (cost=0.00..4210.00 rows=62500 width=23)',), ('                                      ->  Index Scan using l_ok on lineitem  (cost=0.43..1.02 rows=15 width=9)',), ('                                            Index Cond: (l_orderkey = orders.o_orderkey)',), ('JIT:',), ('  Functions: 35',), ('  Options: Inlining true, Optimization true, Expressions true, Deforming true',)]
                    Now let us think step by step and give me your scoring of all the candidate knobs in json format:
                    {
                        "knob_name": {score}    // fill "score" with a number between 0 and 1
                    }
                    If no knobs are suggested, just fill "knob_list" with "None" and also return result in json format. 

[2025-04-18 21:20:53,292 INFO] [knob_selection.py:select_on_query_level:143] select_on_query_level - 210th query, 0th response: {'DateStyle': 0, 'IntervalStyle': 0, 'TimeZone': 0, 'allow_in_place_tablespaces': 0, 'allow_system_table_mods': 0, 'application_name': 0, 'archive_cleanup_command': 0, 'archive_command': 0, 'archive_mode': 0, 'archive_timeout': 0, 'array_nulls': 0, 'authentication_timeout': 0, 'autovacuum': 0.3, 'autovacuum_analyze_scale_factor': 0.3, 'autovacuum_analyze_threshold': 0.3, 'autovacuum_freeze_max_age': 0.3, 'autovacuum_max_workers': 0.3, 'autovacuum_multixact_freeze_max_age': 0.3, 'autovacuum_naptime': 0.3, 'autovacuum_vacuum_cost_delay': 0.3, 'autovacuum_vacuum_cost_limit': 0.3, 'autovacuum_vacuum_insert_scale_factor': 0.3, 'autovacuum_vacuum_insert_threshold': 0.3, 'autovacuum_vacuum_scale_factor': 0.3, 'autovacuum_vacuum_threshold': 0.3, 'autovacuum_work_mem': 0.3, 'backend_flush_after': 0.2, 'backslash_quote': 0, 'backtrace_functions': 0, 'bgwriter_delay': 0.4}
[2025-04-18 21:20:53,297 INFO] [knob_selection.py:select_on_query_level:141] select_on_query_level - 240th query, 0th prompt: 
                    You are an experienced DBA and your will determine which knobs are worth tuning. You only tune knobs that have a significant impact on DBMS performance and the target DBMS is postgres. Which knobs are important heavily depends on the query plan because different query plans result in different performance bottlenecks.Given SQL and its QUERY PLAN from 'EXPLAIN', analyze and suggest which knobs should be tuned to improve the performance of this SQL.  Given the following candidate knobs, score the importance for each knob between 0 and 1, with a higher value indicating that it is more likey to impact postgres performance significantly. 
                    Candidate knobs: ['DateStyle', 'IntervalStyle', 'TimeZone', 'allow_in_place_tablespaces', 'allow_system_table_mods', 'application_name', 'archive_cleanup_command', 'archive_command', 'archive_mode', 'archive_timeout', 'array_nulls', 'authentication_timeout', 'autovacuum', 'autovacuum_analyze_scale_factor', 'autovacuum_analyze_threshold', 'autovacuum_freeze_max_age', 'autovacuum_max_workers', 'autovacuum_multixact_freeze_max_age', 'autovacuum_naptime', 'autovacuum_vacuum_cost_delay', 'autovacuum_vacuum_cost_limit', 'autovacuum_vacuum_insert_scale_factor', 'autovacuum_vacuum_insert_threshold', 'autovacuum_vacuum_scale_factor', 'autovacuum_vacuum_threshold', 'autovacuum_work_mem', 'backend_flush_after', 'backslash_quote', 'backtrace_functions', 'bgwriter_delay']
                    DBMS: postgres;
                    SQL:select
	c_name,
	c_custkey,
	o_orderkey,
	o_orderdate,
	o_totalprice,
	sum(l_quantity)
from
	customer,
	orders,
	lineitem
where
	o_orderkey in (
		select
			l_orderkey
		from
			lineitem
		group by
			l_orderkey having
				sum(l_quantity) > 312
	)
	and c_custkey = o_custkey
	and o_orderkey = l_orderkey
group by
	c_name,
	c_custkey,
	o_orderkey,
	o_orderdate,
	o_totalprice
order by
	o_totalprice desc,
	o_orderdate
limit 100
                    QUERY PLAN:[('Limit  (cost=506482.40..506482.65 rows=100 width=71)',), ('  ->  Sort  (cost=506482.40..507807.78 rows=530155 width=71)',), ('        Sort Key: orders.o_totalprice DESC, orders.o_orderdate',), ('        ->  Finalize GroupAggregate  (cost=419210.93..486220.25 rows=530155 width=71)',), ('              Group Key: customer.c_custkey, orders.o_orderkey',), ('              ->  Gather Merge  (cost=419210.93..475175.36 rows=441796 width=71)',), ('                    Workers Planned: 2',), ('                    ->  Partial GroupAggregate  (cost=418210.91..423181.11 rows=220898 width=71)',), ('                          Group Key: customer.c_custkey, orders.o_orderkey',), ('                          ->  Sort  (cost=418210.91..418763.15 rows=220898 width=44)',), ('                                Sort Key: customer.c_custkey, orders.o_orderkey',), ('                                ->  Nested Loop  (cost=285204.42..391805.87 rows=220898 width=44)',), ('                                      ->  Parallel Hash Join  (cost=285203.99..327178.55 rows=55214 width=43)',), ('                                            Hash Cond: (orders.o_custkey = customer.c_custkey)',), ('                                            ->  Hash Join  (cost=280212.74..322042.36 rows=55214 width=24)',), ('                                                  Hash Cond: (orders.o_orderkey = lineitem_1.l_orderkey)',), ('                                                  ->  Parallel Seq Scan on orders  (cost=0.00..32345.00 rows=625000 width=20)',), ('                                                  ->  Hash  (cost=278038.32..278038.32 rows=132513 width=4)',), ('                                                        ->  GroupAggregate  (cost=0.43..276713.19 rows=132513 width=4)',), ('                                                              Group Key: lineitem_1.l_orderkey',), ("                                                              Filter: (sum(lineitem_1.l_quantity) > '312'::numeric)",), ('                                                              ->  Index Scan using l_ok on lineitem lineitem_1  (cost=0.43..240744.27 rows=6001165 width=9)',), ('                                            ->  Parallel Hash  (cost=4210.00..4210.00 rows=62500 width=23)',), ('                                                  ->  Parallel Seq Scan on customer  (cost=0.00..4210.00 rows=62500 width=23)',), ('                                      ->  Index Scan using l_ok on lineitem  (cost=0.43..1.02 rows=15 width=9)',), ('                                            Index Cond: (l_orderkey = orders.o_orderkey)',), ('JIT:',), ('  Functions: 35',), ('  Options: Inlining true, Optimization true, Expressions true, Deforming true',)]
                    Now let us think step by step and give me your scoring of all the candidate knobs in json format:
                    {
                        "knob_name": {score}    // fill "score" with a number between 0 and 1
                    }
                    If no knobs are suggested, just fill "knob_list" with "None" and also return result in json format. 

[2025-04-18 21:20:59,493 INFO] [knob_selection.py:select_on_query_level:143] select_on_query_level - 240th query, 0th response: {'DateStyle': 0, 'IntervalStyle': 0, 'TimeZone': 0, 'allow_in_place_tablespaces': 0, 'allow_system_table_mods': 0, 'application_name': 0, 'archive_cleanup_command': 0, 'archive_command': 0, 'archive_mode': 0, 'archive_timeout': 0, 'array_nulls': 0, 'authentication_timeout': 0, 'autovacuum': 0.6, 'autovacuum_analyze_scale_factor': 0.5, 'autovacuum_analyze_threshold': 0.5, 'autovacuum_freeze_max_age': 0.4, 'autovacuum_max_workers': 0.6, 'autovacuum_multixact_freeze_max_age': 0.4, 'autovacuum_naptime': 0.5, 'autovacuum_vacuum_cost_delay': 0.5, 'autovacuum_vacuum_cost_limit': 0.5, 'autovacuum_vacuum_insert_scale_factor': 0.5, 'autovacuum_vacuum_insert_threshold': 0.5, 'autovacuum_vacuum_scale_factor': 0.5, 'autovacuum_vacuum_threshold': 0.5, 'autovacuum_work_mem': 0.5, 'backend_flush_after': 0.4, 'backslash_quote': 0, 'backtrace_functions': 0, 'bgwriter_delay': 0.4, 'knob_list': 'None'}
[2025-04-18 21:20:59,499 INFO] [knob_selection.py:select_on_query_level:141] select_on_query_level - 270th query, 0th prompt: 
                    You are an experienced DBA and your will determine which knobs are worth tuning. You only tune knobs that have a significant impact on DBMS performance and the target DBMS is postgres. Which knobs are important heavily depends on the query plan because different query plans result in different performance bottlenecks.Given SQL and its QUERY PLAN from 'EXPLAIN', analyze and suggest which knobs should be tuned to improve the performance of this SQL.  Given the following candidate knobs, score the importance for each knob between 0 and 1, with a higher value indicating that it is more likey to impact postgres performance significantly. 
                    Candidate knobs: ['DateStyle', 'IntervalStyle', 'TimeZone', 'allow_in_place_tablespaces', 'allow_system_table_mods', 'application_name', 'archive_cleanup_command', 'archive_command', 'archive_mode', 'archive_timeout', 'array_nulls', 'authentication_timeout', 'autovacuum', 'autovacuum_analyze_scale_factor', 'autovacuum_analyze_threshold', 'autovacuum_freeze_max_age', 'autovacuum_max_workers', 'autovacuum_multixact_freeze_max_age', 'autovacuum_naptime', 'autovacuum_vacuum_cost_delay', 'autovacuum_vacuum_cost_limit', 'autovacuum_vacuum_insert_scale_factor', 'autovacuum_vacuum_insert_threshold', 'autovacuum_vacuum_scale_factor', 'autovacuum_vacuum_threshold', 'autovacuum_work_mem', 'backend_flush_after', 'backslash_quote', 'backtrace_functions', 'bgwriter_delay']
                    DBMS: postgres;
                    SQL:select
	c_name,
	c_custkey,
	o_orderkey,
	o_orderdate,
	o_totalprice,
	sum(l_quantity)
from
	customer,
	orders,
	lineitem
where
	o_orderkey in (
		select
			l_orderkey
		from
			lineitem
		group by
			l_orderkey having
				sum(l_quantity) > 312
	)
	and c_custkey = o_custkey
	and o_orderkey = l_orderkey
group by
	c_name,
	c_custkey,
	o_orderkey,
	o_orderdate,
	o_totalprice
order by
	o_totalprice desc,
	o_orderdate
limit 100
                    QUERY PLAN:[('Limit  (cost=506482.40..506482.65 rows=100 width=71)',), ('  ->  Sort  (cost=506482.40..507807.78 rows=530155 width=71)',), ('        Sort Key: orders.o_totalprice DESC, orders.o_orderdate',), ('        ->  Finalize GroupAggregate  (cost=419210.93..486220.25 rows=530155 width=71)',), ('              Group Key: customer.c_custkey, orders.o_orderkey',), ('              ->  Gather Merge  (cost=419210.93..475175.36 rows=441796 width=71)',), ('                    Workers Planned: 2',), ('                    ->  Partial GroupAggregate  (cost=418210.91..423181.11 rows=220898 width=71)',), ('                          Group Key: customer.c_custkey, orders.o_orderkey',), ('                          ->  Sort  (cost=418210.91..418763.15 rows=220898 width=44)',), ('                                Sort Key: customer.c_custkey, orders.o_orderkey',), ('                                ->  Nested Loop  (cost=285204.42..391805.87 rows=220898 width=44)',), ('                                      ->  Parallel Hash Join  (cost=285203.99..327178.55 rows=55214 width=43)',), ('                                            Hash Cond: (orders.o_custkey = customer.c_custkey)',), ('                                            ->  Hash Join  (cost=280212.74..322042.36 rows=55214 width=24)',), ('                                                  Hash Cond: (orders.o_orderkey = lineitem_1.l_orderkey)',), ('                                                  ->  Parallel Seq Scan on orders  (cost=0.00..32345.00 rows=625000 width=20)',), ('                                                  ->  Hash  (cost=278038.32..278038.32 rows=132513 width=4)',), ('                                                        ->  GroupAggregate  (cost=0.43..276713.19 rows=132513 width=4)',), ('                                                              Group Key: lineitem_1.l_orderkey',), ("                                                              Filter: (sum(lineitem_1.l_quantity) > '312'::numeric)",), ('                                                              ->  Index Scan using l_ok on lineitem lineitem_1  (cost=0.43..240744.27 rows=6001165 width=9)',), ('                                            ->  Parallel Hash  (cost=4210.00..4210.00 rows=62500 width=23)',), ('                                                  ->  Parallel Seq Scan on customer  (cost=0.00..4210.00 rows=62500 width=23)',), ('                                      ->  Index Scan using l_ok on lineitem  (cost=0.43..1.02 rows=15 width=9)',), ('                                            Index Cond: (l_orderkey = orders.o_orderkey)',), ('JIT:',), ('  Functions: 35',), ('  Options: Inlining true, Optimization true, Expressions true, Deforming true',)]
                    Now let us think step by step and give me your scoring of all the candidate knobs in json format:
                    {
                        "knob_name": {score}    // fill "score" with a number between 0 and 1
                    }
                    If no knobs are suggested, just fill "knob_list" with "None" and also return result in json format. 

[2025-04-18 21:21:02,611 INFO] [knob_selection.py:select_on_query_level:143] select_on_query_level - 270th query, 0th response: {'DateStyle': 0.0, 'IntervalStyle': 0.0, 'TimeZone': 0.0, 'allow_in_place_tablespaces': 0.0, 'allow_system_table_mods': 0.0, 'application_name': 0.0, 'archive_cleanup_command': 0.0, 'archive_command': 0.0, 'archive_mode': 0.0, 'archive_timeout': 0.0, 'array_nulls': 0.0, 'authentication_timeout': 0.0, 'autovacuum': 0.5, 'autovacuum_analyze_scale_factor': 0.5, 'autovacuum_analyze_threshold': 0.5, 'autovacuum_freeze_max_age': 0.0, 'autovacuum_max_workers': 0.3, 'autovacuum_multixact_freeze_max_age': 0.0, 'autovacuum_naptime': 0.3, 'autovacuum_vacuum_cost_delay': 0.3, 'autovacuum_vacuum_cost_limit': 0.3, 'autovacuum_vacuum_insert_scale_factor': 0.5, 'autovacuum_vacuum_insert_threshold': 0.5, 'autovacuum_vacuum_scale_factor': 0.5, 'autovacuum_vacuum_threshold': 0.5, 'autovacuum_work_mem': 0.3, 'backend_flush_after': 0.0, 'backslash_quote': 0.0, 'backtrace_functions': 0.0, 'bgwriter_delay': 0.0}
[2025-04-18 21:21:02,616 INFO] [knob_selection.py:select_on_query_level:141] select_on_query_level - 300th query, 0th prompt: 
                    You are an experienced DBA and your will determine which knobs are worth tuning. You only tune knobs that have a significant impact on DBMS performance and the target DBMS is postgres. Which knobs are important heavily depends on the query plan because different query plans result in different performance bottlenecks.Given SQL and its QUERY PLAN from 'EXPLAIN', analyze and suggest which knobs should be tuned to improve the performance of this SQL.  Given the following candidate knobs, score the importance for each knob between 0 and 1, with a higher value indicating that it is more likey to impact postgres performance significantly. 
                    Candidate knobs: ['DateStyle', 'IntervalStyle', 'TimeZone', 'allow_in_place_tablespaces', 'allow_system_table_mods', 'application_name', 'archive_cleanup_command', 'archive_command', 'archive_mode', 'archive_timeout', 'array_nulls', 'authentication_timeout', 'autovacuum', 'autovacuum_analyze_scale_factor', 'autovacuum_analyze_threshold', 'autovacuum_freeze_max_age', 'autovacuum_max_workers', 'autovacuum_multixact_freeze_max_age', 'autovacuum_naptime', 'autovacuum_vacuum_cost_delay', 'autovacuum_vacuum_cost_limit', 'autovacuum_vacuum_insert_scale_factor', 'autovacuum_vacuum_insert_threshold', 'autovacuum_vacuum_scale_factor', 'autovacuum_vacuum_threshold', 'autovacuum_work_mem', 'backend_flush_after', 'backslash_quote', 'backtrace_functions', 'bgwriter_delay']
                    DBMS: postgres;
                    SQL:select
	c_name,
	c_custkey,
	o_orderkey,
	o_orderdate,
	o_totalprice,
	sum(l_quantity)
from
	customer,
	orders,
	lineitem
where
	o_orderkey in (
		select
			l_orderkey
		from
			lineitem
		group by
			l_orderkey having
				sum(l_quantity) > 312
	)
	and c_custkey = o_custkey
	and o_orderkey = l_orderkey
group by
	c_name,
	c_custkey,
	o_orderkey,
	o_orderdate,
	o_totalprice
order by
	o_totalprice desc,
	o_orderdate
limit 100
                    QUERY PLAN:[('Limit  (cost=506482.40..506482.65 rows=100 width=71)',), ('  ->  Sort  (cost=506482.40..507807.78 rows=530155 width=71)',), ('        Sort Key: orders.o_totalprice DESC, orders.o_orderdate',), ('        ->  Finalize GroupAggregate  (cost=419210.93..486220.25 rows=530155 width=71)',), ('              Group Key: customer.c_custkey, orders.o_orderkey',), ('              ->  Gather Merge  (cost=419210.93..475175.36 rows=441796 width=71)',), ('                    Workers Planned: 2',), ('                    ->  Partial GroupAggregate  (cost=418210.91..423181.11 rows=220898 width=71)',), ('                          Group Key: customer.c_custkey, orders.o_orderkey',), ('                          ->  Sort  (cost=418210.91..418763.15 rows=220898 width=44)',), ('                                Sort Key: customer.c_custkey, orders.o_orderkey',), ('                                ->  Nested Loop  (cost=285204.42..391805.87 rows=220898 width=44)',), ('                                      ->  Parallel Hash Join  (cost=285203.99..327178.55 rows=55214 width=43)',), ('                                            Hash Cond: (orders.o_custkey = customer.c_custkey)',), ('                                            ->  Hash Join  (cost=280212.74..322042.36 rows=55214 width=24)',), ('                                                  Hash Cond: (orders.o_orderkey = lineitem_1.l_orderkey)',), ('                                                  ->  Parallel Seq Scan on orders  (cost=0.00..32345.00 rows=625000 width=20)',), ('                                                  ->  Hash  (cost=278038.32..278038.32 rows=132513 width=4)',), ('                                                        ->  GroupAggregate  (cost=0.43..276713.19 rows=132513 width=4)',), ('                                                              Group Key: lineitem_1.l_orderkey',), ("                                                              Filter: (sum(lineitem_1.l_quantity) > '312'::numeric)",), ('                                                              ->  Index Scan using l_ok on lineitem lineitem_1  (cost=0.43..240744.27 rows=6001165 width=9)',), ('                                            ->  Parallel Hash  (cost=4210.00..4210.00 rows=62500 width=23)',), ('                                                  ->  Parallel Seq Scan on customer  (cost=0.00..4210.00 rows=62500 width=23)',), ('                                      ->  Index Scan using l_ok on lineitem  (cost=0.43..1.02 rows=15 width=9)',), ('                                            Index Cond: (l_orderkey = orders.o_orderkey)',), ('JIT:',), ('  Functions: 35',), ('  Options: Inlining true, Optimization true, Expressions true, Deforming true',)]
                    Now let us think step by step and give me your scoring of all the candidate knobs in json format:
                    {
                        "knob_name": {score}    // fill "score" with a number between 0 and 1
                    }
                    If no knobs are suggested, just fill "knob_list" with "None" and also return result in json format. 

[2025-04-18 21:21:06,158 INFO] [knob_selection.py:select_on_query_level:143] select_on_query_level - 300th query, 0th response: {'DateStyle': 0, 'IntervalStyle': 0, 'TimeZone': 0, 'allow_in_place_tablespaces': 0, 'allow_system_table_mods': 0, 'application_name': 0, 'archive_cleanup_command': 0, 'archive_command': 0, 'archive_mode': 0, 'archive_timeout': 0, 'array_nulls': 0, 'authentication_timeout': 0, 'autovacuum': 0.5, 'autovacuum_analyze_scale_factor': 0.5, 'autovacuum_analyze_threshold': 0.5, 'autovacuum_freeze_max_age': 0, 'autovacuum_max_workers': 0.5, 'autovacuum_multixact_freeze_max_age': 0, 'autovacuum_naptime': 0.5, 'autovacuum_vacuum_cost_delay': 0.5, 'autovacuum_vacuum_cost_limit': 0.5, 'autovacuum_vacuum_insert_scale_factor': 0.5, 'autovacuum_vacuum_insert_threshold': 0.5, 'autovacuum_vacuum_scale_factor': 0.5, 'autovacuum_vacuum_threshold': 0.5, 'autovacuum_work_mem': 0.5, 'backend_flush_after': 0.3, 'backslash_quote': 0, 'backtrace_functions': 0, 'bgwriter_delay': 0.3}
[2025-04-18 21:21:06,165 INFO] [knob_selection.py:select_on_query_level:141] select_on_query_level - 330th query, 0th prompt: 
                    You are an experienced DBA and your will determine which knobs are worth tuning. You only tune knobs that have a significant impact on DBMS performance and the target DBMS is postgres. Which knobs are important heavily depends on the query plan because different query plans result in different performance bottlenecks.Given SQL and its QUERY PLAN from 'EXPLAIN', analyze and suggest which knobs should be tuned to improve the performance of this SQL.  Given the following candidate knobs, score the importance for each knob between 0 and 1, with a higher value indicating that it is more likey to impact postgres performance significantly. 
                    Candidate knobs: ['DateStyle', 'IntervalStyle', 'TimeZone', 'allow_in_place_tablespaces', 'allow_system_table_mods', 'application_name', 'archive_cleanup_command', 'archive_command', 'archive_mode', 'archive_timeout', 'array_nulls', 'authentication_timeout', 'autovacuum', 'autovacuum_analyze_scale_factor', 'autovacuum_analyze_threshold', 'autovacuum_freeze_max_age', 'autovacuum_max_workers', 'autovacuum_multixact_freeze_max_age', 'autovacuum_naptime', 'autovacuum_vacuum_cost_delay', 'autovacuum_vacuum_cost_limit', 'autovacuum_vacuum_insert_scale_factor', 'autovacuum_vacuum_insert_threshold', 'autovacuum_vacuum_scale_factor', 'autovacuum_vacuum_threshold', 'autovacuum_work_mem', 'backend_flush_after', 'backslash_quote', 'backtrace_functions', 'bgwriter_delay']
                    DBMS: postgres;
                    SQL:select
	c_name,
	c_custkey,
	o_orderkey,
	o_orderdate,
	o_totalprice,
	sum(l_quantity)
from
	customer,
	orders,
	lineitem
where
	o_orderkey in (
		select
			l_orderkey
		from
			lineitem
		group by
			l_orderkey having
				sum(l_quantity) > 312
	)
	and c_custkey = o_custkey
	and o_orderkey = l_orderkey
group by
	c_name,
	c_custkey,
	o_orderkey,
	o_orderdate,
	o_totalprice
order by
	o_totalprice desc,
	o_orderdate
limit 100
                    QUERY PLAN:[('Limit  (cost=506482.40..506482.65 rows=100 width=71)',), ('  ->  Sort  (cost=506482.40..507807.78 rows=530155 width=71)',), ('        Sort Key: orders.o_totalprice DESC, orders.o_orderdate',), ('        ->  Finalize GroupAggregate  (cost=419210.93..486220.25 rows=530155 width=71)',), ('              Group Key: customer.c_custkey, orders.o_orderkey',), ('              ->  Gather Merge  (cost=419210.93..475175.36 rows=441796 width=71)',), ('                    Workers Planned: 2',), ('                    ->  Partial GroupAggregate  (cost=418210.91..423181.11 rows=220898 width=71)',), ('                          Group Key: customer.c_custkey, orders.o_orderkey',), ('                          ->  Sort  (cost=418210.91..418763.15 rows=220898 width=44)',), ('                                Sort Key: customer.c_custkey, orders.o_orderkey',), ('                                ->  Nested Loop  (cost=285204.42..391805.87 rows=220898 width=44)',), ('                                      ->  Parallel Hash Join  (cost=285203.99..327178.55 rows=55214 width=43)',), ('                                            Hash Cond: (orders.o_custkey = customer.c_custkey)',), ('                                            ->  Hash Join  (cost=280212.74..322042.36 rows=55214 width=24)',), ('                                                  Hash Cond: (orders.o_orderkey = lineitem_1.l_orderkey)',), ('                                                  ->  Parallel Seq Scan on orders  (cost=0.00..32345.00 rows=625000 width=20)',), ('                                                  ->  Hash  (cost=278038.32..278038.32 rows=132513 width=4)',), ('                                                        ->  GroupAggregate  (cost=0.43..276713.19 rows=132513 width=4)',), ('                                                              Group Key: lineitem_1.l_orderkey',), ("                                                              Filter: (sum(lineitem_1.l_quantity) > '312'::numeric)",), ('                                                              ->  Index Scan using l_ok on lineitem lineitem_1  (cost=0.43..240744.27 rows=6001165 width=9)',), ('                                            ->  Parallel Hash  (cost=4210.00..4210.00 rows=62500 width=23)',), ('                                                  ->  Parallel Seq Scan on customer  (cost=0.00..4210.00 rows=62500 width=23)',), ('                                      ->  Index Scan using l_ok on lineitem  (cost=0.43..1.02 rows=15 width=9)',), ('                                            Index Cond: (l_orderkey = orders.o_orderkey)',), ('JIT:',), ('  Functions: 35',), ('  Options: Inlining true, Optimization true, Expressions true, Deforming true',)]
                    Now let us think step by step and give me your scoring of all the candidate knobs in json format:
                    {
                        "knob_name": {score}    // fill "score" with a number between 0 and 1
                    }
                    If no knobs are suggested, just fill "knob_list" with "None" and also return result in json format. 

[2025-04-18 21:21:09,779 INFO] [knob_selection.py:select_on_query_level:143] select_on_query_level - 330th query, 0th response: {'DateStyle': 0, 'IntervalStyle': 0, 'TimeZone': 0, 'allow_in_place_tablespaces': 0, 'allow_system_table_mods': 0, 'application_name': 0, 'archive_cleanup_command': 0, 'archive_command': 0, 'archive_mode': 0, 'archive_timeout': 0, 'array_nulls': 0, 'authentication_timeout': 0, 'autovacuum': 0.5, 'autovacuum_analyze_scale_factor': 0.3, 'autovacuum_analyze_threshold': 0.3, 'autovacuum_freeze_max_age': 0.2, 'autovacuum_max_workers': 0.5, 'autovacuum_multixact_freeze_max_age': 0.2, 'autovacuum_naptime': 0.4, 'autovacuum_vacuum_cost_delay': 0.4, 'autovacuum_vacuum_cost_limit': 0.4, 'autovacuum_vacuum_insert_scale_factor': 0.3, 'autovacuum_vacuum_insert_threshold': 0.3, 'autovacuum_vacuum_scale_factor': 0.3, 'autovacuum_vacuum_threshold': 0.3, 'autovacuum_work_mem': 0.4, 'backend_flush_after': 0.3, 'backslash_quote': 0, 'backtrace_functions': 0, 'bgwriter_delay': 0.5}
[2025-04-18 21:21:09,791 INFO] [knob_selection.py:select_on_query_level:141] select_on_query_level - 0th query, 1th prompt: 
                    You are an experienced DBA and your will determine which knobs are worth tuning. You only tune knobs that have a significant impact on DBMS performance and the target DBMS is postgres. Which knobs are important heavily depends on the query plan because different query plans result in different performance bottlenecks.Given SQL and its QUERY PLAN from 'EXPLAIN', analyze and suggest which knobs should be tuned to improve the performance of this SQL.  Given the following candidate knobs, score the importance for each knob between 0 and 1, with a higher value indicating that it is more likey to impact postgres performance significantly. 
                    Candidate knobs: ['IntervalStyle', 'TimeZone', 'allow_in_place_tablespaces', 'allow_system_table_mods', 'application_name', 'archive_cleanup_command', 'archive_command', 'archive_mode', 'archive_timeout', 'array_nulls', 'authentication_timeout', 'autovacuum', 'autovacuum_analyze_scale_factor', 'autovacuum_analyze_threshold', 'autovacuum_freeze_max_age', 'autovacuum_max_workers', 'autovacuum_multixact_freeze_max_age', 'autovacuum_naptime', 'autovacuum_vacuum_cost_delay', 'autovacuum_vacuum_cost_limit', 'autovacuum_vacuum_insert_scale_factor', 'autovacuum_vacuum_insert_threshold', 'autovacuum_vacuum_scale_factor', 'autovacuum_vacuum_threshold', 'autovacuum_work_mem', 'backend_flush_after', 'backslash_quote', 'backtrace_functions', 'bgwriter_delay', 'bgwriter_flush_after']
                    DBMS: postgres;
                    SQL:select
	l_returnflag,
	l_linestatus,
	sum(l_quantity) as sum_qty,
	sum(l_extendedprice) as sum_base_price,
	sum(l_extendedprice * (1 - l_discount)) as sum_disc_price,
	sum(l_extendedprice * (1 - l_discount) * (1 + l_tax)) as sum_charge,
	avg(l_quantity) as avg_qty,
	avg(l_extendedprice) as avg_price,
	avg(l_discount) as avg_disc,
	count(*) as count_order
from
	lineitem
where
	l_shipdate <= date '1998-12-01' - interval '97' day
group by
	l_returnflag,
	l_linestatus
order by
	l_returnflag,
	l_linestatus

                    QUERY PLAN:[('Finalize GroupAggregate  (cost=243025.05..243027.13 rows=6 width=236)',), ('  Group Key: l_returnflag, l_linestatus',), ('  ->  Gather Merge  (cost=243025.05..243026.45 rows=12 width=236)',), ('        Workers Planned: 2',), ('        ->  Sort  (cost=242025.03..242025.05 rows=6 width=236)',), ('              Sort Key: l_returnflag, l_linestatus',), ('              ->  Partial HashAggregate  (cost=242024.79..242024.95 rows=6 width=236)',), ('                    Group Key: l_returnflag, l_linestatus',), ('                    ->  Parallel Seq Scan on lineitem  (cost=0.00..143759.07 rows=2456643 width=25)',), ("                          Filter: (l_shipdate <= '1998-08-26 00:00:00'::timestamp without time zone)",), ('JIT:',), ('  Functions: 9',), ('  Options: Inlining false, Optimization false, Expressions true, Deforming true',)]
                    Now let us think step by step and give me your scoring of all the candidate knobs in json format:
                    {
                        "knob_name": {score}    // fill "score" with a number between 0 and 1
                    }
                    If no knobs are suggested, just fill "knob_list" with "None" and also return result in json format. 

[2025-04-18 21:21:12,889 INFO] [knob_selection.py:select_on_query_level:143] select_on_query_level - 0th query, 1th response: {'IntervalStyle': 0.0, 'TimeZone': 0.0, 'allow_in_place_tablespaces': 0.0, 'allow_system_table_mods': 0.0, 'application_name': 0.0, 'archive_cleanup_command': 0.0, 'archive_command': 0.0, 'archive_mode': 0.0, 'archive_timeout': 0.0, 'array_nulls': 0.0, 'authentication_timeout': 0.0, 'autovacuum': 0.3, 'autovacuum_analyze_scale_factor': 0.2, 'autovacuum_analyze_threshold': 0.2, 'autovacuum_freeze_max_age': 0.1, 'autovacuum_max_workers': 0.3, 'autovacuum_multixact_freeze_max_age': 0.1, 'autovacuum_naptime': 0.2, 'autovacuum_vacuum_cost_delay': 0.2, 'autovacuum_vacuum_cost_limit': 0.2, 'autovacuum_vacuum_insert_scale_factor': 0.2, 'autovacuum_vacuum_insert_threshold': 0.2, 'autovacuum_vacuum_scale_factor': 0.2, 'autovacuum_vacuum_threshold': 0.2, 'autovacuum_work_mem': 0.3, 'backend_flush_after': 0.2, 'backslash_quote': 0.0, 'backtrace_functions': 0.0, 'bgwriter_delay': 0.4, 'bgwriter_flush_after': 0.4}
[2025-04-18 21:21:12,893 INFO] [knob_selection.py:select_on_query_level:141] select_on_query_level - 30th query, 1th prompt: 
                    You are an experienced DBA and your will determine which knobs are worth tuning. You only tune knobs that have a significant impact on DBMS performance and the target DBMS is postgres. Which knobs are important heavily depends on the query plan because different query plans result in different performance bottlenecks.Given SQL and its QUERY PLAN from 'EXPLAIN', analyze and suggest which knobs should be tuned to improve the performance of this SQL.  Given the following candidate knobs, score the importance for each knob between 0 and 1, with a higher value indicating that it is more likey to impact postgres performance significantly. 
                    Candidate knobs: ['IntervalStyle', 'TimeZone', 'allow_in_place_tablespaces', 'allow_system_table_mods', 'application_name', 'archive_cleanup_command', 'archive_command', 'archive_mode', 'archive_timeout', 'array_nulls', 'authentication_timeout', 'autovacuum', 'autovacuum_analyze_scale_factor', 'autovacuum_analyze_threshold', 'autovacuum_freeze_max_age', 'autovacuum_max_workers', 'autovacuum_multixact_freeze_max_age', 'autovacuum_naptime', 'autovacuum_vacuum_cost_delay', 'autovacuum_vacuum_cost_limit', 'autovacuum_vacuum_insert_scale_factor', 'autovacuum_vacuum_insert_threshold', 'autovacuum_vacuum_scale_factor', 'autovacuum_vacuum_threshold', 'autovacuum_work_mem', 'backend_flush_after', 'backslash_quote', 'backtrace_functions', 'bgwriter_delay', 'bgwriter_flush_after']
                    DBMS: postgres;
                    SQL:select
	l_returnflag,
	l_linestatus,
	sum(l_quantity) as sum_qty,
	sum(l_extendedprice) as sum_base_price,
	sum(l_extendedprice * (1 - l_discount)) as sum_disc_price,
	sum(l_extendedprice * (1 - l_discount) * (1 + l_tax)) as sum_charge,
	avg(l_quantity) as avg_qty,
	avg(l_extendedprice) as avg_price,
	avg(l_discount) as avg_disc,
	count(*) as count_order
from
	lineitem
where
	l_shipdate <= date '1998-12-01' - interval '97' day
group by
	l_returnflag,
	l_linestatus
order by
	l_returnflag,
	l_linestatus

                    QUERY PLAN:[('Finalize GroupAggregate  (cost=243025.05..243027.13 rows=6 width=236)',), ('  Group Key: l_returnflag, l_linestatus',), ('  ->  Gather Merge  (cost=243025.05..243026.45 rows=12 width=236)',), ('        Workers Planned: 2',), ('        ->  Sort  (cost=242025.03..242025.05 rows=6 width=236)',), ('              Sort Key: l_returnflag, l_linestatus',), ('              ->  Partial HashAggregate  (cost=242024.79..242024.95 rows=6 width=236)',), ('                    Group Key: l_returnflag, l_linestatus',), ('                    ->  Parallel Seq Scan on lineitem  (cost=0.00..143759.07 rows=2456643 width=25)',), ("                          Filter: (l_shipdate <= '1998-08-26 00:00:00'::timestamp without time zone)",), ('JIT:',), ('  Functions: 9',), ('  Options: Inlining false, Optimization false, Expressions true, Deforming true',)]
                    Now let us think step by step and give me your scoring of all the candidate knobs in json format:
                    {
                        "knob_name": {score}    // fill "score" with a number between 0 and 1
                    }
                    If no knobs are suggested, just fill "knob_list" with "None" and also return result in json format. 

[2025-04-18 21:21:16,538 INFO] [knob_selection.py:select_on_query_level:143] select_on_query_level - 30th query, 1th response: {'IntervalStyle': 0.0, 'TimeZone': 0.0, 'allow_in_place_tablespaces': 0.0, 'allow_system_table_mods': 0.0, 'application_name': 0.0, 'archive_cleanup_command': 0.0, 'archive_command': 0.0, 'archive_mode': 0.0, 'archive_timeout': 0.0, 'array_nulls': 0.0, 'authentication_timeout': 0.0, 'autovacuum': 0.3, 'autovacuum_analyze_scale_factor': 0.3, 'autovacuum_analyze_threshold': 0.3, 'autovacuum_freeze_max_age': 0.0, 'autovacuum_max_workers': 0.0, 'autovacuum_multixact_freeze_max_age': 0.0, 'autovacuum_naptime': 0.0, 'autovacuum_vacuum_cost_delay': 0.0, 'autovacuum_vacuum_cost_limit': 0.0, 'autovacuum_vacuum_insert_scale_factor': 0.0, 'autovacuum_vacuum_insert_threshold': 0.0, 'autovacuum_vacuum_scale_factor': 0.3, 'autovacuum_vacuum_threshold': 0.3, 'autovacuum_work_mem': 0.0, 'backend_flush_after': 0.0, 'backslash_quote': 0.0, 'backtrace_functions': 0.0, 'bgwriter_delay': 0.2, 'bgwriter_flush_after': 0.2, 'knob_list': 'None'}
[2025-04-18 21:21:16,542 INFO] [knob_selection.py:select_on_query_level:141] select_on_query_level - 60th query, 1th prompt: 
                    You are an experienced DBA and your will determine which knobs are worth tuning. You only tune knobs that have a significant impact on DBMS performance and the target DBMS is postgres. Which knobs are important heavily depends on the query plan because different query plans result in different performance bottlenecks.Given SQL and its QUERY PLAN from 'EXPLAIN', analyze and suggest which knobs should be tuned to improve the performance of this SQL.  Given the following candidate knobs, score the importance for each knob between 0 and 1, with a higher value indicating that it is more likey to impact postgres performance significantly. 
                    Candidate knobs: ['IntervalStyle', 'TimeZone', 'allow_in_place_tablespaces', 'allow_system_table_mods', 'application_name', 'archive_cleanup_command', 'archive_command', 'archive_mode', 'archive_timeout', 'array_nulls', 'authentication_timeout', 'autovacuum', 'autovacuum_analyze_scale_factor', 'autovacuum_analyze_threshold', 'autovacuum_freeze_max_age', 'autovacuum_max_workers', 'autovacuum_multixact_freeze_max_age', 'autovacuum_naptime', 'autovacuum_vacuum_cost_delay', 'autovacuum_vacuum_cost_limit', 'autovacuum_vacuum_insert_scale_factor', 'autovacuum_vacuum_insert_threshold', 'autovacuum_vacuum_scale_factor', 'autovacuum_vacuum_threshold', 'autovacuum_work_mem', 'backend_flush_after', 'backslash_quote', 'backtrace_functions', 'bgwriter_delay', 'bgwriter_flush_after']
                    DBMS: postgres;
                    SQL:select
	l_returnflag,
	l_linestatus,
	sum(l_quantity) as sum_qty,
	sum(l_extendedprice) as sum_base_price,
	sum(l_extendedprice * (1 - l_discount)) as sum_disc_price,
	sum(l_extendedprice * (1 - l_discount) * (1 + l_tax)) as sum_charge,
	avg(l_quantity) as avg_qty,
	avg(l_extendedprice) as avg_price,
	avg(l_discount) as avg_disc,
	count(*) as count_order
from
	lineitem
where
	l_shipdate <= date '1998-12-01' - interval '97' day
group by
	l_returnflag,
	l_linestatus
order by
	l_returnflag,
	l_linestatus

                    QUERY PLAN:[('Finalize GroupAggregate  (cost=243025.05..243027.13 rows=6 width=236)',), ('  Group Key: l_returnflag, l_linestatus',), ('  ->  Gather Merge  (cost=243025.05..243026.45 rows=12 width=236)',), ('        Workers Planned: 2',), ('        ->  Sort  (cost=242025.03..242025.05 rows=6 width=236)',), ('              Sort Key: l_returnflag, l_linestatus',), ('              ->  Partial HashAggregate  (cost=242024.79..242024.95 rows=6 width=236)',), ('                    Group Key: l_returnflag, l_linestatus',), ('                    ->  Parallel Seq Scan on lineitem  (cost=0.00..143759.07 rows=2456643 width=25)',), ("                          Filter: (l_shipdate <= '1998-08-26 00:00:00'::timestamp without time zone)",), ('JIT:',), ('  Functions: 9',), ('  Options: Inlining false, Optimization false, Expressions true, Deforming true',)]
                    Now let us think step by step and give me your scoring of all the candidate knobs in json format:
                    {
                        "knob_name": {score}    // fill "score" with a number between 0 and 1
                    }
                    If no knobs are suggested, just fill "knob_list" with "None" and also return result in json format. 

[2025-04-18 21:21:20,122 INFO] [knob_selection.py:select_on_query_level:143] select_on_query_level - 60th query, 1th response: {'IntervalStyle': 0.0, 'TimeZone': 0.0, 'allow_in_place_tablespaces': 0.0, 'allow_system_table_mods': 0.0, 'application_name': 0.0, 'archive_cleanup_command': 0.0, 'archive_command': 0.0, 'archive_mode': 0.0, 'archive_timeout': 0.0, 'array_nulls': 0.0, 'authentication_timeout': 0.0, 'autovacuum': 0.3, 'autovacuum_analyze_scale_factor': 0.2, 'autovacuum_analyze_threshold': 0.2, 'autovacuum_freeze_max_age': 0.2, 'autovacuum_max_workers': 0.4, 'autovacuum_multixact_freeze_max_age': 0.2, 'autovacuum_naptime': 0.2, 'autovacuum_vacuum_cost_delay': 0.2, 'autovacuum_vacuum_cost_limit': 0.2, 'autovacuum_vacuum_insert_scale_factor': 0.2, 'autovacuum_vacuum_insert_threshold': 0.2, 'autovacuum_vacuum_scale_factor': 0.2, 'autovacuum_vacuum_threshold': 0.2, 'autovacuum_work_mem': 0.2, 'backend_flush_after': 0.3, 'backslash_quote': 0.0, 'backtrace_functions': 0.0, 'bgwriter_delay': 0.4, 'bgwriter_flush_after': 0.3}
[2025-04-18 21:21:20,126 INFO] [knob_selection.py:select_on_query_level:141] select_on_query_level - 90th query, 1th prompt: 
                    You are an experienced DBA and your will determine which knobs are worth tuning. You only tune knobs that have a significant impact on DBMS performance and the target DBMS is postgres. Which knobs are important heavily depends on the query plan because different query plans result in different performance bottlenecks.Given SQL and its QUERY PLAN from 'EXPLAIN', analyze and suggest which knobs should be tuned to improve the performance of this SQL.  Given the following candidate knobs, score the importance for each knob between 0 and 1, with a higher value indicating that it is more likey to impact postgres performance significantly. 
                    Candidate knobs: ['IntervalStyle', 'TimeZone', 'allow_in_place_tablespaces', 'allow_system_table_mods', 'application_name', 'archive_cleanup_command', 'archive_command', 'archive_mode', 'archive_timeout', 'array_nulls', 'authentication_timeout', 'autovacuum', 'autovacuum_analyze_scale_factor', 'autovacuum_analyze_threshold', 'autovacuum_freeze_max_age', 'autovacuum_max_workers', 'autovacuum_multixact_freeze_max_age', 'autovacuum_naptime', 'autovacuum_vacuum_cost_delay', 'autovacuum_vacuum_cost_limit', 'autovacuum_vacuum_insert_scale_factor', 'autovacuum_vacuum_insert_threshold', 'autovacuum_vacuum_scale_factor', 'autovacuum_vacuum_threshold', 'autovacuum_work_mem', 'backend_flush_after', 'backslash_quote', 'backtrace_functions', 'bgwriter_delay', 'bgwriter_flush_after']
                    DBMS: postgres;
                    SQL:select
	l_returnflag,
	l_linestatus,
	sum(l_quantity) as sum_qty,
	sum(l_extendedprice) as sum_base_price,
	sum(l_extendedprice * (1 - l_discount)) as sum_disc_price,
	sum(l_extendedprice * (1 - l_discount) * (1 + l_tax)) as sum_charge,
	avg(l_quantity) as avg_qty,
	avg(l_extendedprice) as avg_price,
	avg(l_discount) as avg_disc,
	count(*) as count_order
from
	lineitem
where
	l_shipdate <= date '1998-12-01' - interval '97' day
group by
	l_returnflag,
	l_linestatus
order by
	l_returnflag,
	l_linestatus

                    QUERY PLAN:[('Finalize GroupAggregate  (cost=243025.05..243027.13 rows=6 width=236)',), ('  Group Key: l_returnflag, l_linestatus',), ('  ->  Gather Merge  (cost=243025.05..243026.45 rows=12 width=236)',), ('        Workers Planned: 2',), ('        ->  Sort  (cost=242025.03..242025.05 rows=6 width=236)',), ('              Sort Key: l_returnflag, l_linestatus',), ('              ->  Partial HashAggregate  (cost=242024.79..242024.95 rows=6 width=236)',), ('                    Group Key: l_returnflag, l_linestatus',), ('                    ->  Parallel Seq Scan on lineitem  (cost=0.00..143759.07 rows=2456643 width=25)',), ("                          Filter: (l_shipdate <= '1998-08-26 00:00:00'::timestamp without time zone)",), ('JIT:',), ('  Functions: 9',), ('  Options: Inlining false, Optimization false, Expressions true, Deforming true',)]
                    Now let us think step by step and give me your scoring of all the candidate knobs in json format:
                    {
                        "knob_name": {score}    // fill "score" with a number between 0 and 1
                    }
                    If no knobs are suggested, just fill "knob_list" with "None" and also return result in json format. 

[2025-04-18 21:21:23,194 INFO] [knob_selection.py:select_on_query_level:143] select_on_query_level - 90th query, 1th response: {'IntervalStyle': 0.0, 'TimeZone': 0.0, 'allow_in_place_tablespaces': 0.0, 'allow_system_table_mods': 0.0, 'application_name': 0.0, 'archive_cleanup_command': 0.0, 'archive_command': 0.0, 'archive_mode': 0.0, 'archive_timeout': 0.0, 'array_nulls': 0.0, 'authentication_timeout': 0.0, 'autovacuum': 0.5, 'autovacuum_analyze_scale_factor': 0.5, 'autovacuum_analyze_threshold': 0.5, 'autovacuum_freeze_max_age': 0.5, 'autovacuum_max_workers': 0.5, 'autovacuum_multixact_freeze_max_age': 0.5, 'autovacuum_naptime': 0.5, 'autovacuum_vacuum_cost_delay': 0.5, 'autovacuum_vacuum_cost_limit': 0.5, 'autovacuum_vacuum_insert_scale_factor': 0.5, 'autovacuum_vacuum_insert_threshold': 0.5, 'autovacuum_vacuum_scale_factor': 0.5, 'autovacuum_vacuum_threshold': 0.5, 'autovacuum_work_mem': 0.5, 'backend_flush_after': 0.3, 'backslash_quote': 0.0, 'backtrace_functions': 0.0, 'bgwriter_delay': 0.3, 'bgwriter_flush_after': 0.3}
[2025-04-18 21:21:23,198 INFO] [knob_selection.py:select_on_query_level:141] select_on_query_level - 120th query, 1th prompt: 
                    You are an experienced DBA and your will determine which knobs are worth tuning. You only tune knobs that have a significant impact on DBMS performance and the target DBMS is postgres. Which knobs are important heavily depends on the query plan because different query plans result in different performance bottlenecks.Given SQL and its QUERY PLAN from 'EXPLAIN', analyze and suggest which knobs should be tuned to improve the performance of this SQL.  Given the following candidate knobs, score the importance for each knob between 0 and 1, with a higher value indicating that it is more likey to impact postgres performance significantly. 
                    Candidate knobs: ['IntervalStyle', 'TimeZone', 'allow_in_place_tablespaces', 'allow_system_table_mods', 'application_name', 'archive_cleanup_command', 'archive_command', 'archive_mode', 'archive_timeout', 'array_nulls', 'authentication_timeout', 'autovacuum', 'autovacuum_analyze_scale_factor', 'autovacuum_analyze_threshold', 'autovacuum_freeze_max_age', 'autovacuum_max_workers', 'autovacuum_multixact_freeze_max_age', 'autovacuum_naptime', 'autovacuum_vacuum_cost_delay', 'autovacuum_vacuum_cost_limit', 'autovacuum_vacuum_insert_scale_factor', 'autovacuum_vacuum_insert_threshold', 'autovacuum_vacuum_scale_factor', 'autovacuum_vacuum_threshold', 'autovacuum_work_mem', 'backend_flush_after', 'backslash_quote', 'backtrace_functions', 'bgwriter_delay', 'bgwriter_flush_after']
                    DBMS: postgres;
                    SQL:select
	l_returnflag,
	l_linestatus,
	sum(l_quantity) as sum_qty,
	sum(l_extendedprice) as sum_base_price,
	sum(l_extendedprice * (1 - l_discount)) as sum_disc_price,
	sum(l_extendedprice * (1 - l_discount) * (1 + l_tax)) as sum_charge,
	avg(l_quantity) as avg_qty,
	avg(l_extendedprice) as avg_price,
	avg(l_discount) as avg_disc,
	count(*) as count_order
from
	lineitem
where
	l_shipdate <= date '1998-12-01' - interval '97' day
group by
	l_returnflag,
	l_linestatus
order by
	l_returnflag,
	l_linestatus

                    QUERY PLAN:[('Finalize GroupAggregate  (cost=243025.05..243027.13 rows=6 width=236)',), ('  Group Key: l_returnflag, l_linestatus',), ('  ->  Gather Merge  (cost=243025.05..243026.45 rows=12 width=236)',), ('        Workers Planned: 2',), ('        ->  Sort  (cost=242025.03..242025.05 rows=6 width=236)',), ('              Sort Key: l_returnflag, l_linestatus',), ('              ->  Partial HashAggregate  (cost=242024.79..242024.95 rows=6 width=236)',), ('                    Group Key: l_returnflag, l_linestatus',), ('                    ->  Parallel Seq Scan on lineitem  (cost=0.00..143759.07 rows=2456643 width=25)',), ("                          Filter: (l_shipdate <= '1998-08-26 00:00:00'::timestamp without time zone)",), ('JIT:',), ('  Functions: 9',), ('  Options: Inlining false, Optimization false, Expressions true, Deforming true',)]
                    Now let us think step by step and give me your scoring of all the candidate knobs in json format:
                    {
                        "knob_name": {score}    // fill "score" with a number between 0 and 1
                    }
                    If no knobs are suggested, just fill "knob_list" with "None" and also return result in json format. 

[2025-04-18 21:21:25,981 INFO] [knob_selection.py:select_on_query_level:143] select_on_query_level - 120th query, 1th response: {'IntervalStyle': 0, 'TimeZone': 0, 'allow_in_place_tablespaces': 0, 'allow_system_table_mods': 0, 'application_name': 0, 'archive_cleanup_command': 0, 'archive_command': 0, 'archive_mode': 0, 'archive_timeout': 0, 'array_nulls': 0, 'authentication_timeout': 0, 'autovacuum': 0.2, 'autovacuum_analyze_scale_factor': 0.3, 'autovacuum_analyze_threshold': 0.3, 'autovacuum_freeze_max_age': 0, 'autovacuum_max_workers': 0.2, 'autovacuum_multixact_freeze_max_age': 0, 'autovacuum_naptime': 0.2, 'autovacuum_vacuum_cost_delay': 0.2, 'autovacuum_vacuum_cost_limit': 0.2, 'autovacuum_vacuum_insert_scale_factor': 0.3, 'autovacuum_vacuum_insert_threshold': 0.3, 'autovacuum_vacuum_scale_factor': 0.3, 'autovacuum_vacuum_threshold': 0.3, 'autovacuum_work_mem': 0.4, 'backend_flush_after': 0.5, 'backslash_quote': 0, 'backtrace_functions': 0, 'bgwriter_delay': 0.5, 'bgwriter_flush_after': 0.5}
[2025-04-18 21:21:25,986 INFO] [knob_selection.py:select_on_query_level:141] select_on_query_level - 150th query, 1th prompt: 
                    You are an experienced DBA and your will determine which knobs are worth tuning. You only tune knobs that have a significant impact on DBMS performance and the target DBMS is postgres. Which knobs are important heavily depends on the query plan because different query plans result in different performance bottlenecks.Given SQL and its QUERY PLAN from 'EXPLAIN', analyze and suggest which knobs should be tuned to improve the performance of this SQL.  Given the following candidate knobs, score the importance for each knob between 0 and 1, with a higher value indicating that it is more likey to impact postgres performance significantly. 
                    Candidate knobs: ['IntervalStyle', 'TimeZone', 'allow_in_place_tablespaces', 'allow_system_table_mods', 'application_name', 'archive_cleanup_command', 'archive_command', 'archive_mode', 'archive_timeout', 'array_nulls', 'authentication_timeout', 'autovacuum', 'autovacuum_analyze_scale_factor', 'autovacuum_analyze_threshold', 'autovacuum_freeze_max_age', 'autovacuum_max_workers', 'autovacuum_multixact_freeze_max_age', 'autovacuum_naptime', 'autovacuum_vacuum_cost_delay', 'autovacuum_vacuum_cost_limit', 'autovacuum_vacuum_insert_scale_factor', 'autovacuum_vacuum_insert_threshold', 'autovacuum_vacuum_scale_factor', 'autovacuum_vacuum_threshold', 'autovacuum_work_mem', 'backend_flush_after', 'backslash_quote', 'backtrace_functions', 'bgwriter_delay', 'bgwriter_flush_after']
                    DBMS: postgres;
                    SQL:select
	l_returnflag,
	l_linestatus,
	sum(l_quantity) as sum_qty,
	sum(l_extendedprice) as sum_base_price,
	sum(l_extendedprice * (1 - l_discount)) as sum_disc_price,
	sum(l_extendedprice * (1 - l_discount) * (1 + l_tax)) as sum_charge,
	avg(l_quantity) as avg_qty,
	avg(l_extendedprice) as avg_price,
	avg(l_discount) as avg_disc,
	count(*) as count_order
from
	lineitem
where
	l_shipdate <= date '1998-12-01' - interval '97' day
group by
	l_returnflag,
	l_linestatus
order by
	l_returnflag,
	l_linestatus

                    QUERY PLAN:[('Finalize GroupAggregate  (cost=243025.05..243027.13 rows=6 width=236)',), ('  Group Key: l_returnflag, l_linestatus',), ('  ->  Gather Merge  (cost=243025.05..243026.45 rows=12 width=236)',), ('        Workers Planned: 2',), ('        ->  Sort  (cost=242025.03..242025.05 rows=6 width=236)',), ('              Sort Key: l_returnflag, l_linestatus',), ('              ->  Partial HashAggregate  (cost=242024.79..242024.95 rows=6 width=236)',), ('                    Group Key: l_returnflag, l_linestatus',), ('                    ->  Parallel Seq Scan on lineitem  (cost=0.00..143759.07 rows=2456643 width=25)',), ("                          Filter: (l_shipdate <= '1998-08-26 00:00:00'::timestamp without time zone)",), ('JIT:',), ('  Functions: 9',), ('  Options: Inlining false, Optimization false, Expressions true, Deforming true',)]
                    Now let us think step by step and give me your scoring of all the candidate knobs in json format:
                    {
                        "knob_name": {score}    // fill "score" with a number between 0 and 1
                    }
                    If no knobs are suggested, just fill "knob_list" with "None" and also return result in json format. 

[2025-04-18 21:21:29,236 INFO] [knob_selection.py:select_on_query_level:143] select_on_query_level - 150th query, 1th response: {'IntervalStyle': 0.0, 'TimeZone': 0.0, 'allow_in_place_tablespaces': 0.0, 'allow_system_table_mods': 0.0, 'application_name': 0.0, 'archive_cleanup_command': 0.0, 'archive_command': 0.0, 'archive_mode': 0.0, 'archive_timeout': 0.0, 'array_nulls': 0.0, 'authentication_timeout': 0.0, 'autovacuum': 0.5, 'autovacuum_analyze_scale_factor': 0.5, 'autovacuum_analyze_threshold': 0.5, 'autovacuum_freeze_max_age': 0.5, 'autovacuum_max_workers': 0.5, 'autovacuum_multixact_freeze_max_age': 0.5, 'autovacuum_naptime': 0.5, 'autovacuum_vacuum_cost_delay': 0.5, 'autovacuum_vacuum_cost_limit': 0.5, 'autovacuum_vacuum_insert_scale_factor': 0.5, 'autovacuum_vacuum_insert_threshold': 0.5, 'autovacuum_vacuum_scale_factor': 0.5, 'autovacuum_vacuum_threshold': 0.5, 'autovacuum_work_mem': 0.5, 'backend_flush_after': 0.5, 'backslash_quote': 0.0, 'backtrace_functions': 0.0, 'bgwriter_delay': 0.5, 'bgwriter_flush_after': 0.5}
[2025-04-18 21:21:29,248 INFO] [knob_selection.py:select_on_query_level:141] select_on_query_level - 180th query, 1th prompt: 
                    You are an experienced DBA and your will determine which knobs are worth tuning. You only tune knobs that have a significant impact on DBMS performance and the target DBMS is postgres. Which knobs are important heavily depends on the query plan because different query plans result in different performance bottlenecks.Given SQL and its QUERY PLAN from 'EXPLAIN', analyze and suggest which knobs should be tuned to improve the performance of this SQL.  Given the following candidate knobs, score the importance for each knob between 0 and 1, with a higher value indicating that it is more likey to impact postgres performance significantly. 
                    Candidate knobs: ['IntervalStyle', 'TimeZone', 'allow_in_place_tablespaces', 'allow_system_table_mods', 'application_name', 'archive_cleanup_command', 'archive_command', 'archive_mode', 'archive_timeout', 'array_nulls', 'authentication_timeout', 'autovacuum', 'autovacuum_analyze_scale_factor', 'autovacuum_analyze_threshold', 'autovacuum_freeze_max_age', 'autovacuum_max_workers', 'autovacuum_multixact_freeze_max_age', 'autovacuum_naptime', 'autovacuum_vacuum_cost_delay', 'autovacuum_vacuum_cost_limit', 'autovacuum_vacuum_insert_scale_factor', 'autovacuum_vacuum_insert_threshold', 'autovacuum_vacuum_scale_factor', 'autovacuum_vacuum_threshold', 'autovacuum_work_mem', 'backend_flush_after', 'backslash_quote', 'backtrace_functions', 'bgwriter_delay', 'bgwriter_flush_after']
                    DBMS: postgres;
                    SQL:select
	l_returnflag,
	l_linestatus,
	sum(l_quantity) as sum_qty,
	sum(l_extendedprice) as sum_base_price,
	sum(l_extendedprice * (1 - l_discount)) as sum_disc_price,
	sum(l_extendedprice * (1 - l_discount) * (1 + l_tax)) as sum_charge,
	avg(l_quantity) as avg_qty,
	avg(l_extendedprice) as avg_price,
	avg(l_discount) as avg_disc,
	count(*) as count_order
from
	lineitem
where
	l_shipdate <= date '1998-12-01' - interval '97' day
group by
	l_returnflag,
	l_linestatus
order by
	l_returnflag,
	l_linestatus

                    QUERY PLAN:[('Finalize GroupAggregate  (cost=243025.05..243027.13 rows=6 width=236)',), ('  Group Key: l_returnflag, l_linestatus',), ('  ->  Gather Merge  (cost=243025.05..243026.45 rows=12 width=236)',), ('        Workers Planned: 2',), ('        ->  Sort  (cost=242025.03..242025.05 rows=6 width=236)',), ('              Sort Key: l_returnflag, l_linestatus',), ('              ->  Partial HashAggregate  (cost=242024.79..242024.95 rows=6 width=236)',), ('                    Group Key: l_returnflag, l_linestatus',), ('                    ->  Parallel Seq Scan on lineitem  (cost=0.00..143759.07 rows=2456643 width=25)',), ("                          Filter: (l_shipdate <= '1998-08-26 00:00:00'::timestamp without time zone)",), ('JIT:',), ('  Functions: 9',), ('  Options: Inlining false, Optimization false, Expressions true, Deforming true',)]
                    Now let us think step by step and give me your scoring of all the candidate knobs in json format:
                    {
                        "knob_name": {score}    // fill "score" with a number between 0 and 1
                    }
                    If no knobs are suggested, just fill "knob_list" with "None" and also return result in json format. 

[2025-04-18 21:21:32,103 INFO] [knob_selection.py:select_on_query_level:143] select_on_query_level - 180th query, 1th response: {'IntervalStyle': 0, 'TimeZone': 0, 'allow_in_place_tablespaces': 0, 'allow_system_table_mods': 0, 'application_name': 0, 'archive_cleanup_command': 0, 'archive_command': 0, 'archive_mode': 0, 'archive_timeout': 0, 'array_nulls': 0, 'authentication_timeout': 0, 'autovacuum': 0.3, 'autovacuum_analyze_scale_factor': 0.3, 'autovacuum_analyze_threshold': 0.3, 'autovacuum_freeze_max_age': 0.3, 'autovacuum_max_workers': 0.3, 'autovacuum_multixact_freeze_max_age': 0.3, 'autovacuum_naptime': 0.3, 'autovacuum_vacuum_cost_delay': 0.3, 'autovacuum_vacuum_cost_limit': 0.3, 'autovacuum_vacuum_insert_scale_factor': 0.3, 'autovacuum_vacuum_insert_threshold': 0.3, 'autovacuum_vacuum_scale_factor': 0.3, 'autovacuum_vacuum_threshold': 0.3, 'autovacuum_work_mem': 0.3, 'backend_flush_after': 0.2, 'backslash_quote': 0, 'backtrace_functions': 0, 'bgwriter_delay': 0.2, 'bgwriter_flush_after': 0.2}
[2025-04-18 21:21:32,107 INFO] [knob_selection.py:select_on_query_level:141] select_on_query_level - 210th query, 1th prompt: 
                    You are an experienced DBA and your will determine which knobs are worth tuning. You only tune knobs that have a significant impact on DBMS performance and the target DBMS is postgres. Which knobs are important heavily depends on the query plan because different query plans result in different performance bottlenecks.Given SQL and its QUERY PLAN from 'EXPLAIN', analyze and suggest which knobs should be tuned to improve the performance of this SQL.  Given the following candidate knobs, score the importance for each knob between 0 and 1, with a higher value indicating that it is more likey to impact postgres performance significantly. 
                    Candidate knobs: ['IntervalStyle', 'TimeZone', 'allow_in_place_tablespaces', 'allow_system_table_mods', 'application_name', 'archive_cleanup_command', 'archive_command', 'archive_mode', 'archive_timeout', 'array_nulls', 'authentication_timeout', 'autovacuum', 'autovacuum_analyze_scale_factor', 'autovacuum_analyze_threshold', 'autovacuum_freeze_max_age', 'autovacuum_max_workers', 'autovacuum_multixact_freeze_max_age', 'autovacuum_naptime', 'autovacuum_vacuum_cost_delay', 'autovacuum_vacuum_cost_limit', 'autovacuum_vacuum_insert_scale_factor', 'autovacuum_vacuum_insert_threshold', 'autovacuum_vacuum_scale_factor', 'autovacuum_vacuum_threshold', 'autovacuum_work_mem', 'backend_flush_after', 'backslash_quote', 'backtrace_functions', 'bgwriter_delay', 'bgwriter_flush_after']
                    DBMS: postgres;
                    SQL:select
	l_returnflag,
	l_linestatus,
	sum(l_quantity) as sum_qty,
	sum(l_extendedprice) as sum_base_price,
	sum(l_extendedprice * (1 - l_discount)) as sum_disc_price,
	sum(l_extendedprice * (1 - l_discount) * (1 + l_tax)) as sum_charge,
	avg(l_quantity) as avg_qty,
	avg(l_extendedprice) as avg_price,
	avg(l_discount) as avg_disc,
	count(*) as count_order
from
	lineitem
where
	l_shipdate <= date '1998-12-01' - interval '97' day
group by
	l_returnflag,
	l_linestatus
order by
	l_returnflag,
	l_linestatus

                    QUERY PLAN:[('Finalize GroupAggregate  (cost=243025.05..243027.13 rows=6 width=236)',), ('  Group Key: l_returnflag, l_linestatus',), ('  ->  Gather Merge  (cost=243025.05..243026.45 rows=12 width=236)',), ('        Workers Planned: 2',), ('        ->  Sort  (cost=242025.03..242025.05 rows=6 width=236)',), ('              Sort Key: l_returnflag, l_linestatus',), ('              ->  Partial HashAggregate  (cost=242024.79..242024.95 rows=6 width=236)',), ('                    Group Key: l_returnflag, l_linestatus',), ('                    ->  Parallel Seq Scan on lineitem  (cost=0.00..143759.07 rows=2456643 width=25)',), ("                          Filter: (l_shipdate <= '1998-08-26 00:00:00'::timestamp without time zone)",), ('JIT:',), ('  Functions: 9',), ('  Options: Inlining false, Optimization false, Expressions true, Deforming true',)]
                    Now let us think step by step and give me your scoring of all the candidate knobs in json format:
                    {
                        "knob_name": {score}    // fill "score" with a number between 0 and 1
                    }
                    If no knobs are suggested, just fill "knob_list" with "None" and also return result in json format. 

[2025-04-18 21:21:35,680 INFO] [knob_selection.py:select_on_query_level:143] select_on_query_level - 210th query, 1th response: {'IntervalStyle': 0.0, 'TimeZone': 0.0, 'allow_in_place_tablespaces': 0.0, 'allow_system_table_mods': 0.0, 'application_name': 0.0, 'archive_cleanup_command': 0.0, 'archive_command': 0.0, 'archive_mode': 0.0, 'archive_timeout': 0.0, 'array_nulls': 0.0, 'authentication_timeout': 0.0, 'autovacuum': 0.3, 'autovacuum_analyze_scale_factor': 0.2, 'autovacuum_analyze_threshold': 0.2, 'autovacuum_freeze_max_age': 0.0, 'autovacuum_max_workers': 0.2, 'autovacuum_multixact_freeze_max_age': 0.0, 'autovacuum_naptime': 0.2, 'autovacuum_vacuum_cost_delay': 0.2, 'autovacuum_vacuum_cost_limit': 0.2, 'autovacuum_vacuum_insert_scale_factor': 0.0, 'autovacuum_vacuum_insert_threshold': 0.0, 'autovacuum_vacuum_scale_factor': 0.2, 'autovacuum_vacuum_threshold': 0.2, 'autovacuum_work_mem': 0.2, 'backend_flush_after': 0.0, 'backslash_quote': 0.0, 'backtrace_functions': 0.0, 'bgwriter_delay': 0.3, 'bgwriter_flush_after': 0.3}
[2025-04-18 21:21:35,682 INFO] [knob_selection.py:select_on_query_level:141] select_on_query_level - 240th query, 1th prompt: 
                    You are an experienced DBA and your will determine which knobs are worth tuning. You only tune knobs that have a significant impact on DBMS performance and the target DBMS is postgres. Which knobs are important heavily depends on the query plan because different query plans result in different performance bottlenecks.Given SQL and its QUERY PLAN from 'EXPLAIN', analyze and suggest which knobs should be tuned to improve the performance of this SQL.  Given the following candidate knobs, score the importance for each knob between 0 and 1, with a higher value indicating that it is more likey to impact postgres performance significantly. 
                    Candidate knobs: ['IntervalStyle', 'TimeZone', 'allow_in_place_tablespaces', 'allow_system_table_mods', 'application_name', 'archive_cleanup_command', 'archive_command', 'archive_mode', 'archive_timeout', 'array_nulls', 'authentication_timeout', 'autovacuum', 'autovacuum_analyze_scale_factor', 'autovacuum_analyze_threshold', 'autovacuum_freeze_max_age', 'autovacuum_max_workers', 'autovacuum_multixact_freeze_max_age', 'autovacuum_naptime', 'autovacuum_vacuum_cost_delay', 'autovacuum_vacuum_cost_limit', 'autovacuum_vacuum_insert_scale_factor', 'autovacuum_vacuum_insert_threshold', 'autovacuum_vacuum_scale_factor', 'autovacuum_vacuum_threshold', 'autovacuum_work_mem', 'backend_flush_after', 'backslash_quote', 'backtrace_functions', 'bgwriter_delay', 'bgwriter_flush_after']
                    DBMS: postgres;
                    SQL:select
	l_returnflag,
	l_linestatus,
	sum(l_quantity) as sum_qty,
	sum(l_extendedprice) as sum_base_price,
	sum(l_extendedprice * (1 - l_discount)) as sum_disc_price,
	sum(l_extendedprice * (1 - l_discount) * (1 + l_tax)) as sum_charge,
	avg(l_quantity) as avg_qty,
	avg(l_extendedprice) as avg_price,
	avg(l_discount) as avg_disc,
	count(*) as count_order
from
	lineitem
where
	l_shipdate <= date '1998-12-01' - interval '97' day
group by
	l_returnflag,
	l_linestatus
order by
	l_returnflag,
	l_linestatus

                    QUERY PLAN:[('Finalize GroupAggregate  (cost=243025.05..243027.13 rows=6 width=236)',), ('  Group Key: l_returnflag, l_linestatus',), ('  ->  Gather Merge  (cost=243025.05..243026.45 rows=12 width=236)',), ('        Workers Planned: 2',), ('        ->  Sort  (cost=242025.03..242025.05 rows=6 width=236)',), ('              Sort Key: l_returnflag, l_linestatus',), ('              ->  Partial HashAggregate  (cost=242024.79..242024.95 rows=6 width=236)',), ('                    Group Key: l_returnflag, l_linestatus',), ('                    ->  Parallel Seq Scan on lineitem  (cost=0.00..143759.07 rows=2456643 width=25)',), ("                          Filter: (l_shipdate <= '1998-08-26 00:00:00'::timestamp without time zone)",), ('JIT:',), ('  Functions: 9',), ('  Options: Inlining false, Optimization false, Expressions true, Deforming true',)]
                    Now let us think step by step and give me your scoring of all the candidate knobs in json format:
                    {
                        "knob_name": {score}    // fill "score" with a number between 0 and 1
                    }
                    If no knobs are suggested, just fill "knob_list" with "None" and also return result in json format. 

[2025-04-18 21:21:38,759 INFO] [knob_selection.py:select_on_query_level:143] select_on_query_level - 240th query, 1th response: {'IntervalStyle': 0.0, 'TimeZone': 0.0, 'allow_in_place_tablespaces': 0.0, 'allow_system_table_mods': 0.0, 'application_name': 0.0, 'archive_cleanup_command': 0.0, 'archive_command': 0.0, 'archive_mode': 0.0, 'archive_timeout': 0.0, 'array_nulls': 0.0, 'authentication_timeout': 0.0, 'autovacuum': 0.2, 'autovacuum_analyze_scale_factor': 0.1, 'autovacuum_analyze_threshold': 0.1, 'autovacuum_freeze_max_age': 0.0, 'autovacuum_max_workers': 0.1, 'autovacuum_multixact_freeze_max_age': 0.0, 'autovacuum_naptime': 0.1, 'autovacuum_vacuum_cost_delay': 0.1, 'autovacuum_vacuum_cost_limit': 0.1, 'autovacuum_vacuum_insert_scale_factor': 0.1, 'autovacuum_vacuum_insert_threshold': 0.1, 'autovacuum_vacuum_scale_factor': 0.1, 'autovacuum_vacuum_threshold': 0.1, 'autovacuum_work_mem': 0.1, 'backend_flush_after': 0.3, 'backslash_quote': 0.0, 'backtrace_functions': 0.0, 'bgwriter_delay': 0.4, 'bgwriter_flush_after': 0.3}
[2025-04-18 21:21:38,763 INFO] [knob_selection.py:select_on_query_level:141] select_on_query_level - 270th query, 1th prompt: 
                    You are an experienced DBA and your will determine which knobs are worth tuning. You only tune knobs that have a significant impact on DBMS performance and the target DBMS is postgres. Which knobs are important heavily depends on the query plan because different query plans result in different performance bottlenecks.Given SQL and its QUERY PLAN from 'EXPLAIN', analyze and suggest which knobs should be tuned to improve the performance of this SQL.  Given the following candidate knobs, score the importance for each knob between 0 and 1, with a higher value indicating that it is more likey to impact postgres performance significantly. 
                    Candidate knobs: ['IntervalStyle', 'TimeZone', 'allow_in_place_tablespaces', 'allow_system_table_mods', 'application_name', 'archive_cleanup_command', 'archive_command', 'archive_mode', 'archive_timeout', 'array_nulls', 'authentication_timeout', 'autovacuum', 'autovacuum_analyze_scale_factor', 'autovacuum_analyze_threshold', 'autovacuum_freeze_max_age', 'autovacuum_max_workers', 'autovacuum_multixact_freeze_max_age', 'autovacuum_naptime', 'autovacuum_vacuum_cost_delay', 'autovacuum_vacuum_cost_limit', 'autovacuum_vacuum_insert_scale_factor', 'autovacuum_vacuum_insert_threshold', 'autovacuum_vacuum_scale_factor', 'autovacuum_vacuum_threshold', 'autovacuum_work_mem', 'backend_flush_after', 'backslash_quote', 'backtrace_functions', 'bgwriter_delay', 'bgwriter_flush_after']
                    DBMS: postgres;
                    SQL:select
	l_returnflag,
	l_linestatus,
	sum(l_quantity) as sum_qty,
	sum(l_extendedprice) as sum_base_price,
	sum(l_extendedprice * (1 - l_discount)) as sum_disc_price,
	sum(l_extendedprice * (1 - l_discount) * (1 + l_tax)) as sum_charge,
	avg(l_quantity) as avg_qty,
	avg(l_extendedprice) as avg_price,
	avg(l_discount) as avg_disc,
	count(*) as count_order
from
	lineitem
where
	l_shipdate <= date '1998-12-01' - interval '97' day
group by
	l_returnflag,
	l_linestatus
order by
	l_returnflag,
	l_linestatus

                    QUERY PLAN:[('Finalize GroupAggregate  (cost=243025.05..243027.13 rows=6 width=236)',), ('  Group Key: l_returnflag, l_linestatus',), ('  ->  Gather Merge  (cost=243025.05..243026.45 rows=12 width=236)',), ('        Workers Planned: 2',), ('        ->  Sort  (cost=242025.03..242025.05 rows=6 width=236)',), ('              Sort Key: l_returnflag, l_linestatus',), ('              ->  Partial HashAggregate  (cost=242024.79..242024.95 rows=6 width=236)',), ('                    Group Key: l_returnflag, l_linestatus',), ('                    ->  Parallel Seq Scan on lineitem  (cost=0.00..143759.07 rows=2456643 width=25)',), ("                          Filter: (l_shipdate <= '1998-08-26 00:00:00'::timestamp without time zone)",), ('JIT:',), ('  Functions: 9',), ('  Options: Inlining false, Optimization false, Expressions true, Deforming true',)]
                    Now let us think step by step and give me your scoring of all the candidate knobs in json format:
                    {
                        "knob_name": {score}    // fill "score" with a number between 0 and 1
                    }
                    If no knobs are suggested, just fill "knob_list" with "None" and also return result in json format. 

[2025-04-18 21:21:41,934 INFO] [knob_selection.py:select_on_query_level:143] select_on_query_level - 270th query, 1th response: {'IntervalStyle': 0.0, 'TimeZone': 0.0, 'allow_in_place_tablespaces': 0.0, 'allow_system_table_mods': 0.0, 'application_name': 0.0, 'archive_cleanup_command': 0.0, 'archive_command': 0.0, 'archive_mode': 0.0, 'archive_timeout': 0.0, 'array_nulls': 0.0, 'authentication_timeout': 0.0, 'autovacuum': 0.5, 'autovacuum_analyze_scale_factor': 0.5, 'autovacuum_analyze_threshold': 0.5, 'autovacuum_freeze_max_age': 0.0, 'autovacuum_max_workers': 0.0, 'autovacuum_multixact_freeze_max_age': 0.0, 'autovacuum_naptime': 0.0, 'autovacuum_vacuum_cost_delay': 0.0, 'autovacuum_vacuum_cost_limit': 0.0, 'autovacuum_vacuum_insert_scale_factor': 0.0, 'autovacuum_vacuum_insert_threshold': 0.0, 'autovacuum_vacuum_scale_factor': 0.5, 'autovacuum_vacuum_threshold': 0.5, 'autovacuum_work_mem': 0.0, 'backend_flush_after': 0.0, 'backslash_quote': 0.0, 'backtrace_functions': 0.0, 'bgwriter_delay': 0.0, 'bgwriter_flush_after': 0.0}
[2025-04-18 21:21:41,938 INFO] [knob_selection.py:select_on_query_level:141] select_on_query_level - 300th query, 1th prompt: 
                    You are an experienced DBA and your will determine which knobs are worth tuning. You only tune knobs that have a significant impact on DBMS performance and the target DBMS is postgres. Which knobs are important heavily depends on the query plan because different query plans result in different performance bottlenecks.Given SQL and its QUERY PLAN from 'EXPLAIN', analyze and suggest which knobs should be tuned to improve the performance of this SQL.  Given the following candidate knobs, score the importance for each knob between 0 and 1, with a higher value indicating that it is more likey to impact postgres performance significantly. 
                    Candidate knobs: ['IntervalStyle', 'TimeZone', 'allow_in_place_tablespaces', 'allow_system_table_mods', 'application_name', 'archive_cleanup_command', 'archive_command', 'archive_mode', 'archive_timeout', 'array_nulls', 'authentication_timeout', 'autovacuum', 'autovacuum_analyze_scale_factor', 'autovacuum_analyze_threshold', 'autovacuum_freeze_max_age', 'autovacuum_max_workers', 'autovacuum_multixact_freeze_max_age', 'autovacuum_naptime', 'autovacuum_vacuum_cost_delay', 'autovacuum_vacuum_cost_limit', 'autovacuum_vacuum_insert_scale_factor', 'autovacuum_vacuum_insert_threshold', 'autovacuum_vacuum_scale_factor', 'autovacuum_vacuum_threshold', 'autovacuum_work_mem', 'backend_flush_after', 'backslash_quote', 'backtrace_functions', 'bgwriter_delay', 'bgwriter_flush_after']
                    DBMS: postgres;
                    SQL:select
	l_returnflag,
	l_linestatus,
	sum(l_quantity) as sum_qty,
	sum(l_extendedprice) as sum_base_price,
	sum(l_extendedprice * (1 - l_discount)) as sum_disc_price,
	sum(l_extendedprice * (1 - l_discount) * (1 + l_tax)) as sum_charge,
	avg(l_quantity) as avg_qty,
	avg(l_extendedprice) as avg_price,
	avg(l_discount) as avg_disc,
	count(*) as count_order
from
	lineitem
where
	l_shipdate <= date '1998-12-01' - interval '97' day
group by
	l_returnflag,
	l_linestatus
order by
	l_returnflag,
	l_linestatus

                    QUERY PLAN:[('Finalize GroupAggregate  (cost=243025.05..243027.13 rows=6 width=236)',), ('  Group Key: l_returnflag, l_linestatus',), ('  ->  Gather Merge  (cost=243025.05..243026.45 rows=12 width=236)',), ('        Workers Planned: 2',), ('        ->  Sort  (cost=242025.03..242025.05 rows=6 width=236)',), ('              Sort Key: l_returnflag, l_linestatus',), ('              ->  Partial HashAggregate  (cost=242024.79..242024.95 rows=6 width=236)',), ('                    Group Key: l_returnflag, l_linestatus',), ('                    ->  Parallel Seq Scan on lineitem  (cost=0.00..143759.07 rows=2456643 width=25)',), ("                          Filter: (l_shipdate <= '1998-08-26 00:00:00'::timestamp without time zone)",), ('JIT:',), ('  Functions: 9',), ('  Options: Inlining false, Optimization false, Expressions true, Deforming true',)]
                    Now let us think step by step and give me your scoring of all the candidate knobs in json format:
                    {
                        "knob_name": {score}    // fill "score" with a number between 0 and 1
                    }
                    If no knobs are suggested, just fill "knob_list" with "None" and also return result in json format. 

[2025-04-18 21:21:45,414 INFO] [knob_selection.py:select_on_query_level:143] select_on_query_level - 300th query, 1th response: {'IntervalStyle': 0.0, 'TimeZone': 0.0, 'allow_in_place_tablespaces': 0.0, 'allow_system_table_mods': 0.0, 'application_name': 0.0, 'archive_cleanup_command': 0.0, 'archive_command': 0.0, 'archive_mode': 0.0, 'archive_timeout': 0.0, 'array_nulls': 0.0, 'authentication_timeout': 0.0, 'autovacuum': 0.5, 'autovacuum_analyze_scale_factor': 0.5, 'autovacuum_analyze_threshold': 0.5, 'autovacuum_freeze_max_age': 0.5, 'autovacuum_max_workers': 0.5, 'autovacuum_multixact_freeze_max_age': 0.5, 'autovacuum_naptime': 0.5, 'autovacuum_vacuum_cost_delay': 0.5, 'autovacuum_vacuum_cost_limit': 0.5, 'autovacuum_vacuum_insert_scale_factor': 0.5, 'autovacuum_vacuum_insert_threshold': 0.5, 'autovacuum_vacuum_scale_factor': 0.5, 'autovacuum_vacuum_threshold': 0.5, 'autovacuum_work_mem': 0.5, 'backend_flush_after': 0.0, 'backslash_quote': 0.0, 'backtrace_functions': 0.0, 'bgwriter_delay': 0.3, 'bgwriter_flush_after': 0.3}
[2025-04-18 21:21:45,418 INFO] [knob_selection.py:select_on_query_level:141] select_on_query_level - 330th query, 1th prompt: 
                    You are an experienced DBA and your will determine which knobs are worth tuning. You only tune knobs that have a significant impact on DBMS performance and the target DBMS is postgres. Which knobs are important heavily depends on the query plan because different query plans result in different performance bottlenecks.Given SQL and its QUERY PLAN from 'EXPLAIN', analyze and suggest which knobs should be tuned to improve the performance of this SQL.  Given the following candidate knobs, score the importance for each knob between 0 and 1, with a higher value indicating that it is more likey to impact postgres performance significantly. 
                    Candidate knobs: ['IntervalStyle', 'TimeZone', 'allow_in_place_tablespaces', 'allow_system_table_mods', 'application_name', 'archive_cleanup_command', 'archive_command', 'archive_mode', 'archive_timeout', 'array_nulls', 'authentication_timeout', 'autovacuum', 'autovacuum_analyze_scale_factor', 'autovacuum_analyze_threshold', 'autovacuum_freeze_max_age', 'autovacuum_max_workers', 'autovacuum_multixact_freeze_max_age', 'autovacuum_naptime', 'autovacuum_vacuum_cost_delay', 'autovacuum_vacuum_cost_limit', 'autovacuum_vacuum_insert_scale_factor', 'autovacuum_vacuum_insert_threshold', 'autovacuum_vacuum_scale_factor', 'autovacuum_vacuum_threshold', 'autovacuum_work_mem', 'backend_flush_after', 'backslash_quote', 'backtrace_functions', 'bgwriter_delay', 'bgwriter_flush_after']
                    DBMS: postgres;
                    SQL:select
	l_returnflag,
	l_linestatus,
	sum(l_quantity) as sum_qty,
	sum(l_extendedprice) as sum_base_price,
	sum(l_extendedprice * (1 - l_discount)) as sum_disc_price,
	sum(l_extendedprice * (1 - l_discount) * (1 + l_tax)) as sum_charge,
	avg(l_quantity) as avg_qty,
	avg(l_extendedprice) as avg_price,
	avg(l_discount) as avg_disc,
	count(*) as count_order
from
	lineitem
where
	l_shipdate <= date '1998-12-01' - interval '97' day
group by
	l_returnflag,
	l_linestatus
order by
	l_returnflag,
	l_linestatus

                    QUERY PLAN:[('Finalize GroupAggregate  (cost=243025.05..243027.13 rows=6 width=236)',), ('  Group Key: l_returnflag, l_linestatus',), ('  ->  Gather Merge  (cost=243025.05..243026.45 rows=12 width=236)',), ('        Workers Planned: 2',), ('        ->  Sort  (cost=242025.03..242025.05 rows=6 width=236)',), ('              Sort Key: l_returnflag, l_linestatus',), ('              ->  Partial HashAggregate  (cost=242024.79..242024.95 rows=6 width=236)',), ('                    Group Key: l_returnflag, l_linestatus',), ('                    ->  Parallel Seq Scan on lineitem  (cost=0.00..143759.07 rows=2456643 width=25)',), ("                          Filter: (l_shipdate <= '1998-08-26 00:00:00'::timestamp without time zone)",), ('JIT:',), ('  Functions: 9',), ('  Options: Inlining false, Optimization false, Expressions true, Deforming true',)]
                    Now let us think step by step and give me your scoring of all the candidate knobs in json format:
                    {
                        "knob_name": {score}    // fill "score" with a number between 0 and 1
                    }
                    If no knobs are suggested, just fill "knob_list" with "None" and also return result in json format. 

[2025-04-18 21:21:48,692 INFO] [knob_selection.py:select_on_query_level:143] select_on_query_level - 330th query, 1th response: {'IntervalStyle': 0.0, 'TimeZone': 0.0, 'allow_in_place_tablespaces': 0.0, 'allow_system_table_mods': 0.0, 'application_name': 0.0, 'archive_cleanup_command': 0.0, 'archive_command': 0.0, 'archive_mode': 0.0, 'archive_timeout': 0.0, 'array_nulls': 0.0, 'authentication_timeout': 0.0, 'autovacuum': 0.2, 'autovacuum_analyze_scale_factor': 0.1, 'autovacuum_analyze_threshold': 0.1, 'autovacuum_freeze_max_age': 0.0, 'autovacuum_max_workers': 0.2, 'autovacuum_multixact_freeze_max_age': 0.0, 'autovacuum_naptime': 0.1, 'autovacuum_vacuum_cost_delay': 0.2, 'autovacuum_vacuum_cost_limit': 0.2, 'autovacuum_vacuum_insert_scale_factor': 0.1, 'autovacuum_vacuum_insert_threshold': 0.1, 'autovacuum_vacuum_scale_factor': 0.1, 'autovacuum_vacuum_threshold': 0.1, 'autovacuum_work_mem': 0.2, 'backend_flush_after': 0.3, 'backslash_quote': 0.0, 'backtrace_functions': 0.0, 'bgwriter_delay': 0.3, 'bgwriter_flush_after': 0.3}
[2025-04-18 21:21:48,697 INFO] [knob_selection.py:select_interdependent_all_knobs:187] select_interdependent_all_knobs - prompt: 
I am solving database configuration tuning problem. 
There exist dependencies between knobs, which are mentioned in manuals and act as your training data.   
For example, the official PostgreSQL document suggests “Larger settings for 'shared_buffers' usually require a corresponding increase in 'checkpoint_segments',
indicating that we should consider the two knobs at the same time.
TASK:
Now there is a collection of knobs that need to be adjusted, but we may have overlooked 
knobs that are related to these knobs (i.e., knobs that need to be adjusted at the same time, according to past knowledge). 
Please add the knobs that are interdependent with these knobs in the set according to your knowledge. 
NOTE:
If the given DBMS is 'postgres', the interdependent knobs should be supported by PostgreSQL;
If the given DBMS is 'mysql', the interdependent knobs should be supported by Mysql;
KNOB COLLECTION:['effective_cache_size', 'checkpoint_timeout', 'shared_buffers', 'checkpoint_completion_target', 'autovacuum', 'work_mem', 'autovacuum_max_workers', 'max_parallel_workers', 'random_page_cost', 'effective_io_concurrency', 'fsync', 'enable_parallel_hash', 'max_worker_processes', 'max_parallel_workers_per_gather', 'block_size', 'max_wal_size', 'autovacuum_work_mem', 'bgwriter_flush_after', 'enable_partitionwise_join', 'enable_parallel_append', 'enable_partitionwise_aggregate', 'bgwriter_delay', 'enable_hashjoin', 'join_collapse_limit', 'autovacuum_vacuum_cost_limit', 'autovacuum_analyze_scale_factor', 'wal_buffers', 'cpu_index_tuple_cost', 'maintenance_work_mem', 'default_transaction_isolation', 'autovacuum_vacuum_scale_factor', 'default_statistics_target', 'min_parallel_table_scan_size', 'min_wal_size', 'cpu_operator_cost', 'checkpoint_flush_after', 'enable_indexonlyscan', 'full_page_writes', 'jit', 'min_parallel_index_scan_size', 'enable_partition_pruning', 'enable_indexscan', 'cpu_tuple_cost', 'parallel_tuple_cost', 'autovacuum_freeze_max_age', 'synchronous_commit', 'autovacuum_vacuum_cost_delay', 'autovacuum_analyze_threshold', 'autovacuum_vacuum_insert_threshold', 'autovacuum_vacuum_insert_scale_factor']
DBMS:postgres
Now let us think step by step and give me result in json format, 
{
   "think_procedure": {procedure}    // fill "procedure" with your "think step by step procedure"
   "knob_list": {knob_list}          // fill "knob_list" with a list of the name of interdependent knobs
}
If no knobs are interdependent, just fill "knob_list" with "None". 

[2025-04-18 21:21:51,969 INFO] [knob_selection.py:select_interdependent_all_knobs:189] select_interdependent_all_knobs - response: {'think_procedure': "To determine the interdependent knobs for PostgreSQL, I will analyze the provided list of knobs and identify any known dependencies based on PostgreSQL documentation and best practices. The goal is to find knobs that should be considered together due to their interactions or dependencies. For example, 'shared_buffers' is known to interact with 'checkpoint_segments' (now replaced by 'max_wal_size' and 'min_wal_size'), and 'work_mem' can influence 'maintenance_work_mem'. I will also consider other related settings like 'wal_buffers' and 'checkpoint_timeout' that can influence write performance. Additionally, I will check if any settings related to autovacuum, such as 'autovacuum_max_workers', have dependencies with other autovacuum-related knobs. Finally, I will compile a list of these interdependent knobs.", 'knob_list': ['checkpoint_segments', 'max_wal_size', 'min_wal_size', 'maintenance_work_mem', 'wal_buffers']}
[2025-04-18 21:21:51,972 INFO] [knob_selection.py:select_interdependent_all_knobs:200] accumulated token:49863, accumulated money:0
