[2025-04-17 17:57:58,800 INFO] [knob_selection.py:select_on_system_level:58] select_on_system_level - 0th prompt: 
You are an experienced DBA and your will determine which knobs are worth tuning. You only tune knobs that have a significant impact on DBMS performance and the target DBMS is postgres. Given the following candidate knobs, score the importance for each knob between 0 and 1, with a higher value indicating that it is more likey to impact postgres performance significantly. 
Candidate knobs: ['DateStyle', 'IntervalStyle', 'TimeZone', 'allow_in_place_tablespaces', 'allow_system_table_mods', 'application_name', 'archive_cleanup_command', 'archive_command', 'archive_mode', 'archive_timeout', 'array_nulls', 'authentication_timeout', 'autovacuum', 'autovacuum_analyze_scale_factor', 'autovacuum_analyze_threshold', 'autovacuum_freeze_max_age', 'autovacuum_max_workers', 'autovacuum_multixact_freeze_max_age', 'autovacuum_naptime', 'autovacuum_vacuum_cost_delay', 'autovacuum_vacuum_cost_limit', 'autovacuum_vacuum_insert_scale_factor', 'autovacuum_vacuum_insert_threshold', 'autovacuum_vacuum_scale_factor', 'autovacuum_vacuum_threshold', 'autovacuum_work_mem', 'backend_flush_after', 'backslash_quote', 'backtrace_functions', 'bgwriter_delay']
DBMS: postgres;
Now let us think step by step and give me your scoring of all the candidate knobs in json format:
{
    "knob_name": {score}    // fill "score" with a number between 0 and 1
}
If no knobs are suggested, just fill "knob_list" with "None" and also return result in json format. 

[2025-04-17 17:58:17,464 INFO] [knob_selection.py:select_on_system_level:60] select_on_system_level - 0th response: {'DateStyle': 0.1, 'IntervalStyle': 0.1, 'TimeZone': 0.2, 'allow_in_place_tablespaces': 0.3, 'allow_system_table_mods': 0.1, 'application_name': 0.1, 'archive_cleanup_command': 0.4, 'archive_command': 0.5, 'archive_mode': 0.6, 'archive_timeout': 0.4, 'array_nulls': 0.1, 'authentication_timeout': 0.2, 'autovacuum': 0.9, 'autovacuum_analyze_scale_factor': 0.7, 'autovacuum_analyze_threshold': 0.7, 'autovacuum_freeze_max_age': 0.8, 'autovacuum_max_workers': 0.8, 'autovacuum_multixact_freeze_max_age': 0.7, 'autovacuum_naptime': 0.6, 'autovacuum_vacuum_cost_delay': 0.7, 'autovacuum_vacuum_cost_limit': 0.7, 'autovacuum_vacuum_insert_scale_factor': 0.6, 'autovacuum_vacuum_insert_threshold': 0.6, 'autovacuum_vacuum_scale_factor': 0.7, 'autovacuum_vacuum_threshold': 0.7, 'autovacuum_work_mem': 0.6, 'backend_flush_after': 0.5, 'backslash_quote': 0.1, 'backtrace_functions': 0.1, 'bgwriter_delay': 0.5}
[2025-04-17 17:58:18,344 INFO] [knob_selection.py:select_on_system_level:58] select_on_system_level - 30th prompt: 
You are an experienced DBA and your will determine which knobs are worth tuning. You only tune knobs that have a significant impact on DBMS performance and the target DBMS is postgres. Given the following candidate knobs, score the importance for each knob between 0 and 1, with a higher value indicating that it is more likey to impact postgres performance significantly. 
Candidate knobs: ['bgwriter_flush_after', 'bgwriter_lru_maxpages', 'bgwriter_lru_multiplier', 'block_size', 'bonjour', 'bonjour_name', 'bytea_output', 'check_function_bodies', 'checkpoint_completion_target', 'checkpoint_flush_after', 'checkpoint_timeout', 'checkpoint_warning', 'client_connection_check_interval', 'client_encoding', 'client_min_messages', 'cluster_name', 'commit_delay', 'commit_siblings', 'compute_query_id', 'config_file', 'constraint_exclusion', 'cpu_index_tuple_cost', 'cpu_operator_cost', 'cpu_tuple_cost', 'cursor_tuple_fraction', 'data_checksums', 'data_directory', 'data_directory_mode', 'data_sync_retry', 'db_user_namespace']
DBMS: postgres;
Now let us think step by step and give me your scoring of all the candidate knobs in json format:
{
    "knob_name": {score}    // fill "score" with a number between 0 and 1
}
If no knobs are suggested, just fill "knob_list" with "None" and also return result in json format. 

[2025-04-17 17:58:34,139 INFO] [knob_selection.py:select_on_system_level:60] select_on_system_level - 30th response: {'bgwriter_flush_after': 0.7, 'bgwriter_lru_maxpages': 0.8, 'bgwriter_lru_multiplier': 0.8, 'block_size': 0.9, 'bonjour': 0.0, 'bonjour_name': 0.0, 'bytea_output': 0.1, 'check_function_bodies': 0.1, 'checkpoint_completion_target': 0.9, 'checkpoint_flush_after': 0.7, 'checkpoint_timeout': 0.8, 'checkpoint_warning': 0.2, 'client_connection_check_interval': 0.1, 'client_encoding': 0.1, 'client_min_messages': 0.1, 'cluster_name': 0.0, 'commit_delay': 0.5, 'commit_siblings': 0.5, 'compute_query_id': 0.3, 'config_file': 0.0, 'constraint_exclusion': 0.4, 'cpu_index_tuple_cost': 0.6, 'cpu_operator_cost': 0.6, 'cpu_tuple_cost': 0.6, 'cursor_tuple_fraction': 0.5, 'data_checksums': 0.3, 'data_directory': 0.0, 'data_directory_mode': 0.0, 'data_sync_retry': 0.2, 'db_user_namespace': 0.0}
[2025-04-17 17:58:34,967 INFO] [knob_selection.py:select_on_system_level:58] select_on_system_level - 60th prompt: 
You are an experienced DBA and your will determine which knobs are worth tuning. You only tune knobs that have a significant impact on DBMS performance and the target DBMS is postgres. Given the following candidate knobs, score the importance for each knob between 0 and 1, with a higher value indicating that it is more likey to impact postgres performance significantly. 
Candidate knobs: ['deadlock_timeout', 'debug_assertions', 'debug_discard_caches', 'debug_pretty_print', 'debug_print_parse', 'debug_print_plan', 'debug_print_rewritten', 'default_statistics_target', 'default_table_access_method', 'default_tablespace', 'default_text_search_config', 'default_toast_compression', 'default_transaction_deferrable', 'default_transaction_isolation', 'default_transaction_read_only', 'dynamic_library_path', 'dynamic_shared_memory_type', 'effective_cache_size', 'effective_io_concurrency', 'enable_async_append', 'enable_bitmapscan', 'enable_gathermerge', 'enable_hashagg', 'enable_hashjoin', 'enable_incremental_sort', 'enable_indexonlyscan', 'enable_indexscan', 'enable_material', 'enable_memoize', 'enable_mergejoin']
DBMS: postgres;
Now let us think step by step and give me your scoring of all the candidate knobs in json format:
{
    "knob_name": {score}    // fill "score" with a number between 0 and 1
}
If no knobs are suggested, just fill "knob_list" with "None" and also return result in json format. 

[2025-04-17 17:58:51,761 INFO] [knob_selection.py:select_on_system_level:60] select_on_system_level - 60th response: {'deadlock_timeout': 0.7, 'debug_assertions': 0.1, 'debug_discard_caches': 0.1, 'debug_pretty_print': 0.1, 'debug_print_parse': 0.1, 'debug_print_plan': 0.1, 'debug_print_rewritten': 0.1, 'default_statistics_target': 0.8, 'default_table_access_method': 0.5, 'default_tablespace': 0.3, 'default_text_search_config': 0.2, 'default_toast_compression': 0.4, 'default_transaction_deferrable': 0.3, 'default_transaction_isolation': 0.7, 'default_transaction_read_only': 0.3, 'dynamic_library_path': 0.2, 'dynamic_shared_memory_type': 0.6, 'effective_cache_size': 0.9, 'effective_io_concurrency': 0.8, 'enable_async_append': 0.5, 'enable_bitmapscan': 0.6, 'enable_gathermerge': 0.5, 'enable_hashagg': 0.7, 'enable_hashjoin': 0.7, 'enable_incremental_sort': 0.5, 'enable_indexonlyscan': 0.7, 'enable_indexscan': 0.8, 'enable_material': 0.6, 'enable_memoize': 0.5, 'enable_mergejoin': 0.7}
[2025-04-17 17:58:52,596 INFO] [knob_selection.py:select_on_system_level:58] select_on_system_level - 90th prompt: 
You are an experienced DBA and your will determine which knobs are worth tuning. You only tune knobs that have a significant impact on DBMS performance and the target DBMS is postgres. Given the following candidate knobs, score the importance for each knob between 0 and 1, with a higher value indicating that it is more likey to impact postgres performance significantly. 
Candidate knobs: ['enable_nestloop', 'enable_parallel_append', 'enable_parallel_hash', 'enable_partition_pruning', 'enable_partitionwise_aggregate', 'enable_partitionwise_join', 'enable_seqscan', 'enable_sort', 'enable_tidscan', 'escape_string_warning', 'event_source', 'exit_on_error', 'extension_destdir', 'external_pid_file', 'extra_float_digits', 'force_parallel_mode', 'from_collapse_limit', 'fsync', 'full_page_writes', 'geqo', 'geqo_effort', 'geqo_generations', 'geqo_pool_size', 'geqo_seed', 'geqo_selection_bias', 'geqo_threshold', 'gin_fuzzy_search_limit', 'gin_pending_list_limit', 'hash_mem_multiplier', 'hba_file']
DBMS: postgres;
Now let us think step by step and give me your scoring of all the candidate knobs in json format:
{
    "knob_name": {score}    // fill "score" with a number between 0 and 1
}
If no knobs are suggested, just fill "knob_list" with "None" and also return result in json format. 

[2025-04-17 17:59:09,988 INFO] [knob_selection.py:select_on_system_level:60] select_on_system_level - 90th response: {'enable_nestloop': 0.8, 'enable_parallel_append': 0.6, 'enable_parallel_hash': 0.6, 'enable_partition_pruning': 0.7, 'enable_partitionwise_aggregate': 0.5, 'enable_partitionwise_join': 0.5, 'enable_seqscan': 0.9, 'enable_sort': 0.7, 'enable_tidscan': 0.4, 'escape_string_warning': 0.1, 'event_source': 0.1, 'exit_on_error': 0.1, 'extension_destdir': 0.1, 'external_pid_file': 0.1, 'extra_float_digits': 0.1, 'force_parallel_mode': 0.5, 'from_collapse_limit': 0.5, 'fsync': 0.9, 'full_page_writes': 0.8, 'geqo': 0.6, 'geqo_effort': 0.5, 'geqo_generations': 0.4, 'geqo_pool_size': 0.4, 'geqo_seed': 0.3, 'geqo_selection_bias': 0.3, 'geqo_threshold': 0.5, 'gin_fuzzy_search_limit': 0.3, 'gin_pending_list_limit': 0.4, 'hash_mem_multiplier': 0.7, 'hba_file': 0.1}
[2025-04-17 17:59:10,830 INFO] [knob_selection.py:select_on_system_level:58] select_on_system_level - 120th prompt: 
You are an experienced DBA and your will determine which knobs are worth tuning. You only tune knobs that have a significant impact on DBMS performance and the target DBMS is postgres. Given the following candidate knobs, score the importance for each knob between 0 and 1, with a higher value indicating that it is more likey to impact postgres performance significantly. 
Candidate knobs: ['hot_standby', 'hot_standby_feedback', 'huge_page_size', 'huge_pages', 'ident_file', 'idle_in_transaction_session_timeout', 'idle_session_timeout', 'ignore_checksum_failure', 'ignore_invalid_pages', 'ignore_system_indexes', 'in_hot_standby', 'integer_datetimes', 'jit', 'jit_above_cost', 'jit_debugging_support', 'jit_dump_bitcode', 'jit_expressions', 'jit_inline_above_cost', 'jit_optimize_above_cost', 'jit_profiling_support', 'jit_provider', 'jit_tuple_deforming', 'join_collapse_limit', 'krb_caseins_users', 'krb_server_keyfile', 'lc_collate', 'lc_ctype', 'lc_messages', 'lc_monetary', 'lc_numeric']
DBMS: postgres;
Now let us think step by step and give me your scoring of all the candidate knobs in json format:
{
    "knob_name": {score}    // fill "score" with a number between 0 and 1
}
If no knobs are suggested, just fill "knob_list" with "None" and also return result in json format. 

[2025-04-17 17:59:27,500 INFO] [knob_selection.py:select_on_system_level:60] select_on_system_level - 120th response: {'hot_standby': 0.7, 'hot_standby_feedback': 0.8, 'huge_page_size': 0.5, 'huge_pages': 0.6, 'ident_file': 0.1, 'idle_in_transaction_session_timeout': 0.4, 'idle_session_timeout': 0.3, 'ignore_checksum_failure': 0.2, 'ignore_invalid_pages': 0.2, 'ignore_system_indexes': 0.1, 'in_hot_standby': 0.1, 'integer_datetimes': 0.1, 'jit': 0.7, 'jit_above_cost': 0.6, 'jit_debugging_support': 0.2, 'jit_dump_bitcode': 0.1, 'jit_expressions': 0.5, 'jit_inline_above_cost': 0.5, 'jit_optimize_above_cost': 0.5, 'jit_profiling_support': 0.2, 'jit_provider': 0.3, 'jit_tuple_deforming': 0.4, 'join_collapse_limit': 0.6, 'krb_caseins_users': 0.1, 'krb_server_keyfile': 0.1, 'lc_collate': 0.1, 'lc_ctype': 0.1, 'lc_messages': 0.1, 'lc_monetary': 0.1, 'lc_numeric': 0.1}
[2025-04-17 17:59:28,350 INFO] [knob_selection.py:select_on_system_level:58] select_on_system_level - 150th prompt: 
You are an experienced DBA and your will determine which knobs are worth tuning. You only tune knobs that have a significant impact on DBMS performance and the target DBMS is postgres. Given the following candidate knobs, score the importance for each knob between 0 and 1, with a higher value indicating that it is more likey to impact postgres performance significantly. 
Candidate knobs: ['lc_time', 'listen_addresses', 'lo_compat_privileges', 'local_preload_libraries', 'lock_timeout', 'log_autovacuum_min_duration', 'log_checkpoints', 'log_connections', 'log_destination', 'log_directory', 'log_disconnections', 'log_duration', 'log_error_verbosity', 'log_executor_stats', 'log_file_mode', 'log_filename', 'log_hostname', 'log_line_prefix', 'log_lock_waits', 'log_min_duration_sample', 'log_min_duration_statement', 'log_min_error_statement', 'log_min_messages', 'log_parameter_max_length', 'log_parameter_max_length_on_error', 'log_parser_stats', 'log_planner_stats', 'log_recovery_conflict_waits', 'log_replication_commands', 'log_rotation_age']
DBMS: postgres;
Now let us think step by step and give me your scoring of all the candidate knobs in json format:
{
    "knob_name": {score}    // fill "score" with a number between 0 and 1
}
If no knobs are suggested, just fill "knob_list" with "None" and also return result in json format. 

[2025-04-17 17:59:45,420 INFO] [knob_selection.py:select_on_system_level:60] select_on_system_level - 150th response: {'lc_time': 0.1, 'listen_addresses': 0.3, 'lo_compat_privileges': 0.1, 'local_preload_libraries': 0.4, 'lock_timeout': 0.7, 'log_autovacuum_min_duration': 0.5, 'log_checkpoints': 0.6, 'log_connections': 0.2, 'log_destination': 0.1, 'log_directory': 0.1, 'log_disconnections': 0.1, 'log_duration': 0.3, 'log_error_verbosity': 0.2, 'log_executor_stats': 0.4, 'log_file_mode': 0.1, 'log_filename': 0.1, 'log_hostname': 0.1, 'log_line_prefix': 0.2, 'log_lock_waits': 0.5, 'log_min_duration_sample': 0.4, 'log_min_duration_statement': 0.6, 'log_min_error_statement': 0.2, 'log_min_messages': 0.3, 'log_parameter_max_length': 0.2, 'log_parameter_max_length_on_error': 0.2, 'log_parser_stats': 0.3, 'log_planner_stats': 0.3, 'log_recovery_conflict_waits': 0.4, 'log_replication_commands': 0.5, 'log_rotation_age': 0.3}
[2025-04-17 17:59:46,299 INFO] [knob_selection.py:select_on_system_level:58] select_on_system_level - 180th prompt: 
You are an experienced DBA and your will determine which knobs are worth tuning. You only tune knobs that have a significant impact on DBMS performance and the target DBMS is postgres. Given the following candidate knobs, score the importance for each knob between 0 and 1, with a higher value indicating that it is more likey to impact postgres performance significantly. 
Candidate knobs: ['log_rotation_size', 'log_statement', 'log_statement_sample_rate', 'log_statement_stats', 'log_temp_files', 'log_timezone', 'log_transaction_sample_rate', 'log_truncate_on_rotation', 'logging_collector', 'logical_decoding_work_mem', 'maintenance_io_concurrency', 'maintenance_work_mem', 'max_connections', 'max_files_per_process', 'max_function_args', 'max_identifier_length', 'max_index_keys', 'max_locks_per_transaction', 'max_logical_replication_workers', 'max_parallel_maintenance_workers', 'max_parallel_workers', 'max_parallel_workers_per_gather', 'max_pred_locks_per_page', 'max_pred_locks_per_relation', 'max_pred_locks_per_transaction', 'max_prepared_transactions', 'max_replication_slots', 'max_slot_wal_keep_size', 'max_stack_depth', 'max_standby_archive_delay']
DBMS: postgres;
Now let us think step by step and give me your scoring of all the candidate knobs in json format:
{
    "knob_name": {score}    // fill "score" with a number between 0 and 1
}
If no knobs are suggested, just fill "knob_list" with "None" and also return result in json format. 

[2025-04-17 18:00:03,960 INFO] [knob_selection.py:select_on_system_level:60] select_on_system_level - 180th response: {'log_rotation_size': 0.2, 'log_statement': 0.3, 'log_statement_sample_rate': 0.1, 'log_statement_stats': 0.1, 'log_temp_files': 0.2, 'log_timezone': 0.0, 'log_transaction_sample_rate': 0.1, 'log_truncate_on_rotation': 0.1, 'logging_collector': 0.2, 'logical_decoding_work_mem': 0.3, 'maintenance_io_concurrency': 0.4, 'maintenance_work_mem': 0.7, 'max_connections': 0.9, 'max_files_per_process': 0.2, 'max_function_args': 0.0, 'max_identifier_length': 0.0, 'max_index_keys': 0.0, 'max_locks_per_transaction': 0.5, 'max_logical_replication_workers': 0.4, 'max_parallel_maintenance_workers': 0.5, 'max_parallel_workers': 0.7, 'max_parallel_workers_per_gather': 0.7, 'max_pred_locks_per_page': 0.3, 'max_pred_locks_per_relation': 0.3, 'max_pred_locks_per_transaction': 0.3, 'max_prepared_transactions': 0.4, 'max_replication_slots': 0.4, 'max_slot_wal_keep_size': 0.3, 'max_stack_depth': 0.2, 'max_standby_archive_delay': 0.3}
[2025-04-17 18:00:04,823 INFO] [knob_selection.py:select_on_system_level:58] select_on_system_level - 210th prompt: 
You are an experienced DBA and your will determine which knobs are worth tuning. You only tune knobs that have a significant impact on DBMS performance and the target DBMS is postgres. Given the following candidate knobs, score the importance for each knob between 0 and 1, with a higher value indicating that it is more likey to impact postgres performance significantly. 
Candidate knobs: ['max_standby_streaming_delay', 'max_sync_workers_per_subscription', 'max_wal_senders', 'max_wal_size', 'max_worker_processes', 'min_dynamic_shared_memory', 'min_parallel_index_scan_size', 'min_parallel_table_scan_size', 'min_wal_size', 'old_snapshot_threshold', 'parallel_leader_participation', 'parallel_setup_cost', 'parallel_tuple_cost', 'password_encryption', 'pg_stat_statements.max', 'pg_stat_statements.save', 'pg_stat_statements.track', 'pg_stat_statements.track_planning', 'pg_stat_statements.track_utility', 'plan_cache_mode', 'port', 'post_auth_delay', 'pre_auth_delay', 'primary_conninfo', 'primary_slot_name', 'promote_trigger_file', 'quote_all_identifiers', 'random_page_cost', 'recovery_end_command', 'recovery_init_sync_method']
DBMS: postgres;
Now let us think step by step and give me your scoring of all the candidate knobs in json format:
{
    "knob_name": {score}    // fill "score" with a number between 0 and 1
}
If no knobs are suggested, just fill "knob_list" with "None" and also return result in json format. 

[2025-04-17 18:00:25,051 INFO] [knob_selection.py:select_on_system_level:60] select_on_system_level - 210th response: {'max_standby_streaming_delay': 0.6, 'max_sync_workers_per_subscription': 0.4, 'max_wal_senders': 0.7, 'max_wal_size': 0.8, 'max_worker_processes': 0.9, 'min_dynamic_shared_memory': 0.3, 'min_parallel_index_scan_size': 0.5, 'min_parallel_table_scan_size': 0.5, 'min_wal_size': 0.7, 'old_snapshot_threshold': 0.4, 'parallel_leader_participation': 0.5, 'parallel_setup_cost': 0.6, 'parallel_tuple_cost': 0.6, 'password_encryption': 0.1, 'pg_stat_statements.max': 0.7, 'pg_stat_statements.save': 0.5, 'pg_stat_statements.track': 0.6, 'pg_stat_statements.track_planning': 0.5, 'pg_stat_statements.track_utility': 0.4, 'plan_cache_mode': 0.5, 'port': 0.1, 'post_auth_delay': 0.1, 'pre_auth_delay': 0.1, 'primary_conninfo': 0.3, 'primary_slot_name': 0.3, 'promote_trigger_file': 0.4, 'quote_all_identifiers': 0.1, 'random_page_cost': 0.8, 'recovery_end_command': 0.3, 'recovery_init_sync_method': 0.4}
[2025-04-17 18:00:25,929 INFO] [knob_selection.py:select_on_system_level:58] select_on_system_level - 240th prompt: 
You are an experienced DBA and your will determine which knobs are worth tuning. You only tune knobs that have a significant impact on DBMS performance and the target DBMS is postgres. Given the following candidate knobs, score the importance for each knob between 0 and 1, with a higher value indicating that it is more likey to impact postgres performance significantly. 
Candidate knobs: ['recovery_min_apply_delay', 'recovery_target', 'recovery_target_action', 'recovery_target_inclusive', 'recovery_target_lsn', 'recovery_target_name', 'recovery_target_time', 'recovery_target_timeline', 'recovery_target_xid', 'remove_temp_files_after_crash', 'restart_after_crash', 'restore_command', 'row_security', 'search_path', 'segment_size', 'seq_page_cost', 'server_encoding', 'server_version', 'server_version_num', 'session_preload_libraries', 'session_replication_role', 'shared_buffers', 'shared_memory_type', 'shared_preload_libraries', 'ssl', 'ssl_ca_file', 'ssl_cert_file', 'ssl_ciphers', 'ssl_crl_dir', 'ssl_crl_file']
DBMS: postgres;
Now let us think step by step and give me your scoring of all the candidate knobs in json format:
{
    "knob_name": {score}    // fill "score" with a number between 0 and 1
}
If no knobs are suggested, just fill "knob_list" with "None" and also return result in json format. 

[2025-04-17 18:00:42,663 INFO] [knob_selection.py:select_on_system_level:60] select_on_system_level - 240th response: {'recovery_min_apply_delay': 0.2, 'recovery_target': 0.3, 'recovery_target_action': 0.3, 'recovery_target_inclusive': 0.2, 'recovery_target_lsn': 0.3, 'recovery_target_name': 0.2, 'recovery_target_time': 0.3, 'recovery_target_timeline': 0.3, 'recovery_target_xid': 0.3, 'remove_temp_files_after_crash': 0.1, 'restart_after_crash': 0.1, 'restore_command': 0.2, 'row_security': 0.1, 'search_path': 0.1, 'segment_size': 0.2, 'seq_page_cost': 0.5, 'server_encoding': 0.1, 'server_version': 0.1, 'server_version_num': 0.1, 'session_preload_libraries': 0.3, 'session_replication_role': 0.2, 'shared_buffers': 0.9, 'shared_memory_type': 0.4, 'shared_preload_libraries': 0.7, 'ssl': 0.2, 'ssl_ca_file': 0.1, 'ssl_cert_file': 0.1, 'ssl_ciphers': 0.1, 'ssl_crl_dir': 0.1, 'ssl_crl_file': 0.1}
[2025-04-17 18:00:43,643 INFO] [knob_selection.py:select_on_system_level:58] select_on_system_level - 270th prompt: 
You are an experienced DBA and your will determine which knobs are worth tuning. You only tune knobs that have a significant impact on DBMS performance and the target DBMS is postgres. Given the following candidate knobs, score the importance for each knob between 0 and 1, with a higher value indicating that it is more likey to impact postgres performance significantly. 
Candidate knobs: ['ssl_dh_params_file', 'ssl_ecdh_curve', 'ssl_key_file', 'ssl_library', 'ssl_max_protocol_version', 'ssl_min_protocol_version', 'ssl_passphrase_command', 'ssl_passphrase_command_supports_reload', 'ssl_prefer_server_ciphers', 'standard_conforming_strings', 'statement_timeout', 'stats_temp_directory', 'superuser_reserved_connections', 'synchronize_seqscans', 'synchronous_commit', 'synchronous_standby_names', 'syslog_facility', 'syslog_ident', 'syslog_sequence_numbers', 'syslog_split_messages', 'tcp_keepalives_count', 'tcp_keepalives_idle', 'tcp_keepalives_interval', 'tcp_user_timeout', 'temp_buffers', 'temp_file_limit', 'temp_tablespaces', 'timezone_abbreviations', 'trace_notify', 'trace_recovery_messages']
DBMS: postgres;
Now let us think step by step and give me your scoring of all the candidate knobs in json format:
{
    "knob_name": {score}    // fill "score" with a number between 0 and 1
}
If no knobs are suggested, just fill "knob_list" with "None" and also return result in json format. 

[2025-04-17 18:01:02,016 INFO] [knob_selection.py:select_on_system_level:60] select_on_system_level - 270th response: {'ssl_dh_params_file': 0.1, 'ssl_ecdh_curve': 0.1, 'ssl_key_file': 0.1, 'ssl_library': 0.1, 'ssl_max_protocol_version': 0.1, 'ssl_min_protocol_version': 0.1, 'ssl_passphrase_command': 0.1, 'ssl_passphrase_command_supports_reload': 0.1, 'ssl_prefer_server_ciphers': 0.1, 'standard_conforming_strings': 0.2, 'statement_timeout': 0.8, 'stats_temp_directory': 0.3, 'superuser_reserved_connections': 0.4, 'synchronize_seqscans': 0.5, 'synchronous_commit': 0.9, 'synchronous_standby_names': 0.7, 'syslog_facility': 0.1, 'syslog_ident': 0.1, 'syslog_sequence_numbers': 0.1, 'syslog_split_messages': 0.1, 'tcp_keepalives_count': 0.2, 'tcp_keepalives_idle': 0.2, 'tcp_keepalives_interval': 0.2, 'tcp_user_timeout': 0.2, 'temp_buffers': 0.6, 'temp_file_limit': 0.5, 'temp_tablespaces': 0.3, 'timezone_abbreviations': 0.1, 'trace_notify': 0.1, 'trace_recovery_messages': 0.1}
[2025-04-17 18:01:02,879 INFO] [knob_selection.py:select_on_system_level:58] select_on_system_level - 300th prompt: 
You are an experienced DBA and your will determine which knobs are worth tuning. You only tune knobs that have a significant impact on DBMS performance and the target DBMS is postgres. Given the following candidate knobs, score the importance for each knob between 0 and 1, with a higher value indicating that it is more likey to impact postgres performance significantly. 
Candidate knobs: ['trace_sort', 'track_activities', 'track_activity_query_size', 'track_commit_timestamp', 'track_counts', 'track_functions', 'track_io_timing', 'track_wal_io_timing', 'transaction_deferrable', 'transaction_isolation', 'transaction_read_only', 'transform_null_equals', 'unix_socket_directories', 'unix_socket_group', 'unix_socket_permissions', 'update_process_title', 'vacuum_cost_delay', 'vacuum_cost_limit', 'vacuum_cost_page_dirty', 'vacuum_cost_page_hit', 'vacuum_cost_page_miss', 'vacuum_defer_cleanup_age', 'vacuum_failsafe_age', 'vacuum_freeze_min_age', 'vacuum_freeze_table_age', 'vacuum_multixact_failsafe_age', 'vacuum_multixact_freeze_min_age', 'vacuum_multixact_freeze_table_age', 'wal_block_size', 'wal_buffers']
DBMS: postgres;
Now let us think step by step and give me your scoring of all the candidate knobs in json format:
{
    "knob_name": {score}    // fill "score" with a number between 0 and 1
}
If no knobs are suggested, just fill "knob_list" with "None" and also return result in json format. 

[2025-04-17 18:01:21,005 INFO] [knob_selection.py:select_on_system_level:60] select_on_system_level - 300th response: {'trace_sort': 0.1, 'track_activities': 0.2, 'track_activity_query_size': 0.1, 'track_commit_timestamp': 0.3, 'track_counts': 0.5, 'track_functions': 0.2, 'track_io_timing': 0.6, 'track_wal_io_timing': 0.7, 'transaction_deferrable': 0.1, 'transaction_isolation': 0.8, 'transaction_read_only': 0.2, 'transform_null_equals': 0.1, 'unix_socket_directories': 0.1, 'unix_socket_group': 0.1, 'unix_socket_permissions': 0.1, 'update_process_title': 0.1, 'vacuum_cost_delay': 0.5, 'vacuum_cost_limit': 0.5, 'vacuum_cost_page_dirty': 0.4, 'vacuum_cost_page_hit': 0.4, 'vacuum_cost_page_miss': 0.4, 'vacuum_defer_cleanup_age': 0.3, 'vacuum_failsafe_age': 0.3, 'vacuum_freeze_min_age': 0.5, 'vacuum_freeze_table_age': 0.5, 'vacuum_multixact_failsafe_age': 0.3, 'vacuum_multixact_freeze_min_age': 0.5, 'vacuum_multixact_freeze_table_age': 0.5, 'wal_block_size': 0.7, 'wal_buffers': 0.8}
[2025-04-17 18:01:21,880 INFO] [knob_selection.py:select_on_system_level:58] select_on_system_level - 330th prompt: 
You are an experienced DBA and your will determine which knobs are worth tuning. You only tune knobs that have a significant impact on DBMS performance and the target DBMS is postgres. Given the following candidate knobs, score the importance for each knob between 0 and 1, with a higher value indicating that it is more likey to impact postgres performance significantly. 
Candidate knobs: ['wal_compression', 'wal_consistency_checking', 'wal_init_zero', 'wal_keep_size', 'wal_level', 'wal_log_hints', 'wal_receiver_create_temp_slot', 'wal_receiver_status_interval', 'wal_receiver_timeout', 'wal_recycle', 'wal_retrieve_retry_interval', 'wal_segment_size', 'wal_sender_timeout', 'wal_skip_threshold', 'wal_sync_method', 'wal_writer_delay', 'wal_writer_flush_after', 'work_mem', 'xmlbinary', 'xmloption', 'zero_damaged_pages']
DBMS: postgres;
Now let us think step by step and give me your scoring of all the candidate knobs in json format:
{
    "knob_name": {score}    // fill "score" with a number between 0 and 1
}
If no knobs are suggested, just fill "knob_list" with "None" and also return result in json format. 

[2025-04-17 18:01:34,683 INFO] [knob_selection.py:select_on_system_level:60] select_on_system_level - 330th response: {'wal_compression': 0.7, 'wal_consistency_checking': 0.2, 'wal_init_zero': 0.1, 'wal_keep_size': 0.6, 'wal_level': 0.8, 'wal_log_hints': 0.3, 'wal_receiver_create_temp_slot': 0.2, 'wal_receiver_status_interval': 0.2, 'wal_receiver_timeout': 0.3, 'wal_recycle': 0.1, 'wal_retrieve_retry_interval': 0.2, 'wal_segment_size': 0.5, 'wal_sender_timeout': 0.3, 'wal_skip_threshold': 0.2, 'wal_sync_method': 0.7, 'wal_writer_delay': 0.5, 'wal_writer_flush_after': 0.4, 'work_mem': 0.9, 'xmlbinary': 0.1, 'xmloption': 0.1, 'zero_damaged_pages': 0.1}
[2025-04-17 18:01:35,558 INFO] [knob_selection.py:select_on_workload_level:83] select_on_workload_level - 0th prompt: 
You are an experienced DBA and your will determine which knobs are worth tuning. You only tune knobs that have a significant impact on DBMS performance and the target DBMS is postgres. Which knobs are important heavily depends on the workload type because different workloads result in different performance bottleneck.Given the workload type, analyze and identify the important knobs that significantly impact database performance when such workload is deployed.  Given the following candidate knobs, score the importance for each knob between 0 and 1, with a higher value indicating that it is more likey to impact postgres performance significantly. 
Candidate knobs: ['DateStyle', 'IntervalStyle', 'TimeZone', 'allow_in_place_tablespaces', 'allow_system_table_mods', 'application_name', 'archive_cleanup_command', 'archive_command', 'archive_mode', 'archive_timeout', 'array_nulls', 'authentication_timeout', 'autovacuum', 'autovacuum_analyze_scale_factor', 'autovacuum_analyze_threshold', 'autovacuum_freeze_max_age', 'autovacuum_max_workers', 'autovacuum_multixact_freeze_max_age', 'autovacuum_naptime', 'autovacuum_vacuum_cost_delay', 'autovacuum_vacuum_cost_limit', 'autovacuum_vacuum_insert_scale_factor', 'autovacuum_vacuum_insert_threshold', 'autovacuum_vacuum_scale_factor', 'autovacuum_vacuum_threshold', 'autovacuum_work_mem', 'backend_flush_after', 'backslash_quote', 'backtrace_functions', 'bgwriter_delay']
DBMS: postgres;
WORKLOAD TYPE:OLAP
Now let us think step by step and give me your scoring of all the candidate knobs in json format:
{
    "knob_name": {score}    // fill "score" with a number between 0 and 1
}
If no knobs are suggested, just fill "knob_list" with "None" and also return result in json format. 

[2025-04-17 18:01:54,549 INFO] [knob_selection.py:select_on_workload_level:85] select_on_workload_level - 0th response: {'DateStyle': 0.1, 'IntervalStyle': 0.1, 'TimeZone': 0.1, 'allow_in_place_tablespaces': 0.2, 'allow_system_table_mods': 0.1, 'application_name': 0.1, 'archive_cleanup_command': 0.2, 'archive_command': 0.2, 'archive_mode': 0.3, 'archive_timeout': 0.2, 'array_nulls': 0.1, 'authentication_timeout': 0.1, 'autovacuum': 0.8, 'autovacuum_analyze_scale_factor': 0.7, 'autovacuum_analyze_threshold': 0.7, 'autovacuum_freeze_max_age': 0.6, 'autovacuum_max_workers': 0.8, 'autovacuum_multixact_freeze_max_age': 0.6, 'autovacuum_naptime': 0.5, 'autovacuum_vacuum_cost_delay': 0.5, 'autovacuum_vacuum_cost_limit': 0.5, 'autovacuum_vacuum_insert_scale_factor': 0.5, 'autovacuum_vacuum_insert_threshold': 0.5, 'autovacuum_vacuum_scale_factor': 0.7, 'autovacuum_vacuum_threshold': 0.7, 'autovacuum_work_mem': 0.6, 'backend_flush_after': 0.4, 'backslash_quote': 0.1, 'backtrace_functions': 0.1, 'bgwriter_delay': 0.5}
[2025-04-17 18:01:55,406 INFO] [knob_selection.py:select_on_workload_level:83] select_on_workload_level - 30th prompt: 
You are an experienced DBA and your will determine which knobs are worth tuning. You only tune knobs that have a significant impact on DBMS performance and the target DBMS is postgres. Which knobs are important heavily depends on the workload type because different workloads result in different performance bottleneck.Given the workload type, analyze and identify the important knobs that significantly impact database performance when such workload is deployed.  Given the following candidate knobs, score the importance for each knob between 0 and 1, with a higher value indicating that it is more likey to impact postgres performance significantly. 
Candidate knobs: ['bgwriter_flush_after', 'bgwriter_lru_maxpages', 'bgwriter_lru_multiplier', 'block_size', 'bonjour', 'bonjour_name', 'bytea_output', 'check_function_bodies', 'checkpoint_completion_target', 'checkpoint_flush_after', 'checkpoint_timeout', 'checkpoint_warning', 'client_connection_check_interval', 'client_encoding', 'client_min_messages', 'cluster_name', 'commit_delay', 'commit_siblings', 'compute_query_id', 'config_file', 'constraint_exclusion', 'cpu_index_tuple_cost', 'cpu_operator_cost', 'cpu_tuple_cost', 'cursor_tuple_fraction', 'data_checksums', 'data_directory', 'data_directory_mode', 'data_sync_retry', 'db_user_namespace']
DBMS: postgres;
WORKLOAD TYPE:OLAP
Now let us think step by step and give me your scoring of all the candidate knobs in json format:
{
    "knob_name": {score}    // fill "score" with a number between 0 and 1
}
If no knobs are suggested, just fill "knob_list" with "None" and also return result in json format. 

[2025-04-17 18:02:11,044 INFO] [knob_selection.py:select_on_workload_level:85] select_on_workload_level - 30th response: {'bgwriter_flush_after': 0.3, 'bgwriter_lru_maxpages': 0.4, 'bgwriter_lru_multiplier': 0.4, 'block_size': 0.7, 'bonjour': 0, 'bonjour_name': 0, 'bytea_output': 0.1, 'check_function_bodies': 0.1, 'checkpoint_completion_target': 0.8, 'checkpoint_flush_after': 0.5, 'checkpoint_timeout': 0.7, 'checkpoint_warning': 0.1, 'client_connection_check_interval': 0, 'client_encoding': 0, 'client_min_messages': 0, 'cluster_name': 0, 'commit_delay': 0.2, 'commit_siblings': 0.2, 'compute_query_id': 0.1, 'config_file': 0, 'constraint_exclusion': 0.3, 'cpu_index_tuple_cost': 0.6, 'cpu_operator_cost': 0.6, 'cpu_tuple_cost': 0.6, 'cursor_tuple_fraction': 0.5, 'data_checksums': 0.1, 'data_directory': 0, 'data_directory_mode': 0, 'data_sync_retry': 0, 'db_user_namespace': 0}
[2025-04-17 18:02:11,916 INFO] [knob_selection.py:select_on_workload_level:83] select_on_workload_level - 60th prompt: 
You are an experienced DBA and your will determine which knobs are worth tuning. You only tune knobs that have a significant impact on DBMS performance and the target DBMS is postgres. Which knobs are important heavily depends on the workload type because different workloads result in different performance bottleneck.Given the workload type, analyze and identify the important knobs that significantly impact database performance when such workload is deployed.  Given the following candidate knobs, score the importance for each knob between 0 and 1, with a higher value indicating that it is more likey to impact postgres performance significantly. 
Candidate knobs: ['deadlock_timeout', 'debug_assertions', 'debug_discard_caches', 'debug_pretty_print', 'debug_print_parse', 'debug_print_plan', 'debug_print_rewritten', 'default_statistics_target', 'default_table_access_method', 'default_tablespace', 'default_text_search_config', 'default_toast_compression', 'default_transaction_deferrable', 'default_transaction_isolation', 'default_transaction_read_only', 'dynamic_library_path', 'dynamic_shared_memory_type', 'effective_cache_size', 'effective_io_concurrency', 'enable_async_append', 'enable_bitmapscan', 'enable_gathermerge', 'enable_hashagg', 'enable_hashjoin', 'enable_incremental_sort', 'enable_indexonlyscan', 'enable_indexscan', 'enable_material', 'enable_memoize', 'enable_mergejoin']
DBMS: postgres;
WORKLOAD TYPE:OLAP
Now let us think step by step and give me your scoring of all the candidate knobs in json format:
{
    "knob_name": {score}    // fill "score" with a number between 0 and 1
}
If no knobs are suggested, just fill "knob_list" with "None" and also return result in json format. 

[2025-04-17 18:02:27,830 INFO] [knob_selection.py:select_on_workload_level:85] select_on_workload_level - 60th response: {'deadlock_timeout': 0.1, 'debug_assertions': 0, 'debug_discard_caches': 0, 'debug_pretty_print': 0, 'debug_print_parse': 0, 'debug_print_plan': 0, 'debug_print_rewritten': 0, 'default_statistics_target': 0.8, 'default_table_access_method': 0.3, 'default_tablespace': 0.1, 'default_text_search_config': 0, 'default_toast_compression': 0.2, 'default_transaction_deferrable': 0, 'default_transaction_isolation': 0.5, 'default_transaction_read_only': 0.1, 'dynamic_library_path': 0, 'dynamic_shared_memory_type': 0.2, 'effective_cache_size': 0.9, 'effective_io_concurrency': 0.7, 'enable_async_append': 0.6, 'enable_bitmapscan': 0.7, 'enable_gathermerge': 0.6, 'enable_hashagg': 0.8, 'enable_hashjoin': 0.7, 'enable_incremental_sort': 0.5, 'enable_indexonlyscan': 0.6, 'enable_indexscan': 0.7, 'enable_material': 0.5, 'enable_memoize': 0.4, 'enable_mergejoin': 0.6}
[2025-04-17 18:02:28,700 INFO] [knob_selection.py:select_on_workload_level:83] select_on_workload_level - 90th prompt: 
You are an experienced DBA and your will determine which knobs are worth tuning. You only tune knobs that have a significant impact on DBMS performance and the target DBMS is postgres. Which knobs are important heavily depends on the workload type because different workloads result in different performance bottleneck.Given the workload type, analyze and identify the important knobs that significantly impact database performance when such workload is deployed.  Given the following candidate knobs, score the importance for each knob between 0 and 1, with a higher value indicating that it is more likey to impact postgres performance significantly. 
Candidate knobs: ['enable_nestloop', 'enable_parallel_append', 'enable_parallel_hash', 'enable_partition_pruning', 'enable_partitionwise_aggregate', 'enable_partitionwise_join', 'enable_seqscan', 'enable_sort', 'enable_tidscan', 'escape_string_warning', 'event_source', 'exit_on_error', 'extension_destdir', 'external_pid_file', 'extra_float_digits', 'force_parallel_mode', 'from_collapse_limit', 'fsync', 'full_page_writes', 'geqo', 'geqo_effort', 'geqo_generations', 'geqo_pool_size', 'geqo_seed', 'geqo_selection_bias', 'geqo_threshold', 'gin_fuzzy_search_limit', 'gin_pending_list_limit', 'hash_mem_multiplier', 'hba_file']
DBMS: postgres;
WORKLOAD TYPE:OLAP
Now let us think step by step and give me your scoring of all the candidate knobs in json format:
{
    "knob_name": {score}    // fill "score" with a number between 0 and 1
}
If no knobs are suggested, just fill "knob_list" with "None" and also return result in json format. 

[2025-04-17 18:02:45,137 INFO] [knob_selection.py:select_on_workload_level:85] select_on_workload_level - 90th response: {'enable_nestloop': 0.3, 'enable_parallel_append': 0.8, 'enable_parallel_hash': 0.8, 'enable_partition_pruning': 0.9, 'enable_partitionwise_aggregate': 0.7, 'enable_partitionwise_join': 0.7, 'enable_seqscan': 0.5, 'enable_sort': 0.6, 'enable_tidscan': 0.2, 'escape_string_warning': 0.1, 'event_source': 0.1, 'exit_on_error': 0.1, 'extension_destdir': 0.1, 'external_pid_file': 0.1, 'extra_float_digits': 0.1, 'force_parallel_mode': 0.7, 'from_collapse_limit': 0.5, 'fsync': 0.6, 'full_page_writes': 0.6, 'geqo': 0.3, 'geqo_effort': 0.3, 'geqo_generations': 0.3, 'geqo_pool_size': 0.3, 'geqo_seed': 0.1, 'geqo_selection_bias': 0.1, 'geqo_threshold': 0.3, 'gin_fuzzy_search_limit': 0.1, 'gin_pending_list_limit': 0.1, 'hash_mem_multiplier': 0.7, 'hba_file': 0.1}
[2025-04-17 18:02:45,997 INFO] [knob_selection.py:select_on_workload_level:83] select_on_workload_level - 120th prompt: 
You are an experienced DBA and your will determine which knobs are worth tuning. You only tune knobs that have a significant impact on DBMS performance and the target DBMS is postgres. Which knobs are important heavily depends on the workload type because different workloads result in different performance bottleneck.Given the workload type, analyze and identify the important knobs that significantly impact database performance when such workload is deployed.  Given the following candidate knobs, score the importance for each knob between 0 and 1, with a higher value indicating that it is more likey to impact postgres performance significantly. 
Candidate knobs: ['hot_standby', 'hot_standby_feedback', 'huge_page_size', 'huge_pages', 'ident_file', 'idle_in_transaction_session_timeout', 'idle_session_timeout', 'ignore_checksum_failure', 'ignore_invalid_pages', 'ignore_system_indexes', 'in_hot_standby', 'integer_datetimes', 'jit', 'jit_above_cost', 'jit_debugging_support', 'jit_dump_bitcode', 'jit_expressions', 'jit_inline_above_cost', 'jit_optimize_above_cost', 'jit_profiling_support', 'jit_provider', 'jit_tuple_deforming', 'join_collapse_limit', 'krb_caseins_users', 'krb_server_keyfile', 'lc_collate', 'lc_ctype', 'lc_messages', 'lc_monetary', 'lc_numeric']
DBMS: postgres;
WORKLOAD TYPE:OLAP
Now let us think step by step and give me your scoring of all the candidate knobs in json format:
{
    "knob_name": {score}    // fill "score" with a number between 0 and 1
}
If no knobs are suggested, just fill "knob_list" with "None" and also return result in json format. 

[2025-04-17 18:03:01,725 INFO] [knob_selection.py:select_on_workload_level:85] select_on_workload_level - 120th response: {'hot_standby': 0.1, 'hot_standby_feedback': 0.1, 'huge_page_size': 0.3, 'huge_pages': 0.3, 'ident_file': 0, 'idle_in_transaction_session_timeout': 0.1, 'idle_session_timeout': 0.1, 'ignore_checksum_failure': 0, 'ignore_invalid_pages': 0, 'ignore_system_indexes': 0, 'in_hot_standby': 0.1, 'integer_datetimes': 0, 'jit': 0.5, 'jit_above_cost': 0.5, 'jit_debugging_support': 0.1, 'jit_dump_bitcode': 0.1, 'jit_expressions': 0.5, 'jit_inline_above_cost': 0.5, 'jit_optimize_above_cost': 0.5, 'jit_profiling_support': 0.1, 'jit_provider': 0.1, 'jit_tuple_deforming': 0.5, 'join_collapse_limit': 0.7, 'krb_caseins_users': 0, 'krb_server_keyfile': 0, 'lc_collate': 0, 'lc_ctype': 0, 'lc_messages': 0, 'lc_monetary': 0, 'lc_numeric': 0}
[2025-04-17 18:03:02,563 INFO] [knob_selection.py:select_on_workload_level:83] select_on_workload_level - 150th prompt: 
You are an experienced DBA and your will determine which knobs are worth tuning. You only tune knobs that have a significant impact on DBMS performance and the target DBMS is postgres. Which knobs are important heavily depends on the workload type because different workloads result in different performance bottleneck.Given the workload type, analyze and identify the important knobs that significantly impact database performance when such workload is deployed.  Given the following candidate knobs, score the importance for each knob between 0 and 1, with a higher value indicating that it is more likey to impact postgres performance significantly. 
Candidate knobs: ['lc_time', 'listen_addresses', 'lo_compat_privileges', 'local_preload_libraries', 'lock_timeout', 'log_autovacuum_min_duration', 'log_checkpoints', 'log_connections', 'log_destination', 'log_directory', 'log_disconnections', 'log_duration', 'log_error_verbosity', 'log_executor_stats', 'log_file_mode', 'log_filename', 'log_hostname', 'log_line_prefix', 'log_lock_waits', 'log_min_duration_sample', 'log_min_duration_statement', 'log_min_error_statement', 'log_min_messages', 'log_parameter_max_length', 'log_parameter_max_length_on_error', 'log_parser_stats', 'log_planner_stats', 'log_recovery_conflict_waits', 'log_replication_commands', 'log_rotation_age']
DBMS: postgres;
WORKLOAD TYPE:OLAP
Now let us think step by step and give me your scoring of all the candidate knobs in json format:
{
    "knob_name": {score}    // fill "score" with a number between 0 and 1
}
If no knobs are suggested, just fill "knob_list" with "None" and also return result in json format. 

[2025-04-17 18:03:20,056 INFO] [knob_selection.py:select_on_workload_level:85] select_on_workload_level - 150th response: {'lc_time': 0.1, 'listen_addresses': 0.1, 'lo_compat_privileges': 0.1, 'local_preload_libraries': 0.2, 'lock_timeout': 0.8, 'log_autovacuum_min_duration': 0.3, 'log_checkpoints': 0.4, 'log_connections': 0.1, 'log_destination': 0.1, 'log_directory': 0.1, 'log_disconnections': 0.1, 'log_duration': 0.2, 'log_error_verbosity': 0.1, 'log_executor_stats': 0.3, 'log_file_mode': 0.1, 'log_filename': 0.1, 'log_hostname': 0.1, 'log_line_prefix': 0.1, 'log_lock_waits': 0.5, 'log_min_duration_sample': 0.4, 'log_min_duration_statement': 0.6, 'log_min_error_statement': 0.1, 'log_min_messages': 0.1, 'log_parameter_max_length': 0.1, 'log_parameter_max_length_on_error': 0.1, 'log_parser_stats': 0.3, 'log_planner_stats': 0.3, 'log_recovery_conflict_waits': 0.2, 'log_replication_commands': 0.1, 'log_rotation_age': 0.1}
[2025-04-17 18:03:20,896 INFO] [knob_selection.py:select_on_workload_level:83] select_on_workload_level - 180th prompt: 
You are an experienced DBA and your will determine which knobs are worth tuning. You only tune knobs that have a significant impact on DBMS performance and the target DBMS is postgres. Which knobs are important heavily depends on the workload type because different workloads result in different performance bottleneck.Given the workload type, analyze and identify the important knobs that significantly impact database performance when such workload is deployed.  Given the following candidate knobs, score the importance for each knob between 0 and 1, with a higher value indicating that it is more likey to impact postgres performance significantly. 
Candidate knobs: ['log_rotation_size', 'log_statement', 'log_statement_sample_rate', 'log_statement_stats', 'log_temp_files', 'log_timezone', 'log_transaction_sample_rate', 'log_truncate_on_rotation', 'logging_collector', 'logical_decoding_work_mem', 'maintenance_io_concurrency', 'maintenance_work_mem', 'max_connections', 'max_files_per_process', 'max_function_args', 'max_identifier_length', 'max_index_keys', 'max_locks_per_transaction', 'max_logical_replication_workers', 'max_parallel_maintenance_workers', 'max_parallel_workers', 'max_parallel_workers_per_gather', 'max_pred_locks_per_page', 'max_pred_locks_per_relation', 'max_pred_locks_per_transaction', 'max_prepared_transactions', 'max_replication_slots', 'max_slot_wal_keep_size', 'max_stack_depth', 'max_standby_archive_delay']
DBMS: postgres;
WORKLOAD TYPE:OLAP
Now let us think step by step and give me your scoring of all the candidate knobs in json format:
{
    "knob_name": {score}    // fill "score" with a number between 0 and 1
}
If no knobs are suggested, just fill "knob_list" with "None" and also return result in json format. 

[2025-04-17 18:03:39,397 INFO] [knob_selection.py:select_on_workload_level:85] select_on_workload_level - 180th response: {'log_rotation_size': 0.1, 'log_statement': 0.1, 'log_statement_sample_rate': 0.1, 'log_statement_stats': 0.1, 'log_temp_files': 0.2, 'log_timezone': 0.0, 'log_transaction_sample_rate': 0.1, 'log_truncate_on_rotation': 0.1, 'logging_collector': 0.1, 'logical_decoding_work_mem': 0.1, 'maintenance_io_concurrency': 0.3, 'maintenance_work_mem': 0.8, 'max_connections': 0.5, 'max_files_per_process': 0.2, 'max_function_args': 0.0, 'max_identifier_length': 0.0, 'max_index_keys': 0.0, 'max_locks_per_transaction': 0.3, 'max_logical_replication_workers': 0.1, 'max_parallel_maintenance_workers': 0.6, 'max_parallel_workers': 0.7, 'max_parallel_workers_per_gather': 0.8, 'max_pred_locks_per_page': 0.2, 'max_pred_locks_per_relation': 0.2, 'max_pred_locks_per_transaction': 0.2, 'max_prepared_transactions': 0.1, 'max_replication_slots': 0.1, 'max_slot_wal_keep_size': 0.1, 'max_stack_depth': 0.1, 'max_standby_archive_delay': 0.1}
[2025-04-17 18:03:40,246 INFO] [knob_selection.py:select_on_workload_level:83] select_on_workload_level - 210th prompt: 
You are an experienced DBA and your will determine which knobs are worth tuning. You only tune knobs that have a significant impact on DBMS performance and the target DBMS is postgres. Which knobs are important heavily depends on the workload type because different workloads result in different performance bottleneck.Given the workload type, analyze and identify the important knobs that significantly impact database performance when such workload is deployed.  Given the following candidate knobs, score the importance for each knob between 0 and 1, with a higher value indicating that it is more likey to impact postgres performance significantly. 
Candidate knobs: ['max_standby_streaming_delay', 'max_sync_workers_per_subscription', 'max_wal_senders', 'max_wal_size', 'max_worker_processes', 'min_dynamic_shared_memory', 'min_parallel_index_scan_size', 'min_parallel_table_scan_size', 'min_wal_size', 'old_snapshot_threshold', 'parallel_leader_participation', 'parallel_setup_cost', 'parallel_tuple_cost', 'password_encryption', 'pg_stat_statements.max', 'pg_stat_statements.save', 'pg_stat_statements.track', 'pg_stat_statements.track_planning', 'pg_stat_statements.track_utility', 'plan_cache_mode', 'port', 'post_auth_delay', 'pre_auth_delay', 'primary_conninfo', 'primary_slot_name', 'promote_trigger_file', 'quote_all_identifiers', 'random_page_cost', 'recovery_end_command', 'recovery_init_sync_method']
DBMS: postgres;
WORKLOAD TYPE:OLAP
Now let us think step by step and give me your scoring of all the candidate knobs in json format:
{
    "knob_name": {score}    // fill "score" with a number between 0 and 1
}
If no knobs are suggested, just fill "knob_list" with "None" and also return result in json format. 

[2025-04-17 18:03:56,995 INFO] [knob_selection.py:select_on_workload_level:85] select_on_workload_level - 210th response: {'max_standby_streaming_delay': 0.2, 'max_sync_workers_per_subscription': 0.1, 'max_wal_senders': 0.3, 'max_wal_size': 0.8, 'max_worker_processes': 0.9, 'min_dynamic_shared_memory': 0.1, 'min_parallel_index_scan_size': 0.7, 'min_parallel_table_scan_size': 0.7, 'min_wal_size': 0.5, 'old_snapshot_threshold': 0.2, 'parallel_leader_participation': 0.6, 'parallel_setup_cost': 0.5, 'parallel_tuple_cost': 0.5, 'password_encryption': 0, 'pg_stat_statements.max': 0.1, 'pg_stat_statements.save': 0.1, 'pg_stat_statements.track': 0.1, 'pg_stat_statements.track_planning': 0.1, 'pg_stat_statements.track_utility': 0.1, 'plan_cache_mode': 0.3, 'port': 0, 'post_auth_delay': 0, 'pre_auth_delay': 0, 'primary_conninfo': 0.1, 'primary_slot_name': 0.1, 'promote_trigger_file': 0.1, 'quote_all_identifiers': 0, 'random_page_cost': 0.8, 'recovery_end_command': 0.1, 'recovery_init_sync_method': 0.1}
[2025-04-17 18:03:57,867 INFO] [knob_selection.py:select_on_workload_level:83] select_on_workload_level - 240th prompt: 
You are an experienced DBA and your will determine which knobs are worth tuning. You only tune knobs that have a significant impact on DBMS performance and the target DBMS is postgres. Which knobs are important heavily depends on the workload type because different workloads result in different performance bottleneck.Given the workload type, analyze and identify the important knobs that significantly impact database performance when such workload is deployed.  Given the following candidate knobs, score the importance for each knob between 0 and 1, with a higher value indicating that it is more likey to impact postgres performance significantly. 
Candidate knobs: ['recovery_min_apply_delay', 'recovery_target', 'recovery_target_action', 'recovery_target_inclusive', 'recovery_target_lsn', 'recovery_target_name', 'recovery_target_time', 'recovery_target_timeline', 'recovery_target_xid', 'remove_temp_files_after_crash', 'restart_after_crash', 'restore_command', 'row_security', 'search_path', 'segment_size', 'seq_page_cost', 'server_encoding', 'server_version', 'server_version_num', 'session_preload_libraries', 'session_replication_role', 'shared_buffers', 'shared_memory_type', 'shared_preload_libraries', 'ssl', 'ssl_ca_file', 'ssl_cert_file', 'ssl_ciphers', 'ssl_crl_dir', 'ssl_crl_file']
DBMS: postgres;
WORKLOAD TYPE:OLAP
Now let us think step by step and give me your scoring of all the candidate knobs in json format:
{
    "knob_name": {score}    // fill "score" with a number between 0 and 1
}
If no knobs are suggested, just fill "knob_list" with "None" and also return result in json format. 

[2025-04-17 18:04:14,862 INFO] [knob_selection.py:select_on_workload_level:85] select_on_workload_level - 240th response: {'recovery_min_apply_delay': 0.1, 'recovery_target': 0.1, 'recovery_target_action': 0.1, 'recovery_target_inclusive': 0.1, 'recovery_target_lsn': 0.1, 'recovery_target_name': 0.1, 'recovery_target_time': 0.1, 'recovery_target_timeline': 0.1, 'recovery_target_xid': 0.1, 'remove_temp_files_after_crash': 0.2, 'restart_after_crash': 0.2, 'restore_command': 0.1, 'row_security': 0.1, 'search_path': 0.1, 'segment_size': 0.3, 'seq_page_cost': 0.7, 'server_encoding': 0.1, 'server_version': 0.1, 'server_version_num': 0.1, 'session_preload_libraries': 0.2, 'session_replication_role': 0.1, 'shared_buffers': 0.9, 'shared_memory_type': 0.5, 'shared_preload_libraries': 0.6, 'ssl': 0.1, 'ssl_ca_file': 0.1, 'ssl_cert_file': 0.1, 'ssl_ciphers': 0.1, 'ssl_crl_dir': 0.1, 'ssl_crl_file': 0.1}
[2025-04-17 18:04:15,710 INFO] [knob_selection.py:select_on_workload_level:83] select_on_workload_level - 270th prompt: 
You are an experienced DBA and your will determine which knobs are worth tuning. You only tune knobs that have a significant impact on DBMS performance and the target DBMS is postgres. Which knobs are important heavily depends on the workload type because different workloads result in different performance bottleneck.Given the workload type, analyze and identify the important knobs that significantly impact database performance when such workload is deployed.  Given the following candidate knobs, score the importance for each knob between 0 and 1, with a higher value indicating that it is more likey to impact postgres performance significantly. 
Candidate knobs: ['ssl_dh_params_file', 'ssl_ecdh_curve', 'ssl_key_file', 'ssl_library', 'ssl_max_protocol_version', 'ssl_min_protocol_version', 'ssl_passphrase_command', 'ssl_passphrase_command_supports_reload', 'ssl_prefer_server_ciphers', 'standard_conforming_strings', 'statement_timeout', 'stats_temp_directory', 'superuser_reserved_connections', 'synchronize_seqscans', 'synchronous_commit', 'synchronous_standby_names', 'syslog_facility', 'syslog_ident', 'syslog_sequence_numbers', 'syslog_split_messages', 'tcp_keepalives_count', 'tcp_keepalives_idle', 'tcp_keepalives_interval', 'tcp_user_timeout', 'temp_buffers', 'temp_file_limit', 'temp_tablespaces', 'timezone_abbreviations', 'trace_notify', 'trace_recovery_messages']
DBMS: postgres;
WORKLOAD TYPE:OLAP
Now let us think step by step and give me your scoring of all the candidate knobs in json format:
{
    "knob_name": {score}    // fill "score" with a number between 0 and 1
}
If no knobs are suggested, just fill "knob_list" with "None" and also return result in json format. 

[2025-04-17 18:04:32,965 INFO] [knob_selection.py:select_on_workload_level:85] select_on_workload_level - 270th response: {'ssl_dh_params_file': 0, 'ssl_ecdh_curve': 0, 'ssl_key_file': 0, 'ssl_library': 0, 'ssl_max_protocol_version': 0, 'ssl_min_protocol_version': 0, 'ssl_passphrase_command': 0, 'ssl_passphrase_command_supports_reload': 0, 'ssl_prefer_server_ciphers': 0, 'standard_conforming_strings': 0.1, 'statement_timeout': 0.2, 'stats_temp_directory': 0.1, 'superuser_reserved_connections': 0.1, 'synchronize_seqscans': 0.3, 'synchronous_commit': 0.5, 'synchronous_standby_names': 0.1, 'syslog_facility': 0, 'syslog_ident': 0, 'syslog_sequence_numbers': 0, 'syslog_split_messages': 0, 'tcp_keepalives_count': 0, 'tcp_keepalives_idle': 0, 'tcp_keepalives_interval': 0, 'tcp_user_timeout': 0, 'temp_buffers': 0.7, 'temp_file_limit': 0.5, 'temp_tablespaces': 0.3, 'timezone_abbreviations': 0, 'trace_notify': 0, 'trace_recovery_messages': 0}
[2025-04-17 18:04:33,828 INFO] [knob_selection.py:select_on_workload_level:83] select_on_workload_level - 300th prompt: 
You are an experienced DBA and your will determine which knobs are worth tuning. You only tune knobs that have a significant impact on DBMS performance and the target DBMS is postgres. Which knobs are important heavily depends on the workload type because different workloads result in different performance bottleneck.Given the workload type, analyze and identify the important knobs that significantly impact database performance when such workload is deployed.  Given the following candidate knobs, score the importance for each knob between 0 and 1, with a higher value indicating that it is more likey to impact postgres performance significantly. 
Candidate knobs: ['trace_sort', 'track_activities', 'track_activity_query_size', 'track_commit_timestamp', 'track_counts', 'track_functions', 'track_io_timing', 'track_wal_io_timing', 'transaction_deferrable', 'transaction_isolation', 'transaction_read_only', 'transform_null_equals', 'unix_socket_directories', 'unix_socket_group', 'unix_socket_permissions', 'update_process_title', 'vacuum_cost_delay', 'vacuum_cost_limit', 'vacuum_cost_page_dirty', 'vacuum_cost_page_hit', 'vacuum_cost_page_miss', 'vacuum_defer_cleanup_age', 'vacuum_failsafe_age', 'vacuum_freeze_min_age', 'vacuum_freeze_table_age', 'vacuum_multixact_failsafe_age', 'vacuum_multixact_freeze_min_age', 'vacuum_multixact_freeze_table_age', 'wal_block_size', 'wal_buffers']
DBMS: postgres;
WORKLOAD TYPE:OLAP
Now let us think step by step and give me your scoring of all the candidate knobs in json format:
{
    "knob_name": {score}    // fill "score" with a number between 0 and 1
}
If no knobs are suggested, just fill "knob_list" with "None" and also return result in json format. 

[2025-04-17 18:04:51,807 INFO] [knob_selection.py:select_on_workload_level:85] select_on_workload_level - 300th response: {'trace_sort': 0.1, 'track_activities': 0.1, 'track_activity_query_size': 0.1, 'track_commit_timestamp': 0.1, 'track_counts': 0.3, 'track_functions': 0.1, 'track_io_timing': 0.5, 'track_wal_io_timing': 0.5, 'transaction_deferrable': 0.1, 'transaction_isolation': 0.2, 'transaction_read_only': 0.2, 'transform_null_equals': 0.1, 'unix_socket_directories': 0.1, 'unix_socket_group': 0.1, 'unix_socket_permissions': 0.1, 'update_process_title': 0.1, 'vacuum_cost_delay': 0.3, 'vacuum_cost_limit': 0.3, 'vacuum_cost_page_dirty': 0.3, 'vacuum_cost_page_hit': 0.3, 'vacuum_cost_page_miss': 0.3, 'vacuum_defer_cleanup_age': 0.2, 'vacuum_failsafe_age': 0.2, 'vacuum_freeze_min_age': 0.2, 'vacuum_freeze_table_age': 0.2, 'vacuum_multixact_failsafe_age': 0.2, 'vacuum_multixact_freeze_min_age': 0.2, 'vacuum_multixact_freeze_table_age': 0.2, 'wal_block_size': 0.1, 'wal_buffers': 0.5}
[2025-04-17 18:04:52,680 INFO] [knob_selection.py:select_on_workload_level:83] select_on_workload_level - 330th prompt: 
You are an experienced DBA and your will determine which knobs are worth tuning. You only tune knobs that have a significant impact on DBMS performance and the target DBMS is postgres. Which knobs are important heavily depends on the workload type because different workloads result in different performance bottleneck.Given the workload type, analyze and identify the important knobs that significantly impact database performance when such workload is deployed.  Given the following candidate knobs, score the importance for each knob between 0 and 1, with a higher value indicating that it is more likey to impact postgres performance significantly. 
Candidate knobs: ['wal_compression', 'wal_consistency_checking', 'wal_init_zero', 'wal_keep_size', 'wal_level', 'wal_log_hints', 'wal_receiver_create_temp_slot', 'wal_receiver_status_interval', 'wal_receiver_timeout', 'wal_recycle', 'wal_retrieve_retry_interval', 'wal_segment_size', 'wal_sender_timeout', 'wal_skip_threshold', 'wal_sync_method', 'wal_writer_delay', 'wal_writer_flush_after', 'work_mem', 'xmlbinary', 'xmloption', 'zero_damaged_pages']
DBMS: postgres;
WORKLOAD TYPE:OLAP
Now let us think step by step and give me your scoring of all the candidate knobs in json format:
{
    "knob_name": {score}    // fill "score" with a number between 0 and 1
}
If no knobs are suggested, just fill "knob_list" with "None" and also return result in json format. 

[2025-04-17 18:05:06,055 INFO] [knob_selection.py:select_on_workload_level:85] select_on_workload_level - 330th response: {'wal_compression': 0.3, 'wal_consistency_checking': 0.1, 'wal_init_zero': 0.1, 'wal_keep_size': 0.5, 'wal_level': 0.7, 'wal_log_hints': 0.2, 'wal_receiver_create_temp_slot': 0.1, 'wal_receiver_status_interval': 0.1, 'wal_receiver_timeout': 0.1, 'wal_recycle': 0.2, 'wal_retrieve_retry_interval': 0.1, 'wal_segment_size': 0.4, 'wal_sender_timeout': 0.1, 'wal_skip_threshold': 0.1, 'wal_sync_method': 0.6, 'wal_writer_delay': 0.5, 'wal_writer_flush_after': 0.4, 'work_mem': 0.9, 'xmlbinary': 0.1, 'xmloption': 0.1, 'zero_damaged_pages': 0.1}
[2025-04-17 18:05:38,653 INFO] [knob_selection.py:select_on_query_level:141] select_on_query_level - 0th query, 0th prompt: 
                    You are an experienced DBA and your will determine which knobs are worth tuning. You only tune knobs that have a significant impact on DBMS performance and the target DBMS is postgres. Which knobs are important heavily depends on the query plan because different query plans result in different performance bottlenecks.Given SQL and its QUERY PLAN from 'EXPLAIN', analyze and suggest which knobs should be tuned to improve the performance of this SQL.  Given the following candidate knobs, score the importance for each knob between 0 and 1, with a higher value indicating that it is more likey to impact postgres performance significantly. 
                    Candidate knobs: ['DateStyle', 'IntervalStyle', 'TimeZone', 'allow_in_place_tablespaces', 'allow_system_table_mods', 'application_name', 'archive_cleanup_command', 'archive_command', 'archive_mode', 'archive_timeout', 'array_nulls', 'authentication_timeout', 'autovacuum', 'autovacuum_analyze_scale_factor', 'autovacuum_analyze_threshold', 'autovacuum_freeze_max_age', 'autovacuum_max_workers', 'autovacuum_multixact_freeze_max_age', 'autovacuum_naptime', 'autovacuum_vacuum_cost_delay', 'autovacuum_vacuum_cost_limit', 'autovacuum_vacuum_insert_scale_factor', 'autovacuum_vacuum_insert_threshold', 'autovacuum_vacuum_scale_factor', 'autovacuum_vacuum_threshold', 'autovacuum_work_mem', 'backend_flush_after', 'backslash_quote', 'backtrace_functions', 'bgwriter_delay']
                    DBMS: postgres;
                    SQL:select
	c_name,
	c_custkey,
	o_orderkey,
	o_orderdate,
	o_totalprice,
	sum(l_quantity)
from
	customer,
	orders,
	lineitem
where
	o_orderkey in (
		select
			l_orderkey
		from
			lineitem
		group by
			l_orderkey having
				sum(l_quantity) > 312
	)
	and c_custkey = o_custkey
	and o_orderkey = l_orderkey
group by
	c_name,
	c_custkey,
	o_orderkey,
	o_orderdate,
	o_totalprice
order by
	o_totalprice desc,
	o_orderdate
limit 100
                    QUERY PLAN:[('Limit  (cost=506482.40..506482.65 rows=100 width=71)',), ('  ->  Sort  (cost=506482.40..507807.78 rows=530155 width=71)',), ('        Sort Key: orders.o_totalprice DESC, orders.o_orderdate',), ('        ->  Finalize GroupAggregate  (cost=419210.93..486220.25 rows=530155 width=71)',), ('              Group Key: customer.c_custkey, orders.o_orderkey',), ('              ->  Gather Merge  (cost=419210.93..475175.36 rows=441796 width=71)',), ('                    Workers Planned: 2',), ('                    ->  Partial GroupAggregate  (cost=418210.91..423181.11 rows=220898 width=71)',), ('                          Group Key: customer.c_custkey, orders.o_orderkey',), ('                          ->  Sort  (cost=418210.91..418763.15 rows=220898 width=44)',), ('                                Sort Key: customer.c_custkey, orders.o_orderkey',), ('                                ->  Nested Loop  (cost=285204.42..391805.87 rows=220898 width=44)',), ('                                      ->  Parallel Hash Join  (cost=285203.99..327178.55 rows=55214 width=43)',), ('                                            Hash Cond: (orders.o_custkey = customer.c_custkey)',), ('                                            ->  Hash Join  (cost=280212.74..322042.36 rows=55214 width=24)',), ('                                                  Hash Cond: (orders.o_orderkey = lineitem_1.l_orderkey)',), ('                                                  ->  Parallel Seq Scan on orders  (cost=0.00..32345.00 rows=625000 width=20)',), ('                                                  ->  Hash  (cost=278038.32..278038.32 rows=132513 width=4)',), ('                                                        ->  GroupAggregate  (cost=0.43..276713.19 rows=132513 width=4)',), ('                                                              Group Key: lineitem_1.l_orderkey',), ("                                                              Filter: (sum(lineitem_1.l_quantity) > '312'::numeric)",), ('                                                              ->  Index Scan using l_ok on lineitem lineitem_1  (cost=0.43..240744.27 rows=6001165 width=9)',), ('                                            ->  Parallel Hash  (cost=4210.00..4210.00 rows=62500 width=23)',), ('                                                  ->  Parallel Seq Scan on customer  (cost=0.00..4210.00 rows=62500 width=23)',), ('                                      ->  Index Scan using l_ok on lineitem  (cost=0.43..1.02 rows=15 width=9)',), ('                                            Index Cond: (l_orderkey = orders.o_orderkey)',), ('JIT:',), ('  Functions: 35',), ('  Options: Inlining true, Optimization true, Expressions true, Deforming true',)]
                    Now let us think step by step and give me your scoring of all the candidate knobs in json format:
                    {
                        "knob_name": {score}    // fill "score" with a number between 0 and 1
                    }
                    If no knobs are suggested, just fill "knob_list" with "None" and also return result in json format. 

[2025-04-17 18:05:55,707 INFO] [knob_selection.py:select_on_query_level:143] select_on_query_level - 0th query, 0th response: {'DateStyle': 0, 'IntervalStyle': 0, 'TimeZone': 0, 'allow_in_place_tablespaces': 0, 'allow_system_table_mods': 0, 'application_name': 0, 'archive_cleanup_command': 0, 'archive_command': 0, 'archive_mode': 0, 'archive_timeout': 0, 'array_nulls': 0, 'authentication_timeout': 0, 'autovacuum': 0.1, 'autovacuum_analyze_scale_factor': 0.1, 'autovacuum_analyze_threshold': 0.1, 'autovacuum_freeze_max_age': 0, 'autovacuum_max_workers': 0.1, 'autovacuum_multixact_freeze_max_age': 0, 'autovacuum_naptime': 0.1, 'autovacuum_vacuum_cost_delay': 0.1, 'autovacuum_vacuum_cost_limit': 0.1, 'autovacuum_vacuum_insert_scale_factor': 0, 'autovacuum_vacuum_insert_threshold': 0, 'autovacuum_vacuum_scale_factor': 0.1, 'autovacuum_vacuum_threshold': 0.1, 'autovacuum_work_mem': 0.5, 'backend_flush_after': 0.3, 'backslash_quote': 0, 'backtrace_functions': 0, 'bgwriter_delay': 0.1}
[2025-04-17 18:05:56,589 INFO] [knob_selection.py:select_on_query_level:141] select_on_query_level - 30th query, 0th prompt: 
                    You are an experienced DBA and your will determine which knobs are worth tuning. You only tune knobs that have a significant impact on DBMS performance and the target DBMS is postgres. Which knobs are important heavily depends on the query plan because different query plans result in different performance bottlenecks.Given SQL and its QUERY PLAN from 'EXPLAIN', analyze and suggest which knobs should be tuned to improve the performance of this SQL.  Given the following candidate knobs, score the importance for each knob between 0 and 1, with a higher value indicating that it is more likey to impact postgres performance significantly. 
                    Candidate knobs: ['DateStyle', 'IntervalStyle', 'TimeZone', 'allow_in_place_tablespaces', 'allow_system_table_mods', 'application_name', 'archive_cleanup_command', 'archive_command', 'archive_mode', 'archive_timeout', 'array_nulls', 'authentication_timeout', 'autovacuum', 'autovacuum_analyze_scale_factor', 'autovacuum_analyze_threshold', 'autovacuum_freeze_max_age', 'autovacuum_max_workers', 'autovacuum_multixact_freeze_max_age', 'autovacuum_naptime', 'autovacuum_vacuum_cost_delay', 'autovacuum_vacuum_cost_limit', 'autovacuum_vacuum_insert_scale_factor', 'autovacuum_vacuum_insert_threshold', 'autovacuum_vacuum_scale_factor', 'autovacuum_vacuum_threshold', 'autovacuum_work_mem', 'backend_flush_after', 'backslash_quote', 'backtrace_functions', 'bgwriter_delay']
                    DBMS: postgres;
                    SQL:select
	c_name,
	c_custkey,
	o_orderkey,
	o_orderdate,
	o_totalprice,
	sum(l_quantity)
from
	customer,
	orders,
	lineitem
where
	o_orderkey in (
		select
			l_orderkey
		from
			lineitem
		group by
			l_orderkey having
				sum(l_quantity) > 312
	)
	and c_custkey = o_custkey
	and o_orderkey = l_orderkey
group by
	c_name,
	c_custkey,
	o_orderkey,
	o_orderdate,
	o_totalprice
order by
	o_totalprice desc,
	o_orderdate
limit 100
                    QUERY PLAN:[('Limit  (cost=506482.40..506482.65 rows=100 width=71)',), ('  ->  Sort  (cost=506482.40..507807.78 rows=530155 width=71)',), ('        Sort Key: orders.o_totalprice DESC, orders.o_orderdate',), ('        ->  Finalize GroupAggregate  (cost=419210.93..486220.25 rows=530155 width=71)',), ('              Group Key: customer.c_custkey, orders.o_orderkey',), ('              ->  Gather Merge  (cost=419210.93..475175.36 rows=441796 width=71)',), ('                    Workers Planned: 2',), ('                    ->  Partial GroupAggregate  (cost=418210.91..423181.11 rows=220898 width=71)',), ('                          Group Key: customer.c_custkey, orders.o_orderkey',), ('                          ->  Sort  (cost=418210.91..418763.15 rows=220898 width=44)',), ('                                Sort Key: customer.c_custkey, orders.o_orderkey',), ('                                ->  Nested Loop  (cost=285204.42..391805.87 rows=220898 width=44)',), ('                                      ->  Parallel Hash Join  (cost=285203.99..327178.55 rows=55214 width=43)',), ('                                            Hash Cond: (orders.o_custkey = customer.c_custkey)',), ('                                            ->  Hash Join  (cost=280212.74..322042.36 rows=55214 width=24)',), ('                                                  Hash Cond: (orders.o_orderkey = lineitem_1.l_orderkey)',), ('                                                  ->  Parallel Seq Scan on orders  (cost=0.00..32345.00 rows=625000 width=20)',), ('                                                  ->  Hash  (cost=278038.32..278038.32 rows=132513 width=4)',), ('                                                        ->  GroupAggregate  (cost=0.43..276713.19 rows=132513 width=4)',), ('                                                              Group Key: lineitem_1.l_orderkey',), ("                                                              Filter: (sum(lineitem_1.l_quantity) > '312'::numeric)",), ('                                                              ->  Index Scan using l_ok on lineitem lineitem_1  (cost=0.43..240744.27 rows=6001165 width=9)',), ('                                            ->  Parallel Hash  (cost=4210.00..4210.00 rows=62500 width=23)',), ('                                                  ->  Parallel Seq Scan on customer  (cost=0.00..4210.00 rows=62500 width=23)',), ('                                      ->  Index Scan using l_ok on lineitem  (cost=0.43..1.02 rows=15 width=9)',), ('                                            Index Cond: (l_orderkey = orders.o_orderkey)',), ('JIT:',), ('  Functions: 35',), ('  Options: Inlining true, Optimization true, Expressions true, Deforming true',)]
                    Now let us think step by step and give me your scoring of all the candidate knobs in json format:
                    {
                        "knob_name": {score}    // fill "score" with a number between 0 and 1
                    }
                    If no knobs are suggested, just fill "knob_list" with "None" and also return result in json format. 

[2025-04-17 18:06:13,525 INFO] [knob_selection.py:select_on_query_level:143] select_on_query_level - 30th query, 0th response: {'DateStyle': 0, 'IntervalStyle': 0, 'TimeZone': 0, 'allow_in_place_tablespaces': 0, 'allow_system_table_mods': 0, 'application_name': 0, 'archive_cleanup_command': 0, 'archive_command': 0, 'archive_mode': 0, 'archive_timeout': 0, 'array_nulls': 0, 'authentication_timeout': 0, 'autovacuum': 0.1, 'autovacuum_analyze_scale_factor': 0.1, 'autovacuum_analyze_threshold': 0.1, 'autovacuum_freeze_max_age': 0, 'autovacuum_max_workers': 0.2, 'autovacuum_multixact_freeze_max_age': 0, 'autovacuum_naptime': 0.1, 'autovacuum_vacuum_cost_delay': 0.1, 'autovacuum_vacuum_cost_limit': 0.1, 'autovacuum_vacuum_insert_scale_factor': 0, 'autovacuum_vacuum_insert_threshold': 0, 'autovacuum_vacuum_scale_factor': 0.1, 'autovacuum_vacuum_threshold': 0.1, 'autovacuum_work_mem': 0.3, 'backend_flush_after': 0.2, 'backslash_quote': 0, 'backtrace_functions': 0, 'bgwriter_delay': 0.1}
[2025-04-17 18:06:14,399 INFO] [knob_selection.py:select_on_query_level:141] select_on_query_level - 60th query, 0th prompt: 
                    You are an experienced DBA and your will determine which knobs are worth tuning. You only tune knobs that have a significant impact on DBMS performance and the target DBMS is postgres. Which knobs are important heavily depends on the query plan because different query plans result in different performance bottlenecks.Given SQL and its QUERY PLAN from 'EXPLAIN', analyze and suggest which knobs should be tuned to improve the performance of this SQL.  Given the following candidate knobs, score the importance for each knob between 0 and 1, with a higher value indicating that it is more likey to impact postgres performance significantly. 
                    Candidate knobs: ['DateStyle', 'IntervalStyle', 'TimeZone', 'allow_in_place_tablespaces', 'allow_system_table_mods', 'application_name', 'archive_cleanup_command', 'archive_command', 'archive_mode', 'archive_timeout', 'array_nulls', 'authentication_timeout', 'autovacuum', 'autovacuum_analyze_scale_factor', 'autovacuum_analyze_threshold', 'autovacuum_freeze_max_age', 'autovacuum_max_workers', 'autovacuum_multixact_freeze_max_age', 'autovacuum_naptime', 'autovacuum_vacuum_cost_delay', 'autovacuum_vacuum_cost_limit', 'autovacuum_vacuum_insert_scale_factor', 'autovacuum_vacuum_insert_threshold', 'autovacuum_vacuum_scale_factor', 'autovacuum_vacuum_threshold', 'autovacuum_work_mem', 'backend_flush_after', 'backslash_quote', 'backtrace_functions', 'bgwriter_delay']
                    DBMS: postgres;
                    SQL:select
	c_name,
	c_custkey,
	o_orderkey,
	o_orderdate,
	o_totalprice,
	sum(l_quantity)
from
	customer,
	orders,
	lineitem
where
	o_orderkey in (
		select
			l_orderkey
		from
			lineitem
		group by
			l_orderkey having
				sum(l_quantity) > 312
	)
	and c_custkey = o_custkey
	and o_orderkey = l_orderkey
group by
	c_name,
	c_custkey,
	o_orderkey,
	o_orderdate,
	o_totalprice
order by
	o_totalprice desc,
	o_orderdate
limit 100
                    QUERY PLAN:[('Limit  (cost=506482.40..506482.65 rows=100 width=71)',), ('  ->  Sort  (cost=506482.40..507807.78 rows=530155 width=71)',), ('        Sort Key: orders.o_totalprice DESC, orders.o_orderdate',), ('        ->  Finalize GroupAggregate  (cost=419210.93..486220.25 rows=530155 width=71)',), ('              Group Key: customer.c_custkey, orders.o_orderkey',), ('              ->  Gather Merge  (cost=419210.93..475175.36 rows=441796 width=71)',), ('                    Workers Planned: 2',), ('                    ->  Partial GroupAggregate  (cost=418210.91..423181.11 rows=220898 width=71)',), ('                          Group Key: customer.c_custkey, orders.o_orderkey',), ('                          ->  Sort  (cost=418210.91..418763.15 rows=220898 width=44)',), ('                                Sort Key: customer.c_custkey, orders.o_orderkey',), ('                                ->  Nested Loop  (cost=285204.42..391805.87 rows=220898 width=44)',), ('                                      ->  Parallel Hash Join  (cost=285203.99..327178.55 rows=55214 width=43)',), ('                                            Hash Cond: (orders.o_custkey = customer.c_custkey)',), ('                                            ->  Hash Join  (cost=280212.74..322042.36 rows=55214 width=24)',), ('                                                  Hash Cond: (orders.o_orderkey = lineitem_1.l_orderkey)',), ('                                                  ->  Parallel Seq Scan on orders  (cost=0.00..32345.00 rows=625000 width=20)',), ('                                                  ->  Hash  (cost=278038.32..278038.32 rows=132513 width=4)',), ('                                                        ->  GroupAggregate  (cost=0.43..276713.19 rows=132513 width=4)',), ('                                                              Group Key: lineitem_1.l_orderkey',), ("                                                              Filter: (sum(lineitem_1.l_quantity) > '312'::numeric)",), ('                                                              ->  Index Scan using l_ok on lineitem lineitem_1  (cost=0.43..240744.27 rows=6001165 width=9)',), ('                                            ->  Parallel Hash  (cost=4210.00..4210.00 rows=62500 width=23)',), ('                                                  ->  Parallel Seq Scan on customer  (cost=0.00..4210.00 rows=62500 width=23)',), ('                                      ->  Index Scan using l_ok on lineitem  (cost=0.43..1.02 rows=15 width=9)',), ('                                            Index Cond: (l_orderkey = orders.o_orderkey)',), ('JIT:',), ('  Functions: 35',), ('  Options: Inlining true, Optimization true, Expressions true, Deforming true',)]
                    Now let us think step by step and give me your scoring of all the candidate knobs in json format:
                    {
                        "knob_name": {score}    // fill "score" with a number between 0 and 1
                    }
                    If no knobs are suggested, just fill "knob_list" with "None" and also return result in json format. 

[2025-04-17 18:06:32,148 INFO] [knob_selection.py:select_on_query_level:143] select_on_query_level - 60th query, 0th response: {'DateStyle': 0, 'IntervalStyle': 0, 'TimeZone': 0, 'allow_in_place_tablespaces': 0, 'allow_system_table_mods': 0, 'application_name': 0, 'archive_cleanup_command': 0, 'archive_command': 0, 'archive_mode': 0, 'archive_timeout': 0, 'array_nulls': 0, 'authentication_timeout': 0, 'autovacuum': 0.1, 'autovacuum_analyze_scale_factor': 0.1, 'autovacuum_analyze_threshold': 0.1, 'autovacuum_freeze_max_age': 0.1, 'autovacuum_max_workers': 0.1, 'autovacuum_multixact_freeze_max_age': 0.1, 'autovacuum_naptime': 0.1, 'autovacuum_vacuum_cost_delay': 0.1, 'autovacuum_vacuum_cost_limit': 0.1, 'autovacuum_vacuum_insert_scale_factor': 0.1, 'autovacuum_vacuum_insert_threshold': 0.1, 'autovacuum_vacuum_scale_factor': 0.1, 'autovacuum_vacuum_threshold': 0.1, 'autovacuum_work_mem': 0.1, 'backend_flush_after': 0.1, 'backslash_quote': 0, 'backtrace_functions': 0, 'bgwriter_delay': 0.1}
[2025-04-17 18:06:33,026 INFO] [knob_selection.py:select_on_query_level:141] select_on_query_level - 90th query, 0th prompt: 
                    You are an experienced DBA and your will determine which knobs are worth tuning. You only tune knobs that have a significant impact on DBMS performance and the target DBMS is postgres. Which knobs are important heavily depends on the query plan because different query plans result in different performance bottlenecks.Given SQL and its QUERY PLAN from 'EXPLAIN', analyze and suggest which knobs should be tuned to improve the performance of this SQL.  Given the following candidate knobs, score the importance for each knob between 0 and 1, with a higher value indicating that it is more likey to impact postgres performance significantly. 
                    Candidate knobs: ['DateStyle', 'IntervalStyle', 'TimeZone', 'allow_in_place_tablespaces', 'allow_system_table_mods', 'application_name', 'archive_cleanup_command', 'archive_command', 'archive_mode', 'archive_timeout', 'array_nulls', 'authentication_timeout', 'autovacuum', 'autovacuum_analyze_scale_factor', 'autovacuum_analyze_threshold', 'autovacuum_freeze_max_age', 'autovacuum_max_workers', 'autovacuum_multixact_freeze_max_age', 'autovacuum_naptime', 'autovacuum_vacuum_cost_delay', 'autovacuum_vacuum_cost_limit', 'autovacuum_vacuum_insert_scale_factor', 'autovacuum_vacuum_insert_threshold', 'autovacuum_vacuum_scale_factor', 'autovacuum_vacuum_threshold', 'autovacuum_work_mem', 'backend_flush_after', 'backslash_quote', 'backtrace_functions', 'bgwriter_delay']
                    DBMS: postgres;
                    SQL:select
	c_name,
	c_custkey,
	o_orderkey,
	o_orderdate,
	o_totalprice,
	sum(l_quantity)
from
	customer,
	orders,
	lineitem
where
	o_orderkey in (
		select
			l_orderkey
		from
			lineitem
		group by
			l_orderkey having
				sum(l_quantity) > 312
	)
	and c_custkey = o_custkey
	and o_orderkey = l_orderkey
group by
	c_name,
	c_custkey,
	o_orderkey,
	o_orderdate,
	o_totalprice
order by
	o_totalprice desc,
	o_orderdate
limit 100
                    QUERY PLAN:[('Limit  (cost=506482.40..506482.65 rows=100 width=71)',), ('  ->  Sort  (cost=506482.40..507807.78 rows=530155 width=71)',), ('        Sort Key: orders.o_totalprice DESC, orders.o_orderdate',), ('        ->  Finalize GroupAggregate  (cost=419210.93..486220.25 rows=530155 width=71)',), ('              Group Key: customer.c_custkey, orders.o_orderkey',), ('              ->  Gather Merge  (cost=419210.93..475175.36 rows=441796 width=71)',), ('                    Workers Planned: 2',), ('                    ->  Partial GroupAggregate  (cost=418210.91..423181.11 rows=220898 width=71)',), ('                          Group Key: customer.c_custkey, orders.o_orderkey',), ('                          ->  Sort  (cost=418210.91..418763.15 rows=220898 width=44)',), ('                                Sort Key: customer.c_custkey, orders.o_orderkey',), ('                                ->  Nested Loop  (cost=285204.42..391805.87 rows=220898 width=44)',), ('                                      ->  Parallel Hash Join  (cost=285203.99..327178.55 rows=55214 width=43)',), ('                                            Hash Cond: (orders.o_custkey = customer.c_custkey)',), ('                                            ->  Hash Join  (cost=280212.74..322042.36 rows=55214 width=24)',), ('                                                  Hash Cond: (orders.o_orderkey = lineitem_1.l_orderkey)',), ('                                                  ->  Parallel Seq Scan on orders  (cost=0.00..32345.00 rows=625000 width=20)',), ('                                                  ->  Hash  (cost=278038.32..278038.32 rows=132513 width=4)',), ('                                                        ->  GroupAggregate  (cost=0.43..276713.19 rows=132513 width=4)',), ('                                                              Group Key: lineitem_1.l_orderkey',), ("                                                              Filter: (sum(lineitem_1.l_quantity) > '312'::numeric)",), ('                                                              ->  Index Scan using l_ok on lineitem lineitem_1  (cost=0.43..240744.27 rows=6001165 width=9)',), ('                                            ->  Parallel Hash  (cost=4210.00..4210.00 rows=62500 width=23)',), ('                                                  ->  Parallel Seq Scan on customer  (cost=0.00..4210.00 rows=62500 width=23)',), ('                                      ->  Index Scan using l_ok on lineitem  (cost=0.43..1.02 rows=15 width=9)',), ('                                            Index Cond: (l_orderkey = orders.o_orderkey)',), ('JIT:',), ('  Functions: 35',), ('  Options: Inlining true, Optimization true, Expressions true, Deforming true',)]
                    Now let us think step by step and give me your scoring of all the candidate knobs in json format:
                    {
                        "knob_name": {score}    // fill "score" with a number between 0 and 1
                    }
                    If no knobs are suggested, just fill "knob_list" with "None" and also return result in json format. 

[2025-04-17 18:06:49,980 INFO] [knob_selection.py:select_on_query_level:143] select_on_query_level - 90th query, 0th response: {'DateStyle': 0, 'IntervalStyle': 0, 'TimeZone': 0, 'allow_in_place_tablespaces': 0, 'allow_system_table_mods': 0, 'application_name': 0, 'archive_cleanup_command': 0, 'archive_command': 0, 'archive_mode': 0, 'archive_timeout': 0, 'array_nulls': 0, 'authentication_timeout': 0, 'autovacuum': 0.1, 'autovacuum_analyze_scale_factor': 0.1, 'autovacuum_analyze_threshold': 0.1, 'autovacuum_freeze_max_age': 0, 'autovacuum_max_workers': 0.2, 'autovacuum_multixact_freeze_max_age': 0, 'autovacuum_naptime': 0.1, 'autovacuum_vacuum_cost_delay': 0.1, 'autovacuum_vacuum_cost_limit': 0.1, 'autovacuum_vacuum_insert_scale_factor': 0, 'autovacuum_vacuum_insert_threshold': 0, 'autovacuum_vacuum_scale_factor': 0.1, 'autovacuum_vacuum_threshold': 0.1, 'autovacuum_work_mem': 0.3, 'backend_flush_after': 0.2, 'backslash_quote': 0, 'backtrace_functions': 0, 'bgwriter_delay': 0.1}
[2025-04-17 18:06:50,858 INFO] [knob_selection.py:select_on_query_level:141] select_on_query_level - 120th query, 0th prompt: 
                    You are an experienced DBA and your will determine which knobs are worth tuning. You only tune knobs that have a significant impact on DBMS performance and the target DBMS is postgres. Which knobs are important heavily depends on the query plan because different query plans result in different performance bottlenecks.Given SQL and its QUERY PLAN from 'EXPLAIN', analyze and suggest which knobs should be tuned to improve the performance of this SQL.  Given the following candidate knobs, score the importance for each knob between 0 and 1, with a higher value indicating that it is more likey to impact postgres performance significantly. 
                    Candidate knobs: ['DateStyle', 'IntervalStyle', 'TimeZone', 'allow_in_place_tablespaces', 'allow_system_table_mods', 'application_name', 'archive_cleanup_command', 'archive_command', 'archive_mode', 'archive_timeout', 'array_nulls', 'authentication_timeout', 'autovacuum', 'autovacuum_analyze_scale_factor', 'autovacuum_analyze_threshold', 'autovacuum_freeze_max_age', 'autovacuum_max_workers', 'autovacuum_multixact_freeze_max_age', 'autovacuum_naptime', 'autovacuum_vacuum_cost_delay', 'autovacuum_vacuum_cost_limit', 'autovacuum_vacuum_insert_scale_factor', 'autovacuum_vacuum_insert_threshold', 'autovacuum_vacuum_scale_factor', 'autovacuum_vacuum_threshold', 'autovacuum_work_mem', 'backend_flush_after', 'backslash_quote', 'backtrace_functions', 'bgwriter_delay']
                    DBMS: postgres;
                    SQL:select
	c_name,
	c_custkey,
	o_orderkey,
	o_orderdate,
	o_totalprice,
	sum(l_quantity)
from
	customer,
	orders,
	lineitem
where
	o_orderkey in (
		select
			l_orderkey
		from
			lineitem
		group by
			l_orderkey having
				sum(l_quantity) > 312
	)
	and c_custkey = o_custkey
	and o_orderkey = l_orderkey
group by
	c_name,
	c_custkey,
	o_orderkey,
	o_orderdate,
	o_totalprice
order by
	o_totalprice desc,
	o_orderdate
limit 100
                    QUERY PLAN:[('Limit  (cost=506482.40..506482.65 rows=100 width=71)',), ('  ->  Sort  (cost=506482.40..507807.78 rows=530155 width=71)',), ('        Sort Key: orders.o_totalprice DESC, orders.o_orderdate',), ('        ->  Finalize GroupAggregate  (cost=419210.93..486220.25 rows=530155 width=71)',), ('              Group Key: customer.c_custkey, orders.o_orderkey',), ('              ->  Gather Merge  (cost=419210.93..475175.36 rows=441796 width=71)',), ('                    Workers Planned: 2',), ('                    ->  Partial GroupAggregate  (cost=418210.91..423181.11 rows=220898 width=71)',), ('                          Group Key: customer.c_custkey, orders.o_orderkey',), ('                          ->  Sort  (cost=418210.91..418763.15 rows=220898 width=44)',), ('                                Sort Key: customer.c_custkey, orders.o_orderkey',), ('                                ->  Nested Loop  (cost=285204.42..391805.87 rows=220898 width=44)',), ('                                      ->  Parallel Hash Join  (cost=285203.99..327178.55 rows=55214 width=43)',), ('                                            Hash Cond: (orders.o_custkey = customer.c_custkey)',), ('                                            ->  Hash Join  (cost=280212.74..322042.36 rows=55214 width=24)',), ('                                                  Hash Cond: (orders.o_orderkey = lineitem_1.l_orderkey)',), ('                                                  ->  Parallel Seq Scan on orders  (cost=0.00..32345.00 rows=625000 width=20)',), ('                                                  ->  Hash  (cost=278038.32..278038.32 rows=132513 width=4)',), ('                                                        ->  GroupAggregate  (cost=0.43..276713.19 rows=132513 width=4)',), ('                                                              Group Key: lineitem_1.l_orderkey',), ("                                                              Filter: (sum(lineitem_1.l_quantity) > '312'::numeric)",), ('                                                              ->  Index Scan using l_ok on lineitem lineitem_1  (cost=0.43..240744.27 rows=6001165 width=9)',), ('                                            ->  Parallel Hash  (cost=4210.00..4210.00 rows=62500 width=23)',), ('                                                  ->  Parallel Seq Scan on customer  (cost=0.00..4210.00 rows=62500 width=23)',), ('                                      ->  Index Scan using l_ok on lineitem  (cost=0.43..1.02 rows=15 width=9)',), ('                                            Index Cond: (l_orderkey = orders.o_orderkey)',), ('JIT:',), ('  Functions: 35',), ('  Options: Inlining true, Optimization true, Expressions true, Deforming true',)]
                    Now let us think step by step and give me your scoring of all the candidate knobs in json format:
                    {
                        "knob_name": {score}    // fill "score" with a number between 0 and 1
                    }
                    If no knobs are suggested, just fill "knob_list" with "None" and also return result in json format. 

[2025-04-17 18:07:07,593 INFO] [knob_selection.py:select_on_query_level:143] select_on_query_level - 120th query, 0th response: {'DateStyle': 0, 'IntervalStyle': 0, 'TimeZone': 0, 'allow_in_place_tablespaces': 0, 'allow_system_table_mods': 0, 'application_name': 0, 'archive_cleanup_command': 0, 'archive_command': 0, 'archive_mode': 0, 'archive_timeout': 0, 'array_nulls': 0, 'authentication_timeout': 0, 'autovacuum': 0.1, 'autovacuum_analyze_scale_factor': 0.1, 'autovacuum_analyze_threshold': 0.1, 'autovacuum_freeze_max_age': 0, 'autovacuum_max_workers': 0.2, 'autovacuum_multixact_freeze_max_age': 0, 'autovacuum_naptime': 0.1, 'autovacuum_vacuum_cost_delay': 0.1, 'autovacuum_vacuum_cost_limit': 0.1, 'autovacuum_vacuum_insert_scale_factor': 0, 'autovacuum_vacuum_insert_threshold': 0, 'autovacuum_vacuum_scale_factor': 0.1, 'autovacuum_vacuum_threshold': 0.1, 'autovacuum_work_mem': 0.3, 'backend_flush_after': 0.2, 'backslash_quote': 0, 'backtrace_functions': 0, 'bgwriter_delay': 0.1}
[2025-04-17 18:07:08,474 INFO] [knob_selection.py:select_on_query_level:141] select_on_query_level - 150th query, 0th prompt: 
                    You are an experienced DBA and your will determine which knobs are worth tuning. You only tune knobs that have a significant impact on DBMS performance and the target DBMS is postgres. Which knobs are important heavily depends on the query plan because different query plans result in different performance bottlenecks.Given SQL and its QUERY PLAN from 'EXPLAIN', analyze and suggest which knobs should be tuned to improve the performance of this SQL.  Given the following candidate knobs, score the importance for each knob between 0 and 1, with a higher value indicating that it is more likey to impact postgres performance significantly. 
                    Candidate knobs: ['DateStyle', 'IntervalStyle', 'TimeZone', 'allow_in_place_tablespaces', 'allow_system_table_mods', 'application_name', 'archive_cleanup_command', 'archive_command', 'archive_mode', 'archive_timeout', 'array_nulls', 'authentication_timeout', 'autovacuum', 'autovacuum_analyze_scale_factor', 'autovacuum_analyze_threshold', 'autovacuum_freeze_max_age', 'autovacuum_max_workers', 'autovacuum_multixact_freeze_max_age', 'autovacuum_naptime', 'autovacuum_vacuum_cost_delay', 'autovacuum_vacuum_cost_limit', 'autovacuum_vacuum_insert_scale_factor', 'autovacuum_vacuum_insert_threshold', 'autovacuum_vacuum_scale_factor', 'autovacuum_vacuum_threshold', 'autovacuum_work_mem', 'backend_flush_after', 'backslash_quote', 'backtrace_functions', 'bgwriter_delay']
                    DBMS: postgres;
                    SQL:select
	c_name,
	c_custkey,
	o_orderkey,
	o_orderdate,
	o_totalprice,
	sum(l_quantity)
from
	customer,
	orders,
	lineitem
where
	o_orderkey in (
		select
			l_orderkey
		from
			lineitem
		group by
			l_orderkey having
				sum(l_quantity) > 312
	)
	and c_custkey = o_custkey
	and o_orderkey = l_orderkey
group by
	c_name,
	c_custkey,
	o_orderkey,
	o_orderdate,
	o_totalprice
order by
	o_totalprice desc,
	o_orderdate
limit 100
                    QUERY PLAN:[('Limit  (cost=506482.40..506482.65 rows=100 width=71)',), ('  ->  Sort  (cost=506482.40..507807.78 rows=530155 width=71)',), ('        Sort Key: orders.o_totalprice DESC, orders.o_orderdate',), ('        ->  Finalize GroupAggregate  (cost=419210.93..486220.25 rows=530155 width=71)',), ('              Group Key: customer.c_custkey, orders.o_orderkey',), ('              ->  Gather Merge  (cost=419210.93..475175.36 rows=441796 width=71)',), ('                    Workers Planned: 2',), ('                    ->  Partial GroupAggregate  (cost=418210.91..423181.11 rows=220898 width=71)',), ('                          Group Key: customer.c_custkey, orders.o_orderkey',), ('                          ->  Sort  (cost=418210.91..418763.15 rows=220898 width=44)',), ('                                Sort Key: customer.c_custkey, orders.o_orderkey',), ('                                ->  Nested Loop  (cost=285204.42..391805.87 rows=220898 width=44)',), ('                                      ->  Parallel Hash Join  (cost=285203.99..327178.55 rows=55214 width=43)',), ('                                            Hash Cond: (orders.o_custkey = customer.c_custkey)',), ('                                            ->  Hash Join  (cost=280212.74..322042.36 rows=55214 width=24)',), ('                                                  Hash Cond: (orders.o_orderkey = lineitem_1.l_orderkey)',), ('                                                  ->  Parallel Seq Scan on orders  (cost=0.00..32345.00 rows=625000 width=20)',), ('                                                  ->  Hash  (cost=278038.32..278038.32 rows=132513 width=4)',), ('                                                        ->  GroupAggregate  (cost=0.43..276713.19 rows=132513 width=4)',), ('                                                              Group Key: lineitem_1.l_orderkey',), ("                                                              Filter: (sum(lineitem_1.l_quantity) > '312'::numeric)",), ('                                                              ->  Index Scan using l_ok on lineitem lineitem_1  (cost=0.43..240744.27 rows=6001165 width=9)',), ('                                            ->  Parallel Hash  (cost=4210.00..4210.00 rows=62500 width=23)',), ('                                                  ->  Parallel Seq Scan on customer  (cost=0.00..4210.00 rows=62500 width=23)',), ('                                      ->  Index Scan using l_ok on lineitem  (cost=0.43..1.02 rows=15 width=9)',), ('                                            Index Cond: (l_orderkey = orders.o_orderkey)',), ('JIT:',), ('  Functions: 35',), ('  Options: Inlining true, Optimization true, Expressions true, Deforming true',)]
                    Now let us think step by step and give me your scoring of all the candidate knobs in json format:
                    {
                        "knob_name": {score}    // fill "score" with a number between 0 and 1
                    }
                    If no knobs are suggested, just fill "knob_list" with "None" and also return result in json format. 

[2025-04-17 18:07:25,924 INFO] [knob_selection.py:select_on_query_level:143] select_on_query_level - 150th query, 0th response: {'DateStyle': 0, 'IntervalStyle': 0, 'TimeZone': 0, 'allow_in_place_tablespaces': 0, 'allow_system_table_mods': 0, 'application_name': 0, 'archive_cleanup_command': 0, 'archive_command': 0, 'archive_mode': 0, 'archive_timeout': 0, 'array_nulls': 0, 'authentication_timeout': 0, 'autovacuum': 0.1, 'autovacuum_analyze_scale_factor': 0.1, 'autovacuum_analyze_threshold': 0.1, 'autovacuum_freeze_max_age': 0, 'autovacuum_max_workers': 0.1, 'autovacuum_multixact_freeze_max_age': 0, 'autovacuum_naptime': 0.1, 'autovacuum_vacuum_cost_delay': 0.1, 'autovacuum_vacuum_cost_limit': 0.1, 'autovacuum_vacuum_insert_scale_factor': 0, 'autovacuum_vacuum_insert_threshold': 0, 'autovacuum_vacuum_scale_factor': 0.1, 'autovacuum_vacuum_threshold': 0.1, 'autovacuum_work_mem': 0.5, 'backend_flush_after': 0.3, 'backslash_quote': 0, 'backtrace_functions': 0, 'bgwriter_delay': 0.1}
[2025-04-17 18:07:26,817 INFO] [knob_selection.py:select_on_query_level:141] select_on_query_level - 180th query, 0th prompt: 
                    You are an experienced DBA and your will determine which knobs are worth tuning. You only tune knobs that have a significant impact on DBMS performance and the target DBMS is postgres. Which knobs are important heavily depends on the query plan because different query plans result in different performance bottlenecks.Given SQL and its QUERY PLAN from 'EXPLAIN', analyze and suggest which knobs should be tuned to improve the performance of this SQL.  Given the following candidate knobs, score the importance for each knob between 0 and 1, with a higher value indicating that it is more likey to impact postgres performance significantly. 
                    Candidate knobs: ['DateStyle', 'IntervalStyle', 'TimeZone', 'allow_in_place_tablespaces', 'allow_system_table_mods', 'application_name', 'archive_cleanup_command', 'archive_command', 'archive_mode', 'archive_timeout', 'array_nulls', 'authentication_timeout', 'autovacuum', 'autovacuum_analyze_scale_factor', 'autovacuum_analyze_threshold', 'autovacuum_freeze_max_age', 'autovacuum_max_workers', 'autovacuum_multixact_freeze_max_age', 'autovacuum_naptime', 'autovacuum_vacuum_cost_delay', 'autovacuum_vacuum_cost_limit', 'autovacuum_vacuum_insert_scale_factor', 'autovacuum_vacuum_insert_threshold', 'autovacuum_vacuum_scale_factor', 'autovacuum_vacuum_threshold', 'autovacuum_work_mem', 'backend_flush_after', 'backslash_quote', 'backtrace_functions', 'bgwriter_delay']
                    DBMS: postgres;
                    SQL:select
	c_name,
	c_custkey,
	o_orderkey,
	o_orderdate,
	o_totalprice,
	sum(l_quantity)
from
	customer,
	orders,
	lineitem
where
	o_orderkey in (
		select
			l_orderkey
		from
			lineitem
		group by
			l_orderkey having
				sum(l_quantity) > 312
	)
	and c_custkey = o_custkey
	and o_orderkey = l_orderkey
group by
	c_name,
	c_custkey,
	o_orderkey,
	o_orderdate,
	o_totalprice
order by
	o_totalprice desc,
	o_orderdate
limit 100
                    QUERY PLAN:[('Limit  (cost=506482.40..506482.65 rows=100 width=71)',), ('  ->  Sort  (cost=506482.40..507807.78 rows=530155 width=71)',), ('        Sort Key: orders.o_totalprice DESC, orders.o_orderdate',), ('        ->  Finalize GroupAggregate  (cost=419210.93..486220.25 rows=530155 width=71)',), ('              Group Key: customer.c_custkey, orders.o_orderkey',), ('              ->  Gather Merge  (cost=419210.93..475175.36 rows=441796 width=71)',), ('                    Workers Planned: 2',), ('                    ->  Partial GroupAggregate  (cost=418210.91..423181.11 rows=220898 width=71)',), ('                          Group Key: customer.c_custkey, orders.o_orderkey',), ('                          ->  Sort  (cost=418210.91..418763.15 rows=220898 width=44)',), ('                                Sort Key: customer.c_custkey, orders.o_orderkey',), ('                                ->  Nested Loop  (cost=285204.42..391805.87 rows=220898 width=44)',), ('                                      ->  Parallel Hash Join  (cost=285203.99..327178.55 rows=55214 width=43)',), ('                                            Hash Cond: (orders.o_custkey = customer.c_custkey)',), ('                                            ->  Hash Join  (cost=280212.74..322042.36 rows=55214 width=24)',), ('                                                  Hash Cond: (orders.o_orderkey = lineitem_1.l_orderkey)',), ('                                                  ->  Parallel Seq Scan on orders  (cost=0.00..32345.00 rows=625000 width=20)',), ('                                                  ->  Hash  (cost=278038.32..278038.32 rows=132513 width=4)',), ('                                                        ->  GroupAggregate  (cost=0.43..276713.19 rows=132513 width=4)',), ('                                                              Group Key: lineitem_1.l_orderkey',), ("                                                              Filter: (sum(lineitem_1.l_quantity) > '312'::numeric)",), ('                                                              ->  Index Scan using l_ok on lineitem lineitem_1  (cost=0.43..240744.27 rows=6001165 width=9)',), ('                                            ->  Parallel Hash  (cost=4210.00..4210.00 rows=62500 width=23)',), ('                                                  ->  Parallel Seq Scan on customer  (cost=0.00..4210.00 rows=62500 width=23)',), ('                                      ->  Index Scan using l_ok on lineitem  (cost=0.43..1.02 rows=15 width=9)',), ('                                            Index Cond: (l_orderkey = orders.o_orderkey)',), ('JIT:',), ('  Functions: 35',), ('  Options: Inlining true, Optimization true, Expressions true, Deforming true',)]
                    Now let us think step by step and give me your scoring of all the candidate knobs in json format:
                    {
                        "knob_name": {score}    // fill "score" with a number between 0 and 1
                    }
                    If no knobs are suggested, just fill "knob_list" with "None" and also return result in json format. 

[2025-04-17 18:07:43,802 INFO] [knob_selection.py:select_on_query_level:143] select_on_query_level - 180th query, 0th response: {'DateStyle': 0, 'IntervalStyle': 0, 'TimeZone': 0, 'allow_in_place_tablespaces': 0, 'allow_system_table_mods': 0, 'application_name': 0, 'archive_cleanup_command': 0, 'archive_command': 0, 'archive_mode': 0, 'archive_timeout': 0, 'array_nulls': 0, 'authentication_timeout': 0, 'autovacuum': 0.1, 'autovacuum_analyze_scale_factor': 0.1, 'autovacuum_analyze_threshold': 0.1, 'autovacuum_freeze_max_age': 0, 'autovacuum_max_workers': 0.2, 'autovacuum_multixact_freeze_max_age': 0, 'autovacuum_naptime': 0.1, 'autovacuum_vacuum_cost_delay': 0.1, 'autovacuum_vacuum_cost_limit': 0.1, 'autovacuum_vacuum_insert_scale_factor': 0, 'autovacuum_vacuum_insert_threshold': 0, 'autovacuum_vacuum_scale_factor': 0.1, 'autovacuum_vacuum_threshold': 0.1, 'autovacuum_work_mem': 0.3, 'backend_flush_after': 0.2, 'backslash_quote': 0, 'backtrace_functions': 0, 'bgwriter_delay': 0.1}
[2025-04-17 18:07:44,689 INFO] [knob_selection.py:select_on_query_level:141] select_on_query_level - 210th query, 0th prompt: 
                    You are an experienced DBA and your will determine which knobs are worth tuning. You only tune knobs that have a significant impact on DBMS performance and the target DBMS is postgres. Which knobs are important heavily depends on the query plan because different query plans result in different performance bottlenecks.Given SQL and its QUERY PLAN from 'EXPLAIN', analyze and suggest which knobs should be tuned to improve the performance of this SQL.  Given the following candidate knobs, score the importance for each knob between 0 and 1, with a higher value indicating that it is more likey to impact postgres performance significantly. 
                    Candidate knobs: ['DateStyle', 'IntervalStyle', 'TimeZone', 'allow_in_place_tablespaces', 'allow_system_table_mods', 'application_name', 'archive_cleanup_command', 'archive_command', 'archive_mode', 'archive_timeout', 'array_nulls', 'authentication_timeout', 'autovacuum', 'autovacuum_analyze_scale_factor', 'autovacuum_analyze_threshold', 'autovacuum_freeze_max_age', 'autovacuum_max_workers', 'autovacuum_multixact_freeze_max_age', 'autovacuum_naptime', 'autovacuum_vacuum_cost_delay', 'autovacuum_vacuum_cost_limit', 'autovacuum_vacuum_insert_scale_factor', 'autovacuum_vacuum_insert_threshold', 'autovacuum_vacuum_scale_factor', 'autovacuum_vacuum_threshold', 'autovacuum_work_mem', 'backend_flush_after', 'backslash_quote', 'backtrace_functions', 'bgwriter_delay']
                    DBMS: postgres;
                    SQL:select
	c_name,
	c_custkey,
	o_orderkey,
	o_orderdate,
	o_totalprice,
	sum(l_quantity)
from
	customer,
	orders,
	lineitem
where
	o_orderkey in (
		select
			l_orderkey
		from
			lineitem
		group by
			l_orderkey having
				sum(l_quantity) > 312
	)
	and c_custkey = o_custkey
	and o_orderkey = l_orderkey
group by
	c_name,
	c_custkey,
	o_orderkey,
	o_orderdate,
	o_totalprice
order by
	o_totalprice desc,
	o_orderdate
limit 100
                    QUERY PLAN:[('Limit  (cost=506482.40..506482.65 rows=100 width=71)',), ('  ->  Sort  (cost=506482.40..507807.78 rows=530155 width=71)',), ('        Sort Key: orders.o_totalprice DESC, orders.o_orderdate',), ('        ->  Finalize GroupAggregate  (cost=419210.93..486220.25 rows=530155 width=71)',), ('              Group Key: customer.c_custkey, orders.o_orderkey',), ('              ->  Gather Merge  (cost=419210.93..475175.36 rows=441796 width=71)',), ('                    Workers Planned: 2',), ('                    ->  Partial GroupAggregate  (cost=418210.91..423181.11 rows=220898 width=71)',), ('                          Group Key: customer.c_custkey, orders.o_orderkey',), ('                          ->  Sort  (cost=418210.91..418763.15 rows=220898 width=44)',), ('                                Sort Key: customer.c_custkey, orders.o_orderkey',), ('                                ->  Nested Loop  (cost=285204.42..391805.87 rows=220898 width=44)',), ('                                      ->  Parallel Hash Join  (cost=285203.99..327178.55 rows=55214 width=43)',), ('                                            Hash Cond: (orders.o_custkey = customer.c_custkey)',), ('                                            ->  Hash Join  (cost=280212.74..322042.36 rows=55214 width=24)',), ('                                                  Hash Cond: (orders.o_orderkey = lineitem_1.l_orderkey)',), ('                                                  ->  Parallel Seq Scan on orders  (cost=0.00..32345.00 rows=625000 width=20)',), ('                                                  ->  Hash  (cost=278038.32..278038.32 rows=132513 width=4)',), ('                                                        ->  GroupAggregate  (cost=0.43..276713.19 rows=132513 width=4)',), ('                                                              Group Key: lineitem_1.l_orderkey',), ("                                                              Filter: (sum(lineitem_1.l_quantity) > '312'::numeric)",), ('                                                              ->  Index Scan using l_ok on lineitem lineitem_1  (cost=0.43..240744.27 rows=6001165 width=9)',), ('                                            ->  Parallel Hash  (cost=4210.00..4210.00 rows=62500 width=23)',), ('                                                  ->  Parallel Seq Scan on customer  (cost=0.00..4210.00 rows=62500 width=23)',), ('                                      ->  Index Scan using l_ok on lineitem  (cost=0.43..1.02 rows=15 width=9)',), ('                                            Index Cond: (l_orderkey = orders.o_orderkey)',), ('JIT:',), ('  Functions: 35',), ('  Options: Inlining true, Optimization true, Expressions true, Deforming true',)]
                    Now let us think step by step and give me your scoring of all the candidate knobs in json format:
                    {
                        "knob_name": {score}    // fill "score" with a number between 0 and 1
                    }
                    If no knobs are suggested, just fill "knob_list" with "None" and also return result in json format. 

[2025-04-17 18:08:02,890 INFO] [knob_selection.py:select_on_query_level:143] select_on_query_level - 210th query, 0th response: {'DateStyle': 0, 'IntervalStyle': 0, 'TimeZone': 0, 'allow_in_place_tablespaces': 0, 'allow_system_table_mods': 0, 'application_name': 0, 'archive_cleanup_command': 0, 'archive_command': 0, 'archive_mode': 0, 'archive_timeout': 0, 'array_nulls': 0, 'authentication_timeout': 0, 'autovacuum': 0.1, 'autovacuum_analyze_scale_factor': 0.1, 'autovacuum_analyze_threshold': 0.1, 'autovacuum_freeze_max_age': 0, 'autovacuum_max_workers': 0.2, 'autovacuum_multixact_freeze_max_age': 0, 'autovacuum_naptime': 0.1, 'autovacuum_vacuum_cost_delay': 0.1, 'autovacuum_vacuum_cost_limit': 0.1, 'autovacuum_vacuum_insert_scale_factor': 0, 'autovacuum_vacuum_insert_threshold': 0, 'autovacuum_vacuum_scale_factor': 0.1, 'autovacuum_vacuum_threshold': 0.1, 'autovacuum_work_mem': 0.3, 'backend_flush_after': 0.2, 'backslash_quote': 0, 'backtrace_functions': 0, 'bgwriter_delay': 0.1}
[2025-04-17 18:08:03,774 INFO] [knob_selection.py:select_on_query_level:141] select_on_query_level - 240th query, 0th prompt: 
                    You are an experienced DBA and your will determine which knobs are worth tuning. You only tune knobs that have a significant impact on DBMS performance and the target DBMS is postgres. Which knobs are important heavily depends on the query plan because different query plans result in different performance bottlenecks.Given SQL and its QUERY PLAN from 'EXPLAIN', analyze and suggest which knobs should be tuned to improve the performance of this SQL.  Given the following candidate knobs, score the importance for each knob between 0 and 1, with a higher value indicating that it is more likey to impact postgres performance significantly. 
                    Candidate knobs: ['DateStyle', 'IntervalStyle', 'TimeZone', 'allow_in_place_tablespaces', 'allow_system_table_mods', 'application_name', 'archive_cleanup_command', 'archive_command', 'archive_mode', 'archive_timeout', 'array_nulls', 'authentication_timeout', 'autovacuum', 'autovacuum_analyze_scale_factor', 'autovacuum_analyze_threshold', 'autovacuum_freeze_max_age', 'autovacuum_max_workers', 'autovacuum_multixact_freeze_max_age', 'autovacuum_naptime', 'autovacuum_vacuum_cost_delay', 'autovacuum_vacuum_cost_limit', 'autovacuum_vacuum_insert_scale_factor', 'autovacuum_vacuum_insert_threshold', 'autovacuum_vacuum_scale_factor', 'autovacuum_vacuum_threshold', 'autovacuum_work_mem', 'backend_flush_after', 'backslash_quote', 'backtrace_functions', 'bgwriter_delay']
                    DBMS: postgres;
                    SQL:select
	c_name,
	c_custkey,
	o_orderkey,
	o_orderdate,
	o_totalprice,
	sum(l_quantity)
from
	customer,
	orders,
	lineitem
where
	o_orderkey in (
		select
			l_orderkey
		from
			lineitem
		group by
			l_orderkey having
				sum(l_quantity) > 312
	)
	and c_custkey = o_custkey
	and o_orderkey = l_orderkey
group by
	c_name,
	c_custkey,
	o_orderkey,
	o_orderdate,
	o_totalprice
order by
	o_totalprice desc,
	o_orderdate
limit 100
                    QUERY PLAN:[('Limit  (cost=506482.40..506482.65 rows=100 width=71)',), ('  ->  Sort  (cost=506482.40..507807.78 rows=530155 width=71)',), ('        Sort Key: orders.o_totalprice DESC, orders.o_orderdate',), ('        ->  Finalize GroupAggregate  (cost=419210.93..486220.25 rows=530155 width=71)',), ('              Group Key: customer.c_custkey, orders.o_orderkey',), ('              ->  Gather Merge  (cost=419210.93..475175.36 rows=441796 width=71)',), ('                    Workers Planned: 2',), ('                    ->  Partial GroupAggregate  (cost=418210.91..423181.11 rows=220898 width=71)',), ('                          Group Key: customer.c_custkey, orders.o_orderkey',), ('                          ->  Sort  (cost=418210.91..418763.15 rows=220898 width=44)',), ('                                Sort Key: customer.c_custkey, orders.o_orderkey',), ('                                ->  Nested Loop  (cost=285204.42..391805.87 rows=220898 width=44)',), ('                                      ->  Parallel Hash Join  (cost=285203.99..327178.55 rows=55214 width=43)',), ('                                            Hash Cond: (orders.o_custkey = customer.c_custkey)',), ('                                            ->  Hash Join  (cost=280212.74..322042.36 rows=55214 width=24)',), ('                                                  Hash Cond: (orders.o_orderkey = lineitem_1.l_orderkey)',), ('                                                  ->  Parallel Seq Scan on orders  (cost=0.00..32345.00 rows=625000 width=20)',), ('                                                  ->  Hash  (cost=278038.32..278038.32 rows=132513 width=4)',), ('                                                        ->  GroupAggregate  (cost=0.43..276713.19 rows=132513 width=4)',), ('                                                              Group Key: lineitem_1.l_orderkey',), ("                                                              Filter: (sum(lineitem_1.l_quantity) > '312'::numeric)",), ('                                                              ->  Index Scan using l_ok on lineitem lineitem_1  (cost=0.43..240744.27 rows=6001165 width=9)',), ('                                            ->  Parallel Hash  (cost=4210.00..4210.00 rows=62500 width=23)',), ('                                                  ->  Parallel Seq Scan on customer  (cost=0.00..4210.00 rows=62500 width=23)',), ('                                      ->  Index Scan using l_ok on lineitem  (cost=0.43..1.02 rows=15 width=9)',), ('                                            Index Cond: (l_orderkey = orders.o_orderkey)',), ('JIT:',), ('  Functions: 35',), ('  Options: Inlining true, Optimization true, Expressions true, Deforming true',)]
                    Now let us think step by step and give me your scoring of all the candidate knobs in json format:
                    {
                        "knob_name": {score}    // fill "score" with a number between 0 and 1
                    }
                    If no knobs are suggested, just fill "knob_list" with "None" and also return result in json format. 

[2025-04-17 18:08:21,425 INFO] [knob_selection.py:select_on_query_level:143] select_on_query_level - 240th query, 0th response: {'DateStyle': 0, 'IntervalStyle': 0, 'TimeZone': 0, 'allow_in_place_tablespaces': 0, 'allow_system_table_mods': 0, 'application_name': 0, 'archive_cleanup_command': 0, 'archive_command': 0, 'archive_mode': 0, 'archive_timeout': 0, 'array_nulls': 0, 'authentication_timeout': 0, 'autovacuum': 0.1, 'autovacuum_analyze_scale_factor': 0.1, 'autovacuum_analyze_threshold': 0.1, 'autovacuum_freeze_max_age': 0, 'autovacuum_max_workers': 0.1, 'autovacuum_multixact_freeze_max_age': 0, 'autovacuum_naptime': 0.1, 'autovacuum_vacuum_cost_delay': 0.1, 'autovacuum_vacuum_cost_limit': 0.1, 'autovacuum_vacuum_insert_scale_factor': 0, 'autovacuum_vacuum_insert_threshold': 0, 'autovacuum_vacuum_scale_factor': 0.1, 'autovacuum_vacuum_threshold': 0.1, 'autovacuum_work_mem': 0.2, 'backend_flush_after': 0.1, 'backslash_quote': 0, 'backtrace_functions': 0, 'bgwriter_delay': 0.1}
[2025-04-17 18:08:22,267 INFO] [knob_selection.py:select_on_query_level:141] select_on_query_level - 270th query, 0th prompt: 
                    You are an experienced DBA and your will determine which knobs are worth tuning. You only tune knobs that have a significant impact on DBMS performance and the target DBMS is postgres. Which knobs are important heavily depends on the query plan because different query plans result in different performance bottlenecks.Given SQL and its QUERY PLAN from 'EXPLAIN', analyze and suggest which knobs should be tuned to improve the performance of this SQL.  Given the following candidate knobs, score the importance for each knob between 0 and 1, with a higher value indicating that it is more likey to impact postgres performance significantly. 
                    Candidate knobs: ['DateStyle', 'IntervalStyle', 'TimeZone', 'allow_in_place_tablespaces', 'allow_system_table_mods', 'application_name', 'archive_cleanup_command', 'archive_command', 'archive_mode', 'archive_timeout', 'array_nulls', 'authentication_timeout', 'autovacuum', 'autovacuum_analyze_scale_factor', 'autovacuum_analyze_threshold', 'autovacuum_freeze_max_age', 'autovacuum_max_workers', 'autovacuum_multixact_freeze_max_age', 'autovacuum_naptime', 'autovacuum_vacuum_cost_delay', 'autovacuum_vacuum_cost_limit', 'autovacuum_vacuum_insert_scale_factor', 'autovacuum_vacuum_insert_threshold', 'autovacuum_vacuum_scale_factor', 'autovacuum_vacuum_threshold', 'autovacuum_work_mem', 'backend_flush_after', 'backslash_quote', 'backtrace_functions', 'bgwriter_delay']
                    DBMS: postgres;
                    SQL:select
	c_name,
	c_custkey,
	o_orderkey,
	o_orderdate,
	o_totalprice,
	sum(l_quantity)
from
	customer,
	orders,
	lineitem
where
	o_orderkey in (
		select
			l_orderkey
		from
			lineitem
		group by
			l_orderkey having
				sum(l_quantity) > 312
	)
	and c_custkey = o_custkey
	and o_orderkey = l_orderkey
group by
	c_name,
	c_custkey,
	o_orderkey,
	o_orderdate,
	o_totalprice
order by
	o_totalprice desc,
	o_orderdate
limit 100
                    QUERY PLAN:[('Limit  (cost=506482.40..506482.65 rows=100 width=71)',), ('  ->  Sort  (cost=506482.40..507807.78 rows=530155 width=71)',), ('        Sort Key: orders.o_totalprice DESC, orders.o_orderdate',), ('        ->  Finalize GroupAggregate  (cost=419210.93..486220.25 rows=530155 width=71)',), ('              Group Key: customer.c_custkey, orders.o_orderkey',), ('              ->  Gather Merge  (cost=419210.93..475175.36 rows=441796 width=71)',), ('                    Workers Planned: 2',), ('                    ->  Partial GroupAggregate  (cost=418210.91..423181.11 rows=220898 width=71)',), ('                          Group Key: customer.c_custkey, orders.o_orderkey',), ('                          ->  Sort  (cost=418210.91..418763.15 rows=220898 width=44)',), ('                                Sort Key: customer.c_custkey, orders.o_orderkey',), ('                                ->  Nested Loop  (cost=285204.42..391805.87 rows=220898 width=44)',), ('                                      ->  Parallel Hash Join  (cost=285203.99..327178.55 rows=55214 width=43)',), ('                                            Hash Cond: (orders.o_custkey = customer.c_custkey)',), ('                                            ->  Hash Join  (cost=280212.74..322042.36 rows=55214 width=24)',), ('                                                  Hash Cond: (orders.o_orderkey = lineitem_1.l_orderkey)',), ('                                                  ->  Parallel Seq Scan on orders  (cost=0.00..32345.00 rows=625000 width=20)',), ('                                                  ->  Hash  (cost=278038.32..278038.32 rows=132513 width=4)',), ('                                                        ->  GroupAggregate  (cost=0.43..276713.19 rows=132513 width=4)',), ('                                                              Group Key: lineitem_1.l_orderkey',), ("                                                              Filter: (sum(lineitem_1.l_quantity) > '312'::numeric)",), ('                                                              ->  Index Scan using l_ok on lineitem lineitem_1  (cost=0.43..240744.27 rows=6001165 width=9)',), ('                                            ->  Parallel Hash  (cost=4210.00..4210.00 rows=62500 width=23)',), ('                                                  ->  Parallel Seq Scan on customer  (cost=0.00..4210.00 rows=62500 width=23)',), ('                                      ->  Index Scan using l_ok on lineitem  (cost=0.43..1.02 rows=15 width=9)',), ('                                            Index Cond: (l_orderkey = orders.o_orderkey)',), ('JIT:',), ('  Functions: 35',), ('  Options: Inlining true, Optimization true, Expressions true, Deforming true',)]
                    Now let us think step by step and give me your scoring of all the candidate knobs in json format:
                    {
                        "knob_name": {score}    // fill "score" with a number between 0 and 1
                    }
                    If no knobs are suggested, just fill "knob_list" with "None" and also return result in json format. 

[2025-04-17 18:08:39,141 INFO] [knob_selection.py:select_on_query_level:143] select_on_query_level - 270th query, 0th response: {'DateStyle': 0, 'IntervalStyle': 0, 'TimeZone': 0, 'allow_in_place_tablespaces': 0, 'allow_system_table_mods': 0, 'application_name': 0, 'archive_cleanup_command': 0, 'archive_command': 0, 'archive_mode': 0, 'archive_timeout': 0, 'array_nulls': 0, 'authentication_timeout': 0, 'autovacuum': 0.1, 'autovacuum_analyze_scale_factor': 0.1, 'autovacuum_analyze_threshold': 0.1, 'autovacuum_freeze_max_age': 0, 'autovacuum_max_workers': 0.2, 'autovacuum_multixact_freeze_max_age': 0, 'autovacuum_naptime': 0.1, 'autovacuum_vacuum_cost_delay': 0.1, 'autovacuum_vacuum_cost_limit': 0.1, 'autovacuum_vacuum_insert_scale_factor': 0, 'autovacuum_vacuum_insert_threshold': 0, 'autovacuum_vacuum_scale_factor': 0.1, 'autovacuum_vacuum_threshold': 0.1, 'autovacuum_work_mem': 0.3, 'backend_flush_after': 0.2, 'backslash_quote': 0, 'backtrace_functions': 0, 'bgwriter_delay': 0.1}
[2025-04-17 18:08:40,027 INFO] [knob_selection.py:select_on_query_level:141] select_on_query_level - 300th query, 0th prompt: 
                    You are an experienced DBA and your will determine which knobs are worth tuning. You only tune knobs that have a significant impact on DBMS performance and the target DBMS is postgres. Which knobs are important heavily depends on the query plan because different query plans result in different performance bottlenecks.Given SQL and its QUERY PLAN from 'EXPLAIN', analyze and suggest which knobs should be tuned to improve the performance of this SQL.  Given the following candidate knobs, score the importance for each knob between 0 and 1, with a higher value indicating that it is more likey to impact postgres performance significantly. 
                    Candidate knobs: ['DateStyle', 'IntervalStyle', 'TimeZone', 'allow_in_place_tablespaces', 'allow_system_table_mods', 'application_name', 'archive_cleanup_command', 'archive_command', 'archive_mode', 'archive_timeout', 'array_nulls', 'authentication_timeout', 'autovacuum', 'autovacuum_analyze_scale_factor', 'autovacuum_analyze_threshold', 'autovacuum_freeze_max_age', 'autovacuum_max_workers', 'autovacuum_multixact_freeze_max_age', 'autovacuum_naptime', 'autovacuum_vacuum_cost_delay', 'autovacuum_vacuum_cost_limit', 'autovacuum_vacuum_insert_scale_factor', 'autovacuum_vacuum_insert_threshold', 'autovacuum_vacuum_scale_factor', 'autovacuum_vacuum_threshold', 'autovacuum_work_mem', 'backend_flush_after', 'backslash_quote', 'backtrace_functions', 'bgwriter_delay']
                    DBMS: postgres;
                    SQL:select
	c_name,
	c_custkey,
	o_orderkey,
	o_orderdate,
	o_totalprice,
	sum(l_quantity)
from
	customer,
	orders,
	lineitem
where
	o_orderkey in (
		select
			l_orderkey
		from
			lineitem
		group by
			l_orderkey having
				sum(l_quantity) > 312
	)
	and c_custkey = o_custkey
	and o_orderkey = l_orderkey
group by
	c_name,
	c_custkey,
	o_orderkey,
	o_orderdate,
	o_totalprice
order by
	o_totalprice desc,
	o_orderdate
limit 100
                    QUERY PLAN:[('Limit  (cost=506482.40..506482.65 rows=100 width=71)',), ('  ->  Sort  (cost=506482.40..507807.78 rows=530155 width=71)',), ('        Sort Key: orders.o_totalprice DESC, orders.o_orderdate',), ('        ->  Finalize GroupAggregate  (cost=419210.93..486220.25 rows=530155 width=71)',), ('              Group Key: customer.c_custkey, orders.o_orderkey',), ('              ->  Gather Merge  (cost=419210.93..475175.36 rows=441796 width=71)',), ('                    Workers Planned: 2',), ('                    ->  Partial GroupAggregate  (cost=418210.91..423181.11 rows=220898 width=71)',), ('                          Group Key: customer.c_custkey, orders.o_orderkey',), ('                          ->  Sort  (cost=418210.91..418763.15 rows=220898 width=44)',), ('                                Sort Key: customer.c_custkey, orders.o_orderkey',), ('                                ->  Nested Loop  (cost=285204.42..391805.87 rows=220898 width=44)',), ('                                      ->  Parallel Hash Join  (cost=285203.99..327178.55 rows=55214 width=43)',), ('                                            Hash Cond: (orders.o_custkey = customer.c_custkey)',), ('                                            ->  Hash Join  (cost=280212.74..322042.36 rows=55214 width=24)',), ('                                                  Hash Cond: (orders.o_orderkey = lineitem_1.l_orderkey)',), ('                                                  ->  Parallel Seq Scan on orders  (cost=0.00..32345.00 rows=625000 width=20)',), ('                                                  ->  Hash  (cost=278038.32..278038.32 rows=132513 width=4)',), ('                                                        ->  GroupAggregate  (cost=0.43..276713.19 rows=132513 width=4)',), ('                                                              Group Key: lineitem_1.l_orderkey',), ("                                                              Filter: (sum(lineitem_1.l_quantity) > '312'::numeric)",), ('                                                              ->  Index Scan using l_ok on lineitem lineitem_1  (cost=0.43..240744.27 rows=6001165 width=9)',), ('                                            ->  Parallel Hash  (cost=4210.00..4210.00 rows=62500 width=23)',), ('                                                  ->  Parallel Seq Scan on customer  (cost=0.00..4210.00 rows=62500 width=23)',), ('                                      ->  Index Scan using l_ok on lineitem  (cost=0.43..1.02 rows=15 width=9)',), ('                                            Index Cond: (l_orderkey = orders.o_orderkey)',), ('JIT:',), ('  Functions: 35',), ('  Options: Inlining true, Optimization true, Expressions true, Deforming true',)]
                    Now let us think step by step and give me your scoring of all the candidate knobs in json format:
                    {
                        "knob_name": {score}    // fill "score" with a number between 0 and 1
                    }
                    If no knobs are suggested, just fill "knob_list" with "None" and also return result in json format. 

[2025-04-17 18:08:58,806 INFO] [knob_selection.py:select_on_query_level:143] select_on_query_level - 300th query, 0th response: {'DateStyle': 0, 'IntervalStyle': 0, 'TimeZone': 0, 'allow_in_place_tablespaces': 0, 'allow_system_table_mods': 0, 'application_name': 0, 'archive_cleanup_command': 0, 'archive_command': 0, 'archive_mode': 0, 'archive_timeout': 0, 'array_nulls': 0, 'authentication_timeout': 0, 'autovacuum': 0.1, 'autovacuum_analyze_scale_factor': 0.1, 'autovacuum_analyze_threshold': 0.1, 'autovacuum_freeze_max_age': 0, 'autovacuum_max_workers': 0.2, 'autovacuum_multixact_freeze_max_age': 0, 'autovacuum_naptime': 0.1, 'autovacuum_vacuum_cost_delay': 0.1, 'autovacuum_vacuum_cost_limit': 0.1, 'autovacuum_vacuum_insert_scale_factor': 0, 'autovacuum_vacuum_insert_threshold': 0, 'autovacuum_vacuum_scale_factor': 0.1, 'autovacuum_vacuum_threshold': 0.1, 'autovacuum_work_mem': 0.3, 'backend_flush_after': 0.2, 'backslash_quote': 0, 'backtrace_functions': 0, 'bgwriter_delay': 0.1}
[2025-04-17 18:08:59,686 INFO] [knob_selection.py:select_on_query_level:141] select_on_query_level - 330th query, 0th prompt: 
                    You are an experienced DBA and your will determine which knobs are worth tuning. You only tune knobs that have a significant impact on DBMS performance and the target DBMS is postgres. Which knobs are important heavily depends on the query plan because different query plans result in different performance bottlenecks.Given SQL and its QUERY PLAN from 'EXPLAIN', analyze and suggest which knobs should be tuned to improve the performance of this SQL.  Given the following candidate knobs, score the importance for each knob between 0 and 1, with a higher value indicating that it is more likey to impact postgres performance significantly. 
                    Candidate knobs: ['DateStyle', 'IntervalStyle', 'TimeZone', 'allow_in_place_tablespaces', 'allow_system_table_mods', 'application_name', 'archive_cleanup_command', 'archive_command', 'archive_mode', 'archive_timeout', 'array_nulls', 'authentication_timeout', 'autovacuum', 'autovacuum_analyze_scale_factor', 'autovacuum_analyze_threshold', 'autovacuum_freeze_max_age', 'autovacuum_max_workers', 'autovacuum_multixact_freeze_max_age', 'autovacuum_naptime', 'autovacuum_vacuum_cost_delay', 'autovacuum_vacuum_cost_limit', 'autovacuum_vacuum_insert_scale_factor', 'autovacuum_vacuum_insert_threshold', 'autovacuum_vacuum_scale_factor', 'autovacuum_vacuum_threshold', 'autovacuum_work_mem', 'backend_flush_after', 'backslash_quote', 'backtrace_functions', 'bgwriter_delay']
                    DBMS: postgres;
                    SQL:select
	c_name,
	c_custkey,
	o_orderkey,
	o_orderdate,
	o_totalprice,
	sum(l_quantity)
from
	customer,
	orders,
	lineitem
where
	o_orderkey in (
		select
			l_orderkey
		from
			lineitem
		group by
			l_orderkey having
				sum(l_quantity) > 312
	)
	and c_custkey = o_custkey
	and o_orderkey = l_orderkey
group by
	c_name,
	c_custkey,
	o_orderkey,
	o_orderdate,
	o_totalprice
order by
	o_totalprice desc,
	o_orderdate
limit 100
                    QUERY PLAN:[('Limit  (cost=506482.40..506482.65 rows=100 width=71)',), ('  ->  Sort  (cost=506482.40..507807.78 rows=530155 width=71)',), ('        Sort Key: orders.o_totalprice DESC, orders.o_orderdate',), ('        ->  Finalize GroupAggregate  (cost=419210.93..486220.25 rows=530155 width=71)',), ('              Group Key: customer.c_custkey, orders.o_orderkey',), ('              ->  Gather Merge  (cost=419210.93..475175.36 rows=441796 width=71)',), ('                    Workers Planned: 2',), ('                    ->  Partial GroupAggregate  (cost=418210.91..423181.11 rows=220898 width=71)',), ('                          Group Key: customer.c_custkey, orders.o_orderkey',), ('                          ->  Sort  (cost=418210.91..418763.15 rows=220898 width=44)',), ('                                Sort Key: customer.c_custkey, orders.o_orderkey',), ('                                ->  Nested Loop  (cost=285204.42..391805.87 rows=220898 width=44)',), ('                                      ->  Parallel Hash Join  (cost=285203.99..327178.55 rows=55214 width=43)',), ('                                            Hash Cond: (orders.o_custkey = customer.c_custkey)',), ('                                            ->  Hash Join  (cost=280212.74..322042.36 rows=55214 width=24)',), ('                                                  Hash Cond: (orders.o_orderkey = lineitem_1.l_orderkey)',), ('                                                  ->  Parallel Seq Scan on orders  (cost=0.00..32345.00 rows=625000 width=20)',), ('                                                  ->  Hash  (cost=278038.32..278038.32 rows=132513 width=4)',), ('                                                        ->  GroupAggregate  (cost=0.43..276713.19 rows=132513 width=4)',), ('                                                              Group Key: lineitem_1.l_orderkey',), ("                                                              Filter: (sum(lineitem_1.l_quantity) > '312'::numeric)",), ('                                                              ->  Index Scan using l_ok on lineitem lineitem_1  (cost=0.43..240744.27 rows=6001165 width=9)',), ('                                            ->  Parallel Hash  (cost=4210.00..4210.00 rows=62500 width=23)',), ('                                                  ->  Parallel Seq Scan on customer  (cost=0.00..4210.00 rows=62500 width=23)',), ('                                      ->  Index Scan using l_ok on lineitem  (cost=0.43..1.02 rows=15 width=9)',), ('                                            Index Cond: (l_orderkey = orders.o_orderkey)',), ('JIT:',), ('  Functions: 35',), ('  Options: Inlining true, Optimization true, Expressions true, Deforming true',)]
                    Now let us think step by step and give me your scoring of all the candidate knobs in json format:
                    {
                        "knob_name": {score}    // fill "score" with a number between 0 and 1
                    }
                    If no knobs are suggested, just fill "knob_list" with "None" and also return result in json format. 

[2025-04-17 18:09:17,317 INFO] [knob_selection.py:select_on_query_level:143] select_on_query_level - 330th query, 0th response: {'DateStyle': 0, 'IntervalStyle': 0, 'TimeZone': 0, 'allow_in_place_tablespaces': 0, 'allow_system_table_mods': 0, 'application_name': 0, 'archive_cleanup_command': 0, 'archive_command': 0, 'archive_mode': 0, 'archive_timeout': 0, 'array_nulls': 0, 'authentication_timeout': 0, 'autovacuum': 0.1, 'autovacuum_analyze_scale_factor': 0.1, 'autovacuum_analyze_threshold': 0.1, 'autovacuum_freeze_max_age': 0, 'autovacuum_max_workers': 0.2, 'autovacuum_multixact_freeze_max_age': 0, 'autovacuum_naptime': 0.1, 'autovacuum_vacuum_cost_delay': 0.1, 'autovacuum_vacuum_cost_limit': 0.1, 'autovacuum_vacuum_insert_scale_factor': 0, 'autovacuum_vacuum_insert_threshold': 0, 'autovacuum_vacuum_scale_factor': 0.1, 'autovacuum_vacuum_threshold': 0.1, 'autovacuum_work_mem': 0.3, 'backend_flush_after': 0.2, 'backslash_quote': 0, 'backtrace_functions': 0, 'bgwriter_delay': 0.1}
[2025-04-17 18:09:18,207 INFO] [knob_selection.py:select_on_query_level:141] select_on_query_level - 0th query, 1th prompt: 
                    You are an experienced DBA and your will determine which knobs are worth tuning. You only tune knobs that have a significant impact on DBMS performance and the target DBMS is postgres. Which knobs are important heavily depends on the query plan because different query plans result in different performance bottlenecks.Given SQL and its QUERY PLAN from 'EXPLAIN', analyze and suggest which knobs should be tuned to improve the performance of this SQL.  Given the following candidate knobs, score the importance for each knob between 0 and 1, with a higher value indicating that it is more likey to impact postgres performance significantly. 
                    Candidate knobs: ['IntervalStyle', 'TimeZone', 'allow_in_place_tablespaces', 'allow_system_table_mods', 'application_name', 'archive_cleanup_command', 'archive_command', 'archive_mode', 'archive_timeout', 'array_nulls', 'authentication_timeout', 'autovacuum', 'autovacuum_analyze_scale_factor', 'autovacuum_analyze_threshold', 'autovacuum_freeze_max_age', 'autovacuum_max_workers', 'autovacuum_multixact_freeze_max_age', 'autovacuum_naptime', 'autovacuum_vacuum_cost_delay', 'autovacuum_vacuum_cost_limit', 'autovacuum_vacuum_insert_scale_factor', 'autovacuum_vacuum_insert_threshold', 'autovacuum_vacuum_scale_factor', 'autovacuum_vacuum_threshold', 'autovacuum_work_mem', 'backend_flush_after', 'backslash_quote', 'backtrace_functions', 'bgwriter_delay', 'bgwriter_flush_after']
                    DBMS: postgres;
                    SQL:select
	l_returnflag,
	l_linestatus,
	sum(l_quantity) as sum_qty,
	sum(l_extendedprice) as sum_base_price,
	sum(l_extendedprice * (1 - l_discount)) as sum_disc_price,
	sum(l_extendedprice * (1 - l_discount) * (1 + l_tax)) as sum_charge,
	avg(l_quantity) as avg_qty,
	avg(l_extendedprice) as avg_price,
	avg(l_discount) as avg_disc,
	count(*) as count_order
from
	lineitem
where
	l_shipdate <= date '1998-12-01' - interval '97' day
group by
	l_returnflag,
	l_linestatus
order by
	l_returnflag,
	l_linestatus

                    QUERY PLAN:[('Finalize GroupAggregate  (cost=243025.05..243027.13 rows=6 width=236)',), ('  Group Key: l_returnflag, l_linestatus',), ('  ->  Gather Merge  (cost=243025.05..243026.45 rows=12 width=236)',), ('        Workers Planned: 2',), ('        ->  Sort  (cost=242025.03..242025.05 rows=6 width=236)',), ('              Sort Key: l_returnflag, l_linestatus',), ('              ->  Partial HashAggregate  (cost=242024.79..242024.95 rows=6 width=236)',), ('                    Group Key: l_returnflag, l_linestatus',), ('                    ->  Parallel Seq Scan on lineitem  (cost=0.00..143759.07 rows=2456643 width=25)',), ("                          Filter: (l_shipdate <= '1998-08-26 00:00:00'::timestamp without time zone)",), ('JIT:',), ('  Functions: 9',), ('  Options: Inlining false, Optimization false, Expressions true, Deforming true',)]
                    Now let us think step by step and give me your scoring of all the candidate knobs in json format:
                    {
                        "knob_name": {score}    // fill "score" with a number between 0 and 1
                    }
                    If no knobs are suggested, just fill "knob_list" with "None" and also return result in json format. 

[2025-04-17 18:09:35,774 INFO] [knob_selection.py:select_on_query_level:143] select_on_query_level - 0th query, 1th response: {'IntervalStyle': 0, 'TimeZone': 0, 'allow_in_place_tablespaces': 0, 'allow_system_table_mods': 0, 'application_name': 0, 'archive_cleanup_command': 0, 'archive_command': 0, 'archive_mode': 0, 'archive_timeout': 0, 'array_nulls': 0, 'authentication_timeout': 0, 'autovacuum': 0.7, 'autovacuum_analyze_scale_factor': 0.6, 'autovacuum_analyze_threshold': 0.6, 'autovacuum_freeze_max_age': 0.5, 'autovacuum_max_workers': 0.5, 'autovacuum_multixact_freeze_max_age': 0.5, 'autovacuum_naptime': 0.5, 'autovacuum_vacuum_cost_delay': 0.5, 'autovacuum_vacuum_cost_limit': 0.5, 'autovacuum_vacuum_insert_scale_factor': 0.5, 'autovacuum_vacuum_insert_threshold': 0.5, 'autovacuum_vacuum_scale_factor': 0.5, 'autovacuum_vacuum_threshold': 0.5, 'autovacuum_work_mem': 0.5, 'backend_flush_after': 0.5, 'backslash_quote': 0, 'backtrace_functions': 0, 'bgwriter_delay': 0.5, 'bgwriter_flush_after': 0.5}
[2025-04-17 18:09:36,714 INFO] [knob_selection.py:select_on_query_level:141] select_on_query_level - 30th query, 1th prompt: 
                    You are an experienced DBA and your will determine which knobs are worth tuning. You only tune knobs that have a significant impact on DBMS performance and the target DBMS is postgres. Which knobs are important heavily depends on the query plan because different query plans result in different performance bottlenecks.Given SQL and its QUERY PLAN from 'EXPLAIN', analyze and suggest which knobs should be tuned to improve the performance of this SQL.  Given the following candidate knobs, score the importance for each knob between 0 and 1, with a higher value indicating that it is more likey to impact postgres performance significantly. 
                    Candidate knobs: ['IntervalStyle', 'TimeZone', 'allow_in_place_tablespaces', 'allow_system_table_mods', 'application_name', 'archive_cleanup_command', 'archive_command', 'archive_mode', 'archive_timeout', 'array_nulls', 'authentication_timeout', 'autovacuum', 'autovacuum_analyze_scale_factor', 'autovacuum_analyze_threshold', 'autovacuum_freeze_max_age', 'autovacuum_max_workers', 'autovacuum_multixact_freeze_max_age', 'autovacuum_naptime', 'autovacuum_vacuum_cost_delay', 'autovacuum_vacuum_cost_limit', 'autovacuum_vacuum_insert_scale_factor', 'autovacuum_vacuum_insert_threshold', 'autovacuum_vacuum_scale_factor', 'autovacuum_vacuum_threshold', 'autovacuum_work_mem', 'backend_flush_after', 'backslash_quote', 'backtrace_functions', 'bgwriter_delay', 'bgwriter_flush_after']
                    DBMS: postgres;
                    SQL:select
	l_returnflag,
	l_linestatus,
	sum(l_quantity) as sum_qty,
	sum(l_extendedprice) as sum_base_price,
	sum(l_extendedprice * (1 - l_discount)) as sum_disc_price,
	sum(l_extendedprice * (1 - l_discount) * (1 + l_tax)) as sum_charge,
	avg(l_quantity) as avg_qty,
	avg(l_extendedprice) as avg_price,
	avg(l_discount) as avg_disc,
	count(*) as count_order
from
	lineitem
where
	l_shipdate <= date '1998-12-01' - interval '97' day
group by
	l_returnflag,
	l_linestatus
order by
	l_returnflag,
	l_linestatus

                    QUERY PLAN:[('Finalize GroupAggregate  (cost=243025.05..243027.13 rows=6 width=236)',), ('  Group Key: l_returnflag, l_linestatus',), ('  ->  Gather Merge  (cost=243025.05..243026.45 rows=12 width=236)',), ('        Workers Planned: 2',), ('        ->  Sort  (cost=242025.03..242025.05 rows=6 width=236)',), ('              Sort Key: l_returnflag, l_linestatus',), ('              ->  Partial HashAggregate  (cost=242024.79..242024.95 rows=6 width=236)',), ('                    Group Key: l_returnflag, l_linestatus',), ('                    ->  Parallel Seq Scan on lineitem  (cost=0.00..143759.07 rows=2456643 width=25)',), ("                          Filter: (l_shipdate <= '1998-08-26 00:00:00'::timestamp without time zone)",), ('JIT:',), ('  Functions: 9',), ('  Options: Inlining false, Optimization false, Expressions true, Deforming true',)]
                    Now let us think step by step and give me your scoring of all the candidate knobs in json format:
                    {
                        "knob_name": {score}    // fill "score" with a number between 0 and 1
                    }
                    If no knobs are suggested, just fill "knob_list" with "None" and also return result in json format. 

[2025-04-17 18:09:55,124 INFO] [knob_selection.py:select_on_query_level:143] select_on_query_level - 30th query, 1th response: {'IntervalStyle': 0, 'TimeZone': 0, 'allow_in_place_tablespaces': 0, 'allow_system_table_mods': 0, 'application_name': 0, 'archive_cleanup_command': 0, 'archive_command': 0, 'archive_mode': 0, 'archive_timeout': 0, 'array_nulls': 0, 'authentication_timeout': 0, 'autovacuum': 0.1, 'autovacuum_analyze_scale_factor': 0.1, 'autovacuum_analyze_threshold': 0.1, 'autovacuum_freeze_max_age': 0, 'autovacuum_max_workers': 0.2, 'autovacuum_multixact_freeze_max_age': 0, 'autovacuum_naptime': 0.1, 'autovacuum_vacuum_cost_delay': 0.1, 'autovacuum_vacuum_cost_limit': 0.1, 'autovacuum_vacuum_insert_scale_factor': 0, 'autovacuum_vacuum_insert_threshold': 0, 'autovacuum_vacuum_scale_factor': 0.1, 'autovacuum_vacuum_threshold': 0.1, 'autovacuum_work_mem': 0.3, 'backend_flush_after': 0.2, 'backslash_quote': 0, 'backtrace_functions': 0, 'bgwriter_delay': 0.1, 'bgwriter_flush_after': 0.1}
[2025-04-17 18:09:56,003 INFO] [knob_selection.py:select_on_query_level:141] select_on_query_level - 60th query, 1th prompt: 
                    You are an experienced DBA and your will determine which knobs are worth tuning. You only tune knobs that have a significant impact on DBMS performance and the target DBMS is postgres. Which knobs are important heavily depends on the query plan because different query plans result in different performance bottlenecks.Given SQL and its QUERY PLAN from 'EXPLAIN', analyze and suggest which knobs should be tuned to improve the performance of this SQL.  Given the following candidate knobs, score the importance for each knob between 0 and 1, with a higher value indicating that it is more likey to impact postgres performance significantly. 
                    Candidate knobs: ['IntervalStyle', 'TimeZone', 'allow_in_place_tablespaces', 'allow_system_table_mods', 'application_name', 'archive_cleanup_command', 'archive_command', 'archive_mode', 'archive_timeout', 'array_nulls', 'authentication_timeout', 'autovacuum', 'autovacuum_analyze_scale_factor', 'autovacuum_analyze_threshold', 'autovacuum_freeze_max_age', 'autovacuum_max_workers', 'autovacuum_multixact_freeze_max_age', 'autovacuum_naptime', 'autovacuum_vacuum_cost_delay', 'autovacuum_vacuum_cost_limit', 'autovacuum_vacuum_insert_scale_factor', 'autovacuum_vacuum_insert_threshold', 'autovacuum_vacuum_scale_factor', 'autovacuum_vacuum_threshold', 'autovacuum_work_mem', 'backend_flush_after', 'backslash_quote', 'backtrace_functions', 'bgwriter_delay', 'bgwriter_flush_after']
                    DBMS: postgres;
                    SQL:select
	l_returnflag,
	l_linestatus,
	sum(l_quantity) as sum_qty,
	sum(l_extendedprice) as sum_base_price,
	sum(l_extendedprice * (1 - l_discount)) as sum_disc_price,
	sum(l_extendedprice * (1 - l_discount) * (1 + l_tax)) as sum_charge,
	avg(l_quantity) as avg_qty,
	avg(l_extendedprice) as avg_price,
	avg(l_discount) as avg_disc,
	count(*) as count_order
from
	lineitem
where
	l_shipdate <= date '1998-12-01' - interval '97' day
group by
	l_returnflag,
	l_linestatus
order by
	l_returnflag,
	l_linestatus

                    QUERY PLAN:[('Finalize GroupAggregate  (cost=243025.05..243027.13 rows=6 width=236)',), ('  Group Key: l_returnflag, l_linestatus',), ('  ->  Gather Merge  (cost=243025.05..243026.45 rows=12 width=236)',), ('        Workers Planned: 2',), ('        ->  Sort  (cost=242025.03..242025.05 rows=6 width=236)',), ('              Sort Key: l_returnflag, l_linestatus',), ('              ->  Partial HashAggregate  (cost=242024.79..242024.95 rows=6 width=236)',), ('                    Group Key: l_returnflag, l_linestatus',), ('                    ->  Parallel Seq Scan on lineitem  (cost=0.00..143759.07 rows=2456643 width=25)',), ("                          Filter: (l_shipdate <= '1998-08-26 00:00:00'::timestamp without time zone)",), ('JIT:',), ('  Functions: 9',), ('  Options: Inlining false, Optimization false, Expressions true, Deforming true',)]
                    Now let us think step by step and give me your scoring of all the candidate knobs in json format:
                    {
                        "knob_name": {score}    // fill "score" with a number between 0 and 1
                    }
                    If no knobs are suggested, just fill "knob_list" with "None" and also return result in json format. 

[2025-04-17 18:10:14,477 INFO] [knob_selection.py:select_on_query_level:143] select_on_query_level - 60th query, 1th response: {'IntervalStyle': 0, 'TimeZone': 0, 'allow_in_place_tablespaces': 0, 'allow_system_table_mods': 0, 'application_name': 0, 'archive_cleanup_command': 0, 'archive_command': 0, 'archive_mode': 0, 'archive_timeout': 0, 'array_nulls': 0, 'authentication_timeout': 0, 'autovacuum': 0.1, 'autovacuum_analyze_scale_factor': 0.1, 'autovacuum_analyze_threshold': 0.1, 'autovacuum_freeze_max_age': 0, 'autovacuum_max_workers': 0.2, 'autovacuum_multixact_freeze_max_age': 0, 'autovacuum_naptime': 0.1, 'autovacuum_vacuum_cost_delay': 0.1, 'autovacuum_vacuum_cost_limit': 0.1, 'autovacuum_vacuum_insert_scale_factor': 0, 'autovacuum_vacuum_insert_threshold': 0, 'autovacuum_vacuum_scale_factor': 0.1, 'autovacuum_vacuum_threshold': 0.1, 'autovacuum_work_mem': 0.3, 'backend_flush_after': 0.2, 'backslash_quote': 0, 'backtrace_functions': 0, 'bgwriter_delay': 0.1, 'bgwriter_flush_after': 0.1}
[2025-04-17 18:10:15,356 INFO] [knob_selection.py:select_on_query_level:141] select_on_query_level - 90th query, 1th prompt: 
                    You are an experienced DBA and your will determine which knobs are worth tuning. You only tune knobs that have a significant impact on DBMS performance and the target DBMS is postgres. Which knobs are important heavily depends on the query plan because different query plans result in different performance bottlenecks.Given SQL and its QUERY PLAN from 'EXPLAIN', analyze and suggest which knobs should be tuned to improve the performance of this SQL.  Given the following candidate knobs, score the importance for each knob between 0 and 1, with a higher value indicating that it is more likey to impact postgres performance significantly. 
                    Candidate knobs: ['IntervalStyle', 'TimeZone', 'allow_in_place_tablespaces', 'allow_system_table_mods', 'application_name', 'archive_cleanup_command', 'archive_command', 'archive_mode', 'archive_timeout', 'array_nulls', 'authentication_timeout', 'autovacuum', 'autovacuum_analyze_scale_factor', 'autovacuum_analyze_threshold', 'autovacuum_freeze_max_age', 'autovacuum_max_workers', 'autovacuum_multixact_freeze_max_age', 'autovacuum_naptime', 'autovacuum_vacuum_cost_delay', 'autovacuum_vacuum_cost_limit', 'autovacuum_vacuum_insert_scale_factor', 'autovacuum_vacuum_insert_threshold', 'autovacuum_vacuum_scale_factor', 'autovacuum_vacuum_threshold', 'autovacuum_work_mem', 'backend_flush_after', 'backslash_quote', 'backtrace_functions', 'bgwriter_delay', 'bgwriter_flush_after']
                    DBMS: postgres;
                    SQL:select
	l_returnflag,
	l_linestatus,
	sum(l_quantity) as sum_qty,
	sum(l_extendedprice) as sum_base_price,
	sum(l_extendedprice * (1 - l_discount)) as sum_disc_price,
	sum(l_extendedprice * (1 - l_discount) * (1 + l_tax)) as sum_charge,
	avg(l_quantity) as avg_qty,
	avg(l_extendedprice) as avg_price,
	avg(l_discount) as avg_disc,
	count(*) as count_order
from
	lineitem
where
	l_shipdate <= date '1998-12-01' - interval '97' day
group by
	l_returnflag,
	l_linestatus
order by
	l_returnflag,
	l_linestatus

                    QUERY PLAN:[('Finalize GroupAggregate  (cost=243025.05..243027.13 rows=6 width=236)',), ('  Group Key: l_returnflag, l_linestatus',), ('  ->  Gather Merge  (cost=243025.05..243026.45 rows=12 width=236)',), ('        Workers Planned: 2',), ('        ->  Sort  (cost=242025.03..242025.05 rows=6 width=236)',), ('              Sort Key: l_returnflag, l_linestatus',), ('              ->  Partial HashAggregate  (cost=242024.79..242024.95 rows=6 width=236)',), ('                    Group Key: l_returnflag, l_linestatus',), ('                    ->  Parallel Seq Scan on lineitem  (cost=0.00..143759.07 rows=2456643 width=25)',), ("                          Filter: (l_shipdate <= '1998-08-26 00:00:00'::timestamp without time zone)",), ('JIT:',), ('  Functions: 9',), ('  Options: Inlining false, Optimization false, Expressions true, Deforming true',)]
                    Now let us think step by step and give me your scoring of all the candidate knobs in json format:
                    {
                        "knob_name": {score}    // fill "score" with a number between 0 and 1
                    }
                    If no knobs are suggested, just fill "knob_list" with "None" and also return result in json format. 

[2025-04-17 18:10:35,265 INFO] [knob_selection.py:select_on_query_level:143] select_on_query_level - 90th query, 1th response: {'IntervalStyle': 0, 'TimeZone': 0, 'allow_in_place_tablespaces': 0, 'allow_system_table_mods': 0, 'application_name': 0, 'archive_cleanup_command': 0, 'archive_command': 0, 'archive_mode': 0, 'archive_timeout': 0, 'array_nulls': 0, 'authentication_timeout': 0, 'autovacuum': 0.5, 'autovacuum_analyze_scale_factor': 0.5, 'autovacuum_analyze_threshold': 0.5, 'autovacuum_freeze_max_age': 0.5, 'autovacuum_max_workers': 0.5, 'autovacuum_multixact_freeze_max_age': 0.5, 'autovacuum_naptime': 0.5, 'autovacuum_vacuum_cost_delay': 0.5, 'autovacuum_vacuum_cost_limit': 0.5, 'autovacuum_vacuum_insert_scale_factor': 0.5, 'autovacuum_vacuum_insert_threshold': 0.5, 'autovacuum_vacuum_scale_factor': 0.5, 'autovacuum_vacuum_threshold': 0.5, 'autovacuum_work_mem': 0.5, 'backend_flush_after': 0.5, 'backslash_quote': 0, 'backtrace_functions': 0, 'bgwriter_delay': 0.5, 'bgwriter_flush_after': 0.5}
[2025-04-17 18:10:36,143 INFO] [knob_selection.py:select_on_query_level:141] select_on_query_level - 120th query, 1th prompt: 
                    You are an experienced DBA and your will determine which knobs are worth tuning. You only tune knobs that have a significant impact on DBMS performance and the target DBMS is postgres. Which knobs are important heavily depends on the query plan because different query plans result in different performance bottlenecks.Given SQL and its QUERY PLAN from 'EXPLAIN', analyze and suggest which knobs should be tuned to improve the performance of this SQL.  Given the following candidate knobs, score the importance for each knob between 0 and 1, with a higher value indicating that it is more likey to impact postgres performance significantly. 
                    Candidate knobs: ['IntervalStyle', 'TimeZone', 'allow_in_place_tablespaces', 'allow_system_table_mods', 'application_name', 'archive_cleanup_command', 'archive_command', 'archive_mode', 'archive_timeout', 'array_nulls', 'authentication_timeout', 'autovacuum', 'autovacuum_analyze_scale_factor', 'autovacuum_analyze_threshold', 'autovacuum_freeze_max_age', 'autovacuum_max_workers', 'autovacuum_multixact_freeze_max_age', 'autovacuum_naptime', 'autovacuum_vacuum_cost_delay', 'autovacuum_vacuum_cost_limit', 'autovacuum_vacuum_insert_scale_factor', 'autovacuum_vacuum_insert_threshold', 'autovacuum_vacuum_scale_factor', 'autovacuum_vacuum_threshold', 'autovacuum_work_mem', 'backend_flush_after', 'backslash_quote', 'backtrace_functions', 'bgwriter_delay', 'bgwriter_flush_after']
                    DBMS: postgres;
                    SQL:select
	l_returnflag,
	l_linestatus,
	sum(l_quantity) as sum_qty,
	sum(l_extendedprice) as sum_base_price,
	sum(l_extendedprice * (1 - l_discount)) as sum_disc_price,
	sum(l_extendedprice * (1 - l_discount) * (1 + l_tax)) as sum_charge,
	avg(l_quantity) as avg_qty,
	avg(l_extendedprice) as avg_price,
	avg(l_discount) as avg_disc,
	count(*) as count_order
from
	lineitem
where
	l_shipdate <= date '1998-12-01' - interval '97' day
group by
	l_returnflag,
	l_linestatus
order by
	l_returnflag,
	l_linestatus

                    QUERY PLAN:[('Finalize GroupAggregate  (cost=243025.05..243027.13 rows=6 width=236)',), ('  Group Key: l_returnflag, l_linestatus',), ('  ->  Gather Merge  (cost=243025.05..243026.45 rows=12 width=236)',), ('        Workers Planned: 2',), ('        ->  Sort  (cost=242025.03..242025.05 rows=6 width=236)',), ('              Sort Key: l_returnflag, l_linestatus',), ('              ->  Partial HashAggregate  (cost=242024.79..242024.95 rows=6 width=236)',), ('                    Group Key: l_returnflag, l_linestatus',), ('                    ->  Parallel Seq Scan on lineitem  (cost=0.00..143759.07 rows=2456643 width=25)',), ("                          Filter: (l_shipdate <= '1998-08-26 00:00:00'::timestamp without time zone)",), ('JIT:',), ('  Functions: 9',), ('  Options: Inlining false, Optimization false, Expressions true, Deforming true',)]
                    Now let us think step by step and give me your scoring of all the candidate knobs in json format:
                    {
                        "knob_name": {score}    // fill "score" with a number between 0 and 1
                    }
                    If no knobs are suggested, just fill "knob_list" with "None" and also return result in json format. 

[2025-04-17 18:10:54,926 INFO] [knob_selection.py:select_on_query_level:143] select_on_query_level - 120th query, 1th response: {'IntervalStyle': 0, 'TimeZone': 0, 'allow_in_place_tablespaces': 0, 'allow_system_table_mods': 0, 'application_name': 0, 'archive_cleanup_command': 0, 'archive_command': 0, 'archive_mode': 0, 'archive_timeout': 0, 'array_nulls': 0, 'authentication_timeout': 0, 'autovacuum': 0.5, 'autovacuum_analyze_scale_factor': 0.3, 'autovacuum_analyze_threshold': 0.3, 'autovacuum_freeze_max_age': 0.2, 'autovacuum_max_workers': 0.4, 'autovacuum_multixact_freeze_max_age': 0.2, 'autovacuum_naptime': 0.3, 'autovacuum_vacuum_cost_delay': 0.3, 'autovacuum_vacuum_cost_limit': 0.3, 'autovacuum_vacuum_insert_scale_factor': 0.2, 'autovacuum_vacuum_insert_threshold': 0.2, 'autovacuum_vacuum_scale_factor': 0.3, 'autovacuum_vacuum_threshold': 0.3, 'autovacuum_work_mem': 0.4, 'backend_flush_after': 0.1, 'backslash_quote': 0, 'backtrace_functions': 0, 'bgwriter_delay': 0.1, 'bgwriter_flush_after': 0.1}
[2025-04-17 18:10:55,804 INFO] [knob_selection.py:select_on_query_level:141] select_on_query_level - 150th query, 1th prompt: 
                    You are an experienced DBA and your will determine which knobs are worth tuning. You only tune knobs that have a significant impact on DBMS performance and the target DBMS is postgres. Which knobs are important heavily depends on the query plan because different query plans result in different performance bottlenecks.Given SQL and its QUERY PLAN from 'EXPLAIN', analyze and suggest which knobs should be tuned to improve the performance of this SQL.  Given the following candidate knobs, score the importance for each knob between 0 and 1, with a higher value indicating that it is more likey to impact postgres performance significantly. 
                    Candidate knobs: ['IntervalStyle', 'TimeZone', 'allow_in_place_tablespaces', 'allow_system_table_mods', 'application_name', 'archive_cleanup_command', 'archive_command', 'archive_mode', 'archive_timeout', 'array_nulls', 'authentication_timeout', 'autovacuum', 'autovacuum_analyze_scale_factor', 'autovacuum_analyze_threshold', 'autovacuum_freeze_max_age', 'autovacuum_max_workers', 'autovacuum_multixact_freeze_max_age', 'autovacuum_naptime', 'autovacuum_vacuum_cost_delay', 'autovacuum_vacuum_cost_limit', 'autovacuum_vacuum_insert_scale_factor', 'autovacuum_vacuum_insert_threshold', 'autovacuum_vacuum_scale_factor', 'autovacuum_vacuum_threshold', 'autovacuum_work_mem', 'backend_flush_after', 'backslash_quote', 'backtrace_functions', 'bgwriter_delay', 'bgwriter_flush_after']
                    DBMS: postgres;
                    SQL:select
	l_returnflag,
	l_linestatus,
	sum(l_quantity) as sum_qty,
	sum(l_extendedprice) as sum_base_price,
	sum(l_extendedprice * (1 - l_discount)) as sum_disc_price,
	sum(l_extendedprice * (1 - l_discount) * (1 + l_tax)) as sum_charge,
	avg(l_quantity) as avg_qty,
	avg(l_extendedprice) as avg_price,
	avg(l_discount) as avg_disc,
	count(*) as count_order
from
	lineitem
where
	l_shipdate <= date '1998-12-01' - interval '97' day
group by
	l_returnflag,
	l_linestatus
order by
	l_returnflag,
	l_linestatus

                    QUERY PLAN:[('Finalize GroupAggregate  (cost=243025.05..243027.13 rows=6 width=236)',), ('  Group Key: l_returnflag, l_linestatus',), ('  ->  Gather Merge  (cost=243025.05..243026.45 rows=12 width=236)',), ('        Workers Planned: 2',), ('        ->  Sort  (cost=242025.03..242025.05 rows=6 width=236)',), ('              Sort Key: l_returnflag, l_linestatus',), ('              ->  Partial HashAggregate  (cost=242024.79..242024.95 rows=6 width=236)',), ('                    Group Key: l_returnflag, l_linestatus',), ('                    ->  Parallel Seq Scan on lineitem  (cost=0.00..143759.07 rows=2456643 width=25)',), ("                          Filter: (l_shipdate <= '1998-08-26 00:00:00'::timestamp without time zone)",), ('JIT:',), ('  Functions: 9',), ('  Options: Inlining false, Optimization false, Expressions true, Deforming true',)]
                    Now let us think step by step and give me your scoring of all the candidate knobs in json format:
                    {
                        "knob_name": {score}    // fill "score" with a number between 0 and 1
                    }
                    If no knobs are suggested, just fill "knob_list" with "None" and also return result in json format. 

[2025-04-17 18:11:13,759 INFO] [knob_selection.py:select_on_query_level:143] select_on_query_level - 150th query, 1th response: {'IntervalStyle': 0, 'TimeZone': 0, 'allow_in_place_tablespaces': 0, 'allow_system_table_mods': 0, 'application_name': 0, 'archive_cleanup_command': 0, 'archive_command': 0, 'archive_mode': 0, 'archive_timeout': 0, 'array_nulls': 0, 'authentication_timeout': 0, 'autovacuum': 0.1, 'autovacuum_analyze_scale_factor': 0.1, 'autovacuum_analyze_threshold': 0.1, 'autovacuum_freeze_max_age': 0, 'autovacuum_max_workers': 0.2, 'autovacuum_multixact_freeze_max_age': 0, 'autovacuum_naptime': 0.1, 'autovacuum_vacuum_cost_delay': 0.1, 'autovacuum_vacuum_cost_limit': 0.1, 'autovacuum_vacuum_insert_scale_factor': 0, 'autovacuum_vacuum_insert_threshold': 0, 'autovacuum_vacuum_scale_factor': 0.1, 'autovacuum_vacuum_threshold': 0.1, 'autovacuum_work_mem': 0.3, 'backend_flush_after': 0.2, 'backslash_quote': 0, 'backtrace_functions': 0, 'bgwriter_delay': 0.1, 'bgwriter_flush_after': 0.1}
[2025-04-17 18:11:14,643 INFO] [knob_selection.py:select_on_query_level:141] select_on_query_level - 180th query, 1th prompt: 
                    You are an experienced DBA and your will determine which knobs are worth tuning. You only tune knobs that have a significant impact on DBMS performance and the target DBMS is postgres. Which knobs are important heavily depends on the query plan because different query plans result in different performance bottlenecks.Given SQL and its QUERY PLAN from 'EXPLAIN', analyze and suggest which knobs should be tuned to improve the performance of this SQL.  Given the following candidate knobs, score the importance for each knob between 0 and 1, with a higher value indicating that it is more likey to impact postgres performance significantly. 
                    Candidate knobs: ['IntervalStyle', 'TimeZone', 'allow_in_place_tablespaces', 'allow_system_table_mods', 'application_name', 'archive_cleanup_command', 'archive_command', 'archive_mode', 'archive_timeout', 'array_nulls', 'authentication_timeout', 'autovacuum', 'autovacuum_analyze_scale_factor', 'autovacuum_analyze_threshold', 'autovacuum_freeze_max_age', 'autovacuum_max_workers', 'autovacuum_multixact_freeze_max_age', 'autovacuum_naptime', 'autovacuum_vacuum_cost_delay', 'autovacuum_vacuum_cost_limit', 'autovacuum_vacuum_insert_scale_factor', 'autovacuum_vacuum_insert_threshold', 'autovacuum_vacuum_scale_factor', 'autovacuum_vacuum_threshold', 'autovacuum_work_mem', 'backend_flush_after', 'backslash_quote', 'backtrace_functions', 'bgwriter_delay', 'bgwriter_flush_after']
                    DBMS: postgres;
                    SQL:select
	l_returnflag,
	l_linestatus,
	sum(l_quantity) as sum_qty,
	sum(l_extendedprice) as sum_base_price,
	sum(l_extendedprice * (1 - l_discount)) as sum_disc_price,
	sum(l_extendedprice * (1 - l_discount) * (1 + l_tax)) as sum_charge,
	avg(l_quantity) as avg_qty,
	avg(l_extendedprice) as avg_price,
	avg(l_discount) as avg_disc,
	count(*) as count_order
from
	lineitem
where
	l_shipdate <= date '1998-12-01' - interval '97' day
group by
	l_returnflag,
	l_linestatus
order by
	l_returnflag,
	l_linestatus

                    QUERY PLAN:[('Finalize GroupAggregate  (cost=243025.05..243027.13 rows=6 width=236)',), ('  Group Key: l_returnflag, l_linestatus',), ('  ->  Gather Merge  (cost=243025.05..243026.45 rows=12 width=236)',), ('        Workers Planned: 2',), ('        ->  Sort  (cost=242025.03..242025.05 rows=6 width=236)',), ('              Sort Key: l_returnflag, l_linestatus',), ('              ->  Partial HashAggregate  (cost=242024.79..242024.95 rows=6 width=236)',), ('                    Group Key: l_returnflag, l_linestatus',), ('                    ->  Parallel Seq Scan on lineitem  (cost=0.00..143759.07 rows=2456643 width=25)',), ("                          Filter: (l_shipdate <= '1998-08-26 00:00:00'::timestamp without time zone)",), ('JIT:',), ('  Functions: 9',), ('  Options: Inlining false, Optimization false, Expressions true, Deforming true',)]
                    Now let us think step by step and give me your scoring of all the candidate knobs in json format:
                    {
                        "knob_name": {score}    // fill "score" with a number between 0 and 1
                    }
                    If no knobs are suggested, just fill "knob_list" with "None" and also return result in json format. 

[2025-04-17 18:11:31,893 INFO] [knob_selection.py:select_on_query_level:143] select_on_query_level - 180th query, 1th response: {'IntervalStyle': 0, 'TimeZone': 0, 'allow_in_place_tablespaces': 0, 'allow_system_table_mods': 0, 'application_name': 0, 'archive_cleanup_command': 0, 'archive_command': 0, 'archive_mode': 0, 'archive_timeout': 0, 'array_nulls': 0, 'authentication_timeout': 0, 'autovacuum': 0.1, 'autovacuum_analyze_scale_factor': 0.1, 'autovacuum_analyze_threshold': 0.1, 'autovacuum_freeze_max_age': 0, 'autovacuum_max_workers': 0.2, 'autovacuum_multixact_freeze_max_age': 0, 'autovacuum_naptime': 0.1, 'autovacuum_vacuum_cost_delay': 0.1, 'autovacuum_vacuum_cost_limit': 0.1, 'autovacuum_vacuum_insert_scale_factor': 0, 'autovacuum_vacuum_insert_threshold': 0, 'autovacuum_vacuum_scale_factor': 0.1, 'autovacuum_vacuum_threshold': 0.1, 'autovacuum_work_mem': 0.3, 'backend_flush_after': 0.2, 'backslash_quote': 0, 'backtrace_functions': 0, 'bgwriter_delay': 0.1, 'bgwriter_flush_after': 0.1}
[2025-04-17 18:11:32,787 INFO] [knob_selection.py:select_on_query_level:141] select_on_query_level - 210th query, 1th prompt: 
                    You are an experienced DBA and your will determine which knobs are worth tuning. You only tune knobs that have a significant impact on DBMS performance and the target DBMS is postgres. Which knobs are important heavily depends on the query plan because different query plans result in different performance bottlenecks.Given SQL and its QUERY PLAN from 'EXPLAIN', analyze and suggest which knobs should be tuned to improve the performance of this SQL.  Given the following candidate knobs, score the importance for each knob between 0 and 1, with a higher value indicating that it is more likey to impact postgres performance significantly. 
                    Candidate knobs: ['IntervalStyle', 'TimeZone', 'allow_in_place_tablespaces', 'allow_system_table_mods', 'application_name', 'archive_cleanup_command', 'archive_command', 'archive_mode', 'archive_timeout', 'array_nulls', 'authentication_timeout', 'autovacuum', 'autovacuum_analyze_scale_factor', 'autovacuum_analyze_threshold', 'autovacuum_freeze_max_age', 'autovacuum_max_workers', 'autovacuum_multixact_freeze_max_age', 'autovacuum_naptime', 'autovacuum_vacuum_cost_delay', 'autovacuum_vacuum_cost_limit', 'autovacuum_vacuum_insert_scale_factor', 'autovacuum_vacuum_insert_threshold', 'autovacuum_vacuum_scale_factor', 'autovacuum_vacuum_threshold', 'autovacuum_work_mem', 'backend_flush_after', 'backslash_quote', 'backtrace_functions', 'bgwriter_delay', 'bgwriter_flush_after']
                    DBMS: postgres;
                    SQL:select
	l_returnflag,
	l_linestatus,
	sum(l_quantity) as sum_qty,
	sum(l_extendedprice) as sum_base_price,
	sum(l_extendedprice * (1 - l_discount)) as sum_disc_price,
	sum(l_extendedprice * (1 - l_discount) * (1 + l_tax)) as sum_charge,
	avg(l_quantity) as avg_qty,
	avg(l_extendedprice) as avg_price,
	avg(l_discount) as avg_disc,
	count(*) as count_order
from
	lineitem
where
	l_shipdate <= date '1998-12-01' - interval '97' day
group by
	l_returnflag,
	l_linestatus
order by
	l_returnflag,
	l_linestatus

                    QUERY PLAN:[('Finalize GroupAggregate  (cost=243025.05..243027.13 rows=6 width=236)',), ('  Group Key: l_returnflag, l_linestatus',), ('  ->  Gather Merge  (cost=243025.05..243026.45 rows=12 width=236)',), ('        Workers Planned: 2',), ('        ->  Sort  (cost=242025.03..242025.05 rows=6 width=236)',), ('              Sort Key: l_returnflag, l_linestatus',), ('              ->  Partial HashAggregate  (cost=242024.79..242024.95 rows=6 width=236)',), ('                    Group Key: l_returnflag, l_linestatus',), ('                    ->  Parallel Seq Scan on lineitem  (cost=0.00..143759.07 rows=2456643 width=25)',), ("                          Filter: (l_shipdate <= '1998-08-26 00:00:00'::timestamp without time zone)",), ('JIT:',), ('  Functions: 9',), ('  Options: Inlining false, Optimization false, Expressions true, Deforming true',)]
                    Now let us think step by step and give me your scoring of all the candidate knobs in json format:
                    {
                        "knob_name": {score}    // fill "score" with a number between 0 and 1
                    }
                    If no knobs are suggested, just fill "knob_list" with "None" and also return result in json format. 

[2025-04-17 18:11:51,043 INFO] [knob_selection.py:select_on_query_level:143] select_on_query_level - 210th query, 1th response: {'IntervalStyle': 0, 'TimeZone': 0, 'allow_in_place_tablespaces': 0, 'allow_system_table_mods': 0, 'application_name': 0, 'archive_cleanup_command': 0, 'archive_command': 0, 'archive_mode': 0, 'archive_timeout': 0, 'array_nulls': 0, 'authentication_timeout': 0, 'autovacuum': 0.1, 'autovacuum_analyze_scale_factor': 0.1, 'autovacuum_analyze_threshold': 0.1, 'autovacuum_freeze_max_age': 0, 'autovacuum_max_workers': 0.2, 'autovacuum_multixact_freeze_max_age': 0, 'autovacuum_naptime': 0.1, 'autovacuum_vacuum_cost_delay': 0.1, 'autovacuum_vacuum_cost_limit': 0.1, 'autovacuum_vacuum_insert_scale_factor': 0, 'autovacuum_vacuum_insert_threshold': 0, 'autovacuum_vacuum_scale_factor': 0.1, 'autovacuum_vacuum_threshold': 0.1, 'autovacuum_work_mem': 0.3, 'backend_flush_after': 0.2, 'backslash_quote': 0, 'backtrace_functions': 0, 'bgwriter_delay': 0.1, 'bgwriter_flush_after': 0.1}
[2025-04-17 18:11:51,938 INFO] [knob_selection.py:select_on_query_level:141] select_on_query_level - 240th query, 1th prompt: 
                    You are an experienced DBA and your will determine which knobs are worth tuning. You only tune knobs that have a significant impact on DBMS performance and the target DBMS is postgres. Which knobs are important heavily depends on the query plan because different query plans result in different performance bottlenecks.Given SQL and its QUERY PLAN from 'EXPLAIN', analyze and suggest which knobs should be tuned to improve the performance of this SQL.  Given the following candidate knobs, score the importance for each knob between 0 and 1, with a higher value indicating that it is more likey to impact postgres performance significantly. 
                    Candidate knobs: ['IntervalStyle', 'TimeZone', 'allow_in_place_tablespaces', 'allow_system_table_mods', 'application_name', 'archive_cleanup_command', 'archive_command', 'archive_mode', 'archive_timeout', 'array_nulls', 'authentication_timeout', 'autovacuum', 'autovacuum_analyze_scale_factor', 'autovacuum_analyze_threshold', 'autovacuum_freeze_max_age', 'autovacuum_max_workers', 'autovacuum_multixact_freeze_max_age', 'autovacuum_naptime', 'autovacuum_vacuum_cost_delay', 'autovacuum_vacuum_cost_limit', 'autovacuum_vacuum_insert_scale_factor', 'autovacuum_vacuum_insert_threshold', 'autovacuum_vacuum_scale_factor', 'autovacuum_vacuum_threshold', 'autovacuum_work_mem', 'backend_flush_after', 'backslash_quote', 'backtrace_functions', 'bgwriter_delay', 'bgwriter_flush_after']
                    DBMS: postgres;
                    SQL:select
	l_returnflag,
	l_linestatus,
	sum(l_quantity) as sum_qty,
	sum(l_extendedprice) as sum_base_price,
	sum(l_extendedprice * (1 - l_discount)) as sum_disc_price,
	sum(l_extendedprice * (1 - l_discount) * (1 + l_tax)) as sum_charge,
	avg(l_quantity) as avg_qty,
	avg(l_extendedprice) as avg_price,
	avg(l_discount) as avg_disc,
	count(*) as count_order
from
	lineitem
where
	l_shipdate <= date '1998-12-01' - interval '97' day
group by
	l_returnflag,
	l_linestatus
order by
	l_returnflag,
	l_linestatus

                    QUERY PLAN:[('Finalize GroupAggregate  (cost=243025.05..243027.13 rows=6 width=236)',), ('  Group Key: l_returnflag, l_linestatus',), ('  ->  Gather Merge  (cost=243025.05..243026.45 rows=12 width=236)',), ('        Workers Planned: 2',), ('        ->  Sort  (cost=242025.03..242025.05 rows=6 width=236)',), ('              Sort Key: l_returnflag, l_linestatus',), ('              ->  Partial HashAggregate  (cost=242024.79..242024.95 rows=6 width=236)',), ('                    Group Key: l_returnflag, l_linestatus',), ('                    ->  Parallel Seq Scan on lineitem  (cost=0.00..143759.07 rows=2456643 width=25)',), ("                          Filter: (l_shipdate <= '1998-08-26 00:00:00'::timestamp without time zone)",), ('JIT:',), ('  Functions: 9',), ('  Options: Inlining false, Optimization false, Expressions true, Deforming true',)]
                    Now let us think step by step and give me your scoring of all the candidate knobs in json format:
                    {
                        "knob_name": {score}    // fill "score" with a number between 0 and 1
                    }
                    If no knobs are suggested, just fill "knob_list" with "None" and also return result in json format. 

[2025-04-17 18:12:10,602 INFO] [knob_selection.py:select_on_query_level:143] select_on_query_level - 240th query, 1th response: {'IntervalStyle': 0, 'TimeZone': 0, 'allow_in_place_tablespaces': 0, 'allow_system_table_mods': 0, 'application_name': 0, 'archive_cleanup_command': 0, 'archive_command': 0, 'archive_mode': 0, 'archive_timeout': 0, 'array_nulls': 0, 'authentication_timeout': 0, 'autovacuum': 0.5, 'autovacuum_analyze_scale_factor': 0.5, 'autovacuum_analyze_threshold': 0.5, 'autovacuum_freeze_max_age': 0.3, 'autovacuum_max_workers': 0.4, 'autovacuum_multixact_freeze_max_age': 0.3, 'autovacuum_naptime': 0.4, 'autovacuum_vacuum_cost_delay': 0.4, 'autovacuum_vacuum_cost_limit': 0.4, 'autovacuum_vacuum_insert_scale_factor': 0.3, 'autovacuum_vacuum_insert_threshold': 0.3, 'autovacuum_vacuum_scale_factor': 0.5, 'autovacuum_vacuum_threshold': 0.5, 'autovacuum_work_mem': 0.6, 'backend_flush_after': 0.5, 'backslash_quote': 0, 'backtrace_functions': 0, 'bgwriter_delay': 0.4, 'bgwriter_flush_after': 0.4}
[2025-04-17 18:12:11,694 INFO] [knob_selection.py:select_on_query_level:141] select_on_query_level - 270th query, 1th prompt: 
                    You are an experienced DBA and your will determine which knobs are worth tuning. You only tune knobs that have a significant impact on DBMS performance and the target DBMS is postgres. Which knobs are important heavily depends on the query plan because different query plans result in different performance bottlenecks.Given SQL and its QUERY PLAN from 'EXPLAIN', analyze and suggest which knobs should be tuned to improve the performance of this SQL.  Given the following candidate knobs, score the importance for each knob between 0 and 1, with a higher value indicating that it is more likey to impact postgres performance significantly. 
                    Candidate knobs: ['IntervalStyle', 'TimeZone', 'allow_in_place_tablespaces', 'allow_system_table_mods', 'application_name', 'archive_cleanup_command', 'archive_command', 'archive_mode', 'archive_timeout', 'array_nulls', 'authentication_timeout', 'autovacuum', 'autovacuum_analyze_scale_factor', 'autovacuum_analyze_threshold', 'autovacuum_freeze_max_age', 'autovacuum_max_workers', 'autovacuum_multixact_freeze_max_age', 'autovacuum_naptime', 'autovacuum_vacuum_cost_delay', 'autovacuum_vacuum_cost_limit', 'autovacuum_vacuum_insert_scale_factor', 'autovacuum_vacuum_insert_threshold', 'autovacuum_vacuum_scale_factor', 'autovacuum_vacuum_threshold', 'autovacuum_work_mem', 'backend_flush_after', 'backslash_quote', 'backtrace_functions', 'bgwriter_delay', 'bgwriter_flush_after']
                    DBMS: postgres;
                    SQL:select
	l_returnflag,
	l_linestatus,
	sum(l_quantity) as sum_qty,
	sum(l_extendedprice) as sum_base_price,
	sum(l_extendedprice * (1 - l_discount)) as sum_disc_price,
	sum(l_extendedprice * (1 - l_discount) * (1 + l_tax)) as sum_charge,
	avg(l_quantity) as avg_qty,
	avg(l_extendedprice) as avg_price,
	avg(l_discount) as avg_disc,
	count(*) as count_order
from
	lineitem
where
	l_shipdate <= date '1998-12-01' - interval '97' day
group by
	l_returnflag,
	l_linestatus
order by
	l_returnflag,
	l_linestatus

                    QUERY PLAN:[('Finalize GroupAggregate  (cost=243025.05..243027.13 rows=6 width=236)',), ('  Group Key: l_returnflag, l_linestatus',), ('  ->  Gather Merge  (cost=243025.05..243026.45 rows=12 width=236)',), ('        Workers Planned: 2',), ('        ->  Sort  (cost=242025.03..242025.05 rows=6 width=236)',), ('              Sort Key: l_returnflag, l_linestatus',), ('              ->  Partial HashAggregate  (cost=242024.79..242024.95 rows=6 width=236)',), ('                    Group Key: l_returnflag, l_linestatus',), ('                    ->  Parallel Seq Scan on lineitem  (cost=0.00..143759.07 rows=2456643 width=25)',), ("                          Filter: (l_shipdate <= '1998-08-26 00:00:00'::timestamp without time zone)",), ('JIT:',), ('  Functions: 9',), ('  Options: Inlining false, Optimization false, Expressions true, Deforming true',)]
                    Now let us think step by step and give me your scoring of all the candidate knobs in json format:
                    {
                        "knob_name": {score}    // fill "score" with a number between 0 and 1
                    }
                    If no knobs are suggested, just fill "knob_list" with "None" and also return result in json format. 

[2025-04-17 18:12:29,239 INFO] [knob_selection.py:select_on_query_level:143] select_on_query_level - 270th query, 1th response: {'IntervalStyle': 0, 'TimeZone': 0, 'allow_in_place_tablespaces': 0, 'allow_system_table_mods': 0, 'application_name': 0, 'archive_cleanup_command': 0, 'archive_command': 0, 'archive_mode': 0, 'archive_timeout': 0, 'array_nulls': 0, 'authentication_timeout': 0, 'autovacuum': 0.7, 'autovacuum_analyze_scale_factor': 0.6, 'autovacuum_analyze_threshold': 0.6, 'autovacuum_freeze_max_age': 0.5, 'autovacuum_max_workers': 0.5, 'autovacuum_multixact_freeze_max_age': 0.5, 'autovacuum_naptime': 0.5, 'autovacuum_vacuum_cost_delay': 0.5, 'autovacuum_vacuum_cost_limit': 0.5, 'autovacuum_vacuum_insert_scale_factor': 0.5, 'autovacuum_vacuum_insert_threshold': 0.5, 'autovacuum_vacuum_scale_factor': 0.6, 'autovacuum_vacuum_threshold': 0.6, 'autovacuum_work_mem': 0.6, 'backend_flush_after': 0.4, 'backslash_quote': 0, 'backtrace_functions': 0, 'bgwriter_delay': 0.4, 'bgwriter_flush_after': 0.4}
[2025-04-17 18:12:30,129 INFO] [knob_selection.py:select_on_query_level:141] select_on_query_level - 300th query, 1th prompt: 
                    You are an experienced DBA and your will determine which knobs are worth tuning. You only tune knobs that have a significant impact on DBMS performance and the target DBMS is postgres. Which knobs are important heavily depends on the query plan because different query plans result in different performance bottlenecks.Given SQL and its QUERY PLAN from 'EXPLAIN', analyze and suggest which knobs should be tuned to improve the performance of this SQL.  Given the following candidate knobs, score the importance for each knob between 0 and 1, with a higher value indicating that it is more likey to impact postgres performance significantly. 
                    Candidate knobs: ['IntervalStyle', 'TimeZone', 'allow_in_place_tablespaces', 'allow_system_table_mods', 'application_name', 'archive_cleanup_command', 'archive_command', 'archive_mode', 'archive_timeout', 'array_nulls', 'authentication_timeout', 'autovacuum', 'autovacuum_analyze_scale_factor', 'autovacuum_analyze_threshold', 'autovacuum_freeze_max_age', 'autovacuum_max_workers', 'autovacuum_multixact_freeze_max_age', 'autovacuum_naptime', 'autovacuum_vacuum_cost_delay', 'autovacuum_vacuum_cost_limit', 'autovacuum_vacuum_insert_scale_factor', 'autovacuum_vacuum_insert_threshold', 'autovacuum_vacuum_scale_factor', 'autovacuum_vacuum_threshold', 'autovacuum_work_mem', 'backend_flush_after', 'backslash_quote', 'backtrace_functions', 'bgwriter_delay', 'bgwriter_flush_after']
                    DBMS: postgres;
                    SQL:select
	l_returnflag,
	l_linestatus,
	sum(l_quantity) as sum_qty,
	sum(l_extendedprice) as sum_base_price,
	sum(l_extendedprice * (1 - l_discount)) as sum_disc_price,
	sum(l_extendedprice * (1 - l_discount) * (1 + l_tax)) as sum_charge,
	avg(l_quantity) as avg_qty,
	avg(l_extendedprice) as avg_price,
	avg(l_discount) as avg_disc,
	count(*) as count_order
from
	lineitem
where
	l_shipdate <= date '1998-12-01' - interval '97' day
group by
	l_returnflag,
	l_linestatus
order by
	l_returnflag,
	l_linestatus

                    QUERY PLAN:[('Finalize GroupAggregate  (cost=243025.05..243027.13 rows=6 width=236)',), ('  Group Key: l_returnflag, l_linestatus',), ('  ->  Gather Merge  (cost=243025.05..243026.45 rows=12 width=236)',), ('        Workers Planned: 2',), ('        ->  Sort  (cost=242025.03..242025.05 rows=6 width=236)',), ('              Sort Key: l_returnflag, l_linestatus',), ('              ->  Partial HashAggregate  (cost=242024.79..242024.95 rows=6 width=236)',), ('                    Group Key: l_returnflag, l_linestatus',), ('                    ->  Parallel Seq Scan on lineitem  (cost=0.00..143759.07 rows=2456643 width=25)',), ("                          Filter: (l_shipdate <= '1998-08-26 00:00:00'::timestamp without time zone)",), ('JIT:',), ('  Functions: 9',), ('  Options: Inlining false, Optimization false, Expressions true, Deforming true',)]
                    Now let us think step by step and give me your scoring of all the candidate knobs in json format:
                    {
                        "knob_name": {score}    // fill "score" with a number between 0 and 1
                    }
                    If no knobs are suggested, just fill "knob_list" with "None" and also return result in json format. 

[2025-04-17 18:12:47,985 INFO] [knob_selection.py:select_on_query_level:143] select_on_query_level - 300th query, 1th response: {'IntervalStyle': 0, 'TimeZone': 0, 'allow_in_place_tablespaces': 0, 'allow_system_table_mods': 0, 'application_name': 0, 'archive_cleanup_command': 0, 'archive_command': 0, 'archive_mode': 0, 'archive_timeout': 0, 'array_nulls': 0, 'authentication_timeout': 0, 'autovacuum': 0.7, 'autovacuum_analyze_scale_factor': 0.6, 'autovacuum_analyze_threshold': 0.6, 'autovacuum_freeze_max_age': 0.5, 'autovacuum_max_workers': 0.7, 'autovacuum_multixact_freeze_max_age': 0.5, 'autovacuum_naptime': 0.5, 'autovacuum_vacuum_cost_delay': 0.6, 'autovacuum_vacuum_cost_limit': 0.6, 'autovacuum_vacuum_insert_scale_factor': 0.5, 'autovacuum_vacuum_insert_threshold': 0.5, 'autovacuum_vacuum_scale_factor': 0.6, 'autovacuum_vacuum_threshold': 0.6, 'autovacuum_work_mem': 0.7, 'backend_flush_after': 0.5, 'backslash_quote': 0, 'backtrace_functions': 0, 'bgwriter_delay': 0.5, 'bgwriter_flush_after': 0.5}
[2025-04-17 18:12:48,877 INFO] [knob_selection.py:select_on_query_level:141] select_on_query_level - 330th query, 1th prompt: 
                    You are an experienced DBA and your will determine which knobs are worth tuning. You only tune knobs that have a significant impact on DBMS performance and the target DBMS is postgres. Which knobs are important heavily depends on the query plan because different query plans result in different performance bottlenecks.Given SQL and its QUERY PLAN from 'EXPLAIN', analyze and suggest which knobs should be tuned to improve the performance of this SQL.  Given the following candidate knobs, score the importance for each knob between 0 and 1, with a higher value indicating that it is more likey to impact postgres performance significantly. 
                    Candidate knobs: ['IntervalStyle', 'TimeZone', 'allow_in_place_tablespaces', 'allow_system_table_mods', 'application_name', 'archive_cleanup_command', 'archive_command', 'archive_mode', 'archive_timeout', 'array_nulls', 'authentication_timeout', 'autovacuum', 'autovacuum_analyze_scale_factor', 'autovacuum_analyze_threshold', 'autovacuum_freeze_max_age', 'autovacuum_max_workers', 'autovacuum_multixact_freeze_max_age', 'autovacuum_naptime', 'autovacuum_vacuum_cost_delay', 'autovacuum_vacuum_cost_limit', 'autovacuum_vacuum_insert_scale_factor', 'autovacuum_vacuum_insert_threshold', 'autovacuum_vacuum_scale_factor', 'autovacuum_vacuum_threshold', 'autovacuum_work_mem', 'backend_flush_after', 'backslash_quote', 'backtrace_functions', 'bgwriter_delay', 'bgwriter_flush_after']
                    DBMS: postgres;
                    SQL:select
	l_returnflag,
	l_linestatus,
	sum(l_quantity) as sum_qty,
	sum(l_extendedprice) as sum_base_price,
	sum(l_extendedprice * (1 - l_discount)) as sum_disc_price,
	sum(l_extendedprice * (1 - l_discount) * (1 + l_tax)) as sum_charge,
	avg(l_quantity) as avg_qty,
	avg(l_extendedprice) as avg_price,
	avg(l_discount) as avg_disc,
	count(*) as count_order
from
	lineitem
where
	l_shipdate <= date '1998-12-01' - interval '97' day
group by
	l_returnflag,
	l_linestatus
order by
	l_returnflag,
	l_linestatus

                    QUERY PLAN:[('Finalize GroupAggregate  (cost=243025.05..243027.13 rows=6 width=236)',), ('  Group Key: l_returnflag, l_linestatus',), ('  ->  Gather Merge  (cost=243025.05..243026.45 rows=12 width=236)',), ('        Workers Planned: 2',), ('        ->  Sort  (cost=242025.03..242025.05 rows=6 width=236)',), ('              Sort Key: l_returnflag, l_linestatus',), ('              ->  Partial HashAggregate  (cost=242024.79..242024.95 rows=6 width=236)',), ('                    Group Key: l_returnflag, l_linestatus',), ('                    ->  Parallel Seq Scan on lineitem  (cost=0.00..143759.07 rows=2456643 width=25)',), ("                          Filter: (l_shipdate <= '1998-08-26 00:00:00'::timestamp without time zone)",), ('JIT:',), ('  Functions: 9',), ('  Options: Inlining false, Optimization false, Expressions true, Deforming true',)]
                    Now let us think step by step and give me your scoring of all the candidate knobs in json format:
                    {
                        "knob_name": {score}    // fill "score" with a number between 0 and 1
                    }
                    If no knobs are suggested, just fill "knob_list" with "None" and also return result in json format. 

[2025-04-17 18:13:06,615 INFO] [knob_selection.py:select_on_query_level:143] select_on_query_level - 330th query, 1th response: {'IntervalStyle': 0, 'TimeZone': 0, 'allow_in_place_tablespaces': 0, 'allow_system_table_mods': 0, 'application_name': 0, 'archive_cleanup_command': 0, 'archive_command': 0, 'archive_mode': 0, 'archive_timeout': 0, 'array_nulls': 0, 'authentication_timeout': 0, 'autovacuum': 0.7, 'autovacuum_analyze_scale_factor': 0.6, 'autovacuum_analyze_threshold': 0.6, 'autovacuum_freeze_max_age': 0.5, 'autovacuum_max_workers': 0.5, 'autovacuum_multixact_freeze_max_age': 0.5, 'autovacuum_naptime': 0.5, 'autovacuum_vacuum_cost_delay': 0.5, 'autovacuum_vacuum_cost_limit': 0.5, 'autovacuum_vacuum_insert_scale_factor': 0.5, 'autovacuum_vacuum_insert_threshold': 0.5, 'autovacuum_vacuum_scale_factor': 0.6, 'autovacuum_vacuum_threshold': 0.6, 'autovacuum_work_mem': 0.7, 'backend_flush_after': 0.4, 'backslash_quote': 0, 'backtrace_functions': 0, 'bgwriter_delay': 0.4, 'bgwriter_flush_after': 0.4}
[2025-04-17 18:13:07,485 INFO] [knob_selection.py:select_interdependent_all_knobs:187] select_interdependent_all_knobs - prompt: 
I am solving database configuration tuning problem. 
There exist dependencies between knobs, which are mentioned in manuals and act as your training data.   
For example, the official PostgreSQL document suggests “Larger settings for 'shared_buffers' usually require a corresponding increase in 'checkpoint_segments',
indicating that we should consider the two knobs at the same time.
TASK:
Now there is a collection of knobs that need to be adjusted, but we may have overlooked 
knobs that are related to these knobs (i.e., knobs that need to be adjusted at the same time, according to past knowledge). 
Please add the knobs that are interdependent with these knobs in the set according to your knowledge. 
NOTE:
If the given DBMS is 'postgres', the interdependent knobs should be supported by PostgreSQL;
If the given DBMS is 'mysql', the interdependent knobs should be supported by Mysql;
KNOB COLLECTION:['autovacuum', 'autovacuum_max_workers', 'autovacuum_analyze_scale_factor', 'autovacuum_vacuum_threshold', 'autovacuum_vacuum_scale_factor', 'autovacuum_analyze_threshold', 'autovacuum_freeze_max_age', 'autovacuum_work_mem', 'work_mem', 'shared_buffers', 'effective_cache_size', 'max_worker_processes', 'autovacuum_multixact_freeze_max_age', 'checkpoint_completion_target', 'autovacuum_vacuum_cost_limit', 'autovacuum_vacuum_cost_delay', 'autovacuum_vacuum_insert_scale_factor', 'max_wal_size', 'enable_partition_pruning', 'random_page_cost', 'default_statistics_target', 'autovacuum_naptime', 'autovacuum_vacuum_insert_threshold', 'block_size', 'effective_io_concurrency', 'enable_indexscan', 'fsync', 'maintenance_work_mem', 'wal_level', 'checkpoint_timeout', 'enable_hashagg', 'max_parallel_workers_per_gather', 'lock_timeout', 'enable_seqscan', 'enable_parallel_hash', 'max_parallel_workers', 'bgwriter_delay', 'bgwriter_flush_after', 'max_connections', 'enable_hashjoin', 'full_page_writes', 'hash_mem_multiplier', 'synchronous_commit', 'enable_parallel_append', 'wal_buffers', 'backend_flush_after', 'temp_buffers', 'shared_preload_libraries', 'enable_sort', 'wal_sync_method']
DBMS:postgres
Now let us think step by step and give me result in json format, 
{
   "think_procedure": {procedure}    // fill "procedure" with your "think step by step procedure"
   "knob_list": {knob_list}          // fill "knob_list" with a list of the name of interdependent knobs
}
If no knobs are interdependent, just fill "knob_list" with "None". 

[2025-04-17 18:13:16,100 INFO] [knob_selection.py:select_interdependent_all_knobs:189] select_interdependent_all_knobs - response: {'think_procedure': "1. Review the given knob collection to identify any PostgreSQL knobs that are known to have dependencies with others not listed. 2. Consult PostgreSQL documentation and knowledge base for known interdependent knobs. 3. Identify 'checkpoint_segments' as a knob that is interdependent with 'shared_buffers' based on PostgreSQL documentation. 4. Verify that 'checkpoint_segments' is not already in the given knob collection. 5. Add 'checkpoint_segments' to the knob_list as it is interdependent with 'shared_buffers'.", 'knob_list': ['checkpoint_segments']}
[2025-04-17 18:13:16,983 INFO] [knob_selection.py:select_interdependent_all_knobs:200] accumulated token:53290, accumulated money:0.00982856
